[2016-11-10 09:03:03.142]		推广：__fan.test.lacues.cn____
[2016-11-10 09:03:13.634]		推广：http://fan.test.lacues.cn/__fan.test.lacues.cn____
[2016-11-10 09:03:15.692]		推广：http://fan.test.lacues.cn/Account/index.html?t=0.37449218588881195__fan.test.lacues.cn____
[2016-11-10 09:09:51.550]		推广：http://fan.test.lacues.cn/Account/index.html?t=0.37449218588881195__fan.test.lacues.cn____
[2016-11-10 10:53:54.426]		推广：__fan.test.lacues.cn____
[2016-11-10 10:56:29.775]		推广：http://fan.test.lacues.cn/Account/login.html?t=0.6932381833903491__fan.test.lacues.cn____
[2016-11-10 10:56:38.451]		推广：http://fan.test.lacues.cn/__fan.test.lacues.cn____
[2016-11-10 10:56:44.185]		推广：http://fan.test.lacues.cn/cart.html__fan.test.lacues.cn____
[2016-11-10 10:56:47.836]		推广：http://fan.test.lacues.cn/Sale/FullCut.html?t=0.7121766994241625__fan.test.lacues.cn____
[2016-11-10 11:30:14.191]		推广：http://fan.test.lacues.cn/__fan.test.lacues.cn____
[2016-11-10 11:30:15.619]		推广：http://fan.test.lacues.cn/Account/index.html?t=0.12497117516663869__fan.test.lacues.cn____
[2016-11-10 11:30:19.457]		推广：http://fan.test.lacues.cn/Account/login.html?t=0.8153809170476389__fan.test.lacues.cn____
[2016-11-10 11:32:03.071]		推广：http://fan.test.lacues.cn/__fan.test.lacues.cn____
[2016-11-10 11:32:14.742]		推广：http://fan.test.lacues.cn/Account/index.html?t=0.6619988058885815__fan.test.lacues.cn____
[2016-11-10 11:32:45.440]		推广：http://fan.test.lacues.cn/Account/MyAccount.html?t=0.42757981829897296__fan.test.lacues.cn____
[2016-11-10 11:33:24.614]		推广：http://fan.test.lacues.cn/Account/index.html?t=0.5653095795930414__fan.test.lacues.cn____
[2016-11-10 11:36:48.974]		推广：http://fan.test.lacues.cn/Account/MyCoupon.html?t=0.2791500380022225__fan.test.lacues.cn____
[2016-11-10 11:36:52.498]		推广：http://fan.test.lacues.cn/Account/index.html?t=0.5653095795930414__fan.test.lacues.cn____
[2016-11-10 11:36:54.688]		推广：http://fan.test.lacues.cn/Feedback_Index.html?t=0.40138852036308426__fan.test.lacues.cn____
[2016-11-10 11:36:59.615]		推广：http://fan.test.lacues.cn/Feedback.html?t=0.3946866020327491__fan.test.lacues.cn____
[2016-11-10 11:37:06.901]		推广：http://fan.test.lacues.cn/Feedback_Index.html?t=0.14285899564555304__fan.test.lacues.cn____
[2016-11-10 11:37:11.566]		推广：http://fan.test.lacues.cn/Account/index.html?t=0.9963390671399763__fan.test.lacues.cn____
[2016-11-10 11:40:13.069]		推广：http://fan.test.lacues.cn/Account/index.html?t=0.9963390671399763__fan.test.lacues.cn____
[2016-11-10 11:40:31.869]		推广：http://fan.test.lacues.cn/Account/MyOrder_List.html?paytype=ALL__fan.test.lacues.cn____
[2016-11-10 11:41:16.260]		推广：http://fan.test.lacues.cn/Account/MyOrder_detail.html?order_code=OS1312103__fan.test.lacues.cn____
[2016-11-10 11:41:22.323]		推广：http://fan.test.lacues.cn/Product_Detail.html?pid=8016465483__fan.test.lacues.cn____
[2016-11-10 11:41:41.212]		推广：http://fan.test.lacues.cn/Account/MyOrder_detail.html?order_code=OS1312103__fan.test.lacues.cn____
[2016-11-10 11:41:43.318]		推广：http://fan.test.lacues.cn/Account/index.html?t=0.9963390671399763__fan.test.lacues.cn____
[2016-11-10 11:41:43.473]		推广：http://fan.test.lacues.cn/Account/MyOrder_List.html?paytype=ALL__fan.test.lacues.cn____
[2016-11-10 11:41:45.859]		推广：http://fan.test.lacues.cn/Account/MyOrder_List.html?paytype=ALL__fan.test.lacues.cn____
[2016-11-10 11:49:14.301]		推广：__fan.test.lacues.cn____
[2016-11-10 11:50:33.021]		推广：http://fan.test.lacues.cn/__fan.test.lacues.cn____
[2016-11-10 11:52:16.144]		推广：http://fan.test.lacues.cn/Account/index.html?t=0.0017398725342849808__fan.test.lacues.cn____
[2016-11-10 11:52:20.425]		推广：http://fan.test.lacues.cn/Account/MyCollection.html?t=0.9822642944658633__fan.test.lacues.cn____
[2016-11-10 11:52:22.485]		推广：http://fan.test.lacues.cn/index.html?t=0.18517300850729335__fan.test.lacues.cn____
[2016-11-10 11:56:34.462]		推广：__fan.test.lacues.cn____
[2016-11-10 12:13:43.777]		推广：http://fan.test.lacues.cn/__fan.test.lacues.cn____
[2016-11-10 12:13:46.930]		推广：http://fan.test.lacues.cn/Account/index.html?t=0.045985766453668475__fan.test.lacues.cn____
[2016-11-10 12:14:08.275]		推广：http://fan.test.lacues.cn/Account/login.html?t=0.04233640874736011__fan.test.lacues.cn____
[2016-11-10 12:14:10.856]		推广：http://fan.test.lacues.cn/__fan.test.lacues.cn____
[2016-11-10 12:14:14.672]		推广：http://fan.test.lacues.cn/Account/index.html?t=0.8405360702890903__fan.test.lacues.cn____
[2016-11-10 12:14:21.358]		推广：http://fan.test.lacues.cn/Account/MyCoupon.html?t=0.7967319779563695__fan.test.lacues.cn____
[2016-11-10 12:14:49.011]		推广：http://fan.test.lacues.cn/Account/index.html?t=0.8405360702890903__fan.test.lacues.cn____
[2016-11-10 12:14:52.860]		推广：__fan.test.lacues.cn____
[2016-11-10 12:14:57.125]		推广：http://fan.test.lacues.cn/__fan.test.lacues.cn____
[2016-11-10 12:15:14.601]		推广：http://fan.test.lacues.cn/Account/index.html?t=0.12578050512820482__fan.test.lacues.cn____
[2016-11-10 12:15:16.134]		推广：http://fan.test.lacues.cn/Account/MyCoupon.html?t=0.24986032373271883__fan.test.lacues.cn____
[2016-11-10 12:18:09.281]		推广：http://fan.test.lacues.cn/Account/MyCoupon_DH.html?t=0.253917726688087__fan.test.lacues.cn____
[2016-11-10 12:31:18.990]		推广：http://fan.test.lacues.cn/Account/MyCoupon.html__fan.test.lacues.cn____
[2016-11-10 12:31:31.833]		推广：http://fan.test.lacues.cn/Product_Detail.html?pid=8016465485__fan.test.lacues.cn____
[2016-11-10 12:31:40.319]		推广：http://fan.test.lacues.cn/Product_Detail.html?pid=8016465485__fan.test.lacues.cn____
[2016-11-10 12:31:57.603]		推广：http://fan.test.lacues.cn/Product_Detail.html?pid=8016465485__fan.test.lacues.cn____
[2016-11-10 12:32:05.031]		推广：http://fan.test.lacues.cn/Product_Detail.html?pid=8016465485__fan.test.lacues.cn____
[2016-11-10 12:32:22.936]		推广：http://fan.test.lacues.cn/Account/MyCoupon.html__fan.test.lacues.cn____
[2016-11-10 12:32:29.628]		推广：http://fan.test.lacues.cn/Product_Detail.html?pid=8016465485__fan.test.lacues.cn____
[2016-11-10 12:32:32.522]		推广：__fan.test.lacues.cn____
[2016-11-10 12:33:14.665]		推广：http://fan.test.lacues.cn/order/OrderConfirm.html?t=0.10960714751854539__fan.test.lacues.cn____
[2016-11-10 12:33:56.140]		推广：__fan.test.lacues.cn____
[2016-11-10 12:34:08.402]		推广：http://fan.test.lacues.cn/order/OrderConfirm.html?t=0.10960714751854539__fan.test.lacues.cn____
[2016-11-10 12:34:18.476]		推广：http://fan.test.lacues.cn/Order/CouponCodes.html?shouldPay=8__fan.test.lacues.cn____
[2016-11-10 12:34:23.274]		推广：http://fan.test.lacues.cn/Coupon_shuoming.html?t=0.955946946516633__fan.test.lacues.cn____
[2016-11-10 12:34:30.420]		推广：http://fan.test.lacues.cn/Order/CouponCodes.html?shouldPay=8__fan.test.lacues.cn____
[2016-11-10 12:34:46.332]		推广：http://fan.test.lacues.cn/order/OrderConfirm.html?t=0.10960714751854539__fan.test.lacues.cn____
[2016-11-10 12:35:02.048]		推广：http://fan.test.lacues.cn/Product_Detail.html?pid=8016465485__fan.test.lacues.cn____
[2016-11-10 12:35:05.755]		推广：http://fan.test.lacues.cn/Account/MyCoupon.html__fan.test.lacues.cn____
[2016-11-10 12:35:30.555]		推广：http://fan.test.lacues.cn/Account/MyCoupon_DH.html?t=0.253917726688087__fan.test.lacues.cn____
[2016-11-10 12:35:41.624]		推广：http://fan.test.lacues.cn/Account/MyCoupon.html?t=0.17332813912071288__fan.test.lacues.cn____
[2016-11-10 12:35:46.485]		推广：http://fan.test.lacues.cn/Account/index.html?t=0.12578050512820482__fan.test.lacues.cn____
[2016-11-10 12:36:04.191]		推广：http://fan.test.lacues.cn/Account/MyCoupon.html?t=0.19661593483760953__fan.test.lacues.cn____
[2016-11-10 12:36:07.646]		推广：http://fan.test.lacues.cn/Account/index.html?t=0.12578050512820482__fan.test.lacues.cn____
[2016-11-10 12:36:15.348]		推广：http://fan.test.lacues.cn/__fan.test.lacues.cn____
[2016-11-10 12:36:25.268]		推广：http://fan.test.lacues.cn/Search.html?t=0.4800522883888334__fan.test.lacues.cn____
[2016-11-10 12:36:29.991]		推广：http://fan.test.lacues.cn/Product_List.html?showtype=__fan.test.lacues.cn____
[2016-11-10 12:36:43.353]		推广：http://fan.test.lacues.cn/Product_Detail.html?pid=8016465485__fan.test.lacues.cn____
[2016-11-10 12:36:44.653]		推广：__fan.test.lacues.cn____
[2016-11-10 12:36:53.601]		推广：http://fan.test.lacues.cn/order/OrderConfirm.html?t=0.2684265011921525__fan.test.lacues.cn____
[2016-11-10 12:36:58.661]		推广：http://fan.test.lacues.cn/Account/AddressList.html?addressid=DZ161107100004__fan.test.lacues.cn____
[2016-11-10 12:36:58.910]		推广：__fan.test.lacues.cn____
[2016-11-10 12:37:07.044]		推广：http://fan.test.lacues.cn/order/OrderConfirm.html?t=0.9577696158085018__fan.test.lacues.cn____
[2016-11-10 12:37:11.992]		推广：http://fan.test.lacues.cn/Product_Detail.html?pid=8016465485__fan.test.lacues.cn____
[2016-11-10 12:37:25.732]		推广：http://fan.test.lacues.cn/Product_List.html?showtype=__fan.test.lacues.cn____
[2016-11-10 12:37:30.758]		推广：http://fan.test.lacues.cn/Product_Detail.html?pid=8016465485__fan.test.lacues.cn____
[2016-11-10 12:37:46.404]		推广：__fan.test.lacues.cn____
[2016-11-10 13:33:37.889]		推广：__fan.test.lacues.cn____
[2016-11-10 13:38:52.333]		推广：http://fan.test.lacues.cn/__fan.test.lacues.cn____
[2016-11-10 13:38:55.533]		推广：http://fan.test.lacues.cn/Account/index.html?t=0.33775710803456604__fan.test.lacues.cn____
[2016-11-10 13:39:13.892]		推广：http://fan.test.lacues.cn/Account/login.html?t=0.7037609834223986__fan.test.lacues.cn____
[2016-11-10 13:39:40.317]		推广：http://fan.test.lacues.cn/__fan.test.lacues.cn____
[2016-11-10 13:39:49.678]		推广：http://fan.test.lacues.cn/Account/index.html?t=0.8197689752560109__fan.test.lacues.cn____
[2016-11-10 13:39:54.615]		推广：http://fan.test.lacues.cn/Account/MyOrder_List.html?paytype=DFH__fan.test.lacues.cn____
[2016-11-10 13:39:59.225]		推广：http://fan.test.lacues.cn/Account/index.html?t=0.8197689752560109__fan.test.lacues.cn____
[2016-11-10 13:49:20.044]		推广：http://fan.test.lacues.cn/Account/MyCoupon.html?t=0.31377405882813036__fan.test.lacues.cn____
[2016-11-10 13:49:28.265]		推广：http://fan.test.lacues.cn/Account/index.html?t=0.8197689752560109__fan.test.lacues.cn____
[2016-11-10 13:49:29.019]		推广：http://fan.test.lacues.cn/__fan.test.lacues.cn____
[2016-11-10 13:49:31.913]		推广：http://fan.test.lacues.cn/Search.html?t=0.6907569649629295__fan.test.lacues.cn____
[2016-11-10 13:49:43.137]		推广：http://fan.test.lacues.cn/Product_List.html?showtype=__fan.test.lacues.cn____
[2016-11-10 13:50:02.861]		推广：http://fan.test.lacues.cn/Product_Detail.html?pid=8016465485__fan.test.lacues.cn____
[2016-11-10 13:50:09.939]		推广：__fan.test.lacues.cn____
[2016-11-10 13:50:16.764]		推广：http://fan.test.lacues.cn/order/OrderConfirm.html?t=0.6279046710114926__fan.test.lacues.cn____
[2016-11-10 13:51:05.599]		推广：http://fan.test.lacues.cn/Order/CouponCodes.html?shouldPay=8__fan.test.lacues.cn____
[2016-11-10 13:51:20.763]		推广：http://fan.test.lacues.cn/order/OrderConfirm.html?t=0.6279046710114926__fan.test.lacues.cn____
[2016-11-10 13:51:25.100]		推广：http://fan.test.lacues.cn/order/OrderConfirm.html?t=0.6279046710114926__fan.test.lacues.cn____
[2016-11-10 13:51:26.176]		推广：__fan.test.lacues.cn____
[2016-11-10 13:51:30.708]		推广：http://fan.test.lacues.cn/order/OrderConfirm.html?t=0.6279046710114926__fan.test.lacues.cn____
[2016-11-10 13:51:40.092]		推广：http://fan.test.lacues.cn/Product_List.html?showtype=__fan.test.lacues.cn____
[2016-11-10 13:51:43.471]		推广：http://fan.test.lacues.cn/order/OrderConfirm.html?t=0.6279046710114926__fan.test.lacues.cn____
[2016-11-10 13:51:47.923]		推广：http://fan.test.lacues.cn/Product_List.html?showtype=__fan.test.lacues.cn____
[2016-11-10 13:51:53.745]		推广：http://fan.test.lacues.cn/Product_Detail.html?pid=8016465485__fan.test.lacues.cn____
[2016-11-10 13:51:56.223]		推广：__fan.test.lacues.cn____
[2016-11-10 13:51:59.711]		推广：http://fan.test.lacues.cn/Product_Detail.html?pid=8016465485__fan.test.lacues.cn____
[2016-11-10 13:52:01.628]		推广：__fan.test.lacues.cn____
[2016-11-10 13:52:12.736]		推广：http://fan.test.lacues.cn/order/OrderConfirm.html?t=0.25414081779308617__fan.test.lacues.cn____
[2016-11-10 13:52:20.832]		推广：http://fan.test.lacues.cn/Product_List.html?showtype=__fan.test.lacues.cn____
[2016-11-10 13:52:35.565]		推广：http://fan.test.lacues.cn/Search.html?t=0.6247431531082839__fan.test.lacues.cn____
[2016-11-10 13:52:57.851]		推广：http://fan.test.lacues.cn/Product_List.html?showtype=__fan.test.lacues.cn____
[2016-11-10 13:53:18.760]		推广：http://fan.test.lacues.cn/Search.html?t=0.6247431531082839__fan.test.lacues.cn____
[2016-11-10 13:53:22.802]		推广：__fan.test.lacues.cn____
[2016-11-10 13:54:04.664]		推广：http://fan.test.lacues.cn/__fan.test.lacues.cn____
[2016-11-10 13:54:07.841]		推广：http://fan.test.lacues.cn/Search.html?t=0.04173787194304168__fan.test.lacues.cn____
[2016-11-10 13:54:23.255]		推广：http://fan.test.lacues.cn/Product_List.html?showtype=__fan.test.lacues.cn____
[2016-11-10 13:54:33.640]		推广：http://fan.test.lacues.cn/Product_Detail.html?pid=8016465488__fan.test.lacues.cn____
[2016-11-10 13:54:35.316]		推广：__fan.test.lacues.cn____
[2016-11-10 13:54:43.158]		推广：http://fan.test.lacues.cn/order/OrderConfirm.html?t=0.5332630407065153__fan.test.lacues.cn____
[2016-11-10 13:55:34.087]		推广：http://fan.test.lacues.cn/Order/CouponCodes.html?shouldPay=22__fan.test.lacues.cn____
[2016-11-10 13:55:42.673]		推广：http://fan.test.lacues.cn/order/OrderConfirm.html?t=0.5332630407065153__fan.test.lacues.cn____
[2016-11-10 13:55:45.305]		推广：http://fan.test.lacues.cn/Order/CouponCodes.html?shouldPay=12__fan.test.lacues.cn____
[2016-11-10 13:55:49.693]		推广：http://fan.test.lacues.cn/order/OrderConfirm.html?t=0.5332630407065153__fan.test.lacues.cn____
[2016-11-10 13:56:57.660]		推广：http://fan.test.lacues.cn/Order/CouponCodes.html?shouldPay=19__fan.test.lacues.cn____
[2016-11-10 13:57:07.882]		推广：http://fan.test.lacues.cn/order/OrderConfirm.html?t=0.5332630407065153__fan.test.lacues.cn____
[2016-11-10 13:57:40.041]		推广：http://fan.test.lacues.cn/Product_Detail.html?pid=8016465488__fan.test.lacues.cn____
[2016-11-10 13:57:43.761]		推广：http://fan.test.lacues.cn/cart.html?t=0.6391284523997456__fan.test.lacues.cn____
[2016-11-10 13:57:45.201]		推广：http://fan.test.lacues.cn/index.html?t=0.492692562751472__fan.test.lacues.cn____
[2016-11-10 13:57:58.418]		推广：http://fan.test.lacues.cn/Search.html?t=0.26875988696701825__fan.test.lacues.cn____
[2016-11-10 13:58:02.202]		推广：http://fan.test.lacues.cn/Product_List.html?showtype=__fan.test.lacues.cn____
[2016-11-10 13:58:11.797]		推广：http://fan.test.lacues.cn/Product_Detail.html?pid=58016100270__fan.test.lacues.cn____
[2016-11-10 13:58:13.348]		推广：__fan.test.lacues.cn____
[2016-11-10 13:58:21.421]		推广：http://fan.test.lacues.cn/order/OrderConfirm.html?t=0.2805162235163152__fan.test.lacues.cn____
[2016-11-10 13:58:27.591]		推广：__fan.test.lacues.cn____
[2016-11-10 13:58:31.505]		推广：http://fan.test.lacues.cn/Product_Detail.html?pid=58016100270__fan.test.lacues.cn____
[2016-11-10 13:58:32.324]		推广：__fan.test.lacues.cn____
[2016-11-10 13:58:35.037]		推广：__fan.test.lacues.cn____
[2016-11-10 13:58:36.072]		推广：http://fan.test.lacues.cn/Product_Detail.html?pid=58016100270__fan.test.lacues.cn____
[2016-11-10 13:58:37.018]		推广：__fan.test.lacues.cn____
[2016-11-10 13:58:42.531]		推广：http://fan.test.lacues.cn/order/OrderConfirm.html?t=0.8350715551059693__fan.test.lacues.cn____
[2016-11-10 13:58:46.354]		推广：http://fan.test.lacues.cn/Account/AddressList.html?addressid=DZ161107100004__fan.test.lacues.cn____
[2016-11-10 13:58:47.154]		推广：__fan.test.lacues.cn____
[2016-11-10 13:58:58.643]		推广：http://fan.test.lacues.cn/order/OrderConfirm.html?t=0.6115708809811622__fan.test.lacues.cn____
[2016-11-10 13:59:06.622]		推广：http://fan.test.lacues.cn/Product_Detail.html?pid=58016100270__fan.test.lacues.cn____
[2016-11-10 13:59:09.780]		推广：http://fan.test.lacues.cn/cart.html?t=0.27924826741218567__fan.test.lacues.cn____
[2016-11-10 13:59:27.627]		推广：http://fan.test.lacues.cn/Product_Detail.html?pid=58016100270__fan.test.lacues.cn____
[2016-11-10 13:59:31.118]		推广：http://fan.test.lacues.cn/Product_List.html?showtype=__fan.test.lacues.cn____
[2016-11-10 13:59:34.366]		推广：http://fan.test.lacues.cn/Search.html?t=0.26875988696701825__fan.test.lacues.cn____
[2016-11-10 13:59:45.722]		推广：http://fan.test.lacues.cn/index.html?t=0.492692562751472__fan.test.lacues.cn____
[2016-11-10 14:00:13.413]		推广：http://fan.test.lacues.cn/Account/MyOrder_List.html?paytype=DFH__fan.test.lacues.cn____
[2016-11-10 14:00:15.644]		推广：http://fan.test.lacues.cn/Account/index.html?t=0.3466425850056112__fan.test.lacues.cn____
[2016-11-10 14:00:20.018]		推广：http://fan.test.lacues.cn/Account/index.html?t=0.3466425850056112__fan.test.lacues.cn____
[2016-11-10 14:00:21.713]		推广：http://fan.test.lacues.cn/Account/MyCoupon.html?t=0.6329587530344725__fan.test.lacues.cn____
[2016-11-10 14:01:17.825]		推广：http://fan.test.lacues.cn/Account/index.html?t=0.3466425850056112__fan.test.lacues.cn____
[2016-11-10 14:02:18.767]		推广：http://fan.test.lacues.cn/Account/MyCoupon.html?t=0.6329587530344725__fan.test.lacues.cn____
[2016-11-10 14:02:43.431]		推广：http://fan.test.lacues.cn/Account/MyCoupon_DH.html?t=0.8498464685399085__fan.test.lacues.cn____
[2016-11-10 14:02:54.869]		推广：http://fan.test.lacues.cn/Account/MyCoupon.html?t=0.8327785970177501__fan.test.lacues.cn____
[2016-11-10 14:03:30.647]		推广：http://fan.test.lacues.cn/Account/MyCoupon_DH.html?t=0.8427108281757683__fan.test.lacues.cn____
[2016-11-10 14:19:14.187]		推广：__fan.test.lacues.cn____
[2016-11-10 14:19:15.715]		推广：http://fan.test.lacues.cn/Account/MyCoupon_DH.html?t=0.8498464685399085__fan.test.lacues.cn____
[2016-11-10 14:19:19.837]		推广：http://fan.test.lacues.cn/__fan.test.lacues.cn____
[2016-11-10 14:19:24.357]		推广：http://fan.test.lacues.cn/Account/index.html?t=0.5701231588609517__fan.test.lacues.cn____
[2016-11-10 14:20:56.086]		推广：__fan.test.lacues.cn____
[2016-11-10 14:20:56.363]		推广：http://fan.test.lacues.cn/__fan.test.lacues.cn____
[2016-11-10 14:20:58.087]		推广：http://fan.test.lacues.cn/Account/index.html?t=0.07600850952372795__fan.test.lacues.cn____
[2016-11-10 14:21:23.698]		推广：http://fan.test.lacues.cn/Account/login.html?t=0.8302339817153437__fan.test.lacues.cn____
[2016-11-10 14:21:26.376]		推广：http://fan.test.lacues.cn/__fan.test.lacues.cn____
[2016-11-10 14:21:30.793]		推广：http://fan.test.lacues.cn/Account/index.html?t=0.4322749250117619__fan.test.lacues.cn____
[2016-11-10 14:22:02.884]		推广：http://fan.test.lacues.cn/Account/index.html?t=0.4322749250117619__fan.test.lacues.cn____
[2016-11-10 14:22:56.456]		推广：http://fan.test.lacues.cn/Account/index.html?t=0.4322749250117619__fan.test.lacues.cn____
[2016-11-10 14:23:26.962]		推广：http://fan.test.lacues.cn/Account/MyCoupon.html?t=0.8299564071157928__fan.test.lacues.cn____
[2016-11-10 14:23:29.244]		推广：http://fan.test.lacues.cn/Account/index.html?t=0.4322749250117619__fan.test.lacues.cn____
[2016-11-10 14:24:16.484]		推广：http://fan.test.lacues.cn/Account/index.html?t=0.4322749250117619__fan.test.lacues.cn____
[2016-11-10 14:24:31.675]		推广：http://fan.test.lacues.cn/Account/MyCoupon.html?t=0.903725856661663__fan.test.lacues.cn____
[2016-11-10 14:24:33.052]		推广：http://fan.test.lacues.cn/Account/MyCoupon_DH.html?t=0.6834950812208256__fan.test.lacues.cn____
[2016-11-10 14:24:43.652]		推广：http://fan.test.lacues.cn/Account/MyCoupon.html?t=0.12646104022507587__fan.test.lacues.cn____
[2016-11-10 14:24:48.519]		推广：http://fan.test.lacues.cn/Account/MyCoupon_DH.html?t=0.7895669561241616__fan.test.lacues.cn____
[2016-11-10 14:24:52.164]		推广：http://fan.test.lacues.cn/Account/MyCoupon_DH.html?t=0.7895669561241616__fan.test.lacues.cn____
[2016-11-10 14:24:58.959]		推广：http://fan.test.lacues.cn/Account/MyCoupon_DH.html?t=0.7895669561241616__fan.test.lacues.cn____
[2016-11-10 14:26:12.731]		推广：http://fan.test.lacues.cn/Account/MyCoupon.html?t=0.049948008731007576__fan.test.lacues.cn____
[2016-11-10 14:26:19.193]		推广：http://fan.test.lacues.cn/Account/index.html?t=0.5701231588609517__fan.test.lacues.cn____
[2016-11-10 14:26:21.084]		推广：http://fan.test.lacues.cn/Account/MyCoupon.html?t=0.7821883850265294__fan.test.lacues.cn____
[2016-11-10 14:26:38.935]		推广：http://fan.test.lacues.cn/Account/index.html?t=0.5701231588609517__fan.test.lacues.cn____
[2016-11-10 14:26:56.043]		推广：http://fan.test.lacues.cn/Account/MyCoupon.html__fan.test.lacues.cn____
[2016-11-10 14:26:57.311]		推广：http://fan.test.lacues.cn/Account/MyCoupon_DH.html?t=0.7895669561241616__fan.test.lacues.cn____
[2016-11-10 14:27:02.157]		推广：__fan.test.lacues.cn____
[2016-11-10 14:27:05.075]		推广：http://fan.test.lacues.cn/__fan.test.lacues.cn____
[2016-11-10 14:27:29.559]		推广：http://fan.test.lacues.cn/__fan.test.lacues.cn____
[2016-11-10 14:29:36.401]		推广：http://fan.test.lacues.cn/Account/index.html?t=0.6493968744651799__fan.test.lacues.cn____
[2016-11-10 14:30:25.162]		推广：http://fan.test.lacues.cn/Account/index.html?t=0.6493968744651799__fan.test.lacues.cn____
[2016-11-10 14:32:52.075]		推广：http://fan.test.lacues.cn/Account/MyCoupon.html?t=0.14583365588803066__fan.test.lacues.cn____
[2016-11-10 14:32:55.652]		推广：http://fan.test.lacues.cn/Account/index.html?t=0.6493968744651799__fan.test.lacues.cn____
[2016-11-10 14:32:56.568]		推广：__fan.test.lacues.cn____
[2016-11-10 14:32:56.961]		推广：http://fan.test.lacues.cn/Account/index.html?t=0.6493968744651799__fan.test.lacues.cn____
[2016-11-10 14:33:04.875]		推广：http://fan.test.lacues.cn/Account/MyCoupon.html?t=0.4875995188485831__fan.test.lacues.cn____
[2016-11-10 14:33:17.051]		推广：http://fan.test.lacues.cn/index.html__fan.test.lacues.cn____
[2016-11-10 14:33:18.971]		推广：http://fan.test.lacues.cn/Account/index.html?t=0.24333470361307263__fan.test.lacues.cn____
[2016-11-10 14:33:28.978]		推广：http://fan.test.lacues.cn/Account/login.html?t=0.07381566142370555__fan.test.lacues.cn____
[2016-11-10 14:33:43.064]		推广：http://fan.test.lacues.cn/Account/login.html?t=0.8595987821463495__fan.test.lacues.cn____
[2016-11-10 14:33:44.482]		推广：http://fan.test.lacues.cn/index.html__fan.test.lacues.cn____
[2016-11-10 14:33:47.650]		推广：http://fan.test.lacues.cn/Account/index.html?t=0.38489351188763976__fan.test.lacues.cn____
[2016-11-10 14:34:09.297]		推广：http://fan.test.lacues.cn/Account/index.html?t=0.38489351188763976__fan.test.lacues.cn____
[2016-11-10 14:34:46.455]		推广：http://fan.test.lacues.cn/Account/MyCoupon.html?t=0.7821883850265294__fan.test.lacues.cn____
[2016-11-10 14:34:51.340]		推广：__fan.test.lacues.cn____
[2016-11-10 14:34:52.143]		推广：http://fan.test.lacues.cn/Account/MyCoupon.html?t=0.5791095779277384__fan.test.lacues.cn____
[2016-11-10 14:34:55.793]		推广：http://fan.test.lacues.cn/Account/index.html?t=0.38489351188763976__fan.test.lacues.cn____
[2016-11-10 14:35:07.075]		推广：http://fan.test.lacues.cn/Account/MyCoupon.html?t=0.5791095779277384__fan.test.lacues.cn____
[2016-11-10 14:35:09.089]		推广：http://fan.test.lacues.cn/Account/MyCoupon.html__fan.test.lacues.cn____
[2016-11-10 14:35:10.651]		推广：http://fan.test.lacues.cn/__fan.test.lacues.cn____
[2016-11-10 14:35:17.266]		推广：http://fan.test.lacues.cn/Account/index.html?t=0.24734792578965425__fan.test.lacues.cn____
[2016-11-10 14:35:19.025]		推广：http://fan.test.lacues.cn/Account/index.html?t=0.24734792578965425__fan.test.lacues.cn____
[2016-11-10 14:36:02.904]		推广：http://fan.test.lacues.cn/Account/login.html?t=0.5699610963929445__fan.test.lacues.cn____
[2016-11-10 14:36:39.314]		推广：http://fan.test.lacues.cn/Account/index.html?t=0.38489351188763976__fan.test.lacues.cn____
[2016-11-10 14:37:21.463]		推广：http://fan.test.lacues.cn/index.html__fan.test.lacues.cn____
[2016-11-10 14:37:23.499]		推广：http://fan.test.lacues.cn/Account/index.html?t=0.1372277620300142__fan.test.lacues.cn____
[2016-11-10 14:37:25.167]		推广：http://fan.test.lacues.cn/Account/MyCoupon.html?t=0.3137434400297989__fan.test.lacues.cn____
[2016-11-10 14:37:29.658]		推广：http://fan.test.lacues.cn/Account/MyCoupon_DH.html?t=0.493118445605949__fan.test.lacues.cn____
[2016-11-10 14:37:50.254]		推广：http://fan.test.lacues.cn/Account/MyCoupon_DH.html?t=0.493118445605949__fan.test.lacues.cn____
[2016-11-10 14:40:34.900]		推广：http://fan.test.lacues.cn/Account/index.html?t=0.24734792578965425__fan.test.lacues.cn____
[2016-11-10 14:40:47.324]		推广：__fan.test.lacues.cn____
[2016-11-10 14:41:04.217]		推广：http://fan.test.lacues.cn/__fan.test.lacues.cn____
[2016-11-10 14:41:08.269]		推广：http://fan.test.lacues.cn/Account/index.html?t=0.4602252237608171__fan.test.lacues.cn____
[2016-11-10 14:41:16.622]		推广：http://fan.test.lacues.cn/Account/login.html?t=0.23936262935747343__fan.test.lacues.cn____
[2016-11-10 14:41:19.215]		推广：http://fan.test.lacues.cn/__fan.test.lacues.cn____
[2016-11-10 14:41:26.421]		推广：http://fan.test.lacues.cn/Account/index.html?t=0.24045101643888012__fan.test.lacues.cn____
[2016-11-10 14:43:31.834]		推广：http://fan.test.lacues.cn/Account/MyCoupon_DH.html?t=0.493118445605949__fan.test.lacues.cn____
[2016-11-10 14:43:51.962]		推广：http://fan.test.lacues.cn/Account/MyCoupon.html__fan.test.lacues.cn____
[2016-11-10 14:43:53.760]		推广：http://fan.test.lacues.cn/Account/MyCoupon_DH.html?t=0.493118445605949__fan.test.lacues.cn____
[2016-11-10 14:44:09.674]		推广：__fan.test.lacues.cn____
[2016-11-10 14:44:10.622]		推广：http://fan.test.lacues.cn/__fan.test.lacues.cn____
[2016-11-10 14:44:13.404]		推广：http://fan.test.lacues.cn/Account/index.html?t=0.9237988170438247__fan.test.lacues.cn____
[2016-11-10 14:44:30.494]		推广：http://fan.test.lacues.cn/Account/MyCoupon.html?t=0.31280539010093933__fan.test.lacues.cn____
[2016-11-10 14:44:33.397]		推广：http://fan.test.lacues.cn/Account/index.html?t=0.9237988170438247__fan.test.lacues.cn____
[2016-11-10 14:51:19.693]		推广：http://fan.test.lacues.cn/Account/index.html?t=0.9237988170438247__fan.test.lacues.cn____
[2016-11-10 14:52:24.836]		推广：http://fan.test.lacues.cn/Account/index.html?t=0.9237988170438247__fan.test.lacues.cn____
[2016-11-10 14:53:12.775]		推广：http://fan.test.lacues.cn/Account/index.html?t=0.24045101643888012__fan.test.lacues.cn____
[2016-11-10 14:53:23.727]		推广：http://fan.test.lacues.cn/Account/login.html?t=0.15991554282476494__fan.test.lacues.cn____
[2016-11-10 14:53:54.944]		推广：http://fan.test.lacues.cn/Account/MyCoupon.html?t=0.35948205204569805__fan.test.lacues.cn____
[2016-11-10 14:53:56.317]		推广：http://fan.test.lacues.cn/Account/index.html?t=0.9237988170438247__fan.test.lacues.cn____
[2016-11-10 14:54:56.267]		推广：http://fan.test.lacues.cn/Account/index.html?t=0.9237988170438247__fan.test.lacues.cn____
[2016-11-10 14:58:35.687]		推广：__fan.test.lacues.cn____
[2016-11-10 14:58:47.013]		推广：__fan.test.lacues.cn____
[2016-11-10 14:58:54.012]		推广：__fan.test.lacues.cn____
[2016-11-10 14:59:05.756]		推广：http://fan.test.lacues.cn/Account/MyCoupon.html?t=0.3567656287110157__fan.test.lacues.cn____
[2016-11-10 14:59:07.033]		推广：http://fan.test.lacues.cn/Product_List.html?showtype=__fan.test.lacues.cn____
[2016-11-10 14:59:08.999]		推广：http://fan.test.lacues.cn/Search.html?t=0.07848605293717359__fan.test.lacues.cn____
[2016-11-10 14:59:40.813]		推广：http://fan.test.lacues.cn/Search.html?t=0.07848605293717359__fan.test.lacues.cn____
[2016-11-10 14:59:41.163]		推广：http://fan.test.lacues.cn/__fan.test.lacues.cn____
[2016-11-10 14:59:42.360]		推广：http://fan.test.lacues.cn/__fan.test.lacues.cn____
[2016-11-10 14:59:44.517]		推广：http://fan.test.lacues.cn/Account/index.html?t=0.24670577690294881__fan.test.lacues.cn____
[2016-11-10 14:59:55.275]		推广：http://fan.test.lacues.cn/Account/login.html?t=0.8525889156960675__fan.test.lacues.cn____
[2016-11-10 14:59:57.848]		推广：http://fan.test.lacues.cn/Account/login.html?t=0.8525889156960675__fan.test.lacues.cn____
[2016-11-10 15:00:17.910]		推广：http://fan.test.lacues.cn/Account/login.html?t=0.8525889156960675__fan.test.lacues.cn____
[2016-11-10 15:00:18.398]		推广：http://fan.test.lacues.cn/__fan.test.lacues.cn____
[2016-11-10 15:00:20.811]		推广：http://fan.test.lacues.cn/Account/index.html?t=0.7062955493463472__fan.test.lacues.cn____
[2016-11-10 15:00:22.224]		推广：__fan.test.lacues.cn____
[2016-11-10 15:05:46.760]		推广：__fan.test.lacues.cn____
[2016-11-10 15:05:49.254]		推广：__fan.test.lacues.cn____
[2016-11-10 15:05:55.905]		推广：http://fan.test.lacues.cn/Account/index.html?t=0.24045101643888012__fan.test.lacues.cn____
[2016-11-10 15:06:37.331]		推广：http://fan.test.lacues.cn/Account/MyCoupon.html?t=0.41944919417499416__fan.test.lacues.cn____
[2016-11-10 15:06:41.027]		推广：http://fan.test.lacues.cn/Account/index.html?t=0.24045101643888012__fan.test.lacues.cn____
[2016-11-10 15:06:43.794]		推广：http://fan.test.lacues.cn/Account/MyCoupon.html?t=0.6280378168152909__fan.test.lacues.cn____
[2016-11-10 15:07:05.609]		推广：http://fan.test.lacues.cn/__fan.test.lacues.cn____
[2016-11-10 15:07:07.963]		推广：http://fan.test.lacues.cn/Account/index.html?t=0.4967692063655704__fan.test.lacues.cn____
[2016-11-10 15:07:28.690]		推广：http://fan.test.lacues.cn/Account/login.html?t=0.9244877330493182__fan.test.lacues.cn____
[2016-11-10 15:07:31.328]		推广：http://fan.test.lacues.cn/__fan.test.lacues.cn____
[2016-11-10 15:07:34.250]		推广：http://fan.test.lacues.cn/Account/index.html?t=0.724035270512104__fan.test.lacues.cn____
[2016-11-10 15:07:37.505]		推广：http://fan.test.lacues.cn/Account/index.html?t=0.9237988170438247__fan.test.lacues.cn____
[2016-11-10 15:07:42.732]		推广：http://fan.test.lacues.cn/Account/MyCoupon.html?t=0.6457276891451329__fan.test.lacues.cn____
[2016-11-10 15:07:45.920]		推广：http://fan.test.lacues.cn/Product_Detail.html?pid=8016465485__fan.test.lacues.cn____
[2016-11-10 15:08:21.681]		推广：http://fan.test.lacues.cn/Product_Detail.html?pid=8016465485__fan.test.lacues.cn____
[2016-11-10 15:08:29.765]		推广：http://fan.test.lacues.cn/Account/index.html?t=0.24045101643888012__fan.test.lacues.cn____
[2016-11-10 15:08:35.152]		推广：http://fan.test.lacues.cn/Account/MyCoupon.html?t=0.05723693011882247__fan.test.lacues.cn____
[2016-11-10 15:12:49.861]		推广：__fan.test.lacues.cn____
[2016-11-10 15:14:19.103]		推广：__fan.test.lacues.cn____
[2016-11-10 15:14:22.860]		推广：__fan.test.lacues.cn____
[2016-11-10 15:15:01.349]		推广：__fan.test.lacues.cn____
[2016-11-10 15:15:10.741]		推广：http://fan.test.lacues.cn/Account/index.html?t=0.724035270512104__fan.test.lacues.cn____
[2016-11-10 15:15:15.749]		推广：__fan.test.lacues.cn____
[2016-11-10 15:15:36.310]		推广：__fan.test.lacues.cn____
[2016-11-10 15:23:45.059]		推广：__fan.test.lacues.cn____
[2016-11-10 15:24:52.346]		推广：__fan.test.lacues.cn____
[2016-11-10 15:28:37.158]		推广：__fan.test.lacues.cn____
[2016-11-10 15:31:06.603]		推广：http://fan.test.lacues.cn/Account/index.html?t=0.9237988170438247__fan.test.lacues.cn____
[2016-11-10 15:31:42.706]		推广：__fan.test.lacues.cn____
[2016-11-10 15:33:12.069]		推广：http://fan.test.lacues.cn/Account/MyCoupon.html?t=0.3567656287110157__fan.test.lacues.cn____
[2016-11-10 15:36:15.581]		推广：__fan.test.lacues.cn____
[2016-11-10 15:37:15.414]		推广：http://fan.test.lacues.cn/order/OrderSuccess.html__fan.test.lacues.cn____
[2016-11-10 15:40:38.707]		推广：__fan.test.lacues.cn____
[2016-11-10 15:40:44.211]		推广：http://fan.test.lacues.cn/__fan.test.lacues.cn____
[2016-11-10 15:40:48.327]		推广：http://fan.test.lacues.cn/Account/index.html?t=0.9219266869790208__fan.test.lacues.cn____
[2016-11-10 15:41:11.291]		推广：http://fan.test.lacues.cn/Account/index.html?t=0.9237988170438247__fan.test.lacues.cn____
[2016-11-10 15:42:00.949]		推广：http://fan.test.lacues.cn/Account/index.html?t=0.38489351188763976__fan.test.lacues.cn____
[2016-11-10 15:42:05.546]		推广：http://fan.test.lacues.cn/Account/MyCoupon.html?t=0.0005563620943576097__fan.test.lacues.cn____
[2016-11-10 15:42:07.431]		推广：http://fan.test.lacues.cn/Account/index.html?t=0.38489351188763976__fan.test.lacues.cn____
[2016-11-10 15:42:19.178]		推广：http://fan.test.lacues.cn/Account/login.html?t=0.453647953079068__fan.test.lacues.cn____
[2016-11-10 15:42:27.434]		推广：http://fan.test.lacues.cn/Account/login.html?t=0.7819883157499135__fan.test.lacues.cn____
[2016-11-10 15:42:27.736]		推广：http://fan.test.lacues.cn/index.html__fan.test.lacues.cn____
[2016-11-10 15:42:29.760]		推广：http://fan.test.lacues.cn/Account/login.html?t=0.11910663993796478__fan.test.lacues.cn____
[2016-11-10 15:42:31.565]		推广：http://fan.test.lacues.cn/Account/index.html?t=0.0018552131950855255__fan.test.lacues.cn____
[2016-11-10 15:43:05.140]		推广：http://fan.test.lacues.cn/Account/Register.html?t=0.9288955245822421__fan.test.lacues.cn____
[2016-11-10 15:43:09.969]		推广：http://fan.test.lacues.cn/__fan.test.lacues.cn____
[2016-11-10 15:43:14.126]		推广：http://fan.test.lacues.cn/Account/index.html?t=0.13358553337888135__fan.test.lacues.cn____
[2016-11-10 15:43:22.284]		推广：http://fan.test.lacues.cn/__fan.test.lacues.cn____
[2016-11-10 15:43:29.399]		推广：http://fan.test.lacues.cn/Product_Detail.html?pid=8016465481__fan.test.lacues.cn____
[2016-11-10 15:43:33.962]		推广：http://fan.test.lacues.cn/__fan.test.lacues.cn____
[2016-11-10 15:43:38.114]		推广：http://fan.test.lacues.cn/Product_List.html?keyword=风扇__fan.test.lacues.cn____
[2016-11-10 15:43:40.742]		推广：http://fan.test.lacues.cn/Product_Detail.html?pid=8016455359__fan.test.lacues.cn____
[2016-11-10 15:43:44.547]		推广：http://fan.test.lacues.cn/Product_List.html?keyword=风扇__fan.test.lacues.cn____
[2016-11-10 15:43:59.901]		推广：http://fan.test.lacues.cn/__fan.test.lacues.cn____
[2016-11-10 15:44:01.800]		推广：http://fan.test.lacues.cn/__fan.test.lacues.cn____
[2016-11-10 15:44:02.528]		推广：http://fan.test.lacues.cn/Account/index.html?t=0.05227567550601009__fan.test.lacues.cn____
[2016-11-10 15:44:06.168]		推广：http://fan.test.lacues.cn/Product_Detail.html?pid=8016465483__fan.test.lacues.cn____
[2016-11-10 15:44:09.278]		推广：http://fan.test.lacues.cn/Account/index.html?t=0.05227567550601009__fan.test.lacues.cn____
[2016-11-10 15:44:10.724]		推广：http://fan.test.lacues.cn/__fan.test.lacues.cn____
[2016-11-10 15:44:20.582]		推广：http://fan.test.lacues.cn/Account/index.html?t=0.05227567550601009__fan.test.lacues.cn____
[2016-11-10 15:44:31.633]		推广：http://fan.test.lacues.cn/Product_Detail.html?pid=8016465484__fan.test.lacues.cn____
[2016-11-10 15:44:31.641]		推广：http://fan.test.lacues.cn/order/OrderSuccess.html__fan.test.lacues.cn____
[2016-11-10 15:44:33.705]		推广：http://fan.test.lacues.cn/order/OrderSuccess.html__fan.test.lacues.cn____
[2016-11-10 15:44:34.327]		推广：http://fan.test.lacues.cn/order/OrderSuccess.html__fan.test.lacues.cn____
[2016-11-10 15:44:40.983]		推广：http://fan.test.lacues.cn/__fan.test.lacues.cn____
[2016-11-10 15:44:45.558]		推广：http://fan.test.lacues.cn/Product_Detail.html?pid=8016465310__fan.test.lacues.cn____
[2016-11-10 15:44:47.373]		推广：http://fan.test.lacues.cn/__fan.test.lacues.cn____
[2016-11-10 15:44:51.845]		推广：http://fan.test.lacues.cn/Product_List.html?keyword=测试__fan.test.lacues.cn____
[2016-11-10 15:44:58.173]		推广：http://fan.test.lacues.cn/__fan.test.lacues.cn____
[2016-11-10 15:45:02.109]		推广：http://fan.test.lacues.cn/Product_List.html?keyword=测试__fan.test.lacues.cn____
[2016-11-10 15:45:05.005]		推广：http://fan.test.lacues.cn/Product_Detail.html?pid=8016465485__fan.test.lacues.cn____
[2016-11-10 15:45:15.526]		推广：http://fan.test.lacues.cn/Product_List.html?keyword=测试__fan.test.lacues.cn____
[2016-11-10 15:45:19.602]		推广：http://fan.test.lacues.cn/Product_Detail.html?pid=8016465483__fan.test.lacues.cn____
[2016-11-10 15:45:52.710]		推广：http://fan.test.lacues.cn/Account/index.html?t=0.05227567550601009__fan.test.lacues.cn____
[2016-11-10 15:46:41.714]		推广：http://fan.test.lacues.cn/order/OrderSuccess.html__fan.test.lacues.cn____
[2016-11-10 15:47:29.687]		推广：http://fan.test.lacues.cn/Account/MyCoupon.html?t=0.8491609675300305__fan.test.lacues.cn____
[2016-11-10 15:47:30.644]		推广：http://fan.test.lacues.cn/Account/MyCoupon.html?t=0.8491609675300305__fan.test.lacues.cn____
[2016-11-10 15:47:31.481]		推广：http://fan.test.lacues.cn/Account/index.html?t=0.05227567550601009__fan.test.lacues.cn____
[2016-11-10 15:47:54.133]		推广：http://fan.test.lacues.cn/Account/index.html?t=0.05227567550601009__fan.test.lacues.cn____
[2016-11-10 15:47:55.538]		推广：http://fan.test.lacues.cn/Account/index.html?t=0.05227567550601009__fan.test.lacues.cn____
[2016-11-10 15:48:04.764]		推广：http://fan.test.lacues.cn/Account/index.html?t=0.05227567550601009__fan.test.lacues.cn____
[2016-11-10 15:51:46.853]		推广：http://fan.test.lacues.cn/order/OrderSuccess.html__fan.test.lacues.cn____
[2016-11-10 15:54:16.957]		推广：http://fan.test.lacues.cn/order/OrderSuccess.html__fan.test.lacues.cn____
[2016-11-10 15:54:23.261]		推广：__fan.test.lacues.cn____
[2016-11-10 15:54:33.947]		推广：http://fan.test.lacues.cn/__fan.test.lacues.cn____
[2016-11-10 15:54:36.786]		推广：http://fan.test.lacues.cn/Search.html?t=0.9195286601339316__fan.test.lacues.cn____
[2016-11-10 15:54:38.628]		推广：http://fan.test.lacues.cn/Product_List.html?showtype=__fan.test.lacues.cn____
[2016-11-10 15:54:46.777]		推广：http://fan.test.lacues.cn/Product_Detail.html?pid=58016100270__fan.test.lacues.cn____
[2016-11-10 15:54:51.878]		推广：http://fan.test.lacues.cn/order/OrderConfirm.html?t=0.11320153799085442__fan.test.lacues.cn____
[2016-11-10 15:54:55.887]		推广：http://fan.test.lacues.cn/Account/login.html?t=0.753630530725478__fan.test.lacues.cn____
[2016-11-10 15:55:22.723]		推广：http://fan.test.lacues.cn/order/OrderConfirm.html?t=0.11320153799085442__fan.test.lacues.cn____
[2016-11-10 15:55:51.062]		推广：http://fan.test.lacues.cn/Account/login.html?t=0.753630530725478__fan.test.lacues.cn____
[2016-11-10 15:55:58.687]		推广：http://fan.test.lacues.cn/Product_List.html?showtype=__fan.test.lacues.cn____
[2016-11-10 15:56:00.489]		推广：http://fan.test.lacues.cn/Search.html?t=0.9195286601339316__fan.test.lacues.cn____
[2016-11-10 15:56:05.301]		推广：http://fan.test.lacues.cn/__fan.test.lacues.cn____
[2016-11-10 15:56:07.173]		推广：__fan.test.lacues.cn____
[2016-11-10 15:56:10.028]		推广：http://fan.test.lacues.cn/__fan.test.lacues.cn____
[2016-11-10 15:56:10.792]		推广：http://fan.test.lacues.cn/Account/index.html?t=0.546500449508051__fan.test.lacues.cn____
[2016-11-10 15:56:14.824]		推广：http://fan.test.lacues.cn/Account/login.html?t=0.7374227354157696__fan.test.lacues.cn____
[2016-11-10 15:56:21.248]		推广：http://fan.test.lacues.cn/Account/index.html?t=0.546500449508051__fan.test.lacues.cn____
[2016-11-10 15:56:23.574]		推广：http://fan.test.lacues.cn/Account/MyOrder_List.html?paytype=ALL__fan.test.lacues.cn____
[2016-11-10 15:56:54.229]		推广：http://fan.test.lacues.cn/Account/index.html?t=0.05227567550601009__fan.test.lacues.cn____
[2016-11-10 15:57:08.308]		推广：http://fan.test.lacues.cn/Product_Detail.html?pid=8016465483__fan.test.lacues.cn____
[2016-11-10 15:57:18.808]		推广：http://fan.test.lacues.cn/Product_List.html?keyword=测试__fan.test.lacues.cn____
[2016-11-10 15:57:18.964]		推广：http://fan.test.lacues.cn/Product_List.html?keyword=测试__fan.test.lacues.cn____
[2016-11-10 15:57:21.686]		推广：http://fan.test.lacues.cn/__fan.test.lacues.cn____
[2016-11-10 15:57:30.868]		推广：http://fan.test.lacues.cn/Search.html?t=0.9019125725203658__fan.test.lacues.cn____
[2016-11-10 15:57:34.527]		推广：http://fan.test.lacues.cn/Product_List.html?showtype=__fan.test.lacues.cn____
[2016-11-10 15:57:42.961]		推广：http://fan.test.lacues.cn/Search.html?t=0.258572611834635__fan.test.lacues.cn____
[2016-11-10 15:57:52.318]		推广：http://fan.test.lacues.cn/Product_List.html?showtype=__fan.test.lacues.cn____
[2016-11-10 15:58:06.872]		推广：http://fan.test.lacues.cn/Product_List.html?showtype=__fan.test.lacues.cn____
[2016-11-10 15:59:25.838]		推广：http://fan.test.lacues.cn/Product_Detail.html?pid=8016465483__fan.test.lacues.cn____
[2016-11-10 15:59:26.781]		推广：http://fan.test.lacues.cn/Product_List.html?showtype=__fan.test.lacues.cn____
[2016-11-10 15:59:28.803]		推广：http://fan.test.lacues.cn/Search.html?t=0.4677827951374547__fan.test.lacues.cn____
[2016-11-10 15:59:34.218]		推广：http://fan.test.lacues.cn/Product_List.html?showtype=__fan.test.lacues.cn____
[2016-11-10 15:59:50.982]		推广：http://fan.test.lacues.cn/Product_Detail.html?pid=8016465488__fan.test.lacues.cn____
[2016-11-10 15:59:52.778]		推广：http://fan.test.lacues.cn/Product_List.html?showtype=__fan.test.lacues.cn____
[2016-11-10 15:59:56.636]		推广：http://fan.test.lacues.cn/Search.html?t=0.994857856624203__fan.test.lacues.cn____
[2016-11-10 15:59:58.550]		推广：http://fan.test.lacues.cn/Account/MyCoupon.html?t=0.21594070508692798__fan.test.lacues.cn____
[2016-11-10 15:59:59.614]		推广：http://fan.test.lacues.cn/Product_List.html?showtype=__fan.test.lacues.cn____
[2016-11-10 16:00:00.581]		推广：http://fan.test.lacues.cn/Account/index.html?t=0.05227567550601009__fan.test.lacues.cn____
[2016-11-10 16:00:01.404]		推广：http://fan.test.lacues.cn/__fan.test.lacues.cn____
[2016-11-10 16:00:07.577]		推广：http://fan.test.lacues.cn/Search.html?t=0.31172727911600284__fan.test.lacues.cn____
[2016-11-10 16:00:13.452]		推广：http://fan.test.lacues.cn/Product_List.html?showtype=__fan.test.lacues.cn____
[2016-11-10 16:00:14.310]		推广：http://fan.test.lacues.cn/Product_Detail.html?pid=8016465488__fan.test.lacues.cn____
[2016-11-10 16:00:14.473]		推广：http://fan.test.lacues.cn/Account/MyOrder_List.html?paytype=ALL__fan.test.lacues.cn____
[2016-11-10 16:00:16.755]		推广：http://fan.test.lacues.cn/Search.html?t=0.31172727911600284__fan.test.lacues.cn____
[2016-11-10 16:00:24.209]		推广：http://fan.test.lacues.cn/Account/index.html?t=0.546500449508051__fan.test.lacues.cn____
[2016-11-10 16:00:25.231]		推广：http://fan.test.lacues.cn/Product_List.html?showtype=__fan.test.lacues.cn____
[2016-11-10 16:00:27.128]		推广：http://fan.test.lacues.cn/Account/MyOrder_List.html?paytype=ALL__fan.test.lacues.cn____
[2016-11-10 16:00:27.554]		推广：http://fan.test.lacues.cn/Product_Detail.html?pid=8016465483__fan.test.lacues.cn____
[2016-11-10 16:00:41.523]		推广：http://fan.test.lacues.cn/order/OrderConfirm.html?t=0.5281515698092198__fan.test.lacues.cn____
[2016-11-10 16:00:45.083]		推广：http://fan.test.lacues.cn/Account/AddressEdit.html?addressid=0__fan.test.lacues.cn____
[2016-11-10 16:00:52.233]		推广：http://fan.test.lacues.cn/order/OrderConfirm.html?t=0.5281515698092198__fan.test.lacues.cn____
[2016-11-10 16:00:57.964]		推广：http://fan.test.lacues.cn/order/OrderConfirm.html?t=0.5281515698092198__fan.test.lacues.cn____
[2016-11-10 16:01:07.914]		推广：http://fan.test.lacues.cn/Product_Detail.html?pid=8016465488__fan.test.lacues.cn____
[2016-11-10 16:01:11.013]		推广：http://fan.test.lacues.cn/order/OrderConfirm.html?t=0.2952537165333857__fan.test.lacues.cn____
[2016-11-10 16:01:13.037]		推广：http://fan.test.lacues.cn/Product_List.html?showtype=__fan.test.lacues.cn____
[2016-11-10 16:01:53.242]		推广：http://fan.test.lacues.cn/order/OrderConfirm.html?t=0.2952537165333857__fan.test.lacues.cn____
[2016-11-10 16:01:55.092]		推广：http://fan.test.lacues.cn/Product_Detail.html?pid=8016465488__fan.test.lacues.cn____
[2016-11-10 16:01:58.122]		推广：http://fan.test.lacues.cn/Product_List.html?showtype=__fan.test.lacues.cn____
[2016-11-10 16:03:32.884]		推广：http://fan.test.lacues.cn/Search.html?t=0.31172727911600284__fan.test.lacues.cn____
[2016-11-10 16:03:44.692]		推广：http://fan.test.lacues.cn/Product_List.html?showtype=__fan.test.lacues.cn____
[2016-11-10 16:03:45.961]		推广：http://fan.test.lacues.cn/Product_Detail.html?pid=8016465488__fan.test.lacues.cn____
[2016-11-10 16:03:49.385]		推广：http://fan.test.lacues.cn/Product_List.html?showtype=__fan.test.lacues.cn____
[2016-11-10 16:03:59.560]		推广：http://fan.test.lacues.cn/Product_Detail.html?pid=8016465488__fan.test.lacues.cn____
[2016-11-10 16:04:00.963]		推广：http://fan.test.lacues.cn/Product_Detail.html?pid=8016465483__fan.test.lacues.cn____
[2016-11-10 16:04:01.312]		推广：http://fan.test.lacues.cn/Product_List.html?showtype=__fan.test.lacues.cn____
[2016-11-10 16:04:01.619]		推广：http://fan.test.lacues.cn/__fan.test.lacues.cn____
[2016-11-10 16:04:03.881]		推广：http://fan.test.lacues.cn/Account/index.html?t=0.05227567550601009__fan.test.lacues.cn____
[2016-11-10 16:04:04.161]		推广：http://fan.test.lacues.cn/Search.html?t=0.31172727911600284__fan.test.lacues.cn____
[2016-11-10 16:04:10.871]		推广：http://fan.test.lacues.cn/Search.html?t=0.31172727911600284__fan.test.lacues.cn____
[2016-11-10 16:06:25.061]		推广：http://fan.test.lacues.cn/Account/index.html?t=0.05227567550601009__fan.test.lacues.cn____
[2016-11-10 16:07:25.949]		推广：http://fan.test.lacues.cn/Account/index.html?t=0.05227567550601009__fan.test.lacues.cn____
[2016-11-10 16:10:39.677]		推广：__fan.test.lacues.cn____
[2016-11-10 16:11:32.425]		推广：http://fan.test.lacues.cn/__fan.test.lacues.cn____
[2016-11-10 16:11:33.698]		推广：http://fan.test.lacues.cn/Account/index.html?t=0.35767087843016165__fan.test.lacues.cn____
[2016-11-10 16:11:45.645]		推广：http://fan.test.lacues.cn/Account/login.html?t=0.18722331865435327__fan.test.lacues.cn____
[2016-11-10 16:11:49.591]		推广：http://fan.test.lacues.cn/__fan.test.lacues.cn____
[2016-11-10 16:13:06.609]		推广：http://fan.test.lacues.cn/Account/index.html?t=0.13662268321593918__fan.test.lacues.cn____
[2016-11-10 16:13:09.994]		推广：http://fan.test.lacues.cn/Account/MyOrder_List.html?paytype=ALL__fan.test.lacues.cn____
[2016-11-10 16:15:10.110]		推广：__fan.test.lacues.cn____
[2016-11-10 16:15:16.041]		推广：http://fan.test.lacues.cn/__fan.test.lacues.cn____
[2016-11-10 16:15:26.228]		推广：http://fan.test.lacues.cn/Account/index.html?t=0.46484426240789833__fan.test.lacues.cn____
[2016-11-10 16:15:35.036]		推广：http://fan.test.lacues.cn/Account/MyOrder_List.html?paytype=ALL__fan.test.lacues.cn____
[2016-11-10 16:15:36.978]		推广：http://fan.test.lacues.cn/Account/login.html?t=0.08191874327417348__fan.test.lacues.cn____
[2016-11-10 16:15:52.669]		推广：http://fan.test.lacues.cn/__fan.test.lacues.cn____
[2016-11-10 16:15:57.242]		推广：http://fan.test.lacues.cn/Search.html?t=0.3164020168968322__fan.test.lacues.cn____
[2016-11-10 16:15:59.876]		推广：__fan.test.lacues.cn____
[2016-11-10 16:16:10.410]		推广：http://fan.test.lacues.cn/Product_List.html?showtype=__fan.test.lacues.cn____
[2016-11-10 16:16:27.678]		推广：http://fan.test.lacues.cn/Search.html?t=0.3164020168968322__fan.test.lacues.cn____
[2016-11-10 16:16:33.621]		推广：http://fan.test.lacues.cn/Product_List.html?showtype=__fan.test.lacues.cn____
[2016-11-10 16:16:51.563]		推广：http://fan.test.lacues.cn/Product_Detail.html?pid=8016465488__fan.test.lacues.cn____
[2016-11-10 16:16:56.670]		推广：http://fan.test.lacues.cn/order/OrderConfirm.html?t=0.6757517490252827__fan.test.lacues.cn____
[2016-11-10 16:17:37.334]		推广：http://fan.test.lacues.cn/Account/AddressEdit.html?addressid=0__fan.test.lacues.cn____
[2016-11-10 16:17:56.994]		推广：http://fan.test.lacues.cn/Product_Detail.html?pid=8016465488__fan.test.lacues.cn____
[2016-11-10 16:18:00.296]		推广：http://fan.test.lacues.cn/Product_List.html?showtype=__fan.test.lacues.cn____
[2016-11-10 16:18:02.040]		推广：http://fan.test.lacues.cn/__fan.test.lacues.cn____
[2016-11-10 16:18:05.243]		推广：http://fan.test.lacues.cn/Search.html?t=0.3164020168968322__fan.test.lacues.cn____
[2016-11-10 16:19:09.844]		推广：http://fan.test.lacues.cn/Product_List.html?showtype=__fan.test.lacues.cn____
[2016-11-10 16:19:22.150]		推广：http://fan.test.lacues.cn/Search.html?t=0.3164020168968322__fan.test.lacues.cn____
[2016-11-10 16:19:41.306]		推广：http://fan.test.lacues.cn/Product_List.html?showtype=__fan.test.lacues.cn____
[2016-11-10 16:19:49.023]		推广：http://fan.test.lacues.cn/order/OrderConfirm.html?t=0.2530911124035088__fan.test.lacues.cn____
[2016-11-10 16:19:50.199]		推广：http://fan.test.lacues.cn/Product_Detail.html?pid=8016465485__fan.test.lacues.cn____
[2016-11-10 16:20:52.730]		推广：http://fan.test.lacues.cn/__fan.test.lacues.cn____
[2016-11-10 16:20:56.651]		推广：http://fan.test.lacues.cn/Search.html?t=0.5237969111499001__fan.test.lacues.cn____
[2016-11-10 16:20:57.294]		推广：http://fan.test.lacues.cn/Account/login.html?t=0.18722331865435327__fan.test.lacues.cn____
[2016-11-10 16:20:58.340]		推广：http://fan.test.lacues.cn/__fan.test.lacues.cn____
[2016-11-10 16:21:00.915]		推广：http://fan.test.lacues.cn/Product_List.html?showtype=__fan.test.lacues.cn____
[2016-11-10 16:21:07.838]		推广：http://fan.test.lacues.cn/Product_Detail.html?pid=58016100270__fan.test.lacues.cn____
[2016-11-10 16:41:28.945]		推广：__fan.test.lacues.cn____
[2016-11-10 16:41:32.727]		推广：http://fan.test.lacues.cn/__fan.test.lacues.cn____
[2016-11-10 16:41:41.155]		推广：http://fan.test.lacues.cn/Search.html?t=0.4083465435002449__fan.test.lacues.cn____
[2016-11-10 16:41:46.005]		推广：http://fan.test.lacues.cn/Product_List.html?showtype=__fan.test.lacues.cn____
[2016-11-10 16:41:50.847]		推广：http://fan.test.lacues.cn/Product_Detail.html?pid=58016100270__fan.test.lacues.cn____
[2016-11-10 16:42:11.738]		推广：http://fan.test.lacues.cn/order/OrderConfirm.html?t=0.33874034916456686__fan.test.lacues.cn____
[2016-11-10 16:42:14.471]		推广：http://fan.test.lacues.cn/Product_Detail.html?pid=58016100270__fan.test.lacues.cn____
[2016-11-10 16:42:45.729]		推广：http://fan.test.lacues.cn/order/OrderConfirm.html?t=0.33874034916456686__fan.test.lacues.cn____
[2016-11-10 17:00:22.715]		推广：http://fan.test.lacues.cn/Product_Detail.html?pid=58016100270__fan.test.lacues.cn____
[2016-11-10 17:00:29.904]		推广：http://fan.test.lacues.cn/order/OrderConfirm.html?t=0.33874034916456686__fan.test.lacues.cn____
[2016-11-10 17:00:36.429]		推广：http://fan.test.lacues.cn/Product_Detail.html?pid=58016100270__fan.test.lacues.cn____
[2016-11-10 17:00:47.969]		推广：http://fan.test.lacues.cn/order/OrderConfirm.html?t=0.33874034916456686__fan.test.lacues.cn____
[2016-11-10 17:00:52.109]		推广：http://fan.test.lacues.cn/Account/login.html?t=0.15177668267990674__fan.test.lacues.cn____
[2016-11-10 17:10:13.155]		推广：http://fan.test.lacues.cn/Product_List.html?showtype=__fan.test.lacues.cn____
[2016-11-10 17:10:17.144]		推广：http://fan.test.lacues.cn/Product_Detail.html?pid=58016100270__fan.test.lacues.cn____
[2016-11-10 17:10:20.847]		推广：http://fan.test.lacues.cn/order/OrderConfirm.html?t=0.5974136424890772__fan.test.lacues.cn____
[2016-11-10 17:10:25.908]		推广：http://fan.test.lacues.cn/Account/AddressList.html?addressid=DZ161107100004__fan.test.lacues.cn____
[2016-11-10 17:13:28.565]		推广：http://fan.test.lacues.cn/Product_Detail.html?pid=58016100270__fan.test.lacues.cn____
[2016-11-10 17:13:29.474]		推广：http://fan.test.lacues.cn/Product_List.html?showtype=__fan.test.lacues.cn____
[2016-11-10 17:13:33.858]		推广：http://fan.test.lacues.cn/Search.html?t=0.4083465435002449__fan.test.lacues.cn____
[2016-11-10 17:13:44.606]		推广：http://fan.test.lacues.cn/Product_List.html?showtype=__fan.test.lacues.cn____
[2016-11-10 17:13:47.326]		推广：http://fan.test.lacues.cn/Search.html?t=0.8893309199874577__fan.test.lacues.cn____
[2016-11-10 17:13:49.513]		推广：http://fan.test.lacues.cn/Product_List.html?showtype=__fan.test.lacues.cn____
[2016-11-10 17:13:54.789]		推广：http://fan.test.lacues.cn/Product_Detail.html?pid=8016465488__fan.test.lacues.cn____
[2016-11-10 17:15:56.093]		推广：http://fan.test.lacues.cn/Product_Detail.html?pid=8016465488__fan.test.lacues.cn____
[2016-11-10 17:16:47.782]		推广：http://fan.test.lacues.cn/Product_Detail.html?pid=8016465488__fan.test.lacues.cn____
[2016-11-10 17:16:58.431]		推广：__fan.test.lacues.cn____
[2016-11-10 17:17:16.651]		推广：http://fan.test.lacues.cn/__fan.test.lacues.cn____
[2016-11-10 17:17:19.179]		推广：__fan.test.lacues.cn____
[2016-11-10 17:17:19.849]		推广：http://fan.test.lacues.cn/Search.html?t=0.8854274251409231__fan.test.lacues.cn____
[2016-11-10 17:17:20.795]		推广：http://fan.test.lacues.cn/Product_List.html?showtype=__fan.test.lacues.cn____
[2016-11-10 17:17:33.832]		推广：http://fan.test.lacues.cn/Product_Detail.html?pid=8016465488__fan.test.lacues.cn____
[2016-11-10 17:19:30.609]		推广：__fan.test.lacues.cn____
[2016-11-10 17:19:46.411]		推广：__fan.test.lacues.cn____
[2016-11-10 17:20:14.341]		推广：http://fan.test.lacues.cn/cart.html__fan.test.lacues.cn____
[2016-11-10 17:20:20.492]		推广：http://fan.test.lacues.cn/Product_Detail.html?pid=8016465485__fan.test.lacues.cn____
[2016-11-10 17:20:34.805]		推广：http://fan.test.lacues.cn/Product_Detail.html?pid=8016465488__fan.test.lacues.cn____
[2016-11-10 17:21:50.475]		推广：http://fan.test.lacues.cn/Product_Detail.html?pid=8016465485__fan.test.lacues.cn____
[2016-11-10 17:24:28.464]		推广：http://fan.test.lacues.cn/Product_Detail.html?pid=58016100270__fan.test.lacues.cn____
[2016-11-10 17:24:55.961]		推广：http://fan.test.lacues.cn/__fan.test.lacues.cn____
[2016-11-10 17:24:57.155]		推广：http://fan.test.lacues.cn/Search.html?t=0.9136484953283319__fan.test.lacues.cn____
[2016-11-10 17:25:02.423]		推广：http://fan.test.lacues.cn/Product_List.html?showtype=__fan.test.lacues.cn____
[2016-11-10 17:25:06.577]		推广：http://fan.test.lacues.cn/Product_Detail.html?pid=8016465481__fan.test.lacues.cn____
[2016-11-10 17:25:16.814]		推广：http://fan.test.lacues.cn/Product_List.html?showtype=__fan.test.lacues.cn____
[2016-11-10 17:29:12.403]		推广：http://fan.test.lacues.cn/Search.html?t=0.9136484953283319__fan.test.lacues.cn____
[2016-11-10 17:29:18.376]		推广：http://fan.test.lacues.cn/Product_List.html?showtype=__fan.test.lacues.cn____
[2016-11-10 17:29:26.050]		推广：http://fan.test.lacues.cn/Product_Detail.html?pid=8016465483__fan.test.lacues.cn____
[2016-11-10 17:29:32.557]		推广：http://fan.test.lacues.cn/Account/AddressEdit.html?addressid=0__fan.test.lacues.cn____
[2016-11-10 17:29:35.425]		推广：http://fan.test.lacues.cn/order/OrderConfirm.html?t=0.6798517890765066__fan.test.lacues.cn____
[2016-11-10 17:29:36.229]		推广：http://fan.test.lacues.cn/Account/login.html?t=0.18035126629149234__fan.test.lacues.cn____
[2016-11-10 17:29:37.099]		推广：http://fan.test.lacues.cn/order/OrderConfirm.html?t=0.2952537165333857__fan.test.lacues.cn____
[2016-11-10 17:29:37.111]		推广：http://fan.test.lacues.cn/Product_Detail.html?pid=8016465488__fan.test.lacues.cn____
[2016-11-10 17:29:38.950]		推广：http://fan.test.lacues.cn/Product_List.html?showtype=__fan.test.lacues.cn____
[2016-11-10 17:29:40.370]		推广：http://fan.test.lacues.cn/Search.html?t=0.9265138960480157__fan.test.lacues.cn____
[2016-11-10 17:29:43.459]		推广：http://fan.test.lacues.cn/Product_List.html?showtype=__fan.test.lacues.cn____
[2016-11-10 17:29:52.314]		推广：http://fan.test.lacues.cn/Product_Detail.html?pid=8016465483__fan.test.lacues.cn____
[2016-11-10 17:30:25.659]		推广：http://fan.test.lacues.cn/Product_List.html?showtype=__fan.test.lacues.cn____
[2016-11-10 17:30:28.675]		推广：http://fan.test.lacues.cn/Search.html?t=0.3647323630556356__fan.test.lacues.cn____
[2016-11-10 17:30:57.934]		推广：http://fan.test.lacues.cn/Product_List.html?showtype=__fan.test.lacues.cn____
[2016-11-10 17:31:05.414]		推广：http://fan.test.lacues.cn/Product_Detail.html?pid=8016465483__fan.test.lacues.cn____
[2016-11-10 17:31:10.220]		推广：http://fan.test.lacues.cn/order/OrderConfirm.html?t=0.003304843050060846__fan.test.lacues.cn____
[2016-11-10 17:31:19.026]		推广：http://fan.test.lacues.cn/Account/login.html?t=0.49533264199080906__fan.test.lacues.cn____
[2016-11-10 17:31:30.038]		推广：http://fan.test.lacues.cn/order/OrderConfirm.html?t=0.003304843050060846__fan.test.lacues.cn____
[2016-11-10 17:31:33.010]		推广：http://fan.test.lacues.cn/Product_Detail.html?pid=8016465483__fan.test.lacues.cn____
[2016-11-10 17:41:01.416]		推广：__fan.test.lacues.cn____
[2016-11-10 17:42:04.460]		推广：http://fan.test.lacues.cn/Product_Detail.html?pid=8016465488__fan.test.lacues.cn____
[2016-11-10 17:42:22.439]		推广：http://fan.test.lacues.cn/Product_Detail.html?pid=8016465488__fan.test.lacues.cn____
[2016-11-10 17:44:02.051]		推广：http://fan.test.lacues.cn/Search.html?t=0.8854274251409231__fan.test.lacues.cn____
[2016-11-10 17:45:17.859]		推广：http://fan.test.lacues.cn/Product_List.html?showtype=__fan.test.lacues.cn____
[2016-11-10 17:48:40.524]		推广：http://dlq-event.ycp8.cn/cevent/web/productSeKill/product_bargainPriceList.html?pageCode=ZT161110100001__fan.test.lacues.cn____
[2016-11-10 17:48:56.618]		推广：http://dlq-event.ycp8.cn/cevent/web/productSeKill/product_bargainPriceList.html?pageCode=ZT161110100001__fan.test.lacues.cn____
[2016-11-10 17:49:47.895]		推广：http://dlq-event.ycp8.cn/cevent/web/productSeKill/product_bargainPriceList.html?pageCode=ZT161110100001__fan.test.lacues.cn____
[2016-11-10 18:52:12.534]		推广：http://fan.test.lacues.cn/Product_List.html?showtype=__fan.test.lacues.cn____
[2016-11-10 18:52:14.111]		推广：http://fan.test.lacues.cn/Search.html?t=0.04032267327765582__fan.test.lacues.cn____
[2016-11-10 18:52:18.992]		推广：http://fan.test.lacues.cn/Product_List.html?showtype=__fan.test.lacues.cn____
[2016-11-10 18:52:24.812]		推广：http://fan.test.lacues.cn/Product_Detail.html?pid=8016465484__fan.test.lacues.cn____
[2016-11-10 18:52:27.514]		推广：http://fan.test.lacues.cn/order/OrderConfirm.html?t=0.8508944484857286__fan.test.lacues.cn____
[2016-11-10 18:52:33.890]		推广：http://fan.test.lacues.cn/Account/login.html?t=0.7179526528524227__fan.test.lacues.cn____
[2016-11-10 18:52:48.822]		推广：http://fan.test.lacues.cn/Search.html?t=0.04032267327765582__fan.test.lacues.cn____
[2016-11-10 18:52:49.673]		推广：http://fan.test.lacues.cn/Product_List.html?showtype=__fan.test.lacues.cn____
[2016-11-10 21:08:22.981]		推广：http://fan.test.lacues.cn/__fan.test.lacues.cn____
[2016-11-10 21:08:24.803]		推广：http://fan.test.lacues.cn/Account/index.html?t=0.7181427620816976__fan.test.lacues.cn____
[2016-11-10 21:08:43.190]		推广：http://fan.test.lacues.cn/Account/login.html?t=0.7800642985384911__fan.test.lacues.cn____
[2016-11-10 21:08:43.782]		推广：http://fan.test.lacues.cn/Account/login.html?t=0.7800642985384911__fan.test.lacues.cn____
[2016-11-10 21:08:48.416]		推广：http://fan.test.lacues.cn/__fan.test.lacues.cn____
[2016-11-10 21:08:50.869]		推广：http://fan.test.lacues.cn/Account/index.html?t=0.19164254842326045__fan.test.lacues.cn____
[2016-11-10 21:08:52.944]		推广：http://fan.test.lacues.cn/Account/MyOrder_List.html?paytype=DFH__fan.test.lacues.cn____
[2016-11-10 21:12:28.943]		推广：http://fan.test.lacues.cn/Product_Detail.html?pid=58016100270__fan.test.lacues.cn____
[2016-11-10 21:12:29.019]		推广：http://fan.test.lacues.cn/Account/MyOrder_detail.html?order_code=DD1289103__fan.test.lacues.cn____
[2016-11-10 21:13:04.603]		推广：http://fan.test.lacues.cn/Account/MyOrder_detail.html?order_code=DD1289103__fan.test.lacues.cn____
[2016-11-10 21:15:37.884]		推广：http://fan.test.lacues.cn/Product_Detail.html?pid=58016100270__fan.test.lacues.cn____
[2016-11-10 21:15:39.156]		推广：http://fan.test.lacues.cn/Account/MyOrder_List.html?paytype=DFH__fan.test.lacues.cn____
[2016-11-10 21:15:40.185]		推广：http://fan.test.lacues.cn/Account/index.html?t=0.19164254842326045__fan.test.lacues.cn____
[2016-11-10 21:15:41.797]		推广：http://fan.test.lacues.cn/__fan.test.lacues.cn____
[2016-11-10 21:15:44.641]		推广：http://fan.test.lacues.cn/Account/login.html?t=0.7800642985384911__fan.test.lacues.cn____
[2016-11-10 21:15:46.101]		推广：http://fan.test.lacues.cn/__fan.test.lacues.cn____
[2016-11-10 21:15:50.008]		推广：http://fan.test.lacues.cn/cart.html__fan.test.lacues.cn____
[2016-11-10 21:15:50.819]		推广：http://fan.test.lacues.cn/__fan.test.lacues.cn____
[2016-11-10 21:15:53.627]		推广：http://fan.test.lacues.cn/cart.html__fan.test.lacues.cn____
[2016-11-10 21:16:02.774]		推广：http://fan.test.lacues.cn/__fan.test.lacues.cn____
[2016-11-10 21:16:07.183]		推广：http://fan.test.lacues.cn/cart.html__fan.test.lacues.cn____
[2016-11-10 21:16:08.276]		推广：http://fan.test.lacues.cn/__fan.test.lacues.cn____
[2016-11-10 21:16:11.365]		推广：http://fan.test.lacues.cn/cart.html__fan.test.lacues.cn____
[2016-11-10 21:16:18.284]		推广：http://fan.test.lacues.cn/index.html?t=0.6199285907205194__fan.test.lacues.cn____
[2016-11-10 21:16:22.509]		推广：http://fan.test.lacues.cn/index.html__fan.test.lacues.cn____
[2016-11-10 21:16:28.352]		推广：http://fan.test.lacues.cn/cart.html__fan.test.lacues.cn____
[2016-11-10 21:16:58.540]		推广：http://fan.test.lacues.cn/Category.html?t=0.8819671347737312__fan.test.lacues.cn____
[2016-11-10 21:18:10.984]		推广：http://fan.test.lacues.cn/index.html__fan.test.lacues.cn____
[2016-11-10 21:18:14.293]		推广：http://fan.test.lacues.cn/Category.html?t=0.8819671347737312__fan.test.lacues.cn____
[2016-11-10 21:25:45.899]		推广：http://fan.test.lacues.cn/index.html__fan.test.lacues.cn____
[2016-11-10 21:25:52.405]		推广：http://fan.test.lacues.cn/index.html__fan.test.lacues.cn____
[2016-11-10 21:25:54.076]		推广：http://fan.test.lacues.cn/cart.html__fan.test.lacues.cn____
[2016-11-10 21:25:54.964]		推广：http://fan.test.lacues.cn/Category.html?t=0.1296377177350223__fan.test.lacues.cn____
[2016-11-10 21:25:55.890]		推广：http://fan.test.lacues.cn/index.html__fan.test.lacues.cn____
[2016-11-10 21:25:59.008]		推广：http://fan.test.lacues.cn/Account/index.html?t=0.6754748600069433__fan.test.lacues.cn____
[2016-11-10 21:26:21.766]		推广：http://fan.test.lacues.cn/Account/MyCoupon.html?t=0.46722903940826654__fan.test.lacues.cn____
[2016-11-10 21:26:24.609]		推广：http://fan.test.lacues.cn/Product_Detail.html?pid=58016100270__fan.test.lacues.cn____
[2016-11-10 21:33:24.281]		推广：http://fan.test.lacues.cn/Account/index.html?t=0.6754748600069433__fan.test.lacues.cn____
[2016-11-10 21:33:29.817]		推广：http://fan.test.lacues.cn/Account/MyCoupon.html?t=0.46722903940826654__fan.test.lacues.cn____
[2016-11-10 21:33:31.330]		推广：http://fan.test.lacues.cn/Account/MyCoupon_DH.html?t=0.4420133573003113__fan.test.lacues.cn____
[2016-11-10 21:33:32.194]		推广：http://fan.test.lacues.cn/Account/MyCoupon.html?t=0.841797495028004__fan.test.lacues.cn____
[2016-11-10 21:33:35.802]		推广：http://fan.test.lacues.cn/Account/index.html?t=0.6754748600069433__fan.test.lacues.cn____
[2016-11-10 21:35:49.189]		推广：http://fan.test.lacues.cn/Account/MyOrder_List.html?paytype=DFH__fan.test.lacues.cn____
[2016-11-10 21:42:32.488]		推广：http://fan.test.lacues.cn/Account/MyOrder_detail.html?order_code=DD1242103__fan.test.lacues.cn____
[2016-11-10 21:42:38.961]		推广：http://fan.test.lacues.cn/Account/MyOrder_List.html?paytype=DFH__fan.test.lacues.cn____
[2016-11-10 21:42:39.860]		推广：http://fan.test.lacues.cn/Account/index.html?t=0.6754748600069433__fan.test.lacues.cn____
[2016-11-10 21:42:42.161]		推广：http://fan.test.lacues.cn/index.html__fan.test.lacues.cn____
[2016-11-10 21:42:44.789]		推广：http://fan.test.lacues.cn/Account/index.html?t=0.41365995164960623__fan.test.lacues.cn____
[2016-11-10 21:42:47.396]		推广：http://fan.test.lacues.cn/Account/index.html?t=0.41365995164960623__fan.test.lacues.cn____
[2016-11-10 21:42:47.520]		推广：http://fan.test.lacues.cn/Account/MyTKSH_List.html?paytype=TKSH__fan.test.lacues.cn____
[2016-11-10 21:42:48.780]		推广：http://fan.test.lacues.cn/index.html__fan.test.lacues.cn____
[2016-11-10 21:42:50.484]		推广：http://fan.test.lacues.cn/Account/index.html?t=0.6422227483708411__fan.test.lacues.cn____
[2016-11-10 21:43:19.911]		推广：http://fan.test.lacues.cn/Account/MyOrder_List.html?paytype=ALL__fan.test.lacues.cn____
[2016-11-10 21:43:24.743]		推广：http://fan.test.lacues.cn/Account/MyOrder_detail.html?order_code=DD1279103__fan.test.lacues.cn____
[2016-11-10 21:43:32.458]		推广：http://fan.test.lacues.cn/Account/MyOrder_List_ckwl.html?order_code=DD1279103__fan.test.lacues.cn____
[2016-11-10 21:43:33.543]		推广：http://fan.test.lacues.cn/Account/MyOrder_detail.html?order_code=DD1279103__fan.test.lacues.cn____
[2016-11-10 21:43:37.767]		推广：http://fan.test.lacues.cn/Account/MyOrder_List.html?paytype=ALL__fan.test.lacues.cn____
[2016-11-10 21:43:46.189]		推广：http://fan.test.lacues.cn/Account/MyOrder_detail.html?order_code=DD1279103__fan.test.lacues.cn____
[2016-11-10 21:43:50.596]		推广：http://fan.test.lacues.cn/Account/MyTKSH_Detail.html?afterCode=RGS161108100001__fan.test.lacues.cn____
[2016-11-10 21:43:53.276]		推广：http://fan.test.lacues.cn/Account/MyOrder_detail.html?order_code=DD1279103__fan.test.lacues.cn____
[2016-11-10 21:43:56.136]		推广：http://fan.test.lacues.cn/Account/MyTKSH_Detail.html?afterCode=RGS161108100001__fan.test.lacues.cn____
[2016-11-10 21:44:01.968]		推广：http://fan.test.lacues.cn/Account/MyOrder_detail.html?order_code=DD1279103__fan.test.lacues.cn____
[2016-11-10 21:44:04.396]		推广：http://fan.test.lacues.cn/Account/MyTKSH_Detail.html?afterCode=RGS161108100001__fan.test.lacues.cn____
[2016-11-10 21:44:28.439]		推广：http://fan.test.lacues.cn/Account/MyOrder_detail.html?order_code=DD1279103__fan.test.lacues.cn____
[2016-11-10 21:44:30.717]		推广：http://fan.test.lacues.cn/Account/MyTKSH_Detail.html?afterCode=RGS161108100001__fan.test.lacues.cn____
[2016-11-10 21:44:34.240]		推广：http://fan.test.lacues.cn/Account/MyOrder_detail.html?order_code=DD1279103__fan.test.lacues.cn____
[2016-11-10 21:45:08.883]		推广：http://fan.test.lacues.cn/Product_Detail.html?pid=8016465488__fan.test.lacues.cn____
[2016-11-10 21:45:14.583]		推广：http://fan.test.lacues.cn/Account/MyOrder_detail.html?order_code=DD1279103__fan.test.lacues.cn____
[2016-11-10 21:45:41.382]		推广：http://fan.test.lacues.cn/Account/MyTKSH_Detail.html?afterCode=RGS161108100001__fan.test.lacues.cn____
[2016-11-10 21:45:45.507]		推广：http://fan.test.lacues.cn/Account/MyOrder_detail.html?order_code=DD1279103__fan.test.lacues.cn____
[2016-11-10 21:46:53.336]		推广：http://fan.test.lacues.cn/Account/MyTKSH_Detail.html?afterCode=RGS161108100001__fan.test.lacues.cn____
[2016-11-10 21:46:54.295]		推广：http://fan.test.lacues.cn/Account/MyOrder_detail.html?order_code=DD1279103__fan.test.lacues.cn____
[2016-11-10 21:47:50.146]		推广：__fan.test.lacues.cn____
[2016-11-10 21:47:54.708]		推广：http://fan.test.lacues.cn/__fan.test.lacues.cn____
[2016-11-10 21:48:03.095]		推广：http://fan.test.lacues.cn/Account/index.html?t=0.7286728655453771__fan.test.lacues.cn____
[2016-11-10 21:48:06.257]		推广：http://fan.test.lacues.cn/Account/index.html?t=0.7286728655453771__fan.test.lacues.cn____
[2016-11-10 21:48:07.253]		推广：http://fan.test.lacues.cn/Account/index.html?t=0.7286728655453771__fan.test.lacues.cn____
[2016-11-10 21:48:12.391]		推广：http://fan.test.lacues.cn/Account/index.html?t=0.7286728655453771__fan.test.lacues.cn____
[2016-11-10 22:09:23.533]		推广：__fan.test.lacues.cn____
[2016-11-10 22:09:28.349]		推广：http://fan.test.lacues.cn/__fan.test.lacues.cn____
[2016-11-10 22:09:54.113]		推广：http://fan.test.lacues.cn/Account/index.html?t=0.4702667100355029__fan.test.lacues.cn____
[2016-11-10 22:10:07.847]		推广：http://fan.test.lacues.cn/Account/login.html?t=0.8638414100278169__fan.test.lacues.cn____
[2016-11-10 22:10:11.481]		推广：http://fan.test.lacues.cn/Account/index.html?t=0.4702667100355029__fan.test.lacues.cn____
[2016-11-10 22:10:13.379]		推广：http://fan.test.lacues.cn/Account/MyTKSH_List.html?paytype=TKSH__fan.test.lacues.cn____
[2016-11-10 22:10:29.762]		推广：http://fan.test.lacues.cn/Account/MyTKSH_Detail.html?order_code=DD1279103__fan.test.lacues.cn____
[2016-11-10 22:10:31.954]		推广：http://fan.test.lacues.cn/Account/MyTKSH_List.html?paytype=TKSH__fan.test.lacues.cn____
[2016-11-10 22:10:32.926]		推广：http://fan.test.lacues.cn/Account/index.html?t=0.4702667100355029__fan.test.lacues.cn____
[2016-11-10 22:10:34.435]		推广：http://fan.test.lacues.cn/__fan.test.lacues.cn____
[2016-11-10 22:10:37.752]		推广：http://fan.test.lacues.cn/Account/index.html?t=0.7807514432352036__fan.test.lacues.cn____
[2016-11-10 22:10:39.649]		推广：http://fan.test.lacues.cn/Account/MyOrder_List.html?paytype=DFH__fan.test.lacues.cn____
[2016-11-10 22:10:44.390]		推广：http://fan.test.lacues.cn/Account/MyOrder_detail.html?order_code=DD1289103__fan.test.lacues.cn____
[2016-11-10 22:10:53.987]		推广：http://fan.test.lacues.cn/Product_Detail.html?pid=58016100270__fan.test.lacues.cn____
[2016-11-10 22:10:56.604]		推广：__fan.test.lacues.cn____
[2016-11-10 22:23:49.013]		推广：http://fan.test.lacues.cn/order/OrderConfirm.html?t=0.3439047660212964__fan.test.lacues.cn____
[2016-11-10 22:34:04.032]		推广：http://fan.test.lacues.cn/Product_Detail.html?pid=58016100270__fan.test.lacues.cn____
[2016-11-10 22:34:07.722]		推广：http://fan.test.lacues.cn/Account/MyOrder_detail.html?order_code=DD1289103__fan.test.lacues.cn____
[2016-11-10 22:34:08.949]		推广：http://fan.test.lacues.cn/Account/MyOrder_List.html?paytype=DFH__fan.test.lacues.cn____
[2016-11-10 22:34:48.521]		推广：http://fan.test.lacues.cn/Account/index.html?t=0.7807514432352036__fan.test.lacues.cn____
[2016-11-10 22:34:50.195]		推广：http://fan.test.lacues.cn/Account/MyAccount.html?t=0.495747595326975__fan.test.lacues.cn____
[2016-11-10 22:34:52.222]		推广：http://fan.test.lacues.cn/Account/index.html?t=0.29001385788433254__fan.test.lacues.cn____
[2016-11-10 22:35:14.550]		推广：http://fan.test.lacues.cn/__fan.test.lacues.cn____
[2016-11-10 22:35:18.397]		推广：http://fan.test.lacues.cn/Account/index.html?t=0.2025551302358508__fan.test.lacues.cn____
[2016-11-10 22:35:23.501]		推广：http://fan.test.lacues.cn/__fan.test.lacues.cn____
[2016-11-10 22:35:29.239]		推广：http://fan.test.lacues.cn/Product_Detail.html?pid=8016465476__fan.test.lacues.cn____
[2016-11-10 22:41:56.917]		推广：http://fan.test.lacues.cn/Account/index.html?t=0.2025551302358508__fan.test.lacues.cn____
