[2016-12-22 14:56:09.746]		推广：__fan.test.lacues.cn____
[2016-12-22 14:56:16.100]		推广：__fan.test.lacues.cn____
[2016-12-22 14:56:19.797]		推广：__fan.test.lacues.cn____
[2016-12-22 14:56:21.718]		推广：http://fan.test.lacues.cn/__fan.test.lacues.cn____
[2016-12-22 14:56:23.345]		推广：http://fan.test.lacues.cn/Account/index.html?t=0.8887460357098578__fan.test.lacues.cn____
[2016-12-22 14:56:29.690]		推广：http://fan.test.lacues.cn/Account/login.html?t=0.7127968614245872__fan.test.lacues.cn____
[2016-12-22 14:57:08.925]		推广：http://fan.test.lacues.cn/__fan.test.lacues.cn____
[2016-12-22 14:57:09.870]		推广：http://fan.test.lacues.cn/Account/index.html?t=0.66365881947635__fan.test.lacues.cn____
[2016-12-22 14:57:10.971]		推广：http://fan.test.lacues.cn/Account/login.html?t=0.03702175824493481__fan.test.lacues.cn____
[2016-12-22 14:57:22.702]		推广：http://fan.test.lacues.cn/__fan.test.lacues.cn____
[2016-12-22 14:57:24.622]		推广：http://fan.test.lacues.cn/Account/index.html?t=0.3026743550294835__fan.test.lacues.cn____
[2016-12-22 14:57:26.917]		推广：http://fan.test.lacues.cn/Account/login.html?t=0.660234142570302__fan.test.lacues.cn____
[2016-12-22 17:47:58.297]		推广：http://fan.test.lacues.cn/index.html__fan.test.lacues.cn____
[2016-12-22 17:48:01.734]		推广：http://fan.test.lacues.cn/Account/index.html?t=0.21872086287476122__fan.test.lacues.cn____
[2016-12-22 17:48:05.048]		推广：http://fan.test.lacues.cn/Account/login.html?t=0.5276737825479358__fan.test.lacues.cn____
[2016-12-22 17:50:17.832]		推广：http://fan.test.lacues.cn/Account/index.html?t=0.21872086287476122__fan.test.lacues.cn____
[2016-12-22 17:50:27.609]		推广：http://fan.test.lacues.cn/Account/login.html?t=0.5276737825479358__fan.test.lacues.cn____
[2016-12-22 17:50:44.484]		推广：__fan.test.lacues.cn____
[2016-12-22 17:53:41.101]		推广：http://fan.test.lacues.cn/Account/login_m.html?gobackurlaa=aHR0cDovL2Zhbi50ZXN0LmxhY3Vlcy5jbi9BY2NvdW50L2luZGV4Lmh0bWw/dD0wLjIxODcyMDg2Mjg3NDc2MTIy__fan.test.lacues.cn____
[2016-12-22 17:53:55.274]		推广：http://fan.test.lacues.cn/Account/login.html?t=0.5015129202511162__fan.test.lacues.cn____
[2016-12-22 17:53:59.316]		推广：http://fan.test.lacues.cn/Account/login_m.html?gobackurlaa=aHR0cDovL2Zhbi50ZXN0LmxhY3Vlcy5jbi9BY2NvdW50L2luZGV4Lmh0bWw/dD0wLjIxODcyMDg2Mjg3NDc2MTIy__fan.test.lacues.cn____
[2016-12-22 17:54:01.948]		推广：http://fan.test.lacues.cn/Account/login.html?t=0.5015129202511162__fan.test.lacues.cn____
[2016-12-22 17:54:06.313]		推广：http://fan.test.lacues.cn/Account/login_m.html?gobackurlaa=__fan.test.lacues.cn____
[2016-12-22 17:54:10.250]		推广：http://fan.test.lacues.cn/Account/login.html?t=0.536907508969307__fan.test.lacues.cn____
[2016-12-22 17:54:16.737]		推广：http://fan.test.lacues.cn/Account/login_m.html?gobackurlaa=__fan.test.lacues.cn____
[2016-12-22 17:54:20.828]		推广：http://fan.test.lacues.cn/Account/login.html?t=0.536907508969307__fan.test.lacues.cn____
[2016-12-22 17:54:33.158]		推广：http://fan.test.lacues.cn/Account/login_m.html?gobackurlaa=__fan.test.lacues.cn____
[2016-12-22 17:54:55.911]		推广：http://fan.test.lacues.cn/Account/login.html?t=0.536907508969307__fan.test.lacues.cn____
[2016-12-22 17:55:16.543]		推广：http://fan.test.lacues.cn/Account/login_m.html?gobackurlaa=__fan.test.lacues.cn____
[2016-12-22 17:55:34.334]		推广：http://fan.test.lacues.cn/Account/login.html?t=0.536907508969307__fan.test.lacues.cn____
[2016-12-22 17:56:25.471]		推广：http://fan.test.lacues.cn/Account/login_m.html?gobackurlaa=__fan.test.lacues.cn____
[2016-12-22 17:56:29.532]		推广：http://fan.test.lacues.cn/Account/login.html?t=0.536907508969307__fan.test.lacues.cn____
[2016-12-22 17:57:01.839]		推广：http://fan.test.lacues.cn/Account/login_m.html?gobackurlaa=__fan.test.lacues.cn____
[2016-12-22 17:57:04.927]		推广：http://fan.test.lacues.cn/Account/login.html?t=0.8518985523842275__fan.test.lacues.cn____
[2016-12-22 17:57:21.582]		推广：http://fan.test.lacues.cn/Account/login_m.html?gobackurlaa=__fan.test.lacues.cn____
[2016-12-22 17:57:28.432]		推广：http://fan.test.lacues.cn/Account/login_m.html?gobackurlaa=__fan.test.lacues.cn____
[2016-12-22 17:57:40.930]		推广：http://fan.test.lacues.cn/Account/login.html?t=0.8518985523842275__fan.test.lacues.cn____
[2016-12-22 17:57:45.799]		推广：http://fan.test.lacues.cn/index.html__fan.test.lacues.cn____
[2016-12-22 17:57:49.558]		推广：http://fan.test.lacues.cn/Account/index.html?t=0.0937561762984842__fan.test.lacues.cn____
