[2016-02-19 10:41:24.460]		o-voTt4qE3_OwJPHsTpy52bUvF50
[2016-02-19 11:10:07.483]		o-voTtyj_MDGFQlgktCFxvuBcoQI
[2016-02-19 11:12:14.686]		com.ichsy.jyh.BusinessLayer.WxPayAPI.WxPayException: UnifiedOrder response error!
   at com.ichsy.jyh.BusinessLayer.WxPayAPI.JsApiPay.GetUnifiedOrderResult()
   at com.ichsy.jyh.WebTouch.Ajax.API.Page_Load(Object sender, EventArgs e)
[2016-02-19 11:23:48.965]		com.ichsy.jyh.BusinessLayer.WxPayAPI.WxPayException: UnifiedOrder response error!
   at com.ichsy.jyh.BusinessLayer.WxPayAPI.JsApiPay.GetUnifiedOrderResult()
   at com.ichsy.jyh.WebTouch.Ajax.API.Page_Load(Object sender, EventArgs e)
[2016-02-19 11:24:23.909]		com.ichsy.jyh.BusinessLayer.WxPayAPI.WxPayException: UnifiedOrder response error!
   at com.ichsy.jyh.BusinessLayer.WxPayAPI.JsApiPay.GetUnifiedOrderResult()
   at com.ichsy.jyh.WebTouch.Ajax.API.Page_Load(Object sender, EventArgs e)
[2016-02-19 11:31:54.344]		com.ichsy.jyh.BusinessLayer.WxPayAPI.WxPayException: UnifiedOrder response error!
   at com.ichsy.jyh.BusinessLayer.WxPayAPI.JsApiPay.GetUnifiedOrderResult()
   at com.ichsy.jyh.WebTouch.Ajax.API.Page_Load(Object sender, EventArgs e)
[2016-02-19 14:16:42.656]		com.ichsy.jyh.BusinessLayer.WxPayAPI.WxPayException: UnifiedOrder response error!
   at com.ichsy.jyh.BusinessLayer.WxPayAPI.JsApiPay.GetUnifiedOrderResult()
   at com.ichsy.jyh.WebTouch.Ajax.API.Page_Load(Object sender, EventArgs e)
[2016-02-19 15:00:26.565]		o-voTtyj_MDGFQlgktCFxvuBcoQI
[2016-02-19 15:00:42.336]		o-voTtyj_MDGFQlgktCFxvuBcoQI
[2016-02-19 15:03:12.144]		com.ichsy.jyh.BusinessLayer.WxPayAPI.WxPayException: UnifiedOrder response error!
   at com.ichsy.jyh.BusinessLayer.WxPayAPI.JsApiPay.GetUnifiedOrderResult()
   at com.ichsy.jyh.WebTouch.Ajax.API.Page_Load(Object sender, EventArgs e)
[2016-02-19 15:03:26.293]		o-voTtyj_MDGFQlgktCFxvuBcoQI
[2016-02-19 15:05:06.211]		com.ichsy.jyh.BusinessLayer.WxPayAPI.WxPayException: UnifiedOrder response error!
   at com.ichsy.jyh.BusinessLayer.WxPayAPI.JsApiPay.GetUnifiedOrderResult()
   at com.ichsy.jyh.WebTouch.Ajax.API.Page_Load(Object sender, EventArgs e)
[2016-02-19 15:13:56.253]		o-voTt4qE3_OwJPHsTpy52bUvF50
[2016-02-19 15:14:47.764]		com.ichsy.jyh.BusinessLayer.WxPayAPI.WxPayException: UnifiedOrder response error!
   at com.ichsy.jyh.BusinessLayer.WxPayAPI.JsApiPay.GetUnifiedOrderResult()
   at com.ichsy.jyh.WebTouch.Ajax.API.Page_Load(Object sender, EventArgs e)
[2016-02-19 15:16:16.076]		o-voTtyj_MDGFQlgktCFxvuBcoQI
[2016-02-19 15:31:14.139]		o-voTtyj_MDGFQlgktCFxvuBcoQI
[2016-02-19 15:50:14.703]		com.ichsy.jyh.BusinessLayer.WxPayAPI.WxPayException: UnifiedOrder response error!
   at com.ichsy.jyh.BusinessLayer.WxPayAPI.JsApiPay.GetUnifiedOrderResult()
   at com.ichsy.jyh.WebTouch.Ajax.API.Page_Load(Object sender, EventArgs e)
[2016-02-19 15:50:17.652]		o-voTtyj_MDGFQlgktCFxvuBcoQI
[2016-02-19 15:51:10.910]		com.ichsy.jyh.BusinessLayer.WxPayAPI.WxPayException: UnifiedOrder response error!
   at com.ichsy.jyh.BusinessLayer.WxPayAPI.JsApiPay.GetUnifiedOrderResult()
   at com.ichsy.jyh.WebTouch.Ajax.API.Page_Load(Object sender, EventArgs e)
[2016-02-19 15:51:36.385]		com.ichsy.jyh.BusinessLayer.WxPayAPI.WxPayException: UnifiedOrder response error!
   at com.ichsy.jyh.BusinessLayer.WxPayAPI.JsApiPay.GetUnifiedOrderResult()
   at com.ichsy.jyh.WebTouch.Ajax.API.Page_Load(Object sender, EventArgs e)
[2016-02-19 15:53:24.977]		com.ichsy.jyh.BusinessLayer.WxPayAPI.WxPayException: UnifiedOrder response error!
   at com.ichsy.jyh.BusinessLayer.WxPayAPI.JsApiPay.GetUnifiedOrderResult()
   at com.ichsy.jyh.WebTouch.Ajax.API.Page_Load(Object sender, EventArgs e)
[2016-02-19 15:56:17.108]		o-voTt8jCKqoYTnn311gbBaBV5xo
[2016-02-19 16:11:45.637]		o-voTtyj_MDGFQlgktCFxvuBcoQI
[2016-02-19 16:19:21.454]		o-voTtyj_MDGFQlgktCFxvuBcoQI
[2016-02-19 16:37:28.105]		o-voTtyj_MDGFQlgktCFxvuBcoQI
[2016-02-19 17:40:52.718]		o-voTtyj_MDGFQlgktCFxvuBcoQI
