[2016-11-17 09:08:35.034]		推广：__fan.test.lacues.cn____
[2016-11-17 09:08:37.700]		推广：http://fan.test.lacues.cn/Account/index.html?t=0.327252883464098__fan.test.lacues.cn____
[2016-11-17 09:08:39.299]		推广：http://fan.test.lacues.cn/Account/index.html?t=0.327252883464098__fan.test.lacues.cn____
[2016-11-17 09:09:13.938]		推广：http://fan.test.lacues.cn/Account/Register.html?t=0.6976568081881851__fan.test.lacues.cn____
[2016-11-17 09:15:43.824]		推广：http://fan.test.lacues.cn/Account/index.html?t=0.327252883464098__fan.test.lacues.cn____
[2016-11-17 09:19:11.310]		推广：http://fan.test.lacues.cn/Account/login.html?t=0.8705365210771561__fan.test.lacues.cn____
[2016-11-17 09:19:13.417]		推广：http://fan.test.lacues.cn/__fan.test.lacues.cn____
[2016-11-17 09:19:15.478]		推广：http://fan.test.lacues.cn/Account/index.html?t=0.9121218852233142__fan.test.lacues.cn____
[2016-11-17 09:19:19.286]		推广：http://fan.test.lacues.cn/Account/MyAccount.html?t=0.7861254804302007__fan.test.lacues.cn____
[2016-11-17 09:19:44.297]		推广：http://fan.test.lacues.cn/__fan.test.lacues.cn____
[2016-11-17 09:19:47.215]		推广：http://fan.test.lacues.cn/Account/index.html?t=0.9121218852233142__fan.test.lacues.cn____
[2016-11-17 09:19:50.186]		推广：http://fan.test.lacues.cn/Account/MyAccount.html?t=0.060638225404545665__fan.test.lacues.cn____
[2016-11-17 09:20:15.548]		推广：http://fan.test.lacues.cn/Account/MyAccount.html?t=0.060638225404545665__fan.test.lacues.cn____
[2016-11-17 09:21:12.258]		推广：http://fan.test.lacues.cn/Account/MyNickName.html?t=0.3409279496408999__fan.test.lacues.cn____
[2016-11-17 09:21:14.598]		推广：http://fan.test.lacues.cn/Account/MyAccount.html?t=0.060638225404545665__fan.test.lacues.cn____
[2016-11-17 09:26:09.722]		推广：http://fan.test.lacues.cn/Account/MyAccount.html?t=0.060638225404545665__fan.test.lacues.cn____
[2016-11-17 09:28:04.675]		推广：__fan.test.lacues.cn____
[2016-11-17 09:28:10.372]		推广：http://fan.test.lacues.cn/__fan.test.lacues.cn____
[2016-11-17 09:29:00.838]		推广：http://fan.test.lacues.cn/__fan.test.lacues.cn____
[2016-11-17 09:29:59.292]		推广：http://fan.test.lacues.cn/Account/MyAccount.html?t=0.060638225404545665__fan.test.lacues.cn____
[2016-11-17 09:31:25.825]		推广：__fan.test.lacues.cn____
[2016-11-17 09:31:27.356]		推广：http://fan.test.lacues.cn/__fan.test.lacues.cn____
[2016-11-17 09:31:29.355]		推广：http://fan.test.lacues.cn/Account/index.html?t=0.6198088712371763__fan.test.lacues.cn____
[2016-11-17 09:31:33.550]		推广：http://fan.test.lacues.cn/Account/login.html?t=0.08171039756266896__fan.test.lacues.cn____
[2016-11-17 09:31:34.717]		推广：http://fan.test.lacues.cn/__fan.test.lacues.cn____
[2016-11-17 09:31:37.775]		推广：http://fan.test.lacues.cn/Account/index.html?t=0.9148254638050537__fan.test.lacues.cn____
[2016-11-17 09:31:38.607]		推广：http://fan.test.lacues.cn/Account/MyAccount.html?t=0.9398484895118908__fan.test.lacues.cn____
[2016-11-17 09:31:47.609]		推广：http://fan.test.lacues.cn/Account/MyAccount.html?t=0.060638225404545665__fan.test.lacues.cn____
[2016-11-17 09:33:16.373]		推广：http://fan.test.lacues.cn/Account/MyAccount.html?t=0.9398484895118908__fan.test.lacues.cn____
[2016-11-17 09:33:54.039]		推广：http://fan.test.lacues.cn/Account/MyAccount.html?t=0.060638225404545665__fan.test.lacues.cn____
[2016-11-17 09:36:23.053]		推广：http://fan.test.lacues.cn/Account/MyAccount.html?t=0.060638225404545665__fan.test.lacues.cn____
[2016-11-17 09:37:14.519]		推广：__fan.test.lacues.cn____
[2016-11-17 09:37:16.352]		推广：http://fan.test.lacues.cn/__fan.test.lacues.cn____
[2016-11-17 09:37:18.222]		推广：http://fan.test.lacues.cn/Account/index.html?t=0.14205430099197014__fan.test.lacues.cn____
[2016-11-17 09:38:07.164]		推广：http://fan.test.lacues.cn/Account/index.html?t=0.14205430099197014__fan.test.lacues.cn____
[2016-11-17 09:38:08.750]		推广：http://fan.test.lacues.cn/Account/index.html?t=0.14205430099197014__fan.test.lacues.cn____
[2016-11-17 09:38:10.540]		推广：http://fan.test.lacues.cn/Account/index.html?t=0.14205430099197014__fan.test.lacues.cn____
[2016-11-17 09:38:16.841]		推广：http://fan.test.lacues.cn/Account/index.html?t=0.14205430099197014__fan.test.lacues.cn____
[2016-11-17 09:38:51.184]		推广：http://fan.test.lacues.cn/Account/index.html?t=0.14205430099197014__fan.test.lacues.cn____
[2016-11-17 09:38:53.146]		推广：http://fan.test.lacues.cn/Account/index.html?t=0.14205430099197014__fan.test.lacues.cn____
[2016-11-17 09:39:12.147]		推广：http://fan.test.lacues.cn/Account/index.html?t=0.14205430099197014__fan.test.lacues.cn____
[2016-11-17 09:39:12.555]		推广：http://fan.test.lacues.cn/Account/index.html?t=0.14205430099197014__fan.test.lacues.cn____
[2016-11-17 09:40:24.471]		推广：http://fan.test.lacues.cn/__fan.test.lacues.cn____
[2016-11-17 09:40:25.152]		推广：__fan.test.lacues.cn____
[2016-11-17 09:41:07.786]		推广：http://fan.test.lacues.cn/__fan.test.lacues.cn____
[2016-11-17 09:41:43.666]		推广：http://fan.test.lacues.cn/__fan.test.lacues.cn____
[2016-11-17 09:42:21.782]		推广：http://fan.test.lacues.cn/__fan.test.lacues.cn____
[2016-11-17 09:43:24.039]		推广：http://fan.test.lacues.cn/__fan.test.lacues.cn____
[2016-11-17 09:44:19.309]		推广：http://fan.test.lacues.cn/__fan.test.lacues.cn____
[2016-11-17 09:44:43.424]		推广：__fan.test.lacues.cn____
[2016-11-17 09:45:45.890]		推广：__fan.test.lacues.cn____
[2016-11-17 09:46:05.785]		推广：http://fan.test.lacues.cn/__fan.test.lacues.cn____
[2016-11-17 09:46:18.369]		推广：__fan.test.lacues.cn____
[2016-11-17 09:48:16.276]		推广：http://fan.test.lacues.cn/__fan.test.lacues.cn____
[2016-11-17 09:49:12.482]		推广：http://fan.test.lacues.cn/Account/MyAccount.html?t=0.060638225404545665__fan.test.lacues.cn____
[2016-11-17 09:49:43.617]		推广：http://fan.test.lacues.cn/Account/MyAccount.html?t=0.060638225404545665__fan.test.lacues.cn____
[2016-11-17 09:50:03.230]		推广：http://fan.test.lacues.cn/Account/MyAccount.html?t=0.060638225404545665__fan.test.lacues.cn____
[2016-11-17 09:51:12.586]		推广：http://fan.test.lacues.cn/Account/MyNickName.html?t=0.10660314513370395__fan.test.lacues.cn____
[2016-11-17 09:51:14.538]		推广：http://fan.test.lacues.cn/Account/MyAccount.html?t=0.060638225404545665__fan.test.lacues.cn____
[2016-11-17 09:51:25.213]		推广：http://fan.test.lacues.cn/__fan.test.lacues.cn____
[2016-11-17 09:51:43.601]		推广：http://fan.test.lacues.cn/__fan.test.lacues.cn____
[2016-11-17 09:51:45.951]		推广：http://fan.test.lacues.cn/__fan.test.lacues.cn____
[2016-11-17 09:56:12.662]		推广：http://fan.test.lacues.cn/__fan.test.lacues.cn____
[2016-11-17 09:57:05.010]		推广：http://fan.test.lacues.cn/__fan.test.lacues.cn____
[2016-11-17 09:57:05.322]		推广：http://fan.test.lacues.cn/__fan.test.lacues.cn____
[2016-11-17 09:57:07.268]		推广：http://fan.test.lacues.cn/Account/MyNickName.html?t=0.6804515742696822__fan.test.lacues.cn____
[2016-11-17 09:57:14.002]		推广：http://fan.test.lacues.cn/Account/MyAccount.html?t=0.060638225404545665__fan.test.lacues.cn____
[2016-11-17 09:57:16.724]		推广：http://fan.test.lacues.cn/Account/index.html?t=0.6473846766166389__fan.test.lacues.cn____
[2016-11-17 09:57:39.173]		推广：http://fan.test.lacues.cn/__fan.test.lacues.cn____
[2016-11-17 09:57:41.997]		推广：http://fan.test.lacues.cn/__fan.test.lacues.cn____
[2016-11-17 09:57:45.226]		推广：http://fan.test.lacues.cn/__fan.test.lacues.cn____
[2016-11-17 09:57:48.662]		推广：http://fan.test.lacues.cn/__fan.test.lacues.cn____
[2016-11-17 09:57:49.235]		推广：http://fan.test.lacues.cn/__fan.test.lacues.cn____
[2016-11-17 09:58:27.236]		推广：http://fan.test.lacues.cn/__fan.test.lacues.cn____
[2016-11-17 09:58:52.033]		推广：http://fan.test.lacues.cn/__fan.test.lacues.cn____
[2016-11-17 09:59:00.122]		推广：__fan.test.lacues.cn____
[2016-11-17 09:59:43.155]		推广：http://fan.test.lacues.cn/Account/index.html?t=0.6473846766166389__fan.test.lacues.cn____
[2016-11-17 10:00:16.657]		推广：__fan.test.lacues.cn____
[2016-11-17 10:00:20.641]		推广：http://fan.test.lacues.cn/__fan.test.lacues.cn____
[2016-11-17 10:00:26.339]		推广：http://fan.test.lacues.cn/Account/index.html?t=0.31281682825647295__fan.test.lacues.cn____
[2016-11-17 10:00:36.906]		推广：http://fan.test.lacues.cn/Account/login.html?t=0.33288658736273646__fan.test.lacues.cn____
[2016-11-17 10:00:46.827]		推广：http://fan.test.lacues.cn/Account/login.html?t=0.33288658736273646__fan.test.lacues.cn____
[2016-11-17 10:00:48.888]		推广：http://fan.test.lacues.cn/__fan.test.lacues.cn____
[2016-11-17 10:00:51.267]		推广：http://fan.test.lacues.cn/Account/index.html?t=0.4778260930906981__fan.test.lacues.cn____
[2016-11-17 10:00:53.508]		推广：http://fan.test.lacues.cn/Account/MyAccount.html?t=0.14108699490316212__fan.test.lacues.cn____
[2016-11-17 10:00:54.442]		推广：http://fan.test.lacues.cn/Account/AddressList.html?t=0.7909205555915833__fan.test.lacues.cn____
[2016-11-17 10:00:56.218]		推广：http://fan.test.lacues.cn/Account/MyAccount.html?t=0.14108699490316212__fan.test.lacues.cn____
[2016-11-17 10:01:25.437]		推广：http://fan.test.lacues.cn/Account/MyNickName.html?t=0.32372596114873886__fan.test.lacues.cn____
[2016-11-17 10:01:47.298]		推广：http://fan.test.lacues.cn/Account/index.html?t=0.6473846766166389__fan.test.lacues.cn____
[2016-11-17 10:05:40.702]		推广：http://fan.test.lacues.cn/Account/index.html?t=0.6473846766166389__fan.test.lacues.cn____
[2016-11-17 10:11:01.041]		推广：http://fan.test.lacues.cn/Account/MyAccount.html?t=0.060638225404545665__fan.test.lacues.cn____
[2016-11-17 10:11:03.350]		推广：http://fan.test.lacues.cn/Account/index.html?t=0.6473846766166389__fan.test.lacues.cn____
[2016-11-17 10:11:05.224]		推广：http://fan.test.lacues.cn/Account/MyAccount.html?t=0.7019361148122698__fan.test.lacues.cn____
[2016-11-17 10:13:58.610]		推广：__fan.test.lacues.cn____
[2016-11-17 10:13:59.562]		推广：__fan.test.lacues.cn____
[2016-11-17 10:14:55.441]		推广：__fan.test.lacues.cn____
[2016-11-17 10:14:59.103]		推广：http://fan.test.lacues.cn/__fan.test.lacues.cn____
[2016-11-17 10:15:00.994]		推广：http://fan.test.lacues.cn/Account/index.html?t=0.48453657637170267__fan.test.lacues.cn____
[2016-11-17 10:17:02.431]		推广：http://fan.test.lacues.cn/Account/MyAccount.html?t=0.7019361148122698__fan.test.lacues.cn____
[2016-11-17 10:17:10.403]		推广：http://fan.test.lacues.cn/Account/MyAccount.html?t=0.7019361148122698__fan.test.lacues.cn____
[2016-11-17 10:18:10.926]		推广：http://fan.test.lacues.cn/Account/MyAccount.html?t=0.9398484895118908__fan.test.lacues.cn____
[2016-11-17 10:24:28.583]		推广：http://fan.test.lacues.cn/Account/index.html?t=0.48453657637170267__fan.test.lacues.cn____
[2016-11-17 10:24:39.342]		推广：http://fan.test.lacues.cn/__fan.test.lacues.cn____
[2016-11-17 10:24:40.456]		推广：http://fan.test.lacues.cn/Account/index.html?t=0.48453657637170267__fan.test.lacues.cn____
[2016-11-17 10:24:44.844]		推广：http://fan.test.lacues.cn/Account/login.html?t=0.9661384990477229__fan.test.lacues.cn____
[2016-11-17 10:24:46.690]		推广：http://fan.test.lacues.cn/__fan.test.lacues.cn____
[2016-11-17 10:24:48.682]		推广：http://fan.test.lacues.cn/Account/index.html?t=0.05374932708254354__fan.test.lacues.cn____
[2016-11-17 10:27:22.719]		推广：http://fan.test.lacues.cn/__fan.test.lacues.cn____
[2016-11-17 10:28:25.212]		推广：http://fan.test.lacues.cn/__fan.test.lacues.cn____
[2016-11-17 10:28:36.131]		推广：http://fan.test.lacues.cn/__fan.test.lacues.cn____
[2016-11-17 10:28:46.116]		推广：__fan.test.lacues.cn____
[2016-11-17 10:29:12.253]		推广：http://fan.test.lacues.cn/Account/index.html?t=0.9148254638050537__fan.test.lacues.cn____
[2016-11-17 10:29:13.257]		推广：http://fan.test.lacues.cn/__fan.test.lacues.cn____
[2016-11-17 10:29:16.349]		推广：http://fan.test.lacues.cn/Account/login.html?t=0.08171039756266896__fan.test.lacues.cn____
[2016-11-17 10:29:17.336]		推广：http://fan.test.lacues.cn/__fan.test.lacues.cn____
[2016-11-17 10:29:56.348]		推广：http://fan.test.lacues.cn/Account/index.html?t=0.05374932708254354__fan.test.lacues.cn____
[2016-11-17 10:30:22.255]		推广：http://fan.test.lacues.cn/Account/index.html?t=0.6473846766166389__fan.test.lacues.cn____
[2016-11-17 10:30:25.355]		推广：http://fan.test.lacues.cn/Account/MyAccount.html?t=0.7019361148122698__fan.test.lacues.cn____
[2016-11-17 10:30:26.880]		推广：http://fan.test.lacues.cn/Account/index.html?t=0.280648163985461__fan.test.lacues.cn____
[2016-11-17 10:30:37.075]		推广：http://fan.test.lacues.cn/Account/login.html?t=0.6247242903336883__fan.test.lacues.cn____
[2016-11-17 10:30:40.607]		推广：http://fan.test.lacues.cn/Account/MyNickName.html?t=0.6804515742696822__fan.test.lacues.cn____
[2016-11-17 10:30:41.939]		推广：http://fan.test.lacues.cn/Account/MyNickName.html?t=0.10660314513370395__fan.test.lacues.cn____
[2016-11-17 10:30:42.980]		推广：http://fan.test.lacues.cn/Account/MyNickName.html?t=0.3409279496408999__fan.test.lacues.cn____
[2016-11-17 10:30:45.920]		推广：http://fan.test.lacues.cn/Account/MyAccount.html?t=0.7861254804302007__fan.test.lacues.cn____
[2016-11-17 10:30:47.580]		推广：http://fan.test.lacues.cn/Account/MyNickName.html?t=0.3409279496408999__fan.test.lacues.cn____
[2016-11-17 10:30:48.358]		推广：http://fan.test.lacues.cn/Account/MyAccount.html?t=0.7861254804302007__fan.test.lacues.cn____
[2016-11-17 10:30:54.210]		推广：http://fan.test.lacues.cn/Account/index.html?t=0.4067191316280514__fan.test.lacues.cn____
[2016-11-17 10:31:46.178]		推广：http://fan.test.lacues.cn/Account/index.html?t=0.05374932708254354__fan.test.lacues.cn____
[2016-11-17 10:32:26.107]		推广：http://fan.test.lacues.cn/Account/index.html?t=0.4067191316280514__fan.test.lacues.cn____
[2016-11-17 10:32:54.894]		推广：http://fan.test.lacues.cn/__fan.test.lacues.cn____
[2016-11-17 10:32:56.489]		推广：http://fan.test.lacues.cn/__fan.test.lacues.cn____
[2016-11-17 10:32:59.102]		推广：http://fan.test.lacues.cn/Account/login.html?t=0.08171039756266896__fan.test.lacues.cn____
[2016-11-17 10:33:02.837]		推广：http://fan.test.lacues.cn/__fan.test.lacues.cn____
[2016-11-17 10:33:39.938]		推广：http://fan.test.lacues.cn/Account/index.html?t=0.4067191316280514__fan.test.lacues.cn____
[2016-11-17 10:34:36.708]		推广：http://fan.test.lacues.cn/__fan.test.lacues.cn____
[2016-11-17 10:34:36.979]		推广：http://fan.test.lacues.cn/__fan.test.lacues.cn____
[2016-11-17 10:34:37.242]		推广：http://fan.test.lacues.cn/__fan.test.lacues.cn____
[2016-11-17 10:34:37.343]		推广：http://fan.test.lacues.cn/__fan.test.lacues.cn____
[2016-11-17 10:34:37.719]		推广：http://fan.test.lacues.cn/__fan.test.lacues.cn____
[2016-11-17 10:35:10.228]		推广：__fan.test.lacues.cn____
[2016-11-17 10:35:38.462]		推广：http://fan.test.lacues.cn/__fan.test.lacues.cn____
[2016-11-17 10:37:02.905]		推广：http://fan.test.lacues.cn/Account/index.html?t=0.4067191316280514__fan.test.lacues.cn____
[2016-11-17 10:38:47.251]		推广：http://fan.test.lacues.cn/Account/index.html?t=0.4067191316280514__fan.test.lacues.cn____
[2016-11-17 10:40:40.209]		推广：http://fan.test.lacues.cn/Account/index.html?t=0.4067191316280514__fan.test.lacues.cn____
[2016-11-17 10:40:45.686]		推广：http://fan.test.lacues.cn/Account/MyCoupon.html?t=0.6769932582974434__fan.test.lacues.cn____
[2016-11-17 10:40:48.664]		推广：http://fan.test.lacues.cn/index.html__fan.test.lacues.cn____
[2016-11-17 10:40:49.430]		推广：http://fan.test.lacues.cn/Account/index.html?t=0.8842655767221004__fan.test.lacues.cn____
[2016-11-17 10:41:29.477]		推广：http://fan.test.lacues.cn/Account/index.html?t=0.8842655767221004__fan.test.lacues.cn____
[2016-11-17 10:41:37.774]		推广：http://fan.test.lacues.cn/Account/login.html?t=0.36420409101992846__fan.test.lacues.cn____
[2016-11-17 10:41:39.563]		推广：http://fan.test.lacues.cn/index.html__fan.test.lacues.cn____
[2016-11-17 10:41:41.268]		推广：http://fan.test.lacues.cn/Account/index.html?t=0.0301792174577713__fan.test.lacues.cn____
[2016-11-17 10:42:47.802]		推广：http://fan.test.lacues.cn/Account/index.html?t=0.0301792174577713__fan.test.lacues.cn____
[2016-11-17 10:43:30.642]		推广：http://fan.test.lacues.cn/__fan.test.lacues.cn____
[2016-11-17 10:43:53.074]		推广：http://fan.test.lacues.cn/Search.html?t=0.2991499937136912__fan.test.lacues.cn____
[2016-11-17 10:43:53.418]		推广：http://fan.test.lacues.cn/Product_List.html?showtype=__fan.test.lacues.cn____
[2016-11-17 10:47:19.130]		推广：__fan.test.lacues.cn____
[2016-11-17 10:47:21.102]		推广：http://fan.test.lacues.cn/__fan.test.lacues.cn____
[2016-11-17 10:47:23.201]		推广：http://fan.test.lacues.cn/Search.html?t=0.1729783641640097__fan.test.lacues.cn____
[2016-11-17 10:47:30.727]		推广：http://fan.test.lacues.cn/Product_List.html?showtype=__fan.test.lacues.cn____
[2016-11-17 10:47:35.480]		推广：http://fan.test.lacues.cn/Product_Detail.html?pid=8016465484__fan.test.lacues.cn____
[2016-11-17 10:47:36.464]		推广：__fan.test.lacues.cn____
[2016-11-17 10:47:41.824]		推广：http://fan.test.lacues.cn/order/OrderConfirm.html?t=0.4207424793858081__fan.test.lacues.cn____
[2016-11-17 10:47:45.820]		推广：http://fan.test.lacues.cn/Account/AddressEdit.html?addressid=0__fan.test.lacues.cn____
[2016-11-17 10:47:46.620]		推广：__fan.test.lacues.cn____
[2016-11-17 10:47:49.234]		推广：http://fan.test.lacues.cn/order/OrderConfirm.html?t=0.9297890122979879__fan.test.lacues.cn____
[2016-11-17 10:47:58.526]		推广：http://fan.test.lacues.cn/Account/login.html?t=0.5662492595147341__fan.test.lacues.cn____
[2016-11-17 10:48:01.484]		推广：__fan.test.lacues.cn____
[2016-11-17 10:48:13.424]		推广：http://fan.test.lacues.cn/order/OrderConfirm.html?t=0.8764363573864102__fan.test.lacues.cn____
[2016-11-17 10:48:28.668]		推广：http://fan.test.lacues.cn/Account/login.html?t=0.5662492595147341__fan.test.lacues.cn____
[2016-11-17 10:48:30.460]		推广：__fan.test.lacues.cn____
[2016-11-17 10:48:34.452]		推广：__fan.test.lacues.cn____
[2016-11-17 10:48:36.637]		推广：http://fan.test.lacues.cn/__fan.test.lacues.cn____
[2016-11-17 10:48:39.695]		推广：http://fan.test.lacues.cn/Search.html?t=0.7813858629669994__fan.test.lacues.cn____
[2016-11-17 10:49:17.368]		推广：http://fan.test.lacues.cn/Search.html?t=0.7813858629669994__fan.test.lacues.cn____
[2016-11-17 10:49:27.482]		推广：__fan.test.lacues.cn____
[2016-11-17 10:49:30.085]		推广：http://fan.test.lacues.cn/__fan.test.lacues.cn____
[2016-11-17 10:49:47.843]		推广：http://fan.test.lacues.cn/Search.html?t=0.7813858629669994__fan.test.lacues.cn____
[2016-11-17 10:49:58.636]		推广：http://fan.test.lacues.cn/Search.html?t=0.23962038360419413__fan.test.lacues.cn____
[2016-11-17 10:50:04.825]		推广：http://fan.test.lacues.cn/Product_List.html?showtype=__fan.test.lacues.cn____
[2016-11-17 10:50:16.970]		推广：http://fan.test.lacues.cn/Product_Detail.html?pid=8016465483__fan.test.lacues.cn____
[2016-11-17 10:50:20.031]		推广：__fan.test.lacues.cn____
[2016-11-17 10:50:29.115]		推广：http://fan.test.lacues.cn/order/OrderConfirm.html?t=0.10089384973980486__fan.test.lacues.cn____
[2016-11-17 10:50:36.796]		推广：http://fan.test.lacues.cn/Account/AddressList.html?addressid=DZ161116100001__fan.test.lacues.cn____
[2016-11-17 10:50:37.513]		推广：__fan.test.lacues.cn____
[2016-11-17 10:50:50.658]		推广：http://fan.test.lacues.cn/order/OrderConfirm.html?t=0.7210294618271291__fan.test.lacues.cn____
[2016-11-17 10:50:56.201]		推广：http://fan.test.lacues.cn/Account/AddressList.html?addressid=DZ161109100002__fan.test.lacues.cn____
[2016-11-17 10:51:00.037]		推广：__fan.test.lacues.cn____
[2016-11-17 10:51:25.970]		推广：http://fan.test.lacues.cn/order/OrderConfirm.html?t=0.7163296360522509__fan.test.lacues.cn____
[2016-11-17 10:51:36.026]		推广：__fan.test.lacues.cn____
[2016-11-17 11:12:18.897]		推广：__fan.test.lacues.cn____
[2016-11-17 11:14:05.509]		推广：http://fan.test.lacues.cn/__fan.test.lacues.cn____
[2016-11-17 11:14:06.337]		推广：__fan.test.lacues.cn____
[2016-11-17 11:14:32.342]		推广：http://fan.test.lacues.cn/__fan.test.lacues.cn____
[2016-11-17 11:14:36.757]		推广：__fan.test.lacues.cn____
[2016-11-17 11:15:17.490]		推广：__fan.test.lacues.cn____
[2016-11-17 11:15:34.711]		推广：__fan.test.lacues.cn____
[2016-11-17 11:17:22.645]		推广：http://fan.test.lacues.cn/__fan.test.lacues.cn____
[2016-11-17 11:17:29.106]		推广：http://fan.test.lacues.cn/Category.html?t=0.9742814158089459__fan.test.lacues.cn____
[2016-11-17 11:17:50.634]		推广：http://fan.test.lacues.cn/__fan.test.lacues.cn____
[2016-11-17 11:17:54.020]		推广：http://fan.test.lacues.cn/Search.html?t=0.6805207417346537__fan.test.lacues.cn____
[2016-11-17 11:17:56.270]		推广：http://fan.test.lacues.cn/__fan.test.lacues.cn____
[2016-11-17 11:17:59.322]		推广：http://fan.test.lacues.cn/Category.html?t=0.6762406174093485__fan.test.lacues.cn____
[2016-11-17 11:18:03.445]		推广：http://fan.test.lacues.cn/Product_List.html?showtype=category__fan.test.lacues.cn____
[2016-11-17 11:18:04.393]		推广：http://fan.test.lacues.cn/__fan.test.lacues.cn____
[2016-11-17 12:02:05.915]		推广：__fan.test.lacues.cn____
[2016-11-17 12:02:15.436]		推广：http://fan.test.lacues.cn/__fan.test.lacues.cn____
[2016-11-17 12:02:20.274]		推广：http://fan.test.lacues.cn/Search.html?t=0.8390109581183468__fan.test.lacues.cn____
[2016-11-17 12:02:29.219]		推广：http://fan.test.lacues.cn/Product_List.html?showtype=__fan.test.lacues.cn____
[2016-11-17 12:02:34.353]		推广：http://fan.test.lacues.cn/Product_Detail.html?pid=58016100283__fan.test.lacues.cn____
[2016-11-17 12:02:38.456]		推广：http://fan.test.lacues.cn/order/OrderConfirm.html?t=0.0031327427729729296__fan.test.lacues.cn____
[2016-11-17 12:02:46.094]		推广：http://fan.test.lacues.cn/Account/login.html?t=0.3248713862036886__fan.test.lacues.cn____
[2016-11-17 12:03:42.853]		推广：http://fan.test.lacues.cn/order/OrderConfirm.html?t=0.0031327427729729296__fan.test.lacues.cn____
[2016-11-17 12:03:46.613]		推广：http://fan.test.lacues.cn/Order/fapiao.html?uid=__fan.test.lacues.cn____
[2016-11-17 12:03:50.607]		推广：http://fan.test.lacues.cn/order/OrderConfirm.html?uid=__fan.test.lacues.cn____
[2016-11-17 12:03:57.236]		推广：http://fan.test.lacues.cn/Order/CouponCodes.html?shouldPay=60__fan.test.lacues.cn____
[2016-11-17 12:04:03.695]		推广：http://fan.test.lacues.cn/order/OrderConfirm.html?uid=__fan.test.lacues.cn____
[2016-11-17 12:04:06.768]		推广：http://fan.test.lacues.cn/Product_Detail.html?pid=58016100283__fan.test.lacues.cn____
[2016-11-17 12:04:14.461]		推广：http://fan.test.lacues.cn/Product_List.html?showtype=__fan.test.lacues.cn____
[2016-11-17 12:04:21.786]		推广：http://fan.test.lacues.cn/Product_Detail.html?pid=8016465484__fan.test.lacues.cn____
[2016-11-17 12:06:36.340]		推广：http://fan.test.lacues.cn/Product_List.html?showtype=__fan.test.lacues.cn____
[2016-11-17 12:06:40.589]		推广：http://fan.test.lacues.cn/Product_Detail.html?pid=8016465484__fan.test.lacues.cn____
[2016-11-17 12:06:53.420]		推广：http://fan.test.lacues.cn/__fan.test.lacues.cn____
[2016-11-17 12:06:56.382]		推广：http://fan.test.lacues.cn/Account/index.html?t=0.05374932708254354__fan.test.lacues.cn____
[2016-11-17 12:06:59.082]		推广：http://fan.test.lacues.cn/Product_List.html?showtype=__fan.test.lacues.cn____
[2016-11-17 12:07:00.301]		推广：http://fan.test.lacues.cn/Account/login.html?t=0.9661384990477229__fan.test.lacues.cn____
[2016-11-17 12:07:03.406]		推广：http://fan.test.lacues.cn/__fan.test.lacues.cn____
[2016-11-17 12:07:04.228]		推广：http://fan.test.lacues.cn/Product_Detail.html?pid=8016465485__fan.test.lacues.cn____
[2016-11-17 12:07:08.461]		推广：http://fan.test.lacues.cn/Account/login.html?t=0.9661384990477229__fan.test.lacues.cn____
[2016-11-17 12:07:10.333]		推广：http://fan.test.lacues.cn/order/OrderConfirm.html?t=0.47073714582957094__fan.test.lacues.cn____
[2016-11-17 12:07:13.453]		推广：http://fan.test.lacues.cn/__fan.test.lacues.cn____
[2016-11-17 12:07:17.852]		推广：http://fan.test.lacues.cn/Account/login.html?t=0.9661384990477229__fan.test.lacues.cn____
[2016-11-17 12:07:19.646]		推广：http://fan.test.lacues.cn/__fan.test.lacues.cn____
[2016-11-17 12:07:21.464]		推广：http://fan.test.lacues.cn/Search.html?t=0.16188843764846106__fan.test.lacues.cn____
[2016-11-17 12:07:24.122]		推广：http://fan.test.lacues.cn/Product_List.html?showtype=__fan.test.lacues.cn____
[2016-11-17 12:07:32.319]		推广：http://fan.test.lacues.cn/Search.html?t=0.16188843764846106__fan.test.lacues.cn____
[2016-11-17 12:07:35.402]		推广：http://fan.test.lacues.cn/Product_List.html?showtype=__fan.test.lacues.cn____
[2016-11-17 12:07:40.134]		推广：http://fan.test.lacues.cn/Order/CouponCodes.html?shouldPay=39__fan.test.lacues.cn____
[2016-11-17 12:07:46.980]		推广：http://fan.test.lacues.cn/order/OrderConfirm.html?t=0.47073714582957094__fan.test.lacues.cn____
[2016-11-17 12:09:02.205]		推广：http://fan.test.lacues.cn/Product_Detail.html?pid=8016465485__fan.test.lacues.cn____
[2016-11-17 12:09:08.317]		推广：http://fan.test.lacues.cn/Product_List.html?showtype=__fan.test.lacues.cn____
[2016-11-17 12:09:13.043]		推广：http://fan.test.lacues.cn/Search.html?t=0.8390109581183468__fan.test.lacues.cn____
[2016-11-17 12:09:17.897]		推广：http://fan.test.lacues.cn/__fan.test.lacues.cn____
[2016-11-17 12:09:25.211]		推广：http://fan.test.lacues.cn/Account/index.html?t=0.9719498264820214__fan.test.lacues.cn____
[2016-11-17 12:09:49.492]		推广：http://fan.test.lacues.cn/Account/MyCoupon.html?t=0.3696302043744858__fan.test.lacues.cn____
[2016-11-17 12:09:50.759]		推广：http://fan.test.lacues.cn/Search.html?t=0.16188843764846106__fan.test.lacues.cn____
[2016-11-17 12:09:51.690]		推广：http://fan.test.lacues.cn/Product_List.html?showtype=__fan.test.lacues.cn____
[2016-11-17 12:09:53.893]		推广：http://fan.test.lacues.cn/Account/MyCoupon_DH.html?t=0.06576299354609638__fan.test.lacues.cn____
[2016-11-17 12:09:55.418]		推广：http://fan.test.lacues.cn/Search.html?t=0.43379758224292053__fan.test.lacues.cn____
[2016-11-17 12:09:58.221]		推广：http://fan.test.lacues.cn/Product_List.html?showtype=__fan.test.lacues.cn____
[2016-11-17 12:10:06.963]		推广：http://fan.test.lacues.cn/Product_Detail.html?pid=58016100270__fan.test.lacues.cn____
[2016-11-17 12:10:13.633]		推广：http://fan.test.lacues.cn/Account/MyCoupon.html?t=0.8549614850912051__fan.test.lacues.cn____
[2016-11-17 12:10:20.120]		推广：http://fan.test.lacues.cn/Account/MyCoupon_DH.html?t=0.9007758927720173__fan.test.lacues.cn____
[2016-11-17 12:10:22.949]		推广：http://fan.test.lacues.cn/order/OrderConfirm.html?t=0.4936012318998406__fan.test.lacues.cn____
[2016-11-17 12:10:26.985]		推广：http://fan.test.lacues.cn/Product_Detail.html?pid=58016100270__fan.test.lacues.cn____
[2016-11-17 12:10:30.398]		推广：http://fan.test.lacues.cn/order/OrderConfirm.html?t=0.4936012318998406__fan.test.lacues.cn____
[2016-11-17 12:10:33.178]		推广：http://fan.test.lacues.cn/Account/login.html?t=0.9797331448430993__fan.test.lacues.cn____
[2016-11-17 12:11:16.687]		推广：http://fan.test.lacues.cn/Account/MyCoupon.html?t=0.0228862874347997__fan.test.lacues.cn____
[2016-11-17 12:11:25.940]		推广：http://fan.test.lacues.cn/Account/MyCoupon_DH.html?t=0.6984601560476641__fan.test.lacues.cn____
[2016-11-17 12:11:37.617]		推广：http://fan.test.lacues.cn/Account/MyCoupon.html?t=0.72330350895675__fan.test.lacues.cn____
[2016-11-17 12:11:49.063]		推广：http://fan.test.lacues.cn/Account/MyCoupon_DH.html?t=0.055548928876616444__fan.test.lacues.cn____
[2016-11-17 12:11:53.600]		推广：http://fan.test.lacues.cn/Account/MyCoupon.html__fan.test.lacues.cn____
[2016-11-17 12:11:59.490]		推广：http://fan.test.lacues.cn/Product_Detail.html?pid=8016465485__fan.test.lacues.cn____
[2016-11-17 12:12:29.275]		推广：http://fan.test.lacues.cn/Account/MyCoupon.html__fan.test.lacues.cn____
[2016-11-17 12:12:35.791]		推广：http://fan.test.lacues.cn/Account/MyCoupon_DH.html?t=0.23867864059521604__fan.test.lacues.cn____
[2016-11-17 12:16:15.690]		推广：http://fan.test.lacues.cn/Account/MyCoupon.html?t=0.6654851978552265__fan.test.lacues.cn____
[2016-11-17 12:16:25.873]		推广：http://fan.test.lacues.cn/Account/MyCoupon_DH.html?t=0.010743096504436833__fan.test.lacues.cn____
[2016-11-17 12:20:31.582]		推广：http://fan.test.lacues.cn/Search.html?t=0.43379758224292053__fan.test.lacues.cn____
[2016-11-17 12:20:32.803]		推广：http://fan.test.lacues.cn/Product_List.html?showtype=__fan.test.lacues.cn____
[2016-11-17 12:20:33.546]		推广：http://fan.test.lacues.cn/Product_List.html?showtype=__fan.test.lacues.cn____
[2016-11-17 12:20:34.190]		推广：http://fan.test.lacues.cn/__fan.test.lacues.cn____
[2016-11-17 12:20:34.315]		推广：http://fan.test.lacues.cn/Account/login.html?t=0.9661384990477229__fan.test.lacues.cn____
[2016-11-17 12:20:34.695]		推广：http://fan.test.lacues.cn/__fan.test.lacues.cn____
[2016-11-17 12:20:36.112]		推广：__fan.test.lacues.cn____
[2016-11-17 12:20:39.182]		推广：__fan.test.lacues.cn____
[2016-11-17 12:20:40.832]		推广：http://fan.test.lacues.cn/__fan.test.lacues.cn____
[2016-11-17 12:20:42.833]		推广：http://fan.test.lacues.cn/Account/index.html?t=0.16265767111690033__fan.test.lacues.cn____
[2016-11-17 12:20:44.927]		推广：http://fan.test.lacues.cn/__fan.test.lacues.cn____
[2016-11-17 12:20:46.347]		推广：http://fan.test.lacues.cn/Account/index.html?t=0.16265767111690033__fan.test.lacues.cn____
[2016-11-17 14:56:47.327]		推广：http://fan.test.lacues.cn/Account/MyCoupon_DH.html?t=0.010743096504436833__fan.test.lacues.cn____
[2016-11-17 14:56:56.403]		推广：http://fan.test.lacues.cn/Account/MyCoupon.html__fan.test.lacues.cn____
[2016-11-17 14:57:06.863]		推广：http://fan.test.lacues.cn/Account/MyCoupon_DH.html?t=0.23867864059521604__fan.test.lacues.cn____
[2016-11-17 14:57:13.155]		推广：http://fan.test.lacues.cn/Product_Detail.html?pid=8016465485__fan.test.lacues.cn____
[2016-11-17 14:57:21.812]		推广：__fan.test.lacues.cn____
[2016-11-17 14:57:29.192]		推广：http://fan.test.lacues.cn/__fan.test.lacues.cn____
[2016-11-17 14:57:34.830]		推广：http://fan.test.lacues.cn/Account/index.html?t=0.03521462622615923__fan.test.lacues.cn____
[2016-11-17 14:57:43.650]		推广：http://fan.test.lacues.cn/__fan.test.lacues.cn____
[2016-11-17 14:57:47.397]		推广：http://fan.test.lacues.cn/Account/index.html?t=0.45323103725133407__fan.test.lacues.cn____
[2016-11-17 14:58:10.466]		推广：http://fan.test.lacues.cn/Account/login.html?t=0.2564633670372116__fan.test.lacues.cn____
[2016-11-17 14:58:16.445]		推广：http://fan.test.lacues.cn/__fan.test.lacues.cn____
[2016-11-17 14:58:23.736]		推广：http://fan.test.lacues.cn/Account/index.html?t=0.3422704267719324__fan.test.lacues.cn____
[2016-11-17 15:07:12.325]		推广：__fan.test.lacues.cn____
[2016-11-17 15:07:15.377]		推广：http://fan.test.lacues.cn/__fan.test.lacues.cn____
[2016-11-17 15:07:16.643]		推广：http://fan.test.lacues.cn/Account/index.html?t=0.11537029191368186__fan.test.lacues.cn____
[2016-11-17 15:07:31.577]		推广：http://fan.test.lacues.cn/Account/login.html?t=0.6178925044668944__fan.test.lacues.cn____
[2016-11-17 15:07:33.483]		推广：http://fan.test.lacues.cn/__fan.test.lacues.cn____
[2016-11-17 15:07:36.711]		推广：http://fan.test.lacues.cn/Account/index.html?t=0.1141124621009626__fan.test.lacues.cn____
[2016-11-17 15:07:38.292]		推广：http://fan.test.lacues.cn/Account/MyOrder_List.html?paytype=DFH__fan.test.lacues.cn____
[2016-11-17 15:07:43.088]		推广：http://fan.test.lacues.cn/Account/index.html?t=0.1141124621009626__fan.test.lacues.cn____
[2016-11-17 15:07:44.277]		推广：http://fan.test.lacues.cn/__fan.test.lacues.cn____
[2016-11-17 15:07:57.721]		推广：http://fan.test.lacues.cn/cart.html__fan.test.lacues.cn____
[2016-11-17 15:07:57.823]		推广：http://fan.test.lacues.cn/Product_Detail.html?pid=8016465488__fan.test.lacues.cn____
[2016-11-17 15:08:07.072]		推广：http://fan.test.lacues.cn/cart.html__fan.test.lacues.cn____
[2016-11-17 15:08:08.930]		推广：http://fan.test.lacues.cn/Sale/FullCut.html?t=0.43726595934252854__fan.test.lacues.cn____
[2016-11-17 15:14:42.639]		推广：__fan.test.lacues.cn____
[2016-11-17 15:14:46.300]		推广：http://fan.test.lacues.cn/cart.html__fan.test.lacues.cn____
[2016-11-17 15:16:41.912]		推广：http://test-dlq.ycp8.cn/cdlq/web/template/template.html?pNum=PNM161117100001__fan.test.lacues.cn____
[2016-11-17 15:21:00.713]		推广：__fan.test.lacues.cn____
[2016-11-17 15:21:21.095]		推广：__fan.test.lacues.cn____
[2016-11-17 15:21:39.897]		推广：__fan.test.lacues.cn____
[2016-11-17 15:24:33.944]		推广：http://fan.test.lacues.cn/Product_Detail.html?pid=8016465484__fan.test.lacues.cn____
[2016-11-17 15:26:15.828]		推广：__fan.test.lacues.cn____
[2016-11-17 15:26:41.678]		推广：__fan.test.lacues.cn____
[2016-11-17 15:27:15.769]		推广：__fan.test.lacues.cn____
[2016-11-17 15:27:23.966]		推广：http://fan.test.lacues.cn/Account/MyCoupon.html?t=0.056286742768965836__fan.test.lacues.cn____
[2016-11-17 15:27:35.550]		推广：http://fan.test.lacues.cn/order/OrderSuccess.html__fan.test.lacues.cn____
[2016-11-17 15:27:38.634]		推广：__fan.test.lacues.cn____
[2016-11-17 15:27:57.343]		推广：http://fan.test.lacues.cn/Account/index.html?t=0.3422704267719324__fan.test.lacues.cn____
[2016-11-17 15:28:01.003]		推广：http://fan.test.lacues.cn/__fan.test.lacues.cn____
[2016-11-17 15:28:13.663]		推广：http://fan.test.lacues.cn/Account/index.html?t=0.3422704267719324__fan.test.lacues.cn____
[2016-11-17 15:28:52.874]		推广：http://fan.test.lacues.cn/Account/login.html?t=0.4462011860659896__fan.test.lacues.cn____
[2016-11-17 15:29:00.758]		推广：http://fan.test.lacues.cn/__fan.test.lacues.cn____
[2016-11-17 15:29:02.331]		推广：http://fan.test.lacues.cn/cart.html__fan.test.lacues.cn____
[2016-11-17 15:29:02.533]		推广：http://fan.test.lacues.cn/order/OrderConfirm.html?t=0.0029839842674961314__fan.test.lacues.cn____
[2016-11-17 15:29:04.798]		推广：http://fan.test.lacues.cn/cart.html__fan.test.lacues.cn____
[2016-11-17 15:29:04.988]		推广：http://fan.test.lacues.cn/order/OrderConfirm.html?t=0.37599670360122617__fan.test.lacues.cn____
[2016-11-17 15:29:09.630]		推广：http://fan.test.lacues.cn/Account/index.html?t=0.04411530464536184__fan.test.lacues.cn____
[2016-11-17 15:29:11.205]		推广：http://fan.test.lacues.cn/order/OrderConfirm.html?t=0.0029839842674961314__fan.test.lacues.cn____
[2016-11-17 15:29:11.892]		推广：http://fan.test.lacues.cn/__fan.test.lacues.cn____
[2016-11-17 15:29:13.295]		推广：http://fan.test.lacues.cn/Account/login.html?t=0.08171039756266896__fan.test.lacues.cn____
[2016-11-17 15:29:13.917]		推广：http://fan.test.lacues.cn/Account/MyCoupon.html?t=0.4574457470781498__fan.test.lacues.cn____
[2016-11-17 15:29:22.983]		推广：http://fan.test.lacues.cn/__fan.test.lacues.cn____
[2016-11-17 15:29:26.112]		推广：http://fan.test.lacues.cn/Account/login.html?t=0.08171039756266896__fan.test.lacues.cn____
[2016-11-17 15:29:26.991]		推广：http://fan.test.lacues.cn/Account/MyCoupon_DH.html?t=0.2722829737374832__fan.test.lacues.cn____
[2016-11-17 15:29:28.147]		推广：http://fan.test.lacues.cn/__fan.test.lacues.cn____
[2016-11-17 15:29:52.047]		推广：http://fan.test.lacues.cn/cart.html__fan.test.lacues.cn____
[2016-11-17 15:29:52.201]		推广：http://fan.test.lacues.cn/order/OrderConfirm.html?t=0.2675764977182875__fan.test.lacues.cn____
[2016-11-17 15:29:54.554]		推广：http://fan.test.lacues.cn/cart.html__fan.test.lacues.cn____
[2016-11-17 15:29:54.722]		推广：http://fan.test.lacues.cn/order/OrderConfirm.html?t=0.8960745345253136__fan.test.lacues.cn____
[2016-11-17 15:30:16.012]		推广：__fan.test.lacues.cn____
[2016-11-17 15:30:27.769]		推广：__fan.test.lacues.cn____
[2016-11-17 15:33:18.796]		推广：__fan.test.lacues.cn____
[2016-11-17 15:34:07.182]		推广：__fan.test.lacues.cn____
[2016-11-17 15:34:20.346]		推广：__fan.test.lacues.cn____
[2016-11-17 15:36:09.545]		推广：__fan.test.lacues.cn____
[2016-11-17 15:36:12.636]		推广：__fan.test.lacues.cn____
[2016-11-17 15:37:04.727]		推广：__fan.test.lacues.cn____
[2016-11-17 15:37:07.099]		推广：__fan.test.lacues.cn____
[2016-11-17 15:37:10.693]		推广：__fan.test.lacues.cn____
[2016-11-17 15:37:34.113]		推广：__fan.test.lacues.cn____
[2016-11-17 15:37:37.200]		推广：__fan.test.lacues.cn____
[2016-11-17 15:37:53.730]		推广：http://fan.test.lacues.cn/order/OrderConfirm.html?t=0.2675764977182875__fan.test.lacues.cn____
[2016-11-17 15:37:53.912]		推广：http://fan.test.lacues.cn/__fan.test.lacues.cn____
[2016-11-17 15:37:54.978]		推广：http://fan.test.lacues.cn/Account/login.html?t=0.08171039756266896__fan.test.lacues.cn____
[2016-11-17 15:37:56.916]		推广：http://fan.test.lacues.cn/Account/index.html?t=0.7068232986858138__fan.test.lacues.cn____
[2016-11-17 15:37:56.943]		推广：http://fan.test.lacues.cn/__fan.test.lacues.cn____
[2016-11-17 15:38:00.843]		推广：http://fan.test.lacues.cn/Account/login.html?t=0.008141411124407583__fan.test.lacues.cn____
[2016-11-17 15:38:02.272]		推广：http://fan.test.lacues.cn/__fan.test.lacues.cn____
[2016-11-17 15:38:03.683]		推广：http://fan.test.lacues.cn/Account/index.html?t=0.09407115591396353__fan.test.lacues.cn____
[2016-11-17 15:38:05.421]		推广：http://fan.test.lacues.cn/Account/MyOrder_List.html?paytype=ALL__fan.test.lacues.cn____
[2016-11-17 15:38:08.537]		推广：http://fan.test.lacues.cn/Account/index.html?t=0.09407115591396353__fan.test.lacues.cn____
[2016-11-17 15:40:02.145]		推广：__fan.test.lacues.cn____
[2016-11-17 15:40:05.367]		推广：__fan.test.lacues.cn____
[2016-11-17 15:40:12.528]		推广：__fan.test.lacues.cn____
[2016-11-17 15:40:20.106]		推广：__fan.test.lacues.cn____
[2016-11-17 15:40:22.201]		推广：http://fan.test.lacues.cn/__fan.test.lacues.cn____
[2016-11-17 15:40:23.829]		推广：http://fan.test.lacues.cn/Account/index.html?t=0.847319176339254__fan.test.lacues.cn____
[2016-11-17 15:40:47.873]		推广：http://fan.test.lacues.cn/Account/login.html?t=0.5410737775338161__fan.test.lacues.cn____
[2016-11-17 15:40:50.679]		推广：http://fan.test.lacues.cn/__fan.test.lacues.cn____
[2016-11-17 15:40:53.520]		推广：http://fan.test.lacues.cn/Account/index.html?t=0.20834823446791262__fan.test.lacues.cn____
[2016-11-17 15:41:29.090]		推广：http://fan.test.lacues.cn/Account/index.html?t=0.09407115591396353__fan.test.lacues.cn____
[2016-11-17 15:41:32.174]		推广：http://fan.test.lacues.cn/Account/index.html?t=0.20834823446791262__fan.test.lacues.cn____
[2016-11-17 15:42:59.285]		推广：__fan.test.lacues.cn____
[2016-11-17 15:44:09.152]		推广：__fan.test.lacues.cn____
[2016-11-17 15:44:48.281]		推广：http://fan.test.lacues.cn/Account/MyOrder_List.html?paytype=DFK__fan.test.lacues.cn____
[2016-11-17 15:44:51.284]		推广：http://fan.test.lacues.cn/Account/index.html?t=0.09407115591396353__fan.test.lacues.cn____
[2016-11-17 15:44:53.099]		推广：http://fan.test.lacues.cn/Account/MyOrder_List.html?paytype=ALL__fan.test.lacues.cn____
[2016-11-17 15:44:55.175]		推广：http://fan.test.lacues.cn/Account/index.html?t=0.09407115591396353__fan.test.lacues.cn____
[2016-11-17 15:44:59.663]		推广：http://fan.test.lacues.cn/Account/MyOrder_List.html?paytype=ALL__fan.test.lacues.cn____
[2016-11-17 15:45:22.610]		推广：http://fan.test.lacues.cn/cart.html__fan.test.lacues.cn____
[2016-11-17 15:45:24.533]		推广：__fan.test.lacues.cn____
[2016-11-17 15:45:40.735]		推广：http://fan.test.lacues.cn/cart.html__fan.test.lacues.cn____
[2016-11-17 15:45:42.828]		推广：http://fan.test.lacues.cn/__fan.test.lacues.cn____
[2016-11-17 15:46:10.384]		推广：__fan.test.lacues.cn____
[2016-11-17 15:46:28.115]		推广：__fan.test.lacues.cn____
[2016-11-17 15:46:34.530]		推广：http://fan.test.lacues.cn/__fan.test.lacues.cn____
[2016-11-17 15:46:35.596]		推广：http://fan.test.lacues.cn/Account/index.html?t=0.4156684796068195__fan.test.lacues.cn____
[2016-11-17 15:46:37.833]		推广：__fan.test.lacues.cn____
[2016-11-17 15:46:40.061]		推广：__fan.test.lacues.cn____
[2016-11-17 15:46:41.855]		推广：http://fan.test.lacues.cn/Account/login.html?t=0.8302383660113251__fan.test.lacues.cn____
[2016-11-17 15:46:44.071]		推广：http://fan.test.lacues.cn/cart.html__fan.test.lacues.cn____
[2016-11-17 15:46:44.303]		推广：http://fan.test.lacues.cn/__fan.test.lacues.cn____
[2016-11-17 15:46:44.981]		推广：http://fan.test.lacues.cn/__fan.test.lacues.cn____
[2016-11-17 15:46:46.692]		推广：http://fan.test.lacues.cn/Account/index.html?t=0.1957183438865655__fan.test.lacues.cn____
[2016-11-17 15:46:53.052]		推广：http://fan.test.lacues.cn/__fan.test.lacues.cn____
[2016-11-17 15:46:53.140]		推广：http://fan.test.lacues.cn/__fan.test.lacues.cn____
[2016-11-17 15:47:04.757]		推广：__fan.test.lacues.cn____
[2016-11-17 15:47:09.103]		推广：http://fan.test.lacues.cn/__fan.test.lacues.cn____
[2016-11-17 15:47:15.739]		推广：__fan.test.lacues.cn____
[2016-11-17 15:47:17.127]		推广：http://fan.test.lacues.cn/Account/login.html?t=0.3044783893004215__fan.test.lacues.cn____
[2016-11-17 15:47:17.924]		推广：http://fan.test.lacues.cn/__fan.test.lacues.cn____
[2016-11-17 15:47:20.573]		推广：http://fan.test.lacues.cn/__fan.test.lacues.cn____
[2016-11-17 15:47:20.589]		推广：http://fan.test.lacues.cn/__fan.test.lacues.cn____
[2016-11-17 15:47:26.840]		推广：http://fan.test.lacues.cn/Product_Detail.html?pid=8016465488__fan.test.lacues.cn____
[2016-11-17 15:47:47.595]		推广：http://fan.test.lacues.cn/cart.html__fan.test.lacues.cn____
[2016-11-17 15:47:48.998]		推广：http://fan.test.lacues.cn/Product_Detail.html?pid=8016465485__fan.test.lacues.cn____
[2016-11-17 15:50:03.300]		推广：__fan.test.lacues.cn____
[2016-11-17 15:50:06.736]		推广：http://fan.test.lacues.cn/__fan.test.lacues.cn____
[2016-11-17 15:50:09.540]		推广：__fan.test.lacues.cn____
[2016-11-17 15:50:15.124]		推广：http://fan.test.lacues.cn/__fan.test.lacues.cn____
[2016-11-17 15:50:18.128]		推广：http://fan.test.lacues.cn/Product_Detail.html?pid=8016465488__fan.test.lacues.cn____
[2016-11-17 15:50:50.947]		推广：http://fan.test.lacues.cn/__fan.test.lacues.cn____
[2016-11-17 15:50:56.403]		推广：http://fan.test.lacues.cn/cart.html?t=0.8345540854076159__fan.test.lacues.cn____
[2016-11-17 15:51:00.761]		推广：__fan.test.lacues.cn____
[2016-11-17 15:51:04.431]		推广：http://fan.test.lacues.cn/cart.html?t=0.8345540854076159__fan.test.lacues.cn____
[2016-11-17 15:51:07.171]		推广：__fan.test.lacues.cn____
[2016-11-17 15:51:12.860]		推广：http://fan.test.lacues.cn/cart.html?t=0.8345540854076159__fan.test.lacues.cn____
[2016-11-17 15:51:16.141]		推广：http://fan.test.lacues.cn/__fan.test.lacues.cn____
[2016-11-17 15:51:19.528]		推广：http://fan.test.lacues.cn/Product_Detail.html?pid=8016465488__fan.test.lacues.cn____
[2016-11-17 15:51:24.373]		推广：__fan.test.lacues.cn____
[2016-11-17 15:51:33.668]		推广：http://fan.test.lacues.cn/__fan.test.lacues.cn____
[2016-11-17 15:51:37.711]		推广：http://fan.test.lacues.cn/Account/index.html?t=0.09500526823103428__fan.test.lacues.cn____
[2016-11-17 15:51:41.022]		推广：__fan.test.lacues.cn____
[2016-11-17 15:51:45.262]		推广：__fan.test.lacues.cn____
[2016-11-17 15:51:48.693]		推广：http://fan.test.lacues.cn/Account/login.html?t=0.7168487135786563__fan.test.lacues.cn____
[2016-11-17 15:51:51.477]		推广：http://fan.test.lacues.cn/__fan.test.lacues.cn____
[2016-11-17 15:51:54.753]		推广：http://fan.test.lacues.cn/Account/index.html?t=0.42614585463888943__fan.test.lacues.cn____
[2016-11-17 15:52:12.883]		推广：http://fan.test.lacues.cn/__fan.test.lacues.cn____
[2016-11-17 15:54:08.195]		推广：http://fan.test.lacues.cn/Account/MyOrder_List.html?paytype=ALL__fan.test.lacues.cn____
[2016-11-17 15:55:12.340]		推广：http://fan.test.lacues.cn/Account/MyOrder_List.html?paytype=ALL__fan.test.lacues.cn____
[2016-11-17 15:56:01.926]		推广：http://fan.test.lacues.cn/Account/MyCoupon_DH.html?t=0.2722829737374832__fan.test.lacues.cn____
[2016-11-17 15:56:06.906]		推广：__fan.test.lacues.cn____
[2016-11-17 15:56:08.671]		推广：http://fan.test.lacues.cn/__fan.test.lacues.cn____
[2016-11-17 15:56:10.935]		推广：http://fan.test.lacues.cn/Account/index.html?t=0.3558395339295639__fan.test.lacues.cn____
[2016-11-17 15:57:14.768]		推广：http://fan.test.lacues.cn/Account/index.html?t=0.3558395339295639__fan.test.lacues.cn____
[2016-11-17 15:57:16.437]		推广：http://fan.test.lacues.cn/Account/index.html?t=0.3558395339295639__fan.test.lacues.cn____
[2016-11-17 15:57:17.341]		推广：http://fan.test.lacues.cn/__fan.test.lacues.cn____
[2016-11-17 15:57:27.733]		推广：http://fan.test.lacues.cn/Account/index.html?t=0.3558395339295639__fan.test.lacues.cn____
[2016-11-17 15:57:28.642]		推广：http://fan.test.lacues.cn/Account/index.html?t=0.3558395339295639__fan.test.lacues.cn____
[2016-11-17 15:58:24.421]		推广：__fan.test.lacues.cn____
[2016-11-17 15:58:28.555]		推广：http://fan.test.lacues.cn/__fan.test.lacues.cn____
[2016-11-17 15:58:30.848]		推广：http://fan.test.lacues.cn/Account/index.html?t=0.6760505856946111__fan.test.lacues.cn____
[2016-11-17 15:58:58.414]		推广：http://fan.test.lacues.cn/Account/index.html?t=0.3558395339295639__fan.test.lacues.cn____
[2016-11-17 15:59:24.840]		推广：http://fan.test.lacues.cn/Account/index.html?t=0.3558395339295639__fan.test.lacues.cn____
[2016-11-17 16:00:42.423]		推广：http://fan.test.lacues.cn/__fan.test.lacues.cn____
[2016-11-17 16:03:37.516]		推广：__fan.test.lacues.cn____
[2016-11-17 16:03:40.294]		推广：http://fan.test.lacues.cn/__fan.test.lacues.cn____
[2016-11-17 16:03:44.164]		推广：http://fan.test.lacues.cn/Account/index.html?t=0.26955828559584916__fan.test.lacues.cn____
[2016-11-17 16:04:27.576]		推广：http://fan.test.lacues.cn/Account/index.html?t=0.26955828559584916__fan.test.lacues.cn____
[2016-11-17 16:04:36.811]		推广：http://fan.test.lacues.cn/Account/index.html?t=0.26955828559584916__fan.test.lacues.cn____
[2016-11-17 16:04:38.029]		推广：http://fan.test.lacues.cn/Account/MyTKSH_List.html?paytype=TKSH__fan.test.lacues.cn____
[2016-11-17 16:04:57.383]		推广：http://fan.test.lacues.cn/__fan.test.lacues.cn____
[2016-11-17 16:05:00.978]		推广：http://fan.test.lacues.cn/Account/index.html?t=0.751014087582007__fan.test.lacues.cn____
[2016-11-17 16:05:43.907]		推广：http://fan.test.lacues.cn/Account/MyTKSH_List.html?paytype=TKSH__fan.test.lacues.cn____
[2016-11-17 16:08:22.269]		推广：http://fan.test.lacues.cn/Account/index.html?t=0.751014087582007__fan.test.lacues.cn____
[2016-11-17 16:08:29.842]		推广：http://fan.test.lacues.cn/__fan.test.lacues.cn____
[2016-11-17 16:08:49.333]		推广：http://fan.test.lacues.cn/cart.html__fan.test.lacues.cn____
[2016-11-17 16:08:49.335]		推广：http://fan.test.lacues.cn/Account/index.html?t=0.751014087582007__fan.test.lacues.cn____
[2016-11-17 16:08:51.156]		推广：http://fan.test.lacues.cn/cart.html__fan.test.lacues.cn____
[2016-11-17 16:08:52.183]		推广：http://fan.test.lacues.cn/__fan.test.lacues.cn____
[2016-11-17 16:08:52.210]		推广：http://fan.test.lacues.cn/__fan.test.lacues.cn____
[2016-11-17 16:08:54.644]		推广：http://fan.test.lacues.cn/Account/index.html?t=0.06242287950209913__fan.test.lacues.cn____
[2016-11-17 16:08:55.610]		推广：http://fan.test.lacues.cn/Search.html?t=0.3008363612461835__fan.test.lacues.cn____
[2016-11-17 16:09:01.031]		推广：http://fan.test.lacues.cn/Product_List.html?showtype=__fan.test.lacues.cn____
[2016-11-17 16:09:03.498]		推广：http://fan.test.lacues.cn/Product_Detail.html?pid=8016465485__fan.test.lacues.cn____
[2016-11-17 16:09:05.285]		推广：__fan.test.lacues.cn____
[2016-11-17 16:09:25.059]		推广：http://test.pay.lacues.cn/createorder/?c_order=OS1425103__fan.test.lacues.cn____
[2016-11-17 16:09:31.030]		推广：__fan.test.lacues.cn____
[2016-11-17 16:09:33.877]		推广：http://fan.test.lacues.cn/__fan.test.lacues.cn____
[2016-11-17 16:09:36.550]		推广：http://fan.test.lacues.cn/Account/index.html?t=0.2437513500917703__fan.test.lacues.cn____
[2016-11-17 16:09:41.431]		推广：http://fan.test.lacues.cn/Account/MyOrder_List.html?paytype=DFK__fan.test.lacues.cn____
[2016-11-17 16:09:47.924]		推广：http://fan.test.lacues.cn/Account/MyOrder_detail.html?order_code=OS1425103__fan.test.lacues.cn____
[2016-11-17 16:09:49.408]		推广：http://fan.test.lacues.cn/Product_Detail.html?pid=8016465485__fan.test.lacues.cn____
[2016-11-17 16:09:53.183]		推广：__fan.test.lacues.cn____
[2016-11-17 16:10:06.531]		推广：http://test.pay.lacues.cn/createorder/?c_order=OS1427103__fan.test.lacues.cn____
[2016-11-17 16:10:09.137]		推广：http://fan.test.lacues.cn/Order/OrderFail.html?orderid=OS1427103__fan.test.lacues.cn____
[2016-11-17 16:10:14.979]		推广：http://fan.test.lacues.cn/Order/OrderFail.html?orderid=OS1427103__fan.test.lacues.cn____
[2016-11-17 16:10:21.121]		推广：http://fan.test.lacues.cn/Account/MyOrder_detail.html?order_code=TWXJ00000000000000000000001869__fan.test.lacues.cn____
[2016-11-17 16:10:23.321]		推广：http://fan.test.lacues.cn/Product_Detail.html?pid=8016465485__fan.test.lacues.cn____
[2016-11-17 16:10:24.017]		推广：__fan.test.lacues.cn____
[2016-11-17 16:10:31.337]		推广：http://test.pay.lacues.cn/createorder/?c_order=OS1429103__fan.test.lacues.cn____
[2016-11-17 16:10:33.021]		推广：http://fan.test.lacues.cn/Order/OrderFail.html?orderid=OS1429103__fan.test.lacues.cn____
[2016-11-17 16:10:34.585]		推广：http://fan.test.lacues.cn/Account/MyOrder_detail.html?order_code=TWXJ00000000000000000000001871__fan.test.lacues.cn____
[2016-11-17 16:10:36.402]		推广：http://fan.test.lacues.cn/Product_Detail.html?pid=8016465485__fan.test.lacues.cn____
[2016-11-17 16:10:37.489]		推广：http://fan.test.lacues.cn/Account/MyOrder_detail.html?order_code=OS1425103__fan.test.lacues.cn____
[2016-11-17 16:10:38.919]		推广：http://fan.test.lacues.cn/Account/MyOrder_List.html?paytype=DFK__fan.test.lacues.cn____
[2016-11-17 16:10:41.714]		推广：http://fan.test.lacues.cn/Account/index.html?t=0.2437513500917703__fan.test.lacues.cn____
[2016-11-17 16:10:43.577]		推广：http://fan.test.lacues.cn/__fan.test.lacues.cn____
[2016-11-17 16:10:46.597]		推广：http://fan.test.lacues.cn/Search.html?t=0.6443895988631994__fan.test.lacues.cn____
[2016-11-17 16:10:54.428]		推广：http://fan.test.lacues.cn/Product_List.html?showtype=__fan.test.lacues.cn____
[2016-11-17 16:10:57.617]		推广：http://fan.test.lacues.cn/Product_Detail.html?pid=58016100267__fan.test.lacues.cn____
[2016-11-17 16:10:59.298]		推广：__fan.test.lacues.cn____
[2016-11-17 16:11:03.705]		推广：http://fan.test.lacues.cn/order/OrderConfirm.html?t=0.44340122281573713__fan.test.lacues.cn____
[2016-11-17 16:11:08.041]		推广：http://fan.test.lacues.cn/Account/AddressList.html?addressid=DZ161107100004__fan.test.lacues.cn____
[2016-11-17 16:11:09.360]		推广：__fan.test.lacues.cn____
[2016-11-17 16:11:13.964]		推广：http://fan.test.lacues.cn/order/OrderConfirm.html?t=0.09947961336001754__fan.test.lacues.cn____
[2016-11-17 16:11:16.916]		推广：http://fan.test.lacues.cn/Account/AddressList.html?addressid=DZ161109100002__fan.test.lacues.cn____
[2016-11-17 16:11:34.466]		推广：http://fan.test.lacues.cn/Account/AddressEdit.html?addressid=DZ161109100002__fan.test.lacues.cn____
[2016-11-17 16:11:37.290]		推广：http://fan.test.lacues.cn/Account/AddressList.html__fan.test.lacues.cn____
[2016-11-17 16:11:41.863]		推广：http://fan.test.lacues.cn/Account/AddressEdit.html?addressid=DZ161109100002__fan.test.lacues.cn____
[2016-11-17 16:11:44.234]		推广：__fan.test.lacues.cn____
[2016-11-17 16:11:47.324]		推广：http://fan.test.lacues.cn/order/OrderConfirm.html?t=0.19791212561540306__fan.test.lacues.cn____
[2016-11-17 16:11:49.341]		推广：http://fan.test.lacues.cn/Account/AddressList.html?addressid=DZ161109100002__fan.test.lacues.cn____
[2016-11-17 16:11:50.071]		推广：__fan.test.lacues.cn____
[2016-11-17 16:11:58.943]		推广：http://test.pay.lacues.cn/createorder/?c_order=OS1434103__fan.test.lacues.cn____
[2016-11-17 16:12:00.475]		推广：http://fan.test.lacues.cn/Account/AddressList.html?addressid=DZ161109100002__fan.test.lacues.cn____
[2016-11-17 16:12:01.555]		推广：__fan.test.lacues.cn____
[2016-11-17 16:12:02.211]		推广：http://fan.test.lacues.cn/order/OrderConfirm.html?t=0.7845465827267617__fan.test.lacues.cn____
[2016-11-17 16:12:04.910]		推广：http://fan.test.lacues.cn/Product_Detail.html?pid=58016100267__fan.test.lacues.cn____
[2016-11-17 16:12:05.635]		推广：__fan.test.lacues.cn____
[2016-11-17 16:12:09.712]		推广：http://fan.test.lacues.cn/order/OrderConfirm.html?t=0.5523809515871108__fan.test.lacues.cn____
[2016-11-17 16:12:12.281]		推广：http://fan.test.lacues.cn/Account/AddressList.html?addressid=DZ161107100004__fan.test.lacues.cn____
[2016-11-17 16:12:13.255]		推广：__fan.test.lacues.cn____
[2016-11-17 16:12:23.757]		推广：http://test.pay.lacues.cn/createorder/?c_order=OS1437103__fan.test.lacues.cn____
[2016-11-17 16:12:24.609]		推广：http://fan.test.lacues.cn/Account/AddressList.html?addressid=DZ161107100004__fan.test.lacues.cn____
[2016-11-17 16:12:25.561]		推广：__fan.test.lacues.cn____
[2016-11-17 16:12:28.248]		推广：http://fan.test.lacues.cn/order/OrderConfirm.html?t=0.7652111065108329__fan.test.lacues.cn____
[2016-11-17 16:12:29.168]		推广：http://fan.test.lacues.cn/Account/AddressList.html?addressid=DZ161107100004__fan.test.lacues.cn____
[2016-11-17 16:12:30.620]		推广：__fan.test.lacues.cn____
[2016-11-17 16:12:31.653]		推广：http://fan.test.lacues.cn/order/OrderConfirm.html?t=0.7322793724015355__fan.test.lacues.cn____
[2016-11-17 16:12:37.685]		推广：http://fan.test.lacues.cn/Product_List.html?showtype=__fan.test.lacues.cn____
[2016-11-17 16:12:43.224]		推广：http://fan.test.lacues.cn/Product_Detail.html?pid=58016100283__fan.test.lacues.cn____
[2016-11-17 16:12:44.559]		推广：__fan.test.lacues.cn____
[2016-11-17 16:12:54.410]		推广：http://test.pay.lacues.cn/createorder/?c_order=OS1439103__fan.test.lacues.cn____
[2016-11-17 16:12:56.591]		推广：http://fan.test.lacues.cn/Order/OrderFail.html?orderid=OS1439103__fan.test.lacues.cn____
[2016-11-17 16:12:58.716]		推广：http://fan.test.lacues.cn/Account/MyOrder_detail.html?order_code=TWXJ00000000000000000000001875__fan.test.lacues.cn____
[2016-11-17 16:13:03.596]		推广：http://fan.test.lacues.cn/Product_Detail.html?pid=58016100283__fan.test.lacues.cn____
[2016-11-17 16:13:10.584]		推广：__fan.test.lacues.cn____
[2016-11-17 16:13:10.929]		推广：http://fan.test.lacues.cn/Product_List.html?showtype=__fan.test.lacues.cn____
[2016-11-17 16:13:14.765]		推广：http://fan.test.lacues.cn/__fan.test.lacues.cn____
[2016-11-17 16:13:16.910]		推广：http://fan.test.lacues.cn/Account/index.html?t=0.14154405193403363__fan.test.lacues.cn____
[2016-11-17 16:13:19.465]		推广：http://fan.test.lacues.cn/Account/MyOrder_List.html?paytype=DFK__fan.test.lacues.cn____
[2016-11-17 16:13:21.714]		推广：__fan.test.lacues.cn____
[2016-11-17 16:13:21.901]		推广：http://fan.test.lacues.cn/Account/MyOrder_detail.html?order_code=OS1437103__fan.test.lacues.cn____
[2016-11-17 16:13:25.491]		推广：http://fan.test.lacues.cn/Product_Detail.html?pid=58016100267__fan.test.lacues.cn____
[2016-11-17 16:13:26.155]		推广：__fan.test.lacues.cn____
[2016-11-17 16:13:29.773]		推广：http://fan.test.lacues.cn/order/OrderConfirm.html?t=0.8175530980806798__fan.test.lacues.cn____
[2016-11-17 16:13:32.924]		推广：http://fan.test.lacues.cn/Account/AddressList.html?addressid=DZ161107100004__fan.test.lacues.cn____
[2016-11-17 16:13:34.324]		推广：__fan.test.lacues.cn____
[2016-11-17 16:13:40.817]		推广：http://test.pay.lacues.cn/createorder/?c_order=OS1442103__fan.test.lacues.cn____
[2016-11-17 16:13:42.587]		推广：http://fan.test.lacues.cn/Order/OrderFail.html?orderid=OS1442103__fan.test.lacues.cn____
[2016-11-17 16:13:45.717]		推广：http://fan.test.lacues.cn/Account/MyOrder_detail.html?order_code=TWXJ00000000000000000000001877__fan.test.lacues.cn____
[2016-11-17 16:13:50.001]		推广：http://fan.test.lacues.cn/Product_Detail.html?pid=58016100267__fan.test.lacues.cn____
[2016-11-17 16:13:50.723]		推广：__fan.test.lacues.cn____
[2016-11-17 16:13:54.967]		推广：http://fan.test.lacues.cn/order/OrderConfirm.html?t=0.7723787056747824__fan.test.lacues.cn____
[2016-11-17 16:13:57.376]		推广：http://fan.test.lacues.cn/Account/AddressList.html?addressid=DZ161107100004__fan.test.lacues.cn____
[2016-11-17 16:13:58.085]		推广：__fan.test.lacues.cn____
[2016-11-17 16:14:04.369]		推广：http://test.pay.lacues.cn/createorder/?c_order=OS1445103__fan.test.lacues.cn____
[2016-11-17 16:14:06.286]		推广：http://fan.test.lacues.cn/Account/AddressList.html?addressid=DZ161107100004__fan.test.lacues.cn____
[2016-11-17 16:14:06.867]		推广：__fan.test.lacues.cn____
[2016-11-17 16:14:07.509]		推广：http://fan.test.lacues.cn/order/OrderConfirm.html?t=0.22698557772673666__fan.test.lacues.cn____
[2016-11-17 16:14:12.282]		推广：http://fan.test.lacues.cn/Product_Detail.html?pid=58016100267__fan.test.lacues.cn____
[2016-11-17 16:14:12.960]		推广：__fan.test.lacues.cn____
[2016-11-17 16:14:17.153]		推广：http://fan.test.lacues.cn/order/OrderConfirm.html?t=0.11418328224681318__fan.test.lacues.cn____
[2016-11-17 16:14:19.303]		推广：http://fan.test.lacues.cn/Account/AddressList.html?addressid=DZ161107100004__fan.test.lacues.cn____
[2016-11-17 16:14:21.081]		推广：__fan.test.lacues.cn____
[2016-11-17 16:14:27.365]		推广：http://test.pay.lacues.cn/createorder/?c_order=OS1448103__fan.test.lacues.cn____
[2016-11-17 16:14:30.132]		推广：http://fan.test.lacues.cn/Order/OrderFail.html?orderid=OS1448103__fan.test.lacues.cn____
[2016-11-17 16:14:31.519]		推广：http://fan.test.lacues.cn/Account/MyOrder_detail.html?order_code=TWXJ00000000000000000000001880__fan.test.lacues.cn____
[2016-11-17 16:14:33.601]		推广：http://fan.test.lacues.cn/Product_Detail.html?pid=58016100267__fan.test.lacues.cn____
[2016-11-17 16:14:36.776]		推广：__fan.test.lacues.cn____
[2016-11-17 16:14:45.842]		推广：__fan.test.lacues.cn____
[2016-11-17 16:14:48.099]		推广：http://fan.test.lacues.cn/__fan.test.lacues.cn____
[2016-11-17 16:14:50.202]		推广：http://fan.test.lacues.cn/Account/index.html?t=0.6810016226954758__fan.test.lacues.cn____
[2016-11-17 16:14:54.983]		推广：http://fan.test.lacues.cn/Account/MyOrder_List.html?paytype=DFK__fan.test.lacues.cn____
[2016-11-17 16:14:59.335]		推广：http://fan.test.lacues.cn/Account/MyOrder_detail.html?order_code=OS1429103__fan.test.lacues.cn____
[2016-11-17 16:15:01.469]		推广：http://fan.test.lacues.cn/Product_Detail.html?pid=8016465485__fan.test.lacues.cn____
[2016-11-17 16:15:02.119]		推广：__fan.test.lacues.cn____
[2016-11-17 16:15:10.206]		推广：http://test.pay.lacues.cn/createorder/?c_order=OS1450103__fan.test.lacues.cn____
[2016-11-17 16:15:13.163]		推广：http://fan.test.lacues.cn/Product_Detail.html?pid=8016465485__fan.test.lacues.cn____
[2016-11-17 16:15:14.033]		推广：__fan.test.lacues.cn____
[2016-11-17 16:15:14.668]		推广：http://fan.test.lacues.cn/order/OrderConfirm.html?t=0.13181914831511676__fan.test.lacues.cn____
[2016-11-17 16:15:20.599]		推广：http://fan.test.lacues.cn/Product_Detail.html?pid=8016465485__fan.test.lacues.cn____
[2016-11-17 16:15:21.721]		推广：__fan.test.lacues.cn____
[2016-11-17 16:15:30.393]		推广：http://test.pay.lacues.cn/createorder/?c_order=OS1452103__fan.test.lacues.cn____
[2016-11-17 16:15:32.032]		推广：http://fan.test.lacues.cn/Product_Detail.html?pid=8016465485__fan.test.lacues.cn____
[2016-11-17 16:15:33.334]		推广：__fan.test.lacues.cn____
[2016-11-17 16:15:37.569]		推广：http://fan.test.lacues.cn/order/OrderConfirm.html?t=0.6196595763321966__fan.test.lacues.cn____
[2016-11-17 16:15:41.553]		推广：http://fan.test.lacues.cn/order/OrderConfirm.html?t=0.6196595763321966__fan.test.lacues.cn____
[2016-11-17 16:15:42.344]		推广：http://fan.test.lacues.cn/Account/index.html?t=0.3558395339295639__fan.test.lacues.cn____
[2016-11-17 16:15:43.859]		推广：http://fan.test.lacues.cn/Product_Detail.html?pid=8016465485__fan.test.lacues.cn____
[2016-11-17 16:15:45.853]		推广：__fan.test.lacues.cn____
[2016-11-17 16:16:08.503]		推广：__fan.test.lacues.cn____
[2016-11-17 16:16:09.439]		推广：__fan.test.lacues.cn____
[2016-11-17 16:16:20.220]		推广：http://fan.test.lacues.cn/Account/index.html?t=0.3558395339295639__fan.test.lacues.cn____
[2016-11-17 16:16:20.993]		推广：http://test.pay.lacues.cn/createorder/?c_order=OS1454103__fan.test.lacues.cn____
[2016-11-17 16:16:50.185]		推广：http://fan.test.lacues.cn/Order/OrderFail.html?orderid=OS1454103__fan.test.lacues.cn____
[2016-11-17 16:17:01.133]		推广：http://fan.test.lacues.cn/Account/index.html?t=0.3558395339295639__fan.test.lacues.cn____
[2016-11-17 16:17:17.462]		推广：http://fan.test.lacues.cn/cart.html?t=0.8345540854076159__fan.test.lacues.cn____
[2016-11-17 16:17:19.372]		推广：http://fan.test.lacues.cn/Sale/FullCut.html?t=0.9006328878564946__fan.test.lacues.cn____
[2016-11-17 16:17:27.270]		推广：http://fan.test.lacues.cn/Account/MyOrder_detail.html?order_code=TWXJ00000000000000000000001884__fan.test.lacues.cn____
[2016-11-17 16:17:32.495]		推广：__fan.test.lacues.cn____
[2016-11-17 16:17:34.356]		推广：http://fan.test.lacues.cn/__fan.test.lacues.cn____
[2016-11-17 16:17:55.035]		推广：http://fan.test.lacues.cn/Account/index.html?t=0.9164327012840658__fan.test.lacues.cn____
[2016-11-17 16:17:58.469]		推广：http://fan.test.lacues.cn/Account/MyCollection.html?t=0.08540861867368221__fan.test.lacues.cn____
[2016-11-17 16:18:03.478]		推广：http://fan.test.lacues.cn/Account/index.html?t=0.9164327012840658__fan.test.lacues.cn____
[2016-11-17 16:18:08.812]		推广：http://fan.test.lacues.cn/Account/MyViewHistory.html?t=0.8271906280424446__fan.test.lacues.cn____
[2016-11-17 16:18:12.613]		推广：http://fan.test.lacues.cn/__fan.test.lacues.cn____
[2016-11-17 16:18:14.350]		推广：http://fan.test.lacues.cn/Account/index.html?t=0.46936953184194863__fan.test.lacues.cn____
[2016-11-17 16:18:30.762]		推广：http://fan.test.lacues.cn/cart.html?t=0.012771128211170435__fan.test.lacues.cn____
[2016-11-17 16:18:42.042]		推广：http://fan.test.lacues.cn/cart.html?t=0.012771128211170435__fan.test.lacues.cn____
[2016-11-17 16:18:47.015]		推广：http://fan.test.lacues.cn/Product_Detail.html?pid=8016465483__fan.test.lacues.cn____
[2016-11-17 16:19:36.703]		推广：http://fan.test.lacues.cn/Account/MyViewHistory.html?t=0.24338419688865542__fan.test.lacues.cn____
[2016-11-17 16:19:47.301]		推广：http://fan.test.lacues.cn/__fan.test.lacues.cn____
[2016-11-17 16:19:56.336]		推广：http://fan.test.lacues.cn/Account/index.html?t=0.8710680417716503__fan.test.lacues.cn____
[2016-11-17 16:20:02.937]		推广：http://fan.test.lacues.cn/Feedback_Index.html?t=0.15491379098966718__fan.test.lacues.cn____
[2016-11-17 16:20:05.961]		推广：http://fan.test.lacues.cn/Account/index.html?t=0.22430737549439073__fan.test.lacues.cn____
[2016-11-17 16:20:18.749]		推广：http://fan.test.lacues.cn/cart.html?t=0.8345540854076159__fan.test.lacues.cn____
[2016-11-17 16:20:20.670]		推广：http://fan.test.lacues.cn/Sale/FullCut.html?t=0.2441174973064093__fan.test.lacues.cn____
[2016-11-17 16:20:21.670]		推广：http://fan.test.lacues.cn/Account/MyOrder_List.html?paytype=DFK__fan.test.lacues.cn____
[2016-11-17 16:20:24.799]		推广：http://fan.test.lacues.cn/Account/index.html?t=0.22430737549439073__fan.test.lacues.cn____
[2016-11-17 16:20:27.601]		推广：http://fan.test.lacues.cn/cart.html?t=0.8345540854076159__fan.test.lacues.cn____
[2016-11-17 16:20:27.841]		推广：http://fan.test.lacues.cn/Account/index.html?t=0.8710680417716503__fan.test.lacues.cn____
[2016-11-17 16:20:29.096]		推广：http://fan.test.lacues.cn/Sale/FullCut.html?t=0.5071976669797513__fan.test.lacues.cn____
[2016-11-17 16:20:34.964]		推广：http://fan.test.lacues.cn/__fan.test.lacues.cn____
[2016-11-17 16:20:45.968]		推广：http://fan.test.lacues.cn/cart.html__fan.test.lacues.cn____
[2016-11-17 16:20:52.717]		推广：http://fan.test.lacues.cn/Account/index.html?t=0.3558395339295639__fan.test.lacues.cn____
[2016-11-17 16:21:24.841]		推广：http://fan.test.lacues.cn/cart.html?t=0.8345540854076159__fan.test.lacues.cn____
[2016-11-17 16:21:26.371]		推广：http://fan.test.lacues.cn/Sale/FullCut.html?t=0.47011213751332104__fan.test.lacues.cn____
[2016-11-17 16:21:35.345]		推广：http://fan.test.lacues.cn/__fan.test.lacues.cn____
[2016-11-17 16:21:37.401]		推广：__fan.test.lacues.cn____
[2016-11-17 16:22:15.419]		推广：http://fan.test.lacues.cn/cart.html__fan.test.lacues.cn____
[2016-11-17 16:22:18.414]		推广：http://fan.test.lacues.cn/__fan.test.lacues.cn____
[2016-11-17 16:22:21.457]		推广：http://fan.test.lacues.cn/Account/index.html?t=0.5496192264836282__fan.test.lacues.cn____
[2016-11-17 16:26:34.303]		推广：http://fan.test.lacues.cn/__fan.test.lacues.cn____
[2016-11-17 16:27:19.402]		推广：http://fan.test.lacues.cn/cart.html?t=0.8345540854076159__fan.test.lacues.cn____
[2016-11-17 16:27:21.095]		推广：http://fan.test.lacues.cn/Product_Detail.html?pid=8016465485__fan.test.lacues.cn____
[2016-11-17 16:27:24.161]		推广：http://fan.test.lacues.cn/cart.html__fan.test.lacues.cn____
[2016-11-17 16:27:25.702]		推广：http://fan.test.lacues.cn/__fan.test.lacues.cn____
[2016-11-17 16:27:27.842]		推广：http://fan.test.lacues.cn/Account/index.html?t=0.46290462313045166__fan.test.lacues.cn____
[2016-11-17 16:27:42.804]		推广：__fan.test.lacues.cn____
[2016-11-17 16:27:43.498]		推广：http://fan.test.lacues.cn/__fan.test.lacues.cn____
[2016-11-17 16:27:44.269]		推广：http://fan.test.lacues.cn/Account/login.html?t=0.4680641401686827__fan.test.lacues.cn____
[2016-11-17 16:27:46.472]		推广：http://fan.test.lacues.cn/__fan.test.lacues.cn____
[2016-11-17 16:27:50.350]		推广：http://fan.test.lacues.cn/Search.html?t=0.13552855619326487__fan.test.lacues.cn____
[2016-11-17 16:28:56.840]		推广：http://fan.test.lacues.cn/Product_List.html?showtype=__fan.test.lacues.cn____
[2016-11-17 16:30:43.295]		推广：http://fan.test.lacues.cn/cart.html__fan.test.lacues.cn____
[2016-11-17 16:30:44.935]		推广：__fan.test.lacues.cn____
[2016-11-17 16:31:26.757]		推广：http://fan.test.lacues.cn/cart.html__fan.test.lacues.cn____
[2016-11-17 16:31:30.010]		推广：http://fan.test.lacues.cn/__fan.test.lacues.cn____
[2016-11-17 16:31:33.668]		推广：http://fan.test.lacues.cn/Search.html?t=0.2486831271935266__fan.test.lacues.cn____
[2016-11-17 16:31:35.272]		推广：http://fan.test.lacues.cn/Search.html?t=0.13552855619326487__fan.test.lacues.cn____
[2016-11-17 16:31:35.395]		推广：http://fan.test.lacues.cn/__fan.test.lacues.cn____
[2016-11-17 16:31:35.607]		推广：http://fan.test.lacues.cn/__fan.test.lacues.cn____
[2016-11-17 16:31:36.554]		推广：__fan.test.lacues.cn____
[2016-11-17 16:31:37.628]		推广：http://fan.test.lacues.cn/Account/index.html?t=0.044450263489156816__fan.test.lacues.cn____
[2016-11-17 16:31:38.425]		推广：http://fan.test.lacues.cn/__fan.test.lacues.cn____
[2016-11-17 16:31:38.658]		推广：http://fan.test.lacues.cn/Account/index.html?t=0.27119583969679284__fan.test.lacues.cn____
[2016-11-17 16:31:39.942]		推广：http://fan.test.lacues.cn/__fan.test.lacues.cn____
[2016-11-17 16:31:41.617]		推广：http://fan.test.lacues.cn/Account/index.html?t=0.27119583969679284__fan.test.lacues.cn____
[2016-11-17 16:31:43.698]		推广：http://fan.test.lacues.cn/Account/MyAccount.html?t=0.3214384147803535__fan.test.lacues.cn____
[2016-11-17 16:31:48.639]		推广：http://fan.test.lacues.cn/Account/MyAccount.html?t=0.3214384147803535__fan.test.lacues.cn____
[2016-11-17 16:31:50.175]		推广：http://fan.test.lacues.cn/Account/index.html?t=0.4831456182490652__fan.test.lacues.cn____
[2016-11-17 16:32:13.995]		推广：http://fan.test.lacues.cn/Account/login.html?t=0.9579168268861589__fan.test.lacues.cn____
[2016-11-17 16:32:17.054]		推广：http://fan.test.lacues.cn/index.html__fan.test.lacues.cn____
[2016-11-17 16:35:03.161]		推广：http://fan.test.lacues.cn/__fan.test.lacues.cn____
[2016-11-17 16:35:04.769]		推广：__fan.test.lacues.cn____
[2016-11-17 16:35:08.949]		推广：http://fan.test.lacues.cn/__fan.test.lacues.cn____
[2016-11-17 16:36:38.528]		推广：http://fan.test.lacues.cn/__fan.test.lacues.cn____
[2016-11-17 16:36:46.950]		推广：http://fan.test.lacues.cn/cart.html__fan.test.lacues.cn____
[2016-11-17 16:37:00.558]		推广：http://fan.test.lacues.cn/index.html__fan.test.lacues.cn____
[2016-11-17 16:37:03.689]		推广：http://fan.test.lacues.cn/Search.html?t=0.14409597701271948__fan.test.lacues.cn____
[2016-11-17 16:37:46.214]		推广：__fan.test.lacues.cn____
[2016-11-17 16:37:46.799]		推广：http://fan.test.lacues.cn/Product_Detail.html?pid=8016465488__fan.test.lacues.cn____
[2016-11-17 16:38:19.474]		推广：http://fan.test.lacues.cn/cart.html?t=0.39081410481594503__fan.test.lacues.cn____
[2016-11-17 16:39:04.431]		推广：http://fan.test.lacues.cn/cart.html?t=0.39081410481594503__fan.test.lacues.cn____
[2016-11-17 16:39:35.358]		推广：http://fan.test.lacues.cn/Product_Detail.html?pid=8016465488__fan.test.lacues.cn____
[2016-11-17 16:39:40.159]		推广：http://fan.test.lacues.cn/__fan.test.lacues.cn____
[2016-11-17 16:45:39.990]		推广：http://fan.test.lacues.cn/Product_Detail.html?pid=8016465488__fan.test.lacues.cn____
[2016-11-17 16:45:45.325]		推广：__fan.test.lacues.cn____
[2016-11-17 16:46:32.883]		推广：http://fan.test.lacues.cn/__fan.test.lacues.cn____
[2016-11-17 16:46:42.749]		推广：http://fan.test.lacues.cn/Search.html?t=0.7855918238436921__fan.test.lacues.cn____
[2016-11-17 16:46:45.272]		推广：__fan.test.lacues.cn____
[2016-11-17 16:46:48.993]		推广：http://fan.test.lacues.cn/__fan.test.lacues.cn____
[2016-11-17 16:46:49.960]		推广：http://fan.test.lacues.cn/Account/index.html?t=0.7586767534968386__fan.test.lacues.cn____
[2016-11-17 16:47:08.613]		推广：http://fan.test.lacues.cn/Product_List.html?showtype=__fan.test.lacues.cn____
[2016-11-17 16:47:09.082]		推广：http://fan.test.lacues.cn/Account/index.html?t=0.7586767534968386__fan.test.lacues.cn____
[2016-11-17 16:47:54.411]		推广：http://fan.test.lacues.cn/cart.html?t=0.39081410481594503__fan.test.lacues.cn____
[2016-11-17 16:47:56.169]		推广：http://fan.test.lacues.cn/Product_Detail.html?pid=8016465485__fan.test.lacues.cn____
[2016-11-17 16:47:57.067]		推广：http://fan.test.lacues.cn/cart.html?t=0.39081410481594503__fan.test.lacues.cn____
[2016-11-17 16:48:08.620]		推广：http://fan.test.lacues.cn/index.html__fan.test.lacues.cn____
[2016-11-17 16:48:16.412]		推广：http://fan.test.lacues.cn/Account/index.html?t=0.04156148759648204__fan.test.lacues.cn____
[2016-11-17 16:48:43.447]		推广：http://fan.test.lacues.cn/Account/login.html?t=0.3738236881326884__fan.test.lacues.cn____
[2016-11-17 16:48:46.808]		推广：http://fan.test.lacues.cn/cart.html__fan.test.lacues.cn____
[2016-11-17 16:48:57.626]		推广：http://fan.test.lacues.cn/Product_Detail.html?pid=8016465485__fan.test.lacues.cn____
[2016-11-17 16:49:23.177]		推广：__fan.test.lacues.cn____
[2016-11-17 16:49:25.156]		推广：http://fan.test.lacues.cn/__fan.test.lacues.cn____
[2016-11-17 16:49:26.962]		推广：http://fan.test.lacues.cn/Account/index.html?t=0.5789898186922073__fan.test.lacues.cn____
[2016-11-17 16:49:39.966]		推广：__fan.test.lacues.cn____
[2016-11-17 16:49:59.438]		推广：http://fan.test.lacues.cn/Account/login.html?t=0.42950939376458996__fan.test.lacues.cn____
[2016-11-17 16:50:00.882]		推广：http://fan.test.lacues.cn/__fan.test.lacues.cn____
[2016-11-17 16:50:03.682]		推广：http://fan.test.lacues.cn/Account/index.html?t=0.1381227618549019__fan.test.lacues.cn____
[2016-11-17 16:50:23.271]		推广：http://fan.test.lacues.cn/Account/MyOrder_List.html?paytype=DFK__fan.test.lacues.cn____
[2016-11-17 16:50:35.367]		推广：__fan.test.lacues.cn____
[2016-11-17 16:53:15.901]		推广：http://fan.test.lacues.cn/cart.html__fan.test.lacues.cn____
[2016-11-17 16:53:17.817]		推广：http://fan.test.lacues.cn/Account/index.html?t=0.31250966526567936__fan.test.lacues.cn____
[2016-11-17 16:53:20.386]		推广：http://fan.test.lacues.cn/__fan.test.lacues.cn____
[2016-11-17 16:53:21.662]		推广：http://fan.test.lacues.cn/Account/index.html?t=0.31250966526567936__fan.test.lacues.cn____
[2016-11-17 16:53:21.839]		推广：http://fan.test.lacues.cn/Account/index.html?t=0.13694601152570884__fan.test.lacues.cn____
[2016-11-17 16:53:26.119]		推广：http://fan.test.lacues.cn/Account/index.html?t=0.31250966526567936__fan.test.lacues.cn____
[2016-11-17 16:53:27.976]		推广：http://fan.test.lacues.cn/index.html__fan.test.lacues.cn____
[2016-11-17 16:53:36.760]		推广：http://fan.test.lacues.cn/order/OrderConfirm.html?t=0.5856120110207426__fan.test.lacues.cn____
[2016-11-17 16:54:32.402]		推广：http://fan.test.lacues.cn/Account/index.html?t=0.1381227618549019__fan.test.lacues.cn____
[2016-11-17 16:54:43.203]		推广：__fan.test.lacues.cn____
[2016-11-17 16:54:47.270]		推广：http://fan.test.lacues.cn/order/MyOrder_pay.html?order_code=OS1376103__fan.test.lacues.cn____
[2016-11-17 16:54:51.666]		推广：__fan.test.lacues.cn____
[2016-11-17 16:54:56.313]		推广：http://fan.test.lacues.cn/order/MyOrder_pay.html?order_code=OS1445103__fan.test.lacues.cn____
[2016-11-17 16:55:01.263]		推广：__fan.test.lacues.cn____
[2016-11-17 16:55:08.909]		推广：http://fan.test.lacues.cn/order/MyOrder_pay.html?order_code=OS1445103__fan.test.lacues.cn____
[2016-11-17 16:55:13.853]		推广：__fan.test.lacues.cn____
[2016-11-17 16:59:47.247]		推广：http://fan.test.lacues.cn/order/MyOrder_pay.html?order_code=OS1445103__fan.test.lacues.cn____
[2016-11-17 16:59:49.148]		推广：http://fan.test.lacues.cn/order/MyOrder_pay.html?order_code=OS1376103__fan.test.lacues.cn____
[2016-11-17 16:59:50.058]		推广：http://fan.test.lacues.cn/Account/index.html?t=0.1381227618549019__fan.test.lacues.cn____
[2016-11-17 16:59:50.387]		推广：http://fan.test.lacues.cn/__fan.test.lacues.cn____
[2016-11-17 17:02:56.891]		推广：http://cdlq-zt.5wjs.com/cdlq/web/template/template.html?pNum=PNM161117100001__fan.test.lacues.cn____
[2016-11-17 17:06:54.505]		推广：http://fan.test.lacues.cn/order/OrderConfirm.html?t=0.5856120110207426__fan.test.lacues.cn____
[2016-11-17 17:07:19.728]		推广：http://cdlq-zt.5wjs.com/cdlq/web/template/template.html?pNum=PNM161117100001__fan.test.lacues.cn____
[2016-11-17 17:07:40.788]		推广：__fan.test.lacues.cn____
[2016-11-17 17:07:43.407]		推广：__fan.test.lacues.cn____
[2016-11-17 17:07:44.212]		推广：http://fan.test.lacues.cn/__fan.test.lacues.cn____
[2016-11-17 17:07:45.982]		推广：http://fan.test.lacues.cn/Search.html?t=0.7156840084980745__fan.test.lacues.cn____
[2016-11-17 17:07:48.773]		推广：http://fan.test.lacues.cn/Product_List.html?showtype=__fan.test.lacues.cn____
[2016-11-17 17:07:50.211]		推广：http://fan.test.lacues.cn/Product_Detail.html?pid=8016465485__fan.test.lacues.cn____
[2016-11-17 17:07:52.878]		推广：http://fan.test.lacues.cn/order/OrderConfirm.html?t=0.06194126921565424__fan.test.lacues.cn____
[2016-11-17 17:08:32.350]		推广：__fan.test.lacues.cn____
[2016-11-17 17:08:36.144]		推广：http://fan.test.lacues.cn/__fan.test.lacues.cn____
[2016-11-17 17:08:37.778]		推广：__fan.test.lacues.cn____
[2016-11-17 17:08:39.877]		推广：http://fan.test.lacues.cn/Account/index.html?t=0.93715500831604__fan.test.lacues.cn____
[2016-11-17 17:08:58.303]		推广：__fan.test.lacues.cn____
[2016-11-17 17:09:11.205]		推广：http://fan.test.lacues.cn/__fan.test.lacues.cn____
[2016-11-17 17:10:28.832]		推广：__fan.test.lacues.cn____
[2016-11-17 17:10:31.773]		推广：http://fan.test.lacues.cn/__fan.test.lacues.cn____
[2016-11-17 17:10:35.275]		推广：http://fan.test.lacues.cn/Account/index.html?t=0.8874965237919241__fan.test.lacues.cn____
[2016-11-17 17:10:41.735]		推广：__fan.test.lacues.cn____
[2016-11-17 17:10:56.906]		推广：http://test.pay.lacues.cn/createorder/?c_order=OS1445103__fan.test.lacues.cn____
[2016-11-17 17:11:25.028]		推广：http://fan.test.lacues.cn/Order/OrderSuccess.html?orderid=OS1445103__fan.test.lacues.cn____
[2016-11-17 17:11:43.935]		推广：http://fan.test.lacues.cn/index.html__fan.test.lacues.cn____
[2016-11-17 17:11:45.374]		推广：http://fan.test.lacues.cn/Account/index.html?t=0.054438598407251515__fan.test.lacues.cn____
[2016-11-17 17:12:03.087]		推广：http://fan.test.lacues.cn/Account/login.html?t=0.2989122476596524__fan.test.lacues.cn____
[2016-11-17 17:12:04.968]		推广：http://fan.test.lacues.cn/index.html__fan.test.lacues.cn____
[2016-11-17 17:12:07.189]		推广：http://fan.test.lacues.cn/Account/MyOrder_List.html?paytype=ALL__fan.test.lacues.cn____
[2016-11-17 17:12:14.133]		推广：http://fan.test.lacues.cn/cart.html__fan.test.lacues.cn____
[2016-11-17 17:12:14.755]		推广：http://fan.test.lacues.cn/index.html__fan.test.lacues.cn____
[2016-11-17 17:12:19.859]		推广：http://fan.test.lacues.cn/cart.html__fan.test.lacues.cn____
[2016-11-17 17:12:26.112]		推广：http://fan.test.lacues.cn/index.html__fan.test.lacues.cn____
[2016-11-17 17:12:29.731]		推广：http://fan.test.lacues.cn/Product_Detail.html?pid=8016465481__fan.test.lacues.cn____
[2016-11-17 17:12:35.818]		推广：http://fan.test.lacues.cn/index.html__fan.test.lacues.cn____
[2016-11-17 17:12:39.570]		推广：http://fan.test.lacues.cn/Product_Detail.html?pid=8016465484__fan.test.lacues.cn____
[2016-11-17 17:12:45.394]		推广：__fan.test.lacues.cn____
[2016-11-17 17:12:48.376]		推广：http://fan.test.lacues.cn/cart.html?t=0.6859904726730353__fan.test.lacues.cn____
[2016-11-17 17:12:48.905]		推广：http://fan.test.lacues.cn/Account/MyOrder_detail.html?order_code=DD1466103__fan.test.lacues.cn____
[2016-11-17 17:12:50.602]		推广：http://fan.test.lacues.cn/Account/MyOrder_List.html?paytype=ALL__fan.test.lacues.cn____
[2016-11-17 17:12:52.720]		推广：http://fan.test.lacues.cn/Account/MyOrder_List.html?paytype=DFK__fan.test.lacues.cn____
[2016-11-17 17:12:57.010]		推广：http://fan.test.lacues.cn/Account/MyOrder_detail.html?order_code=OS1442103__fan.test.lacues.cn____
[2016-11-17 17:13:18.428]		推广：__fan.test.lacues.cn____
[2016-11-17 17:14:00.421]		推广：http://fan.test.lacues.cn/Product_Detail.html?pid=8016465484__fan.test.lacues.cn____
[2016-11-17 17:15:10.803]		推广：http://fan.test.lacues.cn/cart.html__fan.test.lacues.cn____
[2016-11-17 17:15:13.515]		推广：http://fan.test.lacues.cn/Account/index.html?t=0.2197837303392589__fan.test.lacues.cn____
[2016-11-17 17:15:14.836]		推广：http://fan.test.lacues.cn/Account/index.html?t=0.2197837303392589__fan.test.lacues.cn____
[2016-11-17 17:15:29.810]		推广：http://fan.test.lacues.cn/Account/login.html?t=0.7553634552750736__fan.test.lacues.cn____
[2016-11-17 17:15:33.898]		推广：http://fan.test.lacues.cn/index.html__fan.test.lacues.cn____
[2016-11-17 17:15:50.818]		推广：__fan.test.lacues.cn____
[2016-11-17 17:15:52.612]		推广：http://fan.test.lacues.cn/__fan.test.lacues.cn____
[2016-11-17 17:15:53.288]		推广：http://fan.test.lacues.cn/Search.html?t=0.19659646240029582__fan.test.lacues.cn____
[2016-11-17 17:15:55.388]		推广：http://fan.test.lacues.cn/Product_List.html?showtype=__fan.test.lacues.cn____
[2016-11-17 17:16:01.549]		推广：http://fan.test.lacues.cn/Product_Detail.html?pid=8016465483__fan.test.lacues.cn____
[2016-11-17 17:17:24.481]		推广：http://fan.test.lacues.cn/Product_Detail.html?pid=8016465483__fan.test.lacues.cn____
[2016-11-17 17:18:07.460]		推广：http://fan.test.lacues.cn/cart.html__fan.test.lacues.cn____
[2016-11-17 17:18:59.431]		推广：__fan.test.lacues.cn____
[2016-11-17 17:19:02.327]		推广：http://fan.test.lacues.cn/order/OrderConfirm.html?t=0.06194126921565424__fan.test.lacues.cn____
[2016-11-17 17:19:15.342]		推广：__fan.test.lacues.cn____
[2016-11-17 17:19:19.796]		推广：__fan.test.lacues.cn____
[2016-11-17 17:19:22.811]		推广：http://fan.test.lacues.cn/cart.html?t=0.6859904726730353__fan.test.lacues.cn____
[2016-11-17 17:19:30.144]		推广：http://fan.test.lacues.cn/Product_Detail.html?pid=8016465484__fan.test.lacues.cn____
[2016-11-17 17:19:31.477]		推广：http://fan.test.lacues.cn/index.html__fan.test.lacues.cn____
[2016-11-17 17:19:32.807]		推广：http://fan.test.lacues.cn/Account/index.html?t=0.7722786033280151__fan.test.lacues.cn____
[2016-11-17 17:19:41.253]		推广：http://fan.test.lacues.cn/Account/MyAccount.html?t=0.15301356034181301__fan.test.lacues.cn____
[2016-11-17 17:19:44.159]		推广：http://fan.test.lacues.cn/Account/MyAccount.html?t=0.15301356034181301__fan.test.lacues.cn____
[2016-11-17 17:19:45.782]		推广：http://fan.test.lacues.cn/Account/index.html?t=0.21807499115868056__fan.test.lacues.cn____
[2016-11-17 17:20:16.862]		推广：http://fan.test.lacues.cn/order/OrderConfirm.html?t=0.06194126921565424__fan.test.lacues.cn____
[2016-11-17 17:20:28.406]		推广：http://fan.test.lacues.cn/Account/login.html?t=0.8110676548209861__fan.test.lacues.cn____
[2016-11-17 17:20:30.894]		推广：http://fan.test.lacues.cn/index.html__fan.test.lacues.cn____
[2016-11-17 17:20:38.328]		推广：http://fan.test.lacues.cn/cart.html__fan.test.lacues.cn____
[2016-11-17 17:20:39.617]		推广：http://fan.test.lacues.cn/Product_Detail.html?pid=8016465485__fan.test.lacues.cn____
[2016-11-17 17:21:07.580]		推广：__fan.test.lacues.cn____
[2016-11-17 17:21:47.800]		推广：__fan.test.lacues.cn____
[2016-11-17 17:22:09.877]		推广：http://fan.test.lacues.cn/Account/index.html?t=0.3558395339295639__fan.test.lacues.cn____
[2016-11-17 17:23:12.718]		推广：http://fan.test.lacues.cn/Account/index.html?t=0.3558395339295639__fan.test.lacues.cn____
[2016-11-17 17:25:12.847]		推广：__fan.test.lacues.cn____
[2016-11-17 17:25:20.106]		推广：http://fan.test.lacues.cn/Account/index.html?t=0.3558395339295639__fan.test.lacues.cn____
[2016-11-17 17:25:26.953]		推广：__fan.test.lacues.cn____
[2016-11-17 17:25:31.027]		推广：__fan.test.lacues.cn____
[2016-11-17 17:25:37.210]		推广：__fan.test.lacues.cn____
[2016-11-17 17:25:43.934]		推广：http://fan.test.lacues.cn/Account/index.html?t=0.8570678510782854__fan.test.lacues.cn____
[2016-11-17 17:25:54.744]		推广：http://fan.test.lacues.cn/Account/login.html?t=0.3467414591058364__fan.test.lacues.cn____
[2016-11-17 17:25:57.979]		推广：http://fan.test.lacues.cn/__fan.test.lacues.cn____
[2016-11-17 17:26:01.968]		推广：http://fan.test.lacues.cn/cart.html__fan.test.lacues.cn____
[2016-11-17 17:26:03.892]		推广：http://fan.test.lacues.cn/Sale/FullCut.html?t=0.8878472109351645__fan.test.lacues.cn____
[2016-11-17 17:26:15.983]		推广：http://fan.test.lacues.cn/Account/index.html?t=0.09407115591396353__fan.test.lacues.cn____
[2016-11-17 17:26:17.621]		推广：http://fan.test.lacues.cn/Account/MyOrder_List.html?paytype=ALL__fan.test.lacues.cn____
[2016-11-17 17:27:04.315]		推广：http://fan.test.lacues.cn/Account/index.html?t=0.09407115591396353__fan.test.lacues.cn____
[2016-11-17 17:27:06.621]		推广：http://fan.test.lacues.cn/Account/MyTKSH_List.html?paytype=TKSH__fan.test.lacues.cn____
[2016-11-17 17:27:07.769]		推广：http://fan.test.lacues.cn/cart.html__fan.test.lacues.cn____
[2016-11-17 17:27:09.496]		推广：http://fan.test.lacues.cn/__fan.test.lacues.cn____
[2016-11-17 17:27:12.215]		推广：http://fan.test.lacues.cn/Account/index.html?t=0.09407115591396353__fan.test.lacues.cn____
[2016-11-17 17:27:12.836]		推广：http://fan.test.lacues.cn/__fan.test.lacues.cn____
[2016-11-17 17:27:14.673]		推广：http://fan.test.lacues.cn/Account/index.html?t=0.013356211456625022__fan.test.lacues.cn____
[2016-11-17 17:27:16.177]		推广：http://fan.test.lacues.cn/Account/MyTKSH_List.html?paytype=TKSH__fan.test.lacues.cn____
[2016-11-17 17:27:20.919]		推广：http://fan.test.lacues.cn/Account/login.html?t=0.5015366908415__fan.test.lacues.cn____
[2016-11-17 17:27:26.593]		推广：http://fan.test.lacues.cn/index.html__fan.test.lacues.cn____
[2016-11-17 17:27:28.466]		推广：http://fan.test.lacues.cn/Account/index.html?t=0.09407115591396353__fan.test.lacues.cn____
[2016-11-17 17:27:34.196]		推广：__fan.test.lacues.cn____
[2016-11-17 17:27:36.736]		推广：http://fan.test.lacues.cn/Account/MyTKSH_List.html?paytype=TKSH__fan.test.lacues.cn____
[2016-11-17 17:28:13.587]		推广：http://fan.test.lacues.cn/Account/MyTKSH_List.html?paytype=TKSH__fan.test.lacues.cn____
[2016-11-17 17:29:07.230]		推广：http://fan.test.lacues.cn/Account/MyTKSH_List.html?paytype=TKSH__fan.test.lacues.cn____
[2016-11-17 17:29:21.009]		推广：http://fan.test.lacues.cn/cart.html__fan.test.lacues.cn____
[2016-11-17 17:29:25.050]		推广：http://fan.test.lacues.cn/cart.html__fan.test.lacues.cn____
[2016-11-17 17:29:27.275]		推广：http://fan.test.lacues.cn/Product_Detail.html?pid=8016465488__fan.test.lacues.cn____
[2016-11-17 17:29:32.288]		推广：http://fan.test.lacues.cn/cart.html__fan.test.lacues.cn____
[2016-11-17 17:29:33.718]		推广：http://fan.test.lacues.cn/index.html__fan.test.lacues.cn____
[2016-11-17 17:29:38.573]		推广：http://fan.test.lacues.cn/index.html__fan.test.lacues.cn____
[2016-11-17 17:29:40.885]		推广：http://fan.test.lacues.cn/Account/index.html?t=0.4204485661961268__fan.test.lacues.cn____
[2016-11-17 17:29:55.003]		推广：http://fan.test.lacues.cn/Account/login.html?t=0.6244184522120388__fan.test.lacues.cn____
[2016-11-17 17:29:57.253]		推广：http://fan.test.lacues.cn/index.html__fan.test.lacues.cn____
[2016-11-17 17:30:01.788]		推广：http://fan.test.lacues.cn/cart.html__fan.test.lacues.cn____
[2016-11-17 17:30:29.945]		推广：http://fan.test.lacues.cn/Account/MyTKSH_List.html?paytype=TKSH__fan.test.lacues.cn____
[2016-11-17 17:32:30.508]		推广：http://fan.test.lacues.cn/Account/MyTKSH_List.html?paytype=TKSH__fan.test.lacues.cn____
[2016-11-17 17:32:52.011]		推广：http://fan.test.lacues.cn/Account/MyTKSH_List.html?paytype=TKSH__fan.test.lacues.cn____
[2016-11-17 17:33:23.983]		推广：__fan.test.lacues.cn____
[2016-11-17 17:40:38.886]		推广：http://fan.test.lacues.cn/Account/MyCoupon.html__fan.test.lacues.cn____
[2016-11-17 17:40:48.445]		推广：__fan.test.lacues.cn____
[2016-11-17 17:40:57.848]		推广：http://fan.test.lacues.cn/__fan.test.lacues.cn____
[2016-11-17 17:41:05.445]		推广：http://fan.test.lacues.cn/Search.html?t=0.13383108201328353__fan.test.lacues.cn____
[2016-11-17 17:41:21.687]		推广：http://fan.test.lacues.cn/Product_List.html?showtype=__fan.test.lacues.cn____
[2016-11-17 17:41:50.213]		推广：__fan.test.lacues.cn____
[2016-11-17 17:42:05.695]		推广：http://cdlq-zt.5wjs.com/cdlq/web/template/template.html?pNum=PNM161117100001__fan.test.lacues.cn____
[2016-11-17 17:43:31.923]		推广：http://fan.test.lacues.cn/Product_Detail.html?pid=58016100267__fan.test.lacues.cn____
[2016-11-17 17:43:39.643]		推广：http://fan.test.lacues.cn/Product_List.html?showtype=__fan.test.lacues.cn____
[2016-11-17 17:43:48.827]		推广：__fan.test.lacues.cn____
[2016-11-17 17:43:54.378]		推广：__fan.test.lacues.cn____
[2016-11-17 17:43:55.758]		推广：__fan.test.lacues.cn____
[2016-11-17 17:43:58.146]		推广：http://fan.test.lacues.cn/__fan.test.lacues.cn____
[2016-11-17 17:44:08.354]		推广：http://fan.test.lacues.cn/Account/index.html?t=0.2017775529974708__fan.test.lacues.cn____
[2016-11-17 17:44:29.753]		推广：http://fan.test.lacues.cn/Account/login.html?t=0.4859755342514116__fan.test.lacues.cn____
[2016-11-17 17:44:54.270]		推广：http://fan.test.lacues.cn/__fan.test.lacues.cn____
[2016-11-17 18:05:11.435]		推广：__fan.test.lacues.cn____
[2016-11-17 18:05:16.113]		推广：http://fan.test.lacues.cn/__fan.test.lacues.cn____
[2016-11-17 18:05:18.294]		推广：http://fan.test.lacues.cn/Search.html?t=0.2082133162766695__fan.test.lacues.cn____
[2016-11-17 18:05:27.379]		推广：http://fan.test.lacues.cn/Product_List.html?showtype=__fan.test.lacues.cn____
[2016-11-17 18:05:37.577]		推广：http://fan.test.lacues.cn/Product_Detail.html?pid=8016465488__fan.test.lacues.cn____
[2016-11-17 18:07:44.379]		推广：http://fan.test.lacues.cn/Sale/FullCut.html?t=0.2200592423323542__fan.test.lacues.cn____
[2016-11-17 18:07:48.201]		推广：http://fan.test.lacues.cn/Product_List.html?showtype=__fan.test.lacues.cn____
[2016-11-17 18:09:31.640]		推广：__fan.test.lacues.cn____
[2016-11-17 18:09:34.448]		推广：__fan.test.lacues.cn____
[2016-11-17 18:09:37.699]		推广：__fan.test.lacues.cn____
[2016-11-17 18:09:37.855]		推广：__fan.test.lacues.cn____
[2016-11-17 18:10:06.902]		推广：http://fan.test.lacues.cn/__fan.test.lacues.cn____
[2016-11-17 18:10:16.322]		推广：http://fan.test.lacues.cn/Product_Detail.html?pid=8016465488__fan.test.lacues.cn____
[2016-11-17 18:10:18.855]		推广：http://fan.test.lacues.cn/Sale/FullCut.html?t=0.06616376382229183__fan.test.lacues.cn____
[2016-11-17 18:10:25.414]		推广：http://fan.test.lacues.cn/Product_Detail.html?pid=8016465488__fan.test.lacues.cn____
[2016-11-17 18:10:45.933]		推广：__fan.test.lacues.cn____
[2016-11-17 18:11:14.333]		推广：__fan.test.lacues.cn____
[2016-11-17 18:11:19.317]		推广：__fan.test.lacues.cn____
[2016-11-17 18:11:20.686]		推广：http://fan.test.lacues.cn/__fan.test.lacues.cn____
[2016-11-17 18:11:22.020]		推广：http://fan.test.lacues.cn/Search.html?t=0.37117253220640123__fan.test.lacues.cn____
[2016-11-17 18:11:51.030]		推广：http://fan.test.lacues.cn/Search.html?t=0.37117253220640123__fan.test.lacues.cn____
[2016-11-17 18:12:34.137]		推广：__fan.test.lacues.cn____
[2016-11-17 18:12:34.293]		推广：http://fan.test.lacues.cn/Search.html?t=0.37117253220640123__fan.test.lacues.cn____
[2016-11-17 18:12:34.527]		推广：http://fan.test.lacues.cn/Product_List.html?showtype=__fan.test.lacues.cn____
[2016-11-17 18:12:34.839]		推广：http://fan.test.lacues.cn/Search.html?t=0.37117253220640123__fan.test.lacues.cn____
[2016-11-17 18:12:35.073]		推广：http://fan.test.lacues.cn/Search.html?t=0.37117253220640123__fan.test.lacues.cn____
[2016-11-17 18:12:37.692]		推广：http://fan.test.lacues.cn/__fan.test.lacues.cn____
[2016-11-17 18:13:07.291]		推广：http://fan.test.lacues.cn/__fan.test.lacues.cn____
[2016-11-17 18:13:09.000]		推广：http://fan.test.lacues.cn/Search.html?t=0.6210682413075119__fan.test.lacues.cn____
[2016-11-17 18:13:12.918]		推广：http://fan.test.lacues.cn/Product_List.html?showtype=__fan.test.lacues.cn____
[2016-11-17 18:13:33.190]		推广：http://fan.test.lacues.cn/Search.html?t=0.6210682413075119__fan.test.lacues.cn____
[2016-11-17 18:13:40.240]		推广：__fan.test.lacues.cn____
[2016-11-17 18:19:11.501]		推广：__fan.test.lacues.cn____
[2016-11-17 18:19:11.657]		推广：__fan.test.lacues.cn____
[2016-11-17 18:19:17.798]		推广：http://fan.test.lacues.cn/__fan.test.lacues.cn____
[2016-11-17 18:19:19.623]		推广：http://fan.test.lacues.cn/Search.html?t=0.8247790255118161__fan.test.lacues.cn____
[2016-11-17 18:20:33.152]		推广：__fan.test.lacues.cn____
[2016-11-17 18:20:45.763]		推广：http://fan.test.lacues.cn/__fan.test.lacues.cn____
[2016-11-17 18:20:47.175]		推广：http://fan.test.lacues.cn/Account/index.html?t=0.4524978509360291__fan.test.lacues.cn____
[2016-11-17 18:23:06.767]		推广：http://fan.test.lacues.cn/__fan.test.lacues.cn____
[2016-11-17 18:27:56.158]		推广：http://fan.test.lacues.cn/__fan.test.lacues.cn____
[2016-11-17 18:27:58.429]		推广：http://fan.test.lacues.cn/Account/index.html?t=0.3726086602890464__fan.test.lacues.cn____
[2016-11-17 18:27:59.451]		推广：http://fan.test.lacues.cn/Account/login.html?t=0.7540021906821146__fan.test.lacues.cn____
[2016-11-17 18:28:00.614]		推广：http://fan.test.lacues.cn/Account/index.html?t=0.3726086602890464__fan.test.lacues.cn____
[2016-11-17 18:28:01.796]		推广：http://fan.test.lacues.cn/Account/login.html?t=0.7540021906821146__fan.test.lacues.cn____
[2016-11-17 18:29:12.225]		推广：http://fan.test.lacues.cn/Account/ResetPassword.html?t=0.3941710865713204__fan.test.lacues.cn____
[2016-11-17 18:29:49.312]		推广：http://fan.test.lacues.cn/Account/login.html__fan.test.lacues.cn____
[2016-11-17 18:30:00.299]		推广：http://fan.test.lacues.cn/Account/index.html?t=0.3726086602890464__fan.test.lacues.cn____
[2016-11-17 18:30:04.990]		推广：http://fan.test.lacues.cn/Account/login.html?t=0.7540021906821146__fan.test.lacues.cn____
[2016-11-17 18:30:08.132]		推广：http://fan.test.lacues.cn/__fan.test.lacues.cn____
[2016-11-17 18:30:09.810]		推广：http://fan.test.lacues.cn/Account/index.html?t=0.14936329632929324__fan.test.lacues.cn____
[2016-11-17 18:30:10.892]		推广：http://fan.test.lacues.cn/Account/MyAccount.html?t=0.6949820678463319__fan.test.lacues.cn____
[2016-11-17 18:30:13.002]		推广：http://fan.test.lacues.cn/Account/index.html?t=0.14936329632929324__fan.test.lacues.cn____
[2016-11-17 18:30:13.861]		推广：http://fan.test.lacues.cn/Account/MyAccount.html?t=0.6949820678463319__fan.test.lacues.cn____
[2016-11-17 18:30:28.842]		推广：http://fan.test.lacues.cn/Account/index.html?t=0.14936329632929324__fan.test.lacues.cn____
[2016-11-17 18:30:29.201]		推广：http://fan.test.lacues.cn/Account/MyAccount.html?t=0.6949820678463319__fan.test.lacues.cn____
[2016-11-17 18:30:30.601]		推广：http://fan.test.lacues.cn/Account/index.html?t=0.7818700581209199__fan.test.lacues.cn____
[2016-11-17 18:30:31.646]		推广：http://fan.test.lacues.cn/Account/MyAccount.html?t=0.07555061075889724__fan.test.lacues.cn____
[2016-11-17 18:31:51.873]		推广：http://fan.test.lacues.cn/Account/ResetPassword.html?t=0.40025585981262934__fan.test.lacues.cn____
[2016-11-17 18:31:59.871]		推广：http://fan.test.lacues.cn/Account/index.html__fan.test.lacues.cn____
[2016-11-17 18:32:01.114]		推广：http://fan.test.lacues.cn/Account/MyAccount.html?t=0.9832849058353899__fan.test.lacues.cn____
[2016-11-17 18:32:02.959]		推广：http://fan.test.lacues.cn/Account/index.html?t=0.28014474886957363__fan.test.lacues.cn____
[2016-11-17 18:32:03.852]		推广：http://fan.test.lacues.cn/Account/index.html?t=0.28014474886957363__fan.test.lacues.cn____
[2016-11-17 18:32:17.886]		推广：http://fan.test.lacues.cn/Account/login.html?t=0.8870199004682993__fan.test.lacues.cn____
[2016-11-17 18:32:44.470]		推广：http://fan.test.lacues.cn/Account/login.html?t=0.14435125364399903__fan.test.lacues.cn____
[2016-11-17 18:33:13.265]		推广：http://fan.test.lacues.cn/__fan.test.lacues.cn____
[2016-11-17 18:33:16.187]		推广：http://fan.test.lacues.cn/cart.html__fan.test.lacues.cn____
[2016-11-17 18:33:23.860]		推广：http://fan.test.lacues.cn/index.html?t=0.8178120584869464__fan.test.lacues.cn____
[2016-11-17 18:33:29.637]		推广：http://fan.test.lacues.cn/cart.html__fan.test.lacues.cn____
[2016-11-17 18:33:33.376]		推广：http://fan.test.lacues.cn/index.html?t=0.8178120584869464__fan.test.lacues.cn____
[2016-11-17 18:33:37.771]		推广：http://fan.test.lacues.cn/Product_Detail.html?pid=8016465488__fan.test.lacues.cn____
[2016-11-17 18:34:59.099]		推广：http://fan.test.lacues.cn/__fan.test.lacues.cn____
[2016-11-17 18:36:55.100]		推广：__fan.test.lacues.cn____
[2016-11-17 18:37:01.638]		推广：http://fan.test.lacues.cn/__fan.test.lacues.cn____
[2016-11-17 18:37:05.946]		推广：http://fan.test.lacues.cn/__fan.test.lacues.cn____
[2016-11-17 18:37:06.961]		推广：http://fan.test.lacues.cn/Account/index.html?t=0.9387191872494827__fan.test.lacues.cn____
[2016-11-17 18:37:12.838]		推广：http://fan.test.lacues.cn/Account/login.html?t=0.3625775861416016__fan.test.lacues.cn____
[2016-11-17 18:37:19.365]		推广：http://fan.test.lacues.cn/index.html__fan.test.lacues.cn____
[2016-11-17 18:53:56.078]		推广：http://fan.test.lacues.cn/index.html__fan.test.lacues.cn____
[2016-11-17 18:53:58.327]		推广：http://fan.test.lacues.cn/Account/index.html?t=0.5953079195874007__fan.test.lacues.cn____
[2016-11-17 18:54:10.806]		推广：http://fan.test.lacues.cn/Account/login.html?t=0.21396887391717834__fan.test.lacues.cn____
[2016-11-17 18:54:13.881]		推广：http://fan.test.lacues.cn/index.html__fan.test.lacues.cn____
[2016-11-17 18:54:15.018]		推广：http://fan.test.lacues.cn/Search.html?t=0.11975852164504674__fan.test.lacues.cn____
[2016-11-17 18:54:20.994]		推广：http://fan.test.lacues.cn/Product_List.html?showtype=__fan.test.lacues.cn____
[2016-11-17 18:54:27.076]		推广：http://fan.test.lacues.cn/Product_Detail.html?pid=8016465483__fan.test.lacues.cn____
[2016-11-17 18:56:41.446]		推广：http://fan.test.lacues.cn/Product_Detail.html?pid=8016465483__fan.test.lacues.cn____
[2016-11-17 18:56:45.684]		推广：http://fan.test.lacues.cn/cart.html?t=0.4482755732076926__fan.test.lacues.cn____
[2016-11-17 18:56:49.719]		推广：http://fan.test.lacues.cn/index.html__fan.test.lacues.cn____
[2016-11-17 18:56:51.358]		推广：http://fan.test.lacues.cn/Account/index.html?t=0.5532482148538413__fan.test.lacues.cn____
[2016-11-17 18:57:02.579]		推广：http://fan.test.lacues.cn/Account/login.html?t=0.8452282686017818__fan.test.lacues.cn____
[2016-11-17 18:57:13.214]		推广：http://fan.test.lacues.cn/index.html__fan.test.lacues.cn____
[2016-11-17 18:57:17.389]		推广：http://fan.test.lacues.cn/Account/index.html?t=0.22352950416582318__fan.test.lacues.cn____
[2016-11-17 18:57:24.300]		推广：http://fan.test.lacues.cn/index.html__fan.test.lacues.cn____
[2016-11-17 18:57:26.516]		推广：http://fan.test.lacues.cn/Account/index.html?t=0.22352950416582318__fan.test.lacues.cn____
[2016-11-17 18:57:29.139]		推广：http://fan.test.lacues.cn/Account/MyAccount.html?t=0.30022773361602817__fan.test.lacues.cn____
[2016-11-17 18:57:31.574]		推广：http://fan.test.lacues.cn/Account/AddressList.html?t=0.030047758022504478__fan.test.lacues.cn____
[2016-11-17 18:57:43.702]		推广：http://fan.test.lacues.cn/Account/MyAccount.html?t=0.30022773361602817__fan.test.lacues.cn____
[2016-11-17 18:57:44.404]		推广：http://fan.test.lacues.cn/Account/index.html?t=0.1340977594322348__fan.test.lacues.cn____
[2016-11-17 18:57:46.338]		推广：http://fan.test.lacues.cn/index.html__fan.test.lacues.cn____
[2016-11-17 18:57:48.509]		推广：http://fan.test.lacues.cn/Search.html?t=0.4476450514805348__fan.test.lacues.cn____
[2016-11-17 18:58:06.628]		推广：http://fan.test.lacues.cn/Product_List.html?showtype=__fan.test.lacues.cn____
[2016-11-17 18:58:30.580]		推广：http://fan.test.lacues.cn/Product_Detail.html?pid=58016100283__fan.test.lacues.cn____
[2016-11-17 19:05:49.332]		推广：http://fan.test.lacues.cn/cart.html?t=0.5652715355607716__fan.test.lacues.cn____
[2016-11-17 19:05:55.232]		推广：http://fan.test.lacues.cn/Product_Detail.html?pid=58016100283__fan.test.lacues.cn____
[2016-11-17 19:07:11.073]		推广：http://fan.test.lacues.cn/Product_Detail.html?pid=58016100283__fan.test.lacues.cn____
[2016-11-17 19:08:27.907]		推广：__fan.test.lacues.cn____
[2016-11-17 19:08:30.203]		推广：http://fan.test.lacues.cn/__fan.test.lacues.cn____
[2016-11-17 19:08:36.186]		推广：http://fan.test.lacues.cn/Account/index.html?t=0.16670656530186534__fan.test.lacues.cn____
[2016-11-17 19:08:48.079]		推广：http://fan.test.lacues.cn/Account/login.html?t=0.9836925878189504__fan.test.lacues.cn____
[2016-11-17 19:10:16.942]		推广：http://fan.test.lacues.cn/__fan.test.lacues.cn____
[2016-11-17 19:10:55.079]		推广：http://fan.test.lacues.cn/Account/index.html?t=0.8241618145257235__fan.test.lacues.cn____
[2016-11-17 19:10:57.190]		推广：http://fan.test.lacues.cn/__fan.test.lacues.cn____
[2016-11-17 19:11:06.193]		推广：http://fan.test.lacues.cn/Search.html?t=0.21970908506773412__fan.test.lacues.cn____
[2016-11-17 19:11:12.675]		推广：http://fan.test.lacues.cn/Product_List.html?showtype=__fan.test.lacues.cn____
[2016-11-17 19:11:14.833]		推广：http://fan.test.lacues.cn/Product_Detail.html?pid=8016465484__fan.test.lacues.cn____
[2016-11-17 19:11:20.569]		推广：http://fan.test.lacues.cn/Review/ReviewList.html?pid=8016465484__fan.test.lacues.cn____
[2016-11-17 19:12:07.098]		推广：http://fan.test.lacues.cn/Product_Detail.html?pid=8016465484__fan.test.lacues.cn____
[2016-11-17 19:12:54.888]		推广：http://fan.test.lacues.cn/Review/ReviewList.html?pid=8016465484__fan.test.lacues.cn____
[2016-11-17 19:13:34.024]		推广：http://fan.test.lacues.cn/Product_Detail.html?pid=8016465484__fan.test.lacues.cn____
