[2016-11-16 10:25:58.296]		推广：__fan.test.lacues.cn____
[2016-11-16 10:28:14.116]		推广：http://fan.test.lacues.cn/__fan.test.lacues.cn____
[2016-11-16 10:28:15.244]		推广：http://fan.test.lacues.cn/Account/index.html?t=0.7925021034948421__fan.test.lacues.cn____
[2016-11-16 10:28:19.972]		推广：http://fan.test.lacues.cn/Account/login.html?t=0.40539036294887487__fan.test.lacues.cn____
[2016-11-16 10:28:25.326]		推广：http://fan.test.lacues.cn/__fan.test.lacues.cn____
[2016-11-16 10:28:46.752]		推广：http://fan.test.lacues.cn/Account/index.html?t=0.6794470466911835__fan.test.lacues.cn____
[2016-11-16 10:29:35.394]		推广：http://fan.test.lacues.cn/Account/MyTKSH_List.html?paytype=TKSH__fan.test.lacues.cn____
[2016-11-16 10:30:36.870]		推广：__fan.test.lacues.cn____
[2016-11-16 10:30:52.617]		推广：__fan.test.lacues.cn____
[2016-11-16 10:41:00.711]		推广：__fan.test.lacues.cn____
[2016-11-16 11:07:46.759]		推广：http://fan.test.lacues.cn/Account/MyTKSH_List.html?paytype=TKSH__fan.test.lacues.cn____
[2016-11-16 11:49:08.829]		推广：http://fan.test.lacues.cn/__fan.test.lacues.cn____
[2016-11-16 11:49:10.688]		推广：http://fan.test.lacues.cn/Account/index.html?t=0.33169734734620926__fan.test.lacues.cn____
[2016-11-16 11:49:19.137]		推广：http://fan.test.lacues.cn/Account/login.html?t=0.5206699037431335__fan.test.lacues.cn____
[2016-11-16 11:50:50.983]		推广：http://fan.test.lacues.cn/__fan.test.lacues.cn____
[2016-11-16 11:50:54.886]		推广：http://fan.test.lacues.cn/Account/index.html?t=0.7453753287975871__fan.test.lacues.cn____
[2016-11-16 11:51:22.895]		推广：http://fan.test.lacues.cn/Account/MyOrder_List.html?paytype=DFK__fan.test.lacues.cn____
[2016-11-16 11:51:45.617]		推广：http://fan.test.lacues.cn/Account/index.html?t=0.7453753287975871__fan.test.lacues.cn____
[2016-11-16 11:52:22.312]		推广：__fan.test.lacues.cn____
[2016-11-16 11:52:27.098]		推广：http://fan.test.lacues.cn/__fan.test.lacues.cn____
[2016-11-16 11:52:34.217]		推广：http://fan.test.lacues.cn/Account/index.html?t=0.2636970200110227__fan.test.lacues.cn____
[2016-11-16 11:53:08.286]		推广：__fan.test.lacues.cn____
[2016-11-16 11:53:15.709]		推广：http://fan.test.lacues.cn/__fan.test.lacues.cn____
[2016-11-16 11:53:19.109]		推广：http://fan.test.lacues.cn/Account/index.html?t=0.5601269397884607__fan.test.lacues.cn____
[2016-11-16 11:53:25.647]		推广：http://fan.test.lacues.cn/Account/MyOrder_List.html?paytype=DFK__fan.test.lacues.cn____
[2016-11-16 11:54:14.753]		推广：http://fan.test.lacues.cn/Account/MyOrder_List.html?paytype=DFK__fan.test.lacues.cn____
[2016-11-16 11:54:21.008]		推广：http://fan.test.lacues.cn/Account/index.html?t=0.5601269397884607__fan.test.lacues.cn____
[2016-11-16 11:56:43.179]		推广：http://fan.test.lacues.cn/Account/MyOrder_List.html?paytype=DFK__fan.test.lacues.cn____
[2016-11-16 12:00:31.925]		推广：http://fan.test.lacues.cn/Account/MyOrder_List.html?paytype=DFK__fan.test.lacues.cn____
[2016-11-16 12:01:59.474]		推广：__fan.test.lacues.cn____
[2016-11-16 12:02:13.976]		推广：http://fan.test.lacues.cn/order/MyOrder_pay.html?showwxpaytitle=1__fan.test.lacues.cn____
[2016-11-16 12:02:18.557]		推广：__fan.test.lacues.cn____
[2016-11-16 12:03:10.433]		推广：http://test.pay.lacues.cn/createorder/?c_order=OS1374103__fan.test.lacues.cn____
[2016-11-16 12:05:02.625]		推广：http://fan.test.lacues.cn/Order/OrderSuccess.html?orderid=OS1374103__fan.test.lacues.cn____
[2016-11-16 12:05:25.237]		推广：http://fan.test.lacues.cn/Account/MyOrder_List.html?paytype=ALL__fan.test.lacues.cn____
[2016-11-16 12:06:29.096]		推广：http://fan.test.lacues.cn/Order/OrderSuccess.html?orderid=OS1374103__fan.test.lacues.cn____
[2016-11-16 12:07:03.453]		推广：http://fan.test.lacues.cn/Account/MyOrder_List.html?paytype=DFK__fan.test.lacues.cn____
[2016-11-16 12:07:03.530]		推广：__fan.test.lacues.cn____
[2016-11-16 12:07:05.560]		推广：http://fan.test.lacues.cn/Account/index.html?t=0.5601269397884607__fan.test.lacues.cn____
[2016-11-16 12:07:11.322]		推广：http://fan.test.lacues.cn/__fan.test.lacues.cn____
[2016-11-16 12:07:40.972]		推广：http://fan.test.lacues.cn/Account/index.html?t=0.649627435952425__fan.test.lacues.cn____
[2016-11-16 12:07:48.957]		推广：http://fan.test.lacues.cn/Account/MyOrder_List.html?paytype=DFK__fan.test.lacues.cn____
[2016-11-16 12:08:31.265]		推广：__fan.test.lacues.cn____
[2016-11-16 12:08:32.474]		推广：http://fan.test.lacues.cn/__fan.test.lacues.cn____
[2016-11-16 12:08:35.145]		推广：http://fan.test.lacues.cn/Account/index.html?t=0.26202404967653825__fan.test.lacues.cn____
[2016-11-16 12:08:37.581]		推广：http://fan.test.lacues.cn/Account/MyOrder_List.html?paytype=DFH__fan.test.lacues.cn____
[2016-11-16 14:05:43.400]		推广：__fan.test.lacues.cn____
[2016-11-16 14:55:40.571]		推广：http://fan.test.lacues.cn/Account/MyOrder_detail.html?order_code=DD1394103__fan.test.lacues.cn____
[2016-11-16 14:55:42.171]		推广：http://fan.test.lacues.cn/Product_Detail.html?pid=8016465483__fan.test.lacues.cn____
[2016-11-16 14:55:43.575]		推广：http://fan.test.lacues.cn/cart.html?t=0.15679152779805894__fan.test.lacues.cn____
[2016-11-16 14:55:47.670]		推广：http://fan.test.lacues.cn/Account/login.html?t=0.7461195286970621__fan.test.lacues.cn____
[2016-11-16 14:55:48.716]		推广：http://fan.test.lacues.cn/Product_Detail.html?pid=8016465483__fan.test.lacues.cn____
[2016-11-16 14:55:51.085]		推广：http://fan.test.lacues.cn/cart.html?t=0.8710699578331587__fan.test.lacues.cn____
[2016-11-16 14:55:52.463]		推广：http://fan.test.lacues.cn/index.html?t=0.5133398260911959__fan.test.lacues.cn____
[2016-11-16 14:55:53.428]		推广：http://fan.test.lacues.cn/Search.html?t=0.9367594607930467__fan.test.lacues.cn____
[2016-11-16 14:55:55.103]		推广：http://fan.test.lacues.cn/Product_List.html?showtype=__fan.test.lacues.cn____
[2016-11-16 14:55:58.703]		推广：http://fan.test.lacues.cn/Product_Detail.html?pid=58016100267__fan.test.lacues.cn____
[2016-11-16 14:56:00.650]		推广：http://fan.test.lacues.cn/cart.html?t=0.2576648185553574__fan.test.lacues.cn____
[2016-11-16 14:56:05.103]		推广：http://fan.test.lacues.cn/Product_Detail.html?pid=58016100267__fan.test.lacues.cn____
[2016-11-16 15:17:46.344]		推广：http://fan.test.lacues.cn/Product_Detail.html?pid=58016100267__fan.test.lacues.cn____
[2016-11-16 15:17:52.756]		推广：http://fan.test.lacues.cn/cart.html?t=0.5107963757273004__fan.test.lacues.cn____
[2016-11-16 15:17:54.332]		推广：http://fan.test.lacues.cn/Product_Detail.html?pid=58016100267__fan.test.lacues.cn____
[2016-11-16 15:17:56.053]		推广：http://fan.test.lacues.cn/cart.html?t=0.9281064462362794__fan.test.lacues.cn____
[2016-11-16 15:17:56.903]		推广：http://fan.test.lacues.cn/Product_Detail.html?pid=58016100267__fan.test.lacues.cn____
[2016-11-16 15:18:02.788]		推广：http://fan.test.lacues.cn/Product_List.html?showtype=__fan.test.lacues.cn____
[2016-11-16 15:18:44.643]		推广：http://fan.test.lacues.cn/Search.html?t=0.9367594607930467__fan.test.lacues.cn____
[2016-11-16 15:18:46.587]		推广：http://fan.test.lacues.cn/index.html?t=0.5133398260911959__fan.test.lacues.cn____
[2016-11-16 15:18:57.428]		推广：http://fan.test.lacues.cn/index.html?t=0.5133398260911959__fan.test.lacues.cn____
[2016-11-16 15:21:26.758]		推广：__fan.test.lacues.cn____
[2016-11-16 15:22:45.736]		推广：__fan.test.lacues.cn____
[2016-11-16 15:22:49.939]		推广：http://fan.test.lacues.cn/__fan.test.lacues.cn____
[2016-11-16 15:23:22.619]		推广：http://fan.test.lacues.cn/__fan.test.lacues.cn____
[2016-11-16 15:23:25.328]		推广：http://fan.test.lacues.cn/Account/index.html?t=0.9419633261780708__fan.test.lacues.cn____
[2016-11-16 15:23:28.555]		推广：http://fan.test.lacues.cn/__fan.test.lacues.cn____
[2016-11-16 15:23:34.102]		推广：http://fan.test.lacues.cn/cart.html__fan.test.lacues.cn____
[2016-11-16 15:23:54.396]		推广：http://fan.test.lacues.cn/__fan.test.lacues.cn____
[2016-11-16 15:23:56.068]		推广：http://fan.test.lacues.cn/Account/index.html?t=0.8646674397049048__fan.test.lacues.cn____
[2016-11-16 15:24:06.698]		推广：http://fan.test.lacues.cn/Account/login.html?t=0.818738358105742__fan.test.lacues.cn____
[2016-11-16 15:24:14.803]		推广：http://fan.test.lacues.cn/__fan.test.lacues.cn____
[2016-11-16 15:24:18.236]		推广：http://fan.test.lacues.cn/cart.html__fan.test.lacues.cn____
[2016-11-16 15:24:55.503]		推广：http://fan.test.lacues.cn/cart.html__fan.test.lacues.cn____
[2016-11-16 15:24:58.374]		推广：http://fan.test.lacues.cn/order/OrderConfirm.html?t=0.4337591646299672__fan.test.lacues.cn____
[2016-11-16 15:25:01.004]		推广：http://fan.test.lacues.cn/Account/login.html?t=0.27953284084835195__fan.test.lacues.cn____
[2016-11-16 15:25:04.025]		推广：http://fan.test.lacues.cn/order/OrderConfirm.html?t=0.4337591646299672__fan.test.lacues.cn____
[2016-11-16 15:25:06.751]		推广：http://fan.test.lacues.cn/cart.html__fan.test.lacues.cn____
[2016-11-16 15:25:08.209]		推广：http://fan.test.lacues.cn/index.html?t=0.7367361407066859__fan.test.lacues.cn____
[2016-11-16 15:25:11.228]		推广：http://fan.test.lacues.cn/cart.html__fan.test.lacues.cn____
[2016-11-16 15:25:12.812]		推广：http://fan.test.lacues.cn/index.html__fan.test.lacues.cn____
[2016-11-16 15:25:15.442]		推广：http://fan.test.lacues.cn/index.html__fan.test.lacues.cn____
[2016-11-16 15:25:39.824]		推广：http://fan.test.lacues.cn/__fan.test.lacues.cn____
[2016-11-16 15:29:58.669]		推广：http://fan.test.lacues.cn/index.html__fan.test.lacues.cn____
[2016-11-16 15:29:58.973]		推广：__fan.test.lacues.cn____
[2016-11-16 15:30:00.004]		推广：http://fan.test.lacues.cn/__fan.test.lacues.cn____
[2016-11-16 15:30:02.597]		推广：http://fan.test.lacues.cn/Search.html?t=0.7081857270306922__fan.test.lacues.cn____
[2016-11-16 15:30:03.418]		推广：http://fan.test.lacues.cn/cart.html__fan.test.lacues.cn____
[2016-11-16 15:30:04.999]		推广：http://fan.test.lacues.cn/index.html__fan.test.lacues.cn____
[2016-11-16 15:30:06.227]		推广：http://fan.test.lacues.cn/Product_List.html?showtype=__fan.test.lacues.cn____
[2016-11-16 15:30:08.456]		推广：http://fan.test.lacues.cn/index.html__fan.test.lacues.cn____
[2016-11-16 15:30:44.730]		推广：http://fan.test.lacues.cn/__fan.test.lacues.cn____
[2016-11-16 15:30:46.643]		推广：http://fan.test.lacues.cn/Search.html?t=0.77577443336715__fan.test.lacues.cn____
[2016-11-16 15:31:08.455]		推广：http://fan.test.lacues.cn/Product_List.html?showtype=__fan.test.lacues.cn____
[2016-11-16 15:31:21.563]		推广：http://fan.test.lacues.cn/Product_Detail.html?pid=58016100267__fan.test.lacues.cn____
[2016-11-16 15:33:10.780]		推广：http://fan.test.lacues.cn/order/OrderConfirm.html?t=0.07896825718390654__fan.test.lacues.cn____
[2016-11-16 15:33:14.289]		推广：http://fan.test.lacues.cn/Account/AddressList.html?addressid=DZ161109100001__fan.test.lacues.cn____
[2016-11-16 15:35:48.159]		推广：http://fan.test.lacues.cn/Account/AddressEdit.html?addressid=0__fan.test.lacues.cn____
[2016-11-16 15:36:07.826]		推广：http://fan.test.lacues.cn/Account/AddressList.html?addressid=DZ161109100001__fan.test.lacues.cn____
[2016-11-16 15:36:14.622]		推广：http://fan.test.lacues.cn/Account/AddressEdit.html?addressid=0__fan.test.lacues.cn____
[2016-11-16 15:36:16.634]		推广：http://fan.test.lacues.cn/Account/AddressList.html?addressid=DZ161109100001__fan.test.lacues.cn____
[2016-11-16 15:36:24.952]		推广：http://fan.test.lacues.cn/Account/AddressEdit.html?addressid=DZ161107100004__fan.test.lacues.cn____
[2016-11-16 15:40:21.720]		推广：http://fan.test.lacues.cn/Account/AddressList.html__fan.test.lacues.cn____
[2016-11-16 15:40:28.869]		推广：http://fan.test.lacues.cn/Account/AddressEdit.html?addressid=DZ161107100004__fan.test.lacues.cn____
[2016-11-16 15:40:30.089]		推广：http://fan.test.lacues.cn/Product_Detail.html?pid=58016100267__fan.test.lacues.cn____
[2016-11-16 15:44:06.637]		推广：http://fan.test.lacues.cn/order/OrderConfirm.html?t=0.07896825718390654__fan.test.lacues.cn____
[2016-11-16 15:44:08.906]		推广：http://fan.test.lacues.cn/Product_Detail.html?pid=58016100267__fan.test.lacues.cn____
[2016-11-16 15:44:15.524]		推广：http://fan.test.lacues.cn/order/OrderConfirm.html?t=0.07896825718390654__fan.test.lacues.cn____
[2016-11-16 15:44:49.638]		推广：http://fan.test.lacues.cn/Product_Detail.html?pid=58016100267__fan.test.lacues.cn____
[2016-11-16 15:44:53.904]		推广：http://fan.test.lacues.cn/Product_List.html?showtype=__fan.test.lacues.cn____
[2016-11-16 15:44:56.596]		推广：http://fan.test.lacues.cn/Search.html?t=0.9109542506455692__fan.test.lacues.cn____
[2016-11-16 15:45:02.364]		推广：http://fan.test.lacues.cn/Product_List.html?showtype=__fan.test.lacues.cn____
[2016-11-16 15:45:04.353]		推广：http://fan.test.lacues.cn/Search.html?t=0.04138821478330956__fan.test.lacues.cn____
[2016-11-16 15:45:10.629]		推广：http://fan.test.lacues.cn/Product_List.html?showtype=__fan.test.lacues.cn____
[2016-11-16 15:45:13.403]		推广：http://fan.test.lacues.cn/Search.html?t=0.6017484166654302__fan.test.lacues.cn____
[2016-11-16 15:45:32.675]		推广：http://fan.test.lacues.cn/Product_List.html?showtype=__fan.test.lacues.cn____
[2016-11-16 15:45:35.139]		推广：http://fan.test.lacues.cn/Search.html?t=0.6017484166654302__fan.test.lacues.cn____
[2016-11-16 15:46:41.503]		推广：http://fan.test.lacues.cn/Product_List.html?showtype=__fan.test.lacues.cn____
[2016-11-16 15:46:43.138]		推广：http://fan.test.lacues.cn/Search.html?t=0.8509167163501064__fan.test.lacues.cn____
[2016-11-16 15:46:48.242]		推广：http://fan.test.lacues.cn/Product_List.html?showtype=__fan.test.lacues.cn____
[2016-11-16 15:46:51.336]		推广：http://fan.test.lacues.cn/Product_Detail.html?pid=58016100267__fan.test.lacues.cn____
[2016-11-16 15:46:55.444]		推广：http://fan.test.lacues.cn/Product_List.html?showtype=__fan.test.lacues.cn____
[2016-11-16 15:47:01.494]		推广：http://fan.test.lacues.cn/Product_Detail.html?pid=58016100267__fan.test.lacues.cn____
[2016-11-16 15:47:05.328]		推广：http://fan.test.lacues.cn/Product_List.html?showtype=__fan.test.lacues.cn____
[2016-11-16 15:47:10.501]		推广：http://fan.test.lacues.cn/Product_Detail.html?pid=58016100267__fan.test.lacues.cn____
[2016-11-16 15:47:17.001]		推广：http://fan.test.lacues.cn/Product_List.html?showtype=__fan.test.lacues.cn____
[2016-11-16 15:47:21.185]		推广：http://fan.test.lacues.cn/Product_Detail.html?pid=58016100267__fan.test.lacues.cn____
[2016-11-16 15:47:24.851]		推广：http://fan.test.lacues.cn/Product_List.html?showtype=__fan.test.lacues.cn____
[2016-11-16 15:47:32.352]		推广：http://fan.test.lacues.cn/Product_Detail.html?pid=8016465484__fan.test.lacues.cn____
[2016-11-16 15:47:50.621]		推广：http://fan.test.lacues.cn/Review/ReviewList.html?pid=8016465484__fan.test.lacues.cn____
[2016-11-16 15:47:51.822]		推广：http://fan.test.lacues.cn/Review/ReviewList.html?pid=8016465484__fan.test.lacues.cn____
[2016-11-16 15:48:04.272]		推广：http://fan.test.lacues.cn/Product_Detail.html?pid=8016465484__fan.test.lacues.cn____
[2016-11-16 15:49:16.671]		推广：http://fan.test.lacues.cn/Search.html?t=0.7081857270306922__fan.test.lacues.cn____
[2016-11-16 15:49:17.155]		推广：http://fan.test.lacues.cn/__fan.test.lacues.cn____
[2016-11-16 15:49:18.434]		推广：__fan.test.lacues.cn____
[2016-11-16 15:49:27.826]		推广：http://fan.test.lacues.cn/__fan.test.lacues.cn____
[2016-11-16 15:51:20.754]		推广：http://fan.test.lacues.cn/Account/index.html?t=0.6794470466911835__fan.test.lacues.cn____
[2016-11-16 15:51:21.740]		推广：http://fan.test.lacues.cn/__fan.test.lacues.cn____
[2016-11-16 15:51:23.516]		推广：http://fan.test.lacues.cn/Account/login.html?t=0.40539036294887487__fan.test.lacues.cn____
[2016-11-16 15:51:27.281]		推广：http://fan.test.lacues.cn/Account/login.html?t=0.40539036294887487__fan.test.lacues.cn____
[2016-11-16 15:53:41.488]		推广：http://localhost:8080/cdlq/web/template/template.html?pNum=PNM161111100001__fan.test.lacues.cn____
[2016-11-16 15:54:00.453]		推广：http://fan.test.lacues.cn/Product_List.html?showtype=__fan.test.lacues.cn____
[2016-11-16 15:54:02.431]		推广：http://localhost:8080/cdlq/web/template/template.html?pNum=PNM161111100001__fan.test.lacues.cn____
[2016-11-16 15:54:06.445]		推广：http://fan.test.lacues.cn/Product_List.html?showtype=__fan.test.lacues.cn____
[2016-11-16 15:54:18.378]		推广：http://fan.test.lacues.cn/Review/ReviewList.html?pid=8016465484__fan.test.lacues.cn____
[2016-11-16 15:54:46.629]		推广：http://fan.test.lacues.cn/Account/login.html?t=0.40539036294887487__fan.test.lacues.cn____
[2016-11-16 15:55:57.740]		推广：http://fan.test.lacues.cn/Account/login.html?t=0.40539036294887487__fan.test.lacues.cn____
[2016-11-16 15:56:46.642]		推广：http://fan.test.lacues.cn/Product_Detail.html?pid=8016465484__fan.test.lacues.cn____
[2016-11-16 15:56:54.066]		推广：http://fan.test.lacues.cn/Product_List.html?showtype=__fan.test.lacues.cn____
[2016-11-16 15:56:58.714]		推广：http://fan.test.lacues.cn/Search.html?t=0.559370668477494__fan.test.lacues.cn____
[2016-11-16 15:57:07.017]		推广：http://fan.test.lacues.cn/Account/login.html?t=0.40539036294887487__fan.test.lacues.cn____
[2016-11-16 15:57:08.044]		推广：http://fan.test.lacues.cn/Product_List.html?showtype=__fan.test.lacues.cn____
[2016-11-16 15:57:18.453]		推广：http://fan.test.lacues.cn/Search.html?t=0.05259625498480991__fan.test.lacues.cn____
[2016-11-16 15:58:18.728]		推广：__fan.test.lacues.cn____
[2016-11-16 15:58:22.498]		推广：http://fan.test.lacues.cn/__fan.test.lacues.cn____
[2016-11-16 15:58:26.819]		推广：http://fan.test.lacues.cn/Search.html?t=0.07978093745176196__fan.test.lacues.cn____
[2016-11-16 15:58:39.260]		推广：http://fan.test.lacues.cn/Product_List.html?showtype=__fan.test.lacues.cn____
[2016-11-16 15:58:56.637]		推广：__fan.test.lacues.cn____
[2016-11-16 15:59:01.005]		推广：http://fan.test.lacues.cn/__fan.test.lacues.cn____
[2016-11-16 15:59:07.807]		推广：http://fan.test.lacues.cn/Search.html?t=0.16068203607574105__fan.test.lacues.cn____
[2016-11-16 15:59:15.507]		推广：http://fan.test.lacues.cn/__fan.test.lacues.cn____
[2016-11-16 15:59:49.567]		推广：http://fan.test.lacues.cn/Account/login.html?t=0.40539036294887487__fan.test.lacues.cn____
[2016-11-16 16:00:40.798]		推广：http://fan.test.lacues.cn/Account/login.html?t=0.40539036294887487__fan.test.lacues.cn____
[2016-11-16 16:00:46.340]		推广：http://fan.test.lacues.cn/Account/login.html?t=0.40539036294887487__fan.test.lacues.cn____
[2016-11-16 16:01:01.321]		推广：http://fan.test.lacues.cn/Account/login.html?t=0.40539036294887487__fan.test.lacues.cn____
[2016-11-16 16:01:47.691]		推广：__fan.test.lacues.cn____
[2016-11-16 16:01:56.615]		推广：http://fan.test.lacues.cn/__fan.test.lacues.cn____
[2016-11-16 16:02:01.476]		推广：__fan.test.lacues.cn____
[2016-11-16 16:02:05.215]		推广：http://fan.test.lacues.cn/Product_List.html?showtype=__fan.test.lacues.cn____
[2016-11-16 16:02:07.355]		推广：http://fan.test.lacues.cn/Search.html?t=0.05259625498480991__fan.test.lacues.cn____
[2016-11-16 16:02:12.974]		推广：http://fan.test.lacues.cn/Product_List.html?showtype=__fan.test.lacues.cn____
[2016-11-16 16:02:16.334]		推广：http://fan.test.lacues.cn/__fan.test.lacues.cn____
[2016-11-16 16:02:49.687]		推广：http://fan.test.lacues.cn/Account/login.html?t=0.40539036294887487__fan.test.lacues.cn____
[2016-11-16 16:03:30.995]		推广：http://fan.test.lacues.cn/Account/login.html?t=0.40539036294887487__fan.test.lacues.cn____
[2016-11-16 16:03:37.500]		推广：__fan.test.lacues.cn____
[2016-11-16 16:03:45.925]		推广：http://fan.test.lacues.cn/__fan.test.lacues.cn____
[2016-11-16 16:04:23.257]		推广：http://fan.test.lacues.cn/Product_Detail.html?pid=8016465484__fan.test.lacues.cn____
[2016-11-16 16:04:30.039]		推广：http://fan.test.lacues.cn/Product_List.html?showtype=__fan.test.lacues.cn____
[2016-11-16 16:04:39.473]		推广：http://fan.test.lacues.cn/Product_Detail.html?pid=58016100267__fan.test.lacues.cn____
[2016-11-16 16:04:42.271]		推广：http://fan.test.lacues.cn/Product_List.html?showtype=__fan.test.lacues.cn____
[2016-11-16 16:04:47.322]		推广：http://fan.test.lacues.cn/Product_Detail.html?pid=8016465485__fan.test.lacues.cn____
[2016-11-16 16:04:52.257]		推广：http://fan.test.lacues.cn/Product_List.html?showtype=__fan.test.lacues.cn____
[2016-11-16 16:04:54.737]		推广：http://fan.test.lacues.cn/Product_Detail.html?pid=8016465483__fan.test.lacues.cn____
[2016-11-16 16:05:01.059]		推广：http://fan.test.lacues.cn/Product_List.html?showtype=__fan.test.lacues.cn____
[2016-11-16 16:05:05.753]		推广：http://fan.test.lacues.cn/Product_Detail.html?pid=8016465488__fan.test.lacues.cn____
[2016-11-16 16:05:13.830]		推广：http://fan.test.lacues.cn/Product_List.html?showtype=__fan.test.lacues.cn____
[2016-11-16 16:05:15.263]		推广：http://fan.test.lacues.cn/Product_Detail.html?pid=8016465484__fan.test.lacues.cn____
[2016-11-16 16:05:19.422]		推广：http://fan.test.lacues.cn/__fan.test.lacues.cn____
[2016-11-16 16:05:19.545]		推广：http://fan.test.lacues.cn/Product_List.html?showtype=__fan.test.lacues.cn____
[2016-11-16 16:05:30.778]		推广：http://fan.test.lacues.cn/Product_Detail.html?pid=58016100283__fan.test.lacues.cn____
[2016-11-16 16:05:36.997]		推广：http://fan.test.lacues.cn/Product_List.html?showtype=__fan.test.lacues.cn____
[2016-11-16 16:05:39.524]		推广：http://fan.test.lacues.cn/Product_Detail.html?pid=8016465484__fan.test.lacues.cn____
[2016-11-16 16:05:43.162]		推广：http://fan.test.lacues.cn/Product_List.html?showtype=__fan.test.lacues.cn____
[2016-11-16 16:05:47.140]		推广：http://fan.test.lacues.cn/Product_Detail.html?pid=58016100267__fan.test.lacues.cn____
[2016-11-16 16:05:50.103]		推广：http://fan.test.lacues.cn/cart.html?t=0.5807217049574936__fan.test.lacues.cn____
[2016-11-16 16:06:07.501]		推广：http://fan.test.lacues.cn/index.html?t=0.3747996701507711__fan.test.lacues.cn____
[2016-11-16 16:06:10.623]		推广：http://fan.test.lacues.cn/Search.html?t=0.26261383853685716__fan.test.lacues.cn____
[2016-11-16 16:06:14.362]		推广：http://fan.test.lacues.cn/Product_List.html?showtype=__fan.test.lacues.cn____
[2016-11-16 16:06:16.084]		推广：http://fan.test.lacues.cn/Search.html?t=0.26261383853685716__fan.test.lacues.cn____
[2016-11-16 16:06:21.148]		推广：http://fan.test.lacues.cn/Product_List.html?showtype=__fan.test.lacues.cn____
[2016-11-16 16:07:13.547]		推广：http://fan.test.lacues.cn/__fan.test.lacues.cn____
[2016-11-16 16:10:09.438]		推广：http://fan.test.lacues.cn/cart.html__fan.test.lacues.cn____
[2016-11-16 16:10:10.545]		推广：http://fan.test.lacues.cn/__fan.test.lacues.cn____
[2016-11-16 16:11:22.808]		推广：http://fan.test.lacues.cn/__fan.test.lacues.cn____
[2016-11-16 16:11:56.236]		推广：http://fan.test.lacues.cn/cart.html__fan.test.lacues.cn____
[2016-11-16 16:12:41.382]		推广：http://fan.test.lacues.cn/__fan.test.lacues.cn____
[2016-11-16 16:12:49.417]		推广：http://fan.test.lacues.cn/cart.html__fan.test.lacues.cn____
[2016-11-16 16:12:50.196]		推广：__fan.test.lacues.cn____
[2016-11-16 16:12:57.463]		推广：http://fan.test.lacues.cn/__fan.test.lacues.cn____
[2016-11-16 16:13:04.721]		推广：http://fan.test.lacues.cn/Search.html?t=0.3407861454888079__fan.test.lacues.cn____
[2016-11-16 16:13:11.132]		推广：http://fan.test.lacues.cn/Product_List.html?showtype=__fan.test.lacues.cn____
[2016-11-16 16:13:18.694]		推广：http://fan.test.lacues.cn/Product_Detail.html?pid=58016100270__fan.test.lacues.cn____
[2016-11-16 16:21:10.569]		推广：http://fan.test.lacues.cn/__fan.test.lacues.cn____
[2016-11-16 16:21:12.326]		推广：http://fan.test.lacues.cn/Search.html?t=0.9926755000791954__fan.test.lacues.cn____
[2016-11-16 16:21:16.491]		推广：http://fan.test.lacues.cn/Product_List.html?showtype=__fan.test.lacues.cn____
[2016-11-16 16:22:00.240]		推广：http://fan.test.lacues.cn/Product_List.html?showtype=__fan.test.lacues.cn____
[2016-11-16 16:22:43.234]		推广：http://fan.test.lacues.cn/Search.html?t=0.9926755000791954__fan.test.lacues.cn____
[2016-11-16 16:22:49.840]		推广：http://fan.test.lacues.cn/__fan.test.lacues.cn____
[2016-11-16 16:23:01.024]		推广：http://fan.test.lacues.cn/Search.html?t=0.9926755000791954__fan.test.lacues.cn____
[2016-11-16 16:23:04.653]		推广：http://fan.test.lacues.cn/Product_List.html?showtype=__fan.test.lacues.cn____
[2016-11-16 16:29:20.969]		推广：http://fan.test.lacues.cn/Search.html?t=0.3407861454888079__fan.test.lacues.cn____
[2016-11-16 16:29:21.833]		推广：http://fan.test.lacues.cn/Product_List.html?showtype=__fan.test.lacues.cn____
[2016-11-16 16:29:21.852]		推广：http://fan.test.lacues.cn/__fan.test.lacues.cn____
[2016-11-16 16:29:23.020]		推广：__fan.test.lacues.cn____
[2016-11-16 16:29:25.256]		推广：http://fan.test.lacues.cn/__fan.test.lacues.cn____
[2016-11-16 16:29:28.431]		推广：__fan.test.lacues.cn____
[2016-11-16 16:29:30.693]		推广：http://fan.test.lacues.cn/__fan.test.lacues.cn____
[2016-11-16 16:29:39.784]		推广：http://fan.test.lacues.cn/Product_Detail.html?pid=58016100267__fan.test.lacues.cn____
[2016-11-16 16:29:48.446]		推广：__fan.test.lacues.cn____
[2016-11-16 16:29:54.664]		推广：http://fan.test.lacues.cn/__fan.test.lacues.cn____
[2016-11-16 16:29:57.999]		推广：http://fan.test.lacues.cn/Search.html?t=0.48259144772895457__fan.test.lacues.cn____
[2016-11-16 16:30:06.355]		推广：http://fan.test.lacues.cn/Product_List.html?showtype=__fan.test.lacues.cn____
[2016-11-16 16:30:14.956]		推广：http://fan.test.lacues.cn/Product_Detail.html?pid=8016465483__fan.test.lacues.cn____
[2016-11-16 16:30:29.706]		推广：http://fan.test.lacues.cn/Product_Detail.html?pid=8016465483__fan.test.lacues.cn____
[2016-11-16 16:30:32.674]		推广：http://fan.test.lacues.cn/Product_List.html?showtype=__fan.test.lacues.cn____
[2016-11-16 16:30:33.605]		推广：http://fan.test.lacues.cn/Product_Detail.html?pid=8016465483__fan.test.lacues.cn____
[2016-11-16 16:30:33.949]		推广：http://fan.test.lacues.cn/order/OrderConfirm.html?t=0.12740005101881358__fan.test.lacues.cn____
[2016-11-16 16:30:35.248]		推广：http://fan.test.lacues.cn/Product_Detail.html?pid=58016100267__fan.test.lacues.cn____
[2016-11-16 16:30:36.807]		推广：http://fan.test.lacues.cn/Product_List.html?showtype=__fan.test.lacues.cn____
[2016-11-16 16:30:38.916]		推广：http://fan.test.lacues.cn/Product_Detail.html?pid=8016465483__fan.test.lacues.cn____
[2016-11-16 16:30:58.662]		推广：http://fan.test.lacues.cn/Product_List.html?showtype=__fan.test.lacues.cn____
[2016-11-16 16:31:37.896]		推广：http://fan.test.lacues.cn/Product_List.html?showtype=__fan.test.lacues.cn____
[2016-11-16 16:31:38.723]		推广：__fan.test.lacues.cn____
[2016-11-16 16:31:39.736]		推广：http://fan.test.lacues.cn/__fan.test.lacues.cn____
[2016-11-16 16:32:07.257]		推广：http://fan.test.lacues.cn/Product_Detail.html?pid=8016465483__fan.test.lacues.cn____
[2016-11-16 16:32:18.737]		推广：http://fan.test.lacues.cn/Product_List.html?showtype=__fan.test.lacues.cn____
[2016-11-16 16:32:42.344]		推广：http://fan.test.lacues.cn/Product_Detail.html?pid=8016465483__fan.test.lacues.cn____
[2016-11-16 16:33:23.357]		推广：http://fan.test.lacues.cn/Product_Detail.html?pid=8016465483__fan.test.lacues.cn____
[2016-11-16 16:33:35.771]		推广：http://fan.test.lacues.cn/Product_List.html?showtype=__fan.test.lacues.cn____
[2016-11-16 16:33:37.809]		推广：http://fan.test.lacues.cn/Product_Detail.html?pid=8016465483__fan.test.lacues.cn____
[2016-11-16 16:33:57.050]		推广：http://fan.test.lacues.cn/Product_List.html?showtype=__fan.test.lacues.cn____
[2016-11-16 16:36:30.590]		推广：http://fan.test.lacues.cn/index.html__fan.test.lacues.cn____
[2016-11-16 16:36:31.728]		推广：http://fan.test.lacues.cn/Account/index.html?t=0.9810583569808369__fan.test.lacues.cn____
[2016-11-16 16:36:33.284]		推广：http://fan.test.lacues.cn/index.html__fan.test.lacues.cn____
[2016-11-16 16:36:34.196]		推广：http://fan.test.lacues.cn/Search.html?t=0.4337298318612699__fan.test.lacues.cn____
[2016-11-16 16:36:37.441]		推广：http://fan.test.lacues.cn/Product_List.html?showtype=__fan.test.lacues.cn____
[2016-11-16 16:36:39.059]		推广：http://fan.test.lacues.cn/Product_Detail.html?pid=8016465483__fan.test.lacues.cn____
[2016-11-16 16:36:41.755]		推广：http://fan.test.lacues.cn/Product_List.html?showtype=__fan.test.lacues.cn____
[2016-11-16 16:36:42.461]		推广：http://fan.test.lacues.cn/Product_Detail.html?pid=8016465483__fan.test.lacues.cn____
[2016-11-16 16:36:44.907]		推广：http://fan.test.lacues.cn/Product_List.html?showtype=__fan.test.lacues.cn____
[2016-11-16 16:37:06.301]		推广：http://fan.test.lacues.cn/Product_Detail.html?pid=8016465485__fan.test.lacues.cn____
[2016-11-16 16:37:09.064]		推广：http://fan.test.lacues.cn/Product_List.html?showtype=__fan.test.lacues.cn____
[2016-11-16 16:37:10.931]		推广：http://fan.test.lacues.cn/Search.html?t=0.005814436052556493__fan.test.lacues.cn____
[2016-11-16 16:37:12.573]		推广：http://fan.test.lacues.cn/Product_List.html?showtype=__fan.test.lacues.cn____
[2016-11-16 16:37:13.632]		推广：http://fan.test.lacues.cn/Product_List.html?showtype=__fan.test.lacues.cn____
[2016-11-16 16:37:57.198]		推广：http://fan.test.lacues.cn/Search.html?t=0.4337298318612699__fan.test.lacues.cn____
[2016-11-16 16:37:59.662]		推广：http://fan.test.lacues.cn/Product_List.html?showtype=__fan.test.lacues.cn____
[2016-11-16 16:38:00.982]		推广：http://fan.test.lacues.cn/Product_Detail.html?pid=8016465485__fan.test.lacues.cn____
[2016-11-16 16:38:03.719]		推广：http://fan.test.lacues.cn/Product_List.html?showtype=__fan.test.lacues.cn____
[2016-11-16 16:38:09.047]		推广：http://fan.test.lacues.cn/Product_Detail.html?pid=8016465485__fan.test.lacues.cn____
[2016-11-16 16:38:09.403]		推广：http://fan.test.lacues.cn/Search.html?t=0.4337298318612699__fan.test.lacues.cn____
[2016-11-16 16:38:10.189]		推广：http://fan.test.lacues.cn/Product_List.html?showtype=__fan.test.lacues.cn____
[2016-11-16 16:38:12.647]		推广：http://fan.test.lacues.cn/Search.html?t=0.4337298318612699__fan.test.lacues.cn____
[2016-11-16 16:38:15.730]		推广：http://fan.test.lacues.cn/Product_List.html?showtype=__fan.test.lacues.cn____
[2016-11-16 16:38:33.322]		推广：http://fan.test.lacues.cn/Product_Detail.html?pid=58016100267__fan.test.lacues.cn____
[2016-11-16 16:38:45.935]		推广：http://fan.test.lacues.cn/cart.html?t=0.23555441284733347__fan.test.lacues.cn____
[2016-11-16 16:38:48.300]		推广：http://fan.test.lacues.cn/Account/login.html?t=0.4382660527766664__fan.test.lacues.cn____
[2016-11-16 16:38:50.799]		推广：http://fan.test.lacues.cn/cart.html?t=0.23555441284733347__fan.test.lacues.cn____
[2016-11-16 16:38:51.719]		推广：http://fan.test.lacues.cn/Product_Detail.html?pid=58016100267__fan.test.lacues.cn____
[2016-11-16 16:38:51.981]		推广：http://fan.test.lacues.cn/Product_List.html?showtype=__fan.test.lacues.cn____
[2016-11-16 16:38:53.841]		推广：http://fan.test.lacues.cn/Search.html?t=0.4337298318612699__fan.test.lacues.cn____
[2016-11-16 16:41:05.456]		推广：http://fan.test.lacues.cn/__fan.test.lacues.cn____
[2016-11-16 16:41:27.190]		推广：http://fan.test.lacues.cn/Search.html?t=0.4337298318612699__fan.test.lacues.cn____
[2016-11-16 16:44:50.617]		推广：http://localhost:8080/cdlq/web/template/template.html?pNum=PNM161111100001__fan.test.lacues.cn____
[2016-11-16 16:45:07.440]		推广：__fan.test.lacues.cn____
[2016-11-16 16:45:11.528]		推广：http://fan.test.lacues.cn/__fan.test.lacues.cn____
[2016-11-16 16:45:12.446]		推广：http://fan.test.lacues.cn/Account/index.html?t=0.7037832664222201__fan.test.lacues.cn____
[2016-11-16 16:45:15.856]		推广：http://fan.test.lacues.cn/Account/login.html?t=0.5591010473813434__fan.test.lacues.cn____
[2016-11-16 16:45:19.629]		推广：http://fan.test.lacues.cn/__fan.test.lacues.cn____
[2016-11-16 16:45:21.680]		推广：http://fan.test.lacues.cn/Account/index.html?t=0.7009126435530244__fan.test.lacues.cn____
[2016-11-16 16:45:24.954]		推广：http://fan.test.lacues.cn/Account/MyOrder_List.html?paytype=ALL__fan.test.lacues.cn____
[2016-11-16 16:46:52.441]		推广：http://fan.test.lacues.cn/order/OrderConfirm.html?t=0.12740005101881358__fan.test.lacues.cn____
[2016-11-16 16:46:58.128]		推广：http://fan.test.lacues.cn/Product_Detail.html?pid=58016100267__fan.test.lacues.cn____
[2016-11-16 16:51:22.293]		推广：http://fan.test.lacues.cn/Product_Detail.html?pid=58016100267__fan.test.lacues.cn____
[2016-11-16 16:55:46.039]		推广：http://fan.test.lacues.cn/Product_Detail.html?pid=8016161107100002__fan.test.lacues.cn____
[2016-11-16 16:55:53.398]		推广：http://fan.test.lacues.cn/Product_List.html?showtype=__fan.test.lacues.cn____
[2016-11-16 16:55:55.993]		推广：http://fan.test.lacues.cn/Search.html?t=0.26261383853685716__fan.test.lacues.cn____
[2016-11-16 16:56:04.367]		推广：http://fan.test.lacues.cn/Product_List.html?showtype=__fan.test.lacues.cn____
[2016-11-16 16:56:51.077]		推广：http://fan.test.lacues.cn/Account/index.html?t=0.7009126435530244__fan.test.lacues.cn____
[2016-11-16 16:56:52.115]		推广：http://fan.test.lacues.cn/__fan.test.lacues.cn____
[2016-11-16 16:56:55.506]		推广：http://fan.test.lacues.cn/Account/login.html?t=0.5591010473813434__fan.test.lacues.cn____
[2016-11-16 16:56:57.455]		推广：http://fan.test.lacues.cn/__fan.test.lacues.cn____
[2016-11-16 16:57:01.592]		推广：http://fan.test.lacues.cn/Account/login.html?t=0.5591010473813434__fan.test.lacues.cn____
[2016-11-16 16:57:02.679]		推广：http://fan.test.lacues.cn/__fan.test.lacues.cn____
[2016-11-16 16:57:04.852]		推广：http://fan.test.lacues.cn/Search.html?t=0.820169326806957__fan.test.lacues.cn____
[2016-11-16 16:57:07.954]		推广：http://fan.test.lacues.cn/Product_List.html?showtype=__fan.test.lacues.cn____
[2016-11-16 16:59:44.178]		推广：http://localhost:8080/cdlq/web/template/template.html?pNum=PNM161111100001__fan.test.lacues.cn____
[2016-11-16 17:02:05.729]		推广：http://fan.test.lacues.cn/Product_Detail.html?pid=58016100267__fan.test.lacues.cn____
[2016-11-16 17:05:07.626]		推广：__fan.test.lacues.cn____
[2016-11-16 17:06:19.027]		推广：http://localhost:8080/cdlq/web/template/template.html?pNum=PNM161111100001__fan.test.lacues.cn____
[2016-11-16 17:06:34.737]		推广：http://fan.test.lacues.cn/Search.html?t=0.820169326806957__fan.test.lacues.cn____
[2016-11-16 17:06:41.789]		推广：http://fan.test.lacues.cn/Product_List.html?showtype=__fan.test.lacues.cn____
[2016-11-16 17:06:45.599]		推广：http://fan.test.lacues.cn/Product_Detail.html?pid=58016100267__fan.test.lacues.cn____
[2016-11-16 17:06:48.229]		推广：http://fan.test.lacues.cn/Product_Detail.html?pid=58016100267__fan.test.lacues.cn____
[2016-11-16 17:06:49.224]		推广：http://fan.test.lacues.cn/Product_Detail.html?pid=58016100267__fan.test.lacues.cn____
[2016-11-16 17:06:51.585]		推广：http://fan.test.lacues.cn/Product_List.html?showtype=__fan.test.lacues.cn____
[2016-11-16 17:06:54.539]		推广：http://fan.test.lacues.cn/Product_Detail.html?pid=58016100267__fan.test.lacues.cn____
[2016-11-16 17:06:56.532]		推广：http://fan.test.lacues.cn/Product_List.html?showtype=__fan.test.lacues.cn____
[2016-11-16 17:07:17.872]		推广：http://fan.test.lacues.cn/Product_List.html?showtype=__fan.test.lacues.cn____
[2016-11-16 17:07:19.415]		推广：http://fan.test.lacues.cn/Search.html?t=0.9926755000791954__fan.test.lacues.cn____
[2016-11-16 17:07:21.255]		推广：http://fan.test.lacues.cn/__fan.test.lacues.cn____
[2016-11-16 17:07:22.554]		推广：http://fan.test.lacues.cn/cart.html__fan.test.lacues.cn____
[2016-11-16 17:07:36.249]		推广：http://fan.test.lacues.cn/cart.html__fan.test.lacues.cn____
[2016-11-16 17:08:23.143]		推广：http://fan.test.lacues.cn/cart.html__fan.test.lacues.cn____
[2016-11-16 17:08:33.360]		推广：http://fan.test.lacues.cn/cart.html__fan.test.lacues.cn____
[2016-11-16 17:08:56.417]		推广：http://fan.test.lacues.cn/__fan.test.lacues.cn____
[2016-11-16 17:09:00.739]		推广：http://fan.test.lacues.cn/cart.html__fan.test.lacues.cn____
[2016-11-16 17:09:06.199]		推广：http://fan.test.lacues.cn/__fan.test.lacues.cn____
[2016-11-16 17:09:08.866]		推广：http://fan.test.lacues.cn/cart.html__fan.test.lacues.cn____
[2016-11-16 17:09:16.631]		推广：http://fan.test.lacues.cn/__fan.test.lacues.cn____
[2016-11-16 17:10:11.142]		推广：http://fan.test.lacues.cn/Search.html?t=0.4337298318612699__fan.test.lacues.cn____
[2016-11-16 17:10:14.241]		推广：http://fan.test.lacues.cn/index.html__fan.test.lacues.cn____
[2016-11-16 17:10:15.733]		推广：http://fan.test.lacues.cn/Account/index.html?t=0.011095993369615975__fan.test.lacues.cn____
[2016-11-16 17:10:18.723]		推广：http://fan.test.lacues.cn/Account/login.html?t=0.03784249338345935__fan.test.lacues.cn____
[2016-11-16 17:10:19.160]		推广：http://fan.test.lacues.cn/cart.html__fan.test.lacues.cn____
[2016-11-16 17:10:21.077]		推广：http://fan.test.lacues.cn/index.html__fan.test.lacues.cn____
[2016-11-16 17:10:22.557]		推广：http://fan.test.lacues.cn/Search.html?t=0.23735223507104197__fan.test.lacues.cn____
[2016-11-16 17:10:24.653]		推广：http://fan.test.lacues.cn/index.html__fan.test.lacues.cn____
[2016-11-16 17:10:26.270]		推广：http://fan.test.lacues.cn/Account/index.html?t=0.7768607297388741__fan.test.lacues.cn____
[2016-11-16 17:11:00.668]		推广：__fan.test.lacues.cn____
[2016-11-16 17:11:08.503]		推广：__fan.test.lacues.cn____
[2016-11-16 17:11:31.933]		推广：http://fan.test.lacues.cn/Sale/FullCut.html?t=0.8053939648260007__fan.test.lacues.cn____
[2016-11-16 17:11:43.429]		推广：http://fan.test.lacues.cn/__fan.test.lacues.cn____
[2016-11-16 17:12:06.564]		推广：http://fan.test.lacues.cn/Product_Detail.html?pid=8016465485__fan.test.lacues.cn____
[2016-11-16 17:12:13.260]		推广：http://fan.test.lacues.cn/__fan.test.lacues.cn____
[2016-11-16 17:12:14.018]		推广：http://fan.test.lacues.cn/Product_Detail.html?pid=8016465485__fan.test.lacues.cn____
[2016-11-16 17:13:30.213]		推广：http://fan.test.lacues.cn/Product_Detail.html?pid=58016100267__fan.test.lacues.cn____
[2016-11-16 17:14:00.888]		推广：http://test-dlq.ycp8.cn/cdlq/web/template/template.html?pNum=PNM161111100001__fan.test.lacues.cn____
[2016-11-16 17:14:04.990]		推广：http://fan.test.lacues.cn/Product_Detail.html?pid=8016465485__fan.test.lacues.cn____
[2016-11-16 17:14:05.018]		推广：http://fan.test.lacues.cn/Product_List.html?showtype=__fan.test.lacues.cn____
[2016-11-16 17:14:06.815]		推广：http://test-dlq.ycp8.cn/cdlq/web/template/template.html?pNum=PNM161111100001__fan.test.lacues.cn____
[2016-11-16 17:14:33.660]		推广：http://fan.test.lacues.cn/__fan.test.lacues.cn____
[2016-11-16 17:14:38.671]		推广：http://fan.test.lacues.cn/Product_Detail.html?pid=8016465488__fan.test.lacues.cn____
[2016-11-16 17:14:47.621]		推广：http://fan.test.lacues.cn/Sale/FullCut.html?t=0.8053939648260007__fan.test.lacues.cn____
[2016-11-16 17:14:57.978]		推广：http://localhost:8080/cdlq/web/template/template.html?pNum=PNM161111100001__fan.test.lacues.cn____
[2016-11-16 17:15:00.535]		推广：http://localhost:8080/cdlq/web/template/template.html?pNum=PNM161111100001__fan.test.lacues.cn____
[2016-11-16 17:15:47.463]		推广：http://fan.test.lacues.cn/Product_Detail.html?pid=8016465488__fan.test.lacues.cn____
[2016-11-16 17:15:58.307]		推广：http://fan.test.lacues.cn/Sale/FullCut.html?t=0.8053939648260007__fan.test.lacues.cn____
[2016-11-16 17:15:59.508]		推广：http://fan.test.lacues.cn/Product_Detail.html?pid=58016100267__fan.test.lacues.cn____
[2016-11-16 17:15:59.774]		推广：__fan.test.lacues.cn____
[2016-11-16 17:16:02.035]		推广：http://fan.test.lacues.cn/Product_List.html?showtype=__fan.test.lacues.cn____
[2016-11-16 17:16:03.859]		推广：http://fan.test.lacues.cn/Search.html?t=0.26261383853685716__fan.test.lacues.cn____
[2016-11-16 17:16:05.703]		推广：http://fan.test.lacues.cn/Product_List.html?showtype=__fan.test.lacues.cn____
[2016-11-16 17:16:07.676]		推广：http://fan.test.lacues.cn/Search.html?t=0.22756273817301742__fan.test.lacues.cn____
[2016-11-16 17:16:12.949]		推广：http://fan.test.lacues.cn/Product_List.html?showtype=__fan.test.lacues.cn____
[2016-11-16 17:16:16.927]		推广：http://fan.test.lacues.cn/Search.html?t=0.22756273817301742__fan.test.lacues.cn____
[2016-11-16 17:16:20.909]		推广：http://fan.test.lacues.cn/Product_List.html?showtype=__fan.test.lacues.cn____
[2016-11-16 17:16:24.839]		推广：http://fan.test.lacues.cn/Search.html?t=0.22756273817301742__fan.test.lacues.cn____
[2016-11-16 17:16:29.832]		推广：http://fan.test.lacues.cn/Product_List.html?showtype=__fan.test.lacues.cn____
[2016-11-16 17:16:37.389]		推广：http://fan.test.lacues.cn/__fan.test.lacues.cn____
[2016-11-16 17:16:48.272]		推广：__fan.test.lacues.cn____
[2016-11-16 17:16:48.631]		推广：http://fan.test.lacues.cn/Search.html?t=0.22756273817301742__fan.test.lacues.cn____
[2016-11-16 17:16:49.803]		推广：http://fan.test.lacues.cn/__fan.test.lacues.cn____
[2016-11-16 17:16:51.528]		推广：http://fan.test.lacues.cn/Product_List.html?showtype=__fan.test.lacues.cn____
[2016-11-16 17:16:52.722]		推广：http://fan.test.lacues.cn/cart.html__fan.test.lacues.cn____
[2016-11-16 17:16:57.027]		推广：http://fan.test.lacues.cn/Search.html?t=0.22756273817301742__fan.test.lacues.cn____
[2016-11-16 17:16:57.649]		推广：http://fan.test.lacues.cn/__fan.test.lacues.cn____
[2016-11-16 17:17:03.169]		推广：http://fan.test.lacues.cn/Product_List.html?showtype=__fan.test.lacues.cn____
[2016-11-16 17:17:05.722]		推广：http://fan.test.lacues.cn/Search.html?t=0.22756273817301742__fan.test.lacues.cn____
[2016-11-16 17:17:10.953]		推广：http://fan.test.lacues.cn/Product_List.html?showtype=__fan.test.lacues.cn____
[2016-11-16 17:17:16.865]		推广：http://fan.test.lacues.cn/Search.html?t=0.22756273817301742__fan.test.lacues.cn____
[2016-11-16 17:17:21.130]		推广：http://fan.test.lacues.cn/Product_List.html?showtype=__fan.test.lacues.cn____
[2016-11-16 17:19:50.973]		推广：http://fan.test.lacues.cn/Account/MyOrder_List.html?paytype=DFK__fan.test.lacues.cn____
[2016-11-16 17:19:53.587]		推广：http://fan.test.lacues.cn/Account/index.html?t=0.7768607297388741__fan.test.lacues.cn____
[2016-11-16 17:19:54.294]		推广：http://fan.test.lacues.cn/Account/index.html?t=0.7768607297388741__fan.test.lacues.cn____
[2016-11-16 17:20:45.223]		推广：http://fan.test.lacues.cn/Account/login.html?t=0.2724728828407672__fan.test.lacues.cn____
[2016-11-16 17:20:47.463]		推广：http://fan.test.lacues.cn/index.html__fan.test.lacues.cn____
[2016-11-16 17:20:48.261]		推广：http://fan.test.lacues.cn/Search.html?t=0.6099962285292169__fan.test.lacues.cn____
[2016-11-16 17:20:53.413]		推广：http://fan.test.lacues.cn/Product_List.html?showtype=__fan.test.lacues.cn____
[2016-11-16 17:20:55.758]		推广：http://fan.test.lacues.cn/Product_Detail.html?pid=58016100267__fan.test.lacues.cn____
[2016-11-16 17:21:11.212]		推广：http://fan.test.lacues.cn/cart.html?t=0.025032228673490975__fan.test.lacues.cn____
[2016-11-16 17:21:13.009]		推广：http://fan.test.lacues.cn/Product_Detail.html?pid=58016100267__fan.test.lacues.cn____
[2016-11-16 17:21:17.388]		推广：http://fan.test.lacues.cn/Product_Detail.html?pid=58016100267__fan.test.lacues.cn____
[2016-11-16 17:22:18.027]		推广：http://fan.test.lacues.cn/cart.html?t=0.036882089787048766__fan.test.lacues.cn____
[2016-11-16 17:22:19.567]		推广：http://fan.test.lacues.cn/Product_Detail.html?pid=58016100267__fan.test.lacues.cn____
[2016-11-16 17:22:20.175]		推广：http://fan.test.lacues.cn/Product_List.html?showtype=__fan.test.lacues.cn____
[2016-11-16 17:22:21.228]		推广：http://fan.test.lacues.cn/Search.html?t=0.6099962285292169__fan.test.lacues.cn____
[2016-11-16 17:22:22.198]		推广：http://fan.test.lacues.cn/index.html__fan.test.lacues.cn____
[2016-11-16 17:22:24.391]		推广：http://fan.test.lacues.cn/Account/index.html?t=0.9747396113968836__fan.test.lacues.cn____
[2016-11-16 17:22:25.193]		推广：http://fan.test.lacues.cn/Account/index.html?t=0.9747396113968836__fan.test.lacues.cn____
[2016-11-16 17:22:27.067]		推广：http://fan.test.lacues.cn/Account/login.html?t=0.8458811124962511__fan.test.lacues.cn____
[2016-11-16 17:23:18.417]		推广：http://fan.test.lacues.cn/Account/Register.html?t=0.8647551714575188__fan.test.lacues.cn____
[2016-11-16 17:23:19.934]		推广：http://fan.test.lacues.cn/__fan.test.lacues.cn____
[2016-11-16 17:23:21.044]		推广：http://fan.test.lacues.cn/Search.html?t=0.5348937665411815__fan.test.lacues.cn____
[2016-11-16 17:23:26.263]		推广：http://fan.test.lacues.cn/Product_List.html?showtype=__fan.test.lacues.cn____
[2016-11-16 17:23:27.425]		推广：http://fan.test.lacues.cn/Product_Detail.html?pid=58016100267__fan.test.lacues.cn____
[2016-11-16 17:23:32.907]		推广：http://fan.test.lacues.cn/Product_Detail.html?pid=58016100267__fan.test.lacues.cn____
[2016-11-16 17:26:54.337]		推广：__fan.test.lacues.cn____
[2016-11-16 17:27:06.330]		推广：http://fan.test.lacues.cn/__fan.test.lacues.cn____
[2016-11-16 17:27:07.993]		推广：http://fan.test.lacues.cn/Search.html?t=0.583109964615981__fan.test.lacues.cn____
[2016-11-16 17:27:12.948]		推广：http://fan.test.lacues.cn/Product_List.html?showtype=__fan.test.lacues.cn____
[2016-11-16 17:27:18.407]		推广：http://fan.test.lacues.cn/cart.html?t=0.5503644182779805__fan.test.lacues.cn____
[2016-11-16 17:27:21.711]		推广：http://fan.test.lacues.cn/Sale/FullCut.html?t=0.7310112202735326__fan.test.lacues.cn____
[2016-11-16 17:27:28.634]		推广：http://fan.test.lacues.cn/Product_Detail.html?pid=58016100267__fan.test.lacues.cn____
[2016-11-16 17:27:30.779]		推广：http://fan.test.lacues.cn/cart.html?t=0.6900973575599227__fan.test.lacues.cn____
[2016-11-16 17:27:32.838]		推广：http://fan.test.lacues.cn/Product_Detail.html?pid=58016100267__fan.test.lacues.cn____
[2016-11-16 17:27:32.856]		推广：http://fan.test.lacues.cn/order/OrderConfirm.html?t=0.22566095102082961__fan.test.lacues.cn____
[2016-11-16 17:27:40.512]		推广：http://fan.test.lacues.cn/Account/AddressList.html?addressid=DZ161107100004__fan.test.lacues.cn____
[2016-11-16 17:27:58.562]		推广：http://fan.test.lacues.cn/cart.html?t=0.6900973575599227__fan.test.lacues.cn____
[2016-11-16 17:27:59.186]		推广：http://fan.test.lacues.cn/Sale/FullCut.html?t=0.7310112202735326__fan.test.lacues.cn____
[2016-11-16 17:28:01.614]		推广：http://fan.test.lacues.cn/Product_Detail.html?pid=58016100267__fan.test.lacues.cn____
[2016-11-16 17:28:01.948]		推广：http://fan.test.lacues.cn/cart.html?t=0.5503644182779805__fan.test.lacues.cn____
[2016-11-16 17:28:03.696]		推广：http://fan.test.lacues.cn/Search.html?t=0.5348937665411815__fan.test.lacues.cn____
[2016-11-16 17:28:56.407]		推广：http://test-dlq.ycp8.cn/cdlq/web/template/template.html?pNum=PNM161111100001__fan.test.lacues.cn____
[2016-11-16 17:29:09.946]		推广：http://fan.test.lacues.cn/Account/AddressList.html?addressid=DZ161107100004__fan.test.lacues.cn____
[2016-11-16 17:29:14.930]		推广：http://fan.test.lacues.cn/Product_Detail.html?pid=58016100283__fan.test.lacues.cn____
[2016-11-16 17:29:47.421]		推广：http://test-dlq.ycp8.cn/cdlq/web/template/template.html?pNum=PNM161111100001__fan.test.lacues.cn____
[2016-11-16 17:29:52.107]		推广：http://fan.test.lacues.cn/Product_Detail.html?pid=58016100283__fan.test.lacues.cn____
[2016-11-16 17:30:02.109]		推广：http://fan.test.lacues.cn/Product_Detail.html?pid=58016100283__fan.test.lacues.cn____
[2016-11-16 17:30:04.749]		推广：http://fan.test.lacues.cn/order/OrderConfirm.html?t=0.6722260286897619__fan.test.lacues.cn____
[2016-11-16 17:33:13.280]		推广：http://fan.test.lacues.cn/Product_List.html?showtype=__fan.test.lacues.cn____
[2016-11-16 17:34:01.890]		推广：http://fan.test.lacues.cn/cart.html__fan.test.lacues.cn____
[2016-11-16 17:34:03.724]		推广：http://fan.test.lacues.cn/__fan.test.lacues.cn____
[2016-11-16 17:34:15.904]		推广：http://fan.test.lacues.cn/Account/index.html?t=0.8152209540011197__fan.test.lacues.cn____
[2016-11-16 17:34:17.200]		推广：http://fan.test.lacues.cn/Account/MyAccount.html?t=0.4075117731382194__fan.test.lacues.cn____
[2016-11-16 17:34:18.177]		推广：http://fan.test.lacues.cn/Account/AddressList.html?t=0.599322381037743__fan.test.lacues.cn____
[2016-11-16 17:35:33.939]		推广：http://fan.test.lacues.cn/Account/AddressList.html?t=0.599322381037743__fan.test.lacues.cn____
[2016-11-16 17:36:21.124]		推广：http://fan.test.lacues.cn/Account/AddressList.html?t=0.599322381037743__fan.test.lacues.cn____
[2016-11-16 17:38:12.989]		推广：http://fan.test.lacues.cn/Account/AddressList.html?t=0.599322381037743__fan.test.lacues.cn____
[2016-11-16 17:41:18.427]		推广：http://fan.test.lacues.cn/Product_Detail.html?pid=58016100267__fan.test.lacues.cn____
[2016-11-16 17:41:20.158]		推广：http://fan.test.lacues.cn/Product_List.html?showtype=__fan.test.lacues.cn____
[2016-11-16 17:41:28.005]		推广：http://fan.test.lacues.cn/Product_List.html?showtype=__fan.test.lacues.cn____
[2016-11-16 17:41:28.160]		推广：http://fan.test.lacues.cn/Search.html?t=0.583109964615981__fan.test.lacues.cn____
[2016-11-16 17:41:28.193]		推广：http://fan.test.lacues.cn/Product_List.html?showtype=__fan.test.lacues.cn____
[2016-11-16 17:41:30.062]		推广：http://fan.test.lacues.cn/Search.html?t=0.3231883012412793__fan.test.lacues.cn____
[2016-11-16 17:41:46.304]		推广：http://fan.test.lacues.cn/Product_List.html?showtype=__fan.test.lacues.cn____
[2016-11-16 17:41:53.302]		推广：http://fan.test.lacues.cn/Product_Detail.html?pid=8016465484__fan.test.lacues.cn____
[2016-11-16 17:48:51.123]		推广：http://fan.test.lacues.cn/Product_List.html?showtype=__fan.test.lacues.cn____
[2016-11-16 17:49:22.639]		推广：http://fan.test.lacues.cn/Product_List.html?showtype=__fan.test.lacues.cn____
[2016-11-16 17:49:38.441]		推广：http://fan.test.lacues.cn/Product_List.html?showtype=__fan.test.lacues.cn____
[2016-11-16 17:50:42.175]		推广：http://fan.test.lacues.cn/Product_List.html?showtype=__fan.test.lacues.cn____
[2016-11-16 17:50:54.897]		推广：http://fan.test.lacues.cn/Product_List.html?showtype=__fan.test.lacues.cn____
[2016-11-16 17:51:02.167]		推广：http://fan.test.lacues.cn/Product_List.html?showtype=__fan.test.lacues.cn____
[2016-11-16 17:51:10.209]		推广：http://fan.test.lacues.cn/Product_List.html?showtype=__fan.test.lacues.cn____
[2016-11-16 17:51:17.231]		推广：http://fan.test.lacues.cn/Product_List.html?showtype=__fan.test.lacues.cn____
[2016-11-16 17:51:27.425]		推广：http://fan.test.lacues.cn/Product_List.html?showtype=__fan.test.lacues.cn____
[2016-11-16 17:51:32.974]		推广：http://fan.test.lacues.cn/Product_List.html?showtype=__fan.test.lacues.cn____
[2016-11-16 17:51:45.362]		推广：__fan.test.lacues.cn____
[2016-11-16 17:51:57.679]		推广：__fan.test.lacues.cn____
[2016-11-16 17:52:10.808]		推广：__fan.test.lacues.cn____
[2016-11-16 17:52:14.131]		推广：__fan.test.lacues.cn____
[2016-11-16 17:52:30.047]		推广：__fan.test.lacues.cn____
[2016-11-16 17:52:34.691]		推广：__fan.test.lacues.cn____
[2016-11-16 17:52:59.917]		推广：__fan.test.lacues.cn____
[2016-11-16 17:53:01.291]		推广：__fan.test.lacues.cn____
[2016-11-16 17:53:07.420]		推广：__fan.test.lacues.cn____
[2016-11-16 17:53:31.413]		推广：__fan.test.lacues.cn____
[2016-11-16 17:53:45.453]		推广：__fan.test.lacues.cn____
[2016-11-16 17:53:57.330]		推广：http://fan.test.lacues.cn/Search.html?t=0.5348937665411815__fan.test.lacues.cn____
[2016-11-16 17:54:11.902]		推广：http://fan.test.lacues.cn/__fan.test.lacues.cn____
[2016-11-16 17:54:13.118]		推广：http://fan.test.lacues.cn/Search.html?t=0.9140355760946512__fan.test.lacues.cn____
[2016-11-16 17:55:19.556]		推广：http://fan.test.lacues.cn/Product_Detail.html?pid=8016465484__fan.test.lacues.cn____
[2016-11-16 17:55:25.246]		推广：http://test-dlq.ycp8.cn/cdlq/web/template/template.html?pNum=PNM161111100001__fan.test.lacues.cn____
[2016-11-16 17:55:27.368]		推广：http://fan.test.lacues.cn/Product_Detail.html?pid=8016465488__fan.test.lacues.cn____
[2016-11-16 17:55:32.591]		推广：http://fan.test.lacues.cn/Product_Detail.html?pid=8016465488__fan.test.lacues.cn____
[2016-11-16 17:55:35.661]		推广：http://fan.test.lacues.cn/Product_List.html?showtype=__fan.test.lacues.cn____
[2016-11-16 17:55:37.020]		推广：http://fan.test.lacues.cn/Product_Detail.html?pid=8016465483__fan.test.lacues.cn____
[2016-11-16 17:55:40.566]		推广：http://fan.test.lacues.cn/cart.html?t=0.8453710296864465__fan.test.lacues.cn____
[2016-11-16 17:55:42.548]		推广：http://fan.test.lacues.cn/index.html?t=0.11889941954087169__fan.test.lacues.cn____
[2016-11-16 17:55:44.557]		推广：http://fan.test.lacues.cn/Search.html?t=0.3774693051288829__fan.test.lacues.cn____
[2016-11-16 17:55:47.976]		推广：http://fan.test.lacues.cn/Product_List.html?showtype=__fan.test.lacues.cn____
[2016-11-16 17:55:58.942]		推广：http://fan.test.lacues.cn/Product_Detail.html?pid=8016465484__fan.test.lacues.cn____
[2016-11-16 17:55:59.959]		推广：http://test-dlq.ycp8.cn/cdlq/web/template/template.html?pNum=PNM161111100001__fan.test.lacues.cn____
[2016-11-16 17:56:07.215]		推广：http://fan.test.lacues.cn/Product_List.html?showtype=__fan.test.lacues.cn____
[2016-11-16 17:56:08.505]		推广：http://fan.test.lacues.cn/Product_List.html?showtype=__fan.test.lacues.cn____
[2016-11-16 17:56:09.605]		推广：http://fan.test.lacues.cn/Product_List.html?showtype=__fan.test.lacues.cn____
[2016-11-16 17:56:11.344]		推广：http://fan.test.lacues.cn/Product_List.html?showtype=__fan.test.lacues.cn____
[2016-11-16 17:56:14.356]		推广：http://fan.test.lacues.cn/Product_List.html?showtype=__fan.test.lacues.cn____
[2016-11-16 17:56:15.336]		推广：http://fan.test.lacues.cn/Product_List.html?showtype=__fan.test.lacues.cn____
[2016-11-16 17:56:16.266]		推广：http://fan.test.lacues.cn/Product_List.html?showtype=__fan.test.lacues.cn____
[2016-11-16 17:56:17.504]		推广：http://fan.test.lacues.cn/Product_Detail.html?pid=8016465484__fan.test.lacues.cn____
[2016-11-16 17:56:17.528]		推广：http://fan.test.lacues.cn/Product_List.html?showtype=__fan.test.lacues.cn____
[2016-11-16 17:56:19.455]		推广：http://fan.test.lacues.cn/Product_Detail.html?pid=8016465484__fan.test.lacues.cn____
[2016-11-16 17:56:20.881]		推广：http://fan.test.lacues.cn/Product_Detail.html?pid=8016465484__fan.test.lacues.cn____
[2016-11-16 17:56:24.261]		推广：http://fan.test.lacues.cn/Product_List.html?showtype=__fan.test.lacues.cn____
[2016-11-16 17:56:33.420]		推广：http://test-dlq.ycp8.cn/cdlq/web/template/template.html?pNum=PNM161111100001__fan.test.lacues.cn____
[2016-11-16 17:56:35.385]		推广：http://fan.test.lacues.cn/Product_Detail.html?pid=8016465488__fan.test.lacues.cn____
[2016-11-16 17:56:37.865]		推广：http://fan.test.lacues.cn/Product_Detail.html?pid=8016465488__fan.test.lacues.cn____
[2016-11-16 17:56:39.863]		推广：http://fan.test.lacues.cn/Product_Detail.html?pid=8016465488__fan.test.lacues.cn____
[2016-11-16 17:56:41.578]		推广：http://fan.test.lacues.cn/Product_Detail.html?pid=8016465488__fan.test.lacues.cn____
[2016-11-16 17:56:43.091]		推广：http://fan.test.lacues.cn/Product_Detail.html?pid=8016465488__fan.test.lacues.cn____
[2016-11-16 17:56:45.120]		推广：http://fan.test.lacues.cn/Product_Detail.html?pid=8016465488__fan.test.lacues.cn____
[2016-11-16 17:57:05.993]		推广：http://fan.test.lacues.cn/Product_List.html?showtype=__fan.test.lacues.cn____
[2016-11-16 17:57:36.428]		推广：http://test-dlq.ycp8.cn/cdlq/web/template/template.html?pNum=PNM161111100001__fan.test.lacues.cn____
[2016-11-16 17:57:37.994]		推广：http://fan.test.lacues.cn/Product_Detail.html?pid=8016465488__fan.test.lacues.cn____
[2016-11-16 17:57:40.016]		推广：http://fan.test.lacues.cn/Product_Detail.html?pid=8016465488__fan.test.lacues.cn____
[2016-11-16 17:57:41.388]		推广：http://fan.test.lacues.cn/Product_Detail.html?pid=8016465488__fan.test.lacues.cn____
[2016-11-16 17:57:41.951]		推广：http://fan.test.lacues.cn/Product_Detail.html?pid=8016465488__fan.test.lacues.cn____
[2016-11-16 17:57:51.083]		推广：http://fan.test.lacues.cn/Product_Detail.html?pid=8016465488__fan.test.lacues.cn____
[2016-11-16 17:57:52.201]		推广：http://fan.test.lacues.cn/Product_Detail.html?pid=8016465488__fan.test.lacues.cn____
[2016-11-16 17:57:54.554]		推广：http://fan.test.lacues.cn/Product_Detail.html?pid=8016465488__fan.test.lacues.cn____
[2016-11-16 17:58:07.363]		推广：http://fan.test.lacues.cn/Product_Detail.html?pid=8016465488__fan.test.lacues.cn____
[2016-11-16 17:58:08.798]		推广：http://fan.test.lacues.cn/Product_Detail.html?pid=8016465488__fan.test.lacues.cn____
[2016-11-16 17:58:15.367]		推广：http://fan.test.lacues.cn/Product_Detail.html?pid=8016465488__fan.test.lacues.cn____
[2016-11-16 17:58:16.161]		推广：http://fan.test.lacues.cn/Product_Detail.html?pid=8016465488__fan.test.lacues.cn____
[2016-11-16 17:58:17.471]		推广：http://fan.test.lacues.cn/Product_Detail.html?pid=8016465488__fan.test.lacues.cn____
[2016-11-16 17:58:20.623]		推广：http://test-dlq.ycp8.cn/cdlq/web/template/template.html?pNum=PNM161111100001__fan.test.lacues.cn____
[2016-11-16 17:58:21.466]		推广：http://fan.test.lacues.cn/Product_Detail.html?pid=8016465488__fan.test.lacues.cn____
[2016-11-16 17:58:23.480]		推广：http://fan.test.lacues.cn/Product_Detail.html?pid=8016465488__fan.test.lacues.cn____
[2016-11-16 17:58:23.744]		推广：http://fan.test.lacues.cn/Product_Detail.html?pid=8016465488__fan.test.lacues.cn____
[2016-11-16 17:58:35.023]		推广：http://test-dlq.ycp8.cn/cdlq/web/template/template.html?pNum=PNM161111100001__fan.test.lacues.cn____
[2016-11-16 17:58:37.910]		推广：http://fan.test.lacues.cn/Product_Detail.html?pid=8016465488__fan.test.lacues.cn____
[2016-11-16 17:58:53.387]		推广：http://fan.test.lacues.cn/Product_Detail.html?pid=8016465484__fan.test.lacues.cn____
[2016-11-16 17:58:55.901]		推广：http://fan.test.lacues.cn/Product_Detail.html?pid=8016465484__fan.test.lacues.cn____
[2016-11-16 17:58:57.143]		推广：http://test-dlq.ycp8.cn/cdlq/web/template/template.html?pNum=PNM161111100001__fan.test.lacues.cn____
[2016-11-16 17:58:59.359]		推广：http://fan.test.lacues.cn/Product_Detail.html?pid=8016465488__fan.test.lacues.cn____
[2016-11-16 17:59:05.717]		推广：http://fan.test.lacues.cn/Product_List.html?showtype=__fan.test.lacues.cn____
[2016-11-16 17:59:09.155]		推广：http://test-dlq.ycp8.cn/cdlq/web/template/template.html?pNum=PNM161111100001__fan.test.lacues.cn____
[2016-11-16 17:59:12.138]		推广：http://fan.test.lacues.cn/Product_Detail.html?pid=8016465484__fan.test.lacues.cn____
[2016-11-16 17:59:19.607]		推广：http://test-dlq.ycp8.cn/cdlq/web/template/template.html?pNum=PNM161111100001__fan.test.lacues.cn____
[2016-11-16 17:59:21.683]		推广：http://fan.test.lacues.cn/Product_Detail.html?pid=8016465488__fan.test.lacues.cn____
[2016-11-16 18:00:07.709]		推广：http://fan.test.lacues.cn/Product_Detail.html?pid=8016465484__fan.test.lacues.cn____
[2016-11-16 18:00:17.733]		推广：http://test-dlq.ycp8.cn/cdlq/web/template/template.html?pNum=PNM161111100001__fan.test.lacues.cn____
[2016-11-16 18:00:48.181]		推广：http://fan.test.lacues.cn/Product_Detail.html?pid=8016465484__fan.test.lacues.cn____
[2016-11-16 18:00:56.313]		推广：__fan.test.lacues.cn____
[2016-11-16 18:03:27.255]		推广：http://fan.test.lacues.cn/Product_Detail.html?pid=8016465483__fan.test.lacues.cn____
[2016-11-16 18:04:15.092]		推广：__fan.test.lacues.cn____
[2016-11-16 18:04:39.537]		推广：http://fan.test.lacues.cn/__fan.test.lacues.cn____
[2016-11-16 18:04:42.291]		推广：http://fan.test.lacues.cn/Search.html?t=0.8392497494351119__fan.test.lacues.cn____
[2016-11-16 18:05:22.499]		推广：http://fan.test.lacues.cn/Product_List.html?showtype=__fan.test.lacues.cn____
[2016-11-16 18:05:25.835]		推广：http://fan.test.lacues.cn/Search.html?t=0.8392497494351119__fan.test.lacues.cn____
[2016-11-16 18:05:27.230]		推广：http://fan.test.lacues.cn/__fan.test.lacues.cn____
[2016-11-16 18:05:29.270]		推广：http://fan.test.lacues.cn/Account/index.html?t=0.4451762642711401__fan.test.lacues.cn____
[2016-11-16 18:05:33.140]		推广：http://fan.test.lacues.cn/Account/login.html?t=0.5772384535521269__fan.test.lacues.cn____
[2016-11-16 18:05:50.873]		推广：http://fan.test.lacues.cn/Account/index.html?t=0.4451762642711401__fan.test.lacues.cn____
[2016-11-16 18:05:52.356]		推广：http://fan.test.lacues.cn/Account/login.html?t=0.5772384535521269__fan.test.lacues.cn____
[2016-11-16 18:05:54.280]		推广：http://fan.test.lacues.cn/__fan.test.lacues.cn____
[2016-11-16 18:05:56.531]		推广：http://fan.test.lacues.cn/Account/index.html?t=0.6508070128038526__fan.test.lacues.cn____
[2016-11-16 18:05:58.159]		推广：http://fan.test.lacues.cn/Account/login.html?t=0.1117719323374331__fan.test.lacues.cn____
[2016-11-16 18:06:16.169]		推广：http://fan.test.lacues.cn/Account/login_m.html?gobackurlaa=aHR0cDovL2Zhbi50ZXN0LmxhY3Vlcy5jbi9BY2NvdW50L2luZGV4Lmh0bWw/dD0wLjY1MDgwNzAxMjgwMzg1MjY=__fan.test.lacues.cn____
[2016-11-16 18:06:18.948]		推广：http://fan.test.lacues.cn/Account/login.html?t=0.3962370855733752__fan.test.lacues.cn____
[2016-11-16 18:10:58.282]		推广：http://fan.test.lacues.cn/Product_Detail.html?pid=8016465484__fan.test.lacues.cn____
[2016-11-16 18:12:57.162]		推广：http://fan.test.lacues.cn/Product_Detail.html?pid=8016465484__fan.test.lacues.cn____
[2016-11-16 18:14:15.600]		推广：http://fan.test.lacues.cn/Account/login_m.html?gobackurlaa=aHR0cDovL2Zhbi50ZXN0LmxhY3Vlcy5jbi9BY2NvdW50L2luZGV4Lmh0bWw/dD0wLjY1MDgwNzAxMjgwMzg1MjY=__fan.test.lacues.cn____
[2016-11-16 18:14:20.930]		推广：__fan.test.lacues.cn____
[2016-11-16 18:14:22.828]		推广：http://fan.test.lacues.cn/__fan.test.lacues.cn____
[2016-11-16 18:14:24.648]		推广：http://fan.test.lacues.cn/Account/index.html?t=0.9631168164778501__fan.test.lacues.cn____
[2016-11-16 18:14:37.142]		推广：http://fan.test.lacues.cn/Account/login.html?t=0.27624060958623886__fan.test.lacues.cn____
[2016-11-16 18:14:42.698]		推广：http://fan.test.lacues.cn/__fan.test.lacues.cn____
[2016-11-16 18:14:47.900]		推广：http://fan.test.lacues.cn/Account/index.html?t=0.28343700827099383__fan.test.lacues.cn____
[2016-11-16 18:14:49.184]		推广：http://fan.test.lacues.cn/Account/MyAccount.html?t=0.5426067477092147__fan.test.lacues.cn____
[2016-11-16 18:14:54.298]		推广：http://fan.test.lacues.cn/Product_Detail.html?pid=8016465484__fan.test.lacues.cn____
[2016-11-16 18:15:25.842]		推广：http://fan.test.lacues.cn/Account/MyNickName.html?t=0.9630354763939977__fan.test.lacues.cn____
[2016-11-16 18:16:26.647]		推广：http://fan.test.lacues.cn/__fan.test.lacues.cn____
[2016-11-16 18:16:27.294]		推广：http://fan.test.lacues.cn/cart.html__fan.test.lacues.cn____
[2016-11-16 18:16:29.758]		推广：http://fan.test.lacues.cn/__fan.test.lacues.cn____
[2016-11-16 18:16:30.867]		推广：http://fan.test.lacues.cn/Search.html?t=0.9549886424372056__fan.test.lacues.cn____
[2016-11-16 18:16:33.301]		推广：http://fan.test.lacues.cn/__fan.test.lacues.cn____
[2016-11-16 18:16:40.275]		推广：http://fan.test.lacues.cn/Search.html?t=0.9549886424372056__fan.test.lacues.cn____
[2016-11-16 18:17:50.892]		推广：http://fan.test.lacues.cn/Search.html?t=0.22756273817301742__fan.test.lacues.cn____
[2016-11-16 18:17:54.432]		推广：http://fan.test.lacues.cn/Product_List.html?showtype=__fan.test.lacues.cn____
[2016-11-16 18:17:58.653]		推广：http://fan.test.lacues.cn/Search.html?t=0.9140355760946512__fan.test.lacues.cn____
[2016-11-16 18:18:03.011]		推广：http://fan.test.lacues.cn/Product_Detail.html?pid=58016100267__fan.test.lacues.cn____
[2016-11-16 18:18:08.240]		推广：http://fan.test.lacues.cn/order/OrderConfirm.html?t=0.6888794384444951__fan.test.lacues.cn____
[2016-11-16 18:18:10.484]		推广：http://fan.test.lacues.cn/Product_List.html?showtype=__fan.test.lacues.cn____
[2016-11-16 18:18:14.385]		推广：http://fan.test.lacues.cn/Product_Detail.html?pid=58016100267__fan.test.lacues.cn____
[2016-11-16 18:18:17.407]		推广：http://fan.test.lacues.cn/order/OrderConfirm.html?t=0.09209328203744283__fan.test.lacues.cn____
[2016-11-16 18:18:23.537]		推广：http://fan.test.lacues.cn/__fan.test.lacues.cn____
[2016-11-16 18:18:27.799]		推广：http://fan.test.lacues.cn/Account/index.html?t=0.28343700827099383__fan.test.lacues.cn____
[2016-11-16 18:18:30.597]		推广：http://fan.test.lacues.cn/Account/MyNickName.html?t=0.9630354763939977__fan.test.lacues.cn____
[2016-11-16 18:18:41.440]		推广：__fan.test.lacues.cn____
[2016-11-16 18:18:50.742]		推广：http://fan.test.lacues.cn/Search.html?t=0.9549886424372056__fan.test.lacues.cn____
[2016-11-16 18:19:04.654]		推广：http://fan.test.lacues.cn/Product_List.html?showtype=__fan.test.lacues.cn____
[2016-11-16 18:19:06.107]		推广：http://fan.test.lacues.cn/Product_Detail.html?pid=8016465481__fan.test.lacues.cn____
[2016-11-16 18:22:22.696]		推广：http://fan.test.lacues.cn/Product_List.html?showtype=__fan.test.lacues.cn____
[2016-11-16 18:22:43.239]		推广：http://fan.test.lacues.cn/__fan.test.lacues.cn____
[2016-11-16 18:22:45.337]		推广：http://fan.test.lacues.cn/Account/index.html?t=0.043185989605262876__fan.test.lacues.cn____
[2016-11-16 18:22:47.818]		推广：http://fan.test.lacues.cn/Account/MyOrder_List.html?paytype=ALL__fan.test.lacues.cn____
[2016-11-16 18:22:55.195]		推广：http://fan.test.lacues.cn/Account/index.html?t=0.043185989605262876__fan.test.lacues.cn____
[2016-11-16 18:22:55.989]		推广：http://fan.test.lacues.cn/Product_Detail.html?pid=58016100283__fan.test.lacues.cn____
[2016-11-16 18:22:56.430]		推广：http://fan.test.lacues.cn/Account/MyAccount.html?t=0.8890506960451603__fan.test.lacues.cn____
[2016-11-16 18:22:58.680]		推广：http://fan.test.lacues.cn/Account/AddressList.html?t=0.800441907485947__fan.test.lacues.cn____
[2016-11-16 18:24:05.141]		推广：http://fan.test.lacues.cn/Account/MyOrder_List.html?paytype=ALL__fan.test.lacues.cn____
[2016-11-16 18:24:06.296]		推广：http://fan.test.lacues.cn/Account/index.html?t=0.043185989605262876__fan.test.lacues.cn____
[2016-11-16 18:24:07.275]		推广：http://fan.test.lacues.cn/Account/MyAccount.html?t=0.9085931612644345__fan.test.lacues.cn____
[2016-11-16 18:24:09.115]		推广：http://fan.test.lacues.cn/Account/AddressList.html?t=0.6069131186231971__fan.test.lacues.cn____
[2016-11-16 18:24:22.406]		推广：__fan.test.lacues.cn____
[2016-11-16 18:24:24.024]		推广：http://fan.test.lacues.cn/__fan.test.lacues.cn____
[2016-11-16 18:24:32.647]		推广：http://fan.test.lacues.cn/Account/index.html?t=0.5841570429038256__fan.test.lacues.cn____
[2016-11-16 18:24:34.095]		推广：http://fan.test.lacues.cn/Account/index.html?t=0.5841570429038256__fan.test.lacues.cn____
[2016-11-16 18:24:35.815]		推广：http://fan.test.lacues.cn/Account/login.html?t=0.33575169439427555__fan.test.lacues.cn____
[2016-11-16 18:25:19.565]		推广：http://fan.test.lacues.cn/Account/index.html?t=0.5841570429038256__fan.test.lacues.cn____
[2016-11-16 18:25:20.675]		推广：http://fan.test.lacues.cn/Account/index.html?t=0.5841570429038256__fan.test.lacues.cn____
[2016-11-16 18:25:23.674]		推广：__fan.test.lacues.cn____
[2016-11-16 18:25:25.733]		推广：http://fan.test.lacues.cn/__fan.test.lacues.cn____
[2016-11-16 18:25:28.884]		推广：http://fan.test.lacues.cn/Account/index.html?t=0.8462869594804943__fan.test.lacues.cn____
[2016-11-16 18:25:38.674]		推广：http://fan.test.lacues.cn/Account/login.html?t=0.2983608467038721__fan.test.lacues.cn____
[2016-11-16 18:25:41.584]		推广：http://fan.test.lacues.cn/Account/index.html?t=0.8462869594804943__fan.test.lacues.cn____
[2016-11-16 18:27:40.753]		推广：http://fan.test.lacues.cn/Product_Detail.html?pid=58016100267__fan.test.lacues.cn____
[2016-11-16 18:27:43.528]		推广：http://fan.test.lacues.cn/Product_List.html?showtype=__fan.test.lacues.cn____
[2016-11-16 18:30:07.126]		推广：http://fan.test.lacues.cn/Product_Detail.html?pid=58016100267__fan.test.lacues.cn____
[2016-11-16 18:30:11.928]		推广：http://fan.test.lacues.cn/order/OrderConfirm.html?t=0.6888794384444951__fan.test.lacues.cn____
[2016-11-16 18:30:19.581]		推广：http://fan.test.lacues.cn/Product_Detail.html?pid=58016100267__fan.test.lacues.cn____
[2016-11-16 18:30:23.905]		推广：http://fan.test.lacues.cn/Product_List.html?showtype=__fan.test.lacues.cn____
[2016-11-16 18:30:30.132]		推广：http://fan.test.lacues.cn/Product_Detail.html?pid=8016465484__fan.test.lacues.cn____
[2016-11-16 18:30:50.569]		推广：http://fan.test.lacues.cn/Review/ReviewList.html?pid=8016465484__fan.test.lacues.cn____
[2016-11-16 18:31:02.273]		推广：http://fan.test.lacues.cn/Account/MyCollection.html?t=0.8595581720583141__fan.test.lacues.cn____
[2016-11-16 18:31:05.434]		推广：http://fan.test.lacues.cn/index.html?t=0.4877033312804997__fan.test.lacues.cn____
[2016-11-16 18:31:07.125]		推广：http://fan.test.lacues.cn/Search.html?t=0.44153695995919406__fan.test.lacues.cn____
[2016-11-16 18:31:09.655]		推广：http://fan.test.lacues.cn/Product_List.html?showtype=__fan.test.lacues.cn____
[2016-11-16 18:31:43.601]		推广：http://fan.test.lacues.cn/Product_Detail.html?pid=8016465485__fan.test.lacues.cn____
[2016-11-16 18:32:28.542]		推广：http://fan.test.lacues.cn/cart.html?t=0.8754807384684682__fan.test.lacues.cn____
[2016-11-16 18:35:18.786]		推广：http://fan.test.lacues.cn/cart.html?t=0.004060814655167055__fan.test.lacues.cn____
[2016-11-16 18:35:19.395]		推广：http://fan.test.lacues.cn/Product_Detail.html?pid=58016100283__fan.test.lacues.cn____
[2016-11-16 18:35:20.673]		推广：http://fan.test.lacues.cn/Product_List.html?showtype=__fan.test.lacues.cn____
[2016-11-16 18:35:21.111]		推广：http://fan.test.lacues.cn/Search.html?t=0.9140355760946512__fan.test.lacues.cn____
[2016-11-16 18:35:22.951]		推广：http://fan.test.lacues.cn/__fan.test.lacues.cn____
[2016-11-16 18:35:23.157]		推广：http://fan.test.lacues.cn/Account/index.html?t=0.2893340612321975__fan.test.lacues.cn____
[2016-11-16 18:35:26.960]		推广：http://fan.test.lacues.cn/Account/login.html?t=0.8582228130715157__fan.test.lacues.cn____
[2016-11-16 18:35:28.122]		推广：http://fan.test.lacues.cn/__fan.test.lacues.cn____
[2016-11-16 18:35:29.071]		推广：http://fan.test.lacues.cn/Search.html?t=0.3765737200766204__fan.test.lacues.cn____
[2016-11-16 18:36:43.668]		推广：http://fan.test.lacues.cn/index.html?t=0.05560084362514317__fan.test.lacues.cn____
[2016-11-16 18:36:45.576]		推广：http://fan.test.lacues.cn/Search.html?t=0.9725807313807309__fan.test.lacues.cn____
[2016-11-16 18:36:49.515]		推广：http://fan.test.lacues.cn/Product_List.html?showtype=__fan.test.lacues.cn____
[2016-11-16 18:36:55.193]		推广：http://fan.test.lacues.cn/Product_List.html?showtype=__fan.test.lacues.cn____
[2016-11-16 18:36:56.545]		推广：http://fan.test.lacues.cn/Product_Detail.html?pid=58016100267__fan.test.lacues.cn____
[2016-11-16 18:36:58.296]		推广：__fan.test.lacues.cn____
[2016-11-16 18:37:01.253]		推广：http://fan.test.lacues.cn/Product_Detail.html?pid=58016100267__fan.test.lacues.cn____
[2016-11-16 18:37:02.456]		推广：http://fan.test.lacues.cn/Product_Detail.html?pid=58016100267__fan.test.lacues.cn____
[2016-11-16 18:37:03.426]		推广：__fan.test.lacues.cn____
[2016-11-16 18:37:06.317]		推广：__fan.test.lacues.cn____
[2016-11-16 18:37:08.444]		推广：http://fan.test.lacues.cn/__fan.test.lacues.cn____
[2016-11-16 18:37:11.405]		推广：http://fan.test.lacues.cn/Search.html?t=0.4218345929402858__fan.test.lacues.cn____
[2016-11-16 18:37:14.444]		推广：http://fan.test.lacues.cn/Product_List.html?showtype=__fan.test.lacues.cn____
[2016-11-16 18:37:18.657]		推广：http://fan.test.lacues.cn/Search.html?t=0.4218345929402858__fan.test.lacues.cn____
[2016-11-16 18:37:22.620]		推广：http://fan.test.lacues.cn/Product_List.html?showtype=__fan.test.lacues.cn____
[2016-11-16 18:37:27.106]		推广：http://fan.test.lacues.cn/Product_Detail.html?pid=8016465484__fan.test.lacues.cn____
[2016-11-16 18:37:28.124]		推广：__fan.test.lacues.cn____
[2016-11-16 18:37:48.794]		推广：http://test.pay.lacues.cn/createorder/?c_order=OS1396103__fan.test.lacues.cn____
[2016-11-16 18:38:13.679]		推广：__fan.test.lacues.cn____
[2016-11-16 18:38:15.209]		推广：http://fan.test.lacues.cn/__fan.test.lacues.cn____
[2016-11-16 18:38:18.770]		推广：http://fan.test.lacues.cn/Account/index.html?t=0.15309530845843256__fan.test.lacues.cn____
[2016-11-16 18:38:21.995]		推广：http://fan.test.lacues.cn/Product_List.html?showtype=__fan.test.lacues.cn____
[2016-11-16 18:38:22.294]		推广：http://fan.test.lacues.cn/Search.html?t=0.3765737200766204__fan.test.lacues.cn____
[2016-11-16 18:38:22.410]		推广：http://fan.test.lacues.cn/Account/MyOrder_List.html?paytype=DFK__fan.test.lacues.cn____
[2016-11-16 18:38:52.310]		推广：http://fan.test.lacues.cn/Account/MyOrder_List.html?paytype=DFK__fan.test.lacues.cn____
[2016-11-16 18:39:07.686]		推广：http://fan.test.lacues.cn/Account/index.html?t=0.15309530845843256__fan.test.lacues.cn____
[2016-11-16 18:39:07.688]		推广：http://fan.test.lacues.cn/Product_List.html?showtype=__fan.test.lacues.cn____
[2016-11-16 18:39:10.930]		推广：__fan.test.lacues.cn____
[2016-11-16 18:39:11.476]		推广：http://fan.test.lacues.cn/Account/MyOrder_List.html?paytype=DFK__fan.test.lacues.cn____
[2016-11-16 18:39:13.749]		推广：http://fan.test.lacues.cn/__fan.test.lacues.cn____
[2016-11-16 18:39:15.688]		推广：http://fan.test.lacues.cn/Product_List.html?showtype=__fan.test.lacues.cn____
[2016-11-16 18:39:16.268]		推广：http://fan.test.lacues.cn/Account/index.html?t=0.9762237214017659__fan.test.lacues.cn____
[2016-11-16 18:39:18.526]		推广：http://fan.test.lacues.cn/Product_Detail.html?pid=8016465484__fan.test.lacues.cn____
[2016-11-16 18:39:21.494]		推广：__fan.test.lacues.cn____
[2016-11-16 18:39:27.140]		推广：http://fan.test.lacues.cn/Product_List.html?showtype=__fan.test.lacues.cn____
[2016-11-16 18:39:27.270]		推广：http://fan.test.lacues.cn/order/MyOrder_pay.html?order_code=OS1396103__fan.test.lacues.cn____
[2016-11-16 18:39:27.532]		推广：http://fan.test.lacues.cn/Search.html?t=0.3765737200766204__fan.test.lacues.cn____
[2016-11-16 18:39:28.209]		推广：http://fan.test.lacues.cn/__fan.test.lacues.cn____
[2016-11-16 18:39:29.277]		推广：http://fan.test.lacues.cn/Account/login.html?t=0.8582228130715157__fan.test.lacues.cn____
[2016-11-16 18:39:31.211]		推广：http://fan.test.lacues.cn/__fan.test.lacues.cn____
[2016-11-16 18:39:31.730]		推广：http://fan.test.lacues.cn/Account/index.html?t=0.9916762742580214__fan.test.lacues.cn____
[2016-11-16 18:39:35.540]		推广：__fan.test.lacues.cn____
[2016-11-16 18:39:51.829]		推广：http://test.pay.lacues.cn/createorder/?c_order=OS1396103__fan.test.lacues.cn____
[2016-11-16 18:40:42.772]		推广：__fan.test.lacues.cn____
[2016-11-16 18:40:44.715]		推广：__fan.test.lacues.cn____
[2016-11-16 18:40:46.909]		推广：__fan.test.lacues.cn____
[2016-11-16 18:41:18.056]		推广：__fan.test.lacues.cn____
[2016-11-16 18:41:23.828]		推广：http://fan.test.lacues.cn/Order/OrderSuccess.html?orderid=OS1396103__fan.test.lacues.cn____
[2016-11-16 18:42:57.757]		推广：__fan.test.lacues.cn____
[2016-11-16 18:43:01.434]		推广：__fan.test.lacues.cn____
[2016-11-16 18:43:04.409]		推广：__fan.test.lacues.cn____
[2016-11-16 18:43:17.364]		推广：__fan.test.lacues.cn____
[2016-11-16 18:43:54.939]		推广：__fan.test.lacues.cn____
[2016-11-16 18:47:06.371]		推广：__fan.test.lacues.cn____
[2016-11-16 18:47:20.374]		推广：__fan.test.lacues.cn____
[2016-11-16 18:47:38.949]		推广：__fan.test.lacues.cn____
[2016-11-16 18:47:50.178]		推广：__fan.test.lacues.cn____
[2016-11-16 18:50:12.306]		推广：__fan.test.lacues.cn____
[2016-11-16 18:50:50.576]		推广：__fan.test.lacues.cn____
[2016-11-16 18:50:52.259]		推广：__fan.test.lacues.cn____
[2016-11-16 18:50:58.209]		推广：__fan.test.lacues.cn____
[2016-11-16 18:51:32.960]		推广：__fan.test.lacues.cn____
[2016-11-16 18:51:35.049]		推广：__fan.test.lacues.cn____
[2016-11-16 18:51:42.007]		推广：__fan.test.lacues.cn____
[2016-11-16 18:58:55.821]		推广：http://fan.test.lacues.cn/Account/MyOrder_List.html?paytype=ALL__fan.test.lacues.cn____
[2016-11-16 18:59:01.093]		推广：http://fan.test.lacues.cn/Account/MyOrder_detail.html?order_code=DD1416103__fan.test.lacues.cn____
[2016-11-16 18:59:03.063]		推广：http://fan.test.lacues.cn/Account/MyOrder_List.html?paytype=ALL__fan.test.lacues.cn____
[2016-11-16 19:03:01.729]		推广：http://fan.test.lacues.cn/Product_Detail.html?pid=8016465484__fan.test.lacues.cn____
[2016-11-16 19:03:03.293]		推广：http://fan.test.lacues.cn/Product_List.html?showtype=__fan.test.lacues.cn____
[2016-11-16 19:03:12.852]		推广：http://fan.test.lacues.cn/Search.html?t=0.6251669133729452__fan.test.lacues.cn____
[2016-11-16 19:03:16.186]		推广：http://fan.test.lacues.cn/Product_List.html?showtype=__fan.test.lacues.cn____
[2016-11-16 19:04:19.788]		推广：__fan.test.lacues.cn____
[2016-11-16 19:04:21.662]		推广：http://fan.test.lacues.cn/__fan.test.lacues.cn____
[2016-11-16 19:04:21.680]		推广：http://fan.test.lacues.cn/Account/index.html?t=0.8551313085642309__fan.test.lacues.cn____
[2016-11-16 19:04:25.327]		推广：http://fan.test.lacues.cn/Account/login.html?t=0.7334512070612353__fan.test.lacues.cn____
[2016-11-16 19:04:25.971]		推广：http://fan.test.lacues.cn/__fan.test.lacues.cn____
[2016-11-16 19:04:28.354]		推广：http://fan.test.lacues.cn/Account/index.html?t=0.31556629823351146__fan.test.lacues.cn____
[2016-11-16 19:05:14.300]		推广：http://fan.test.lacues.cn/Product_Detail.html?pid=58016100270__fan.test.lacues.cn____
[2016-11-16 19:05:16.163]		推广：http://fan.test.lacues.cn/Product_List.html?showtype=__fan.test.lacues.cn____
[2016-11-16 19:05:51.276]		推广：http://fan.test.lacues.cn/Search.html?t=0.7410435181865922__fan.test.lacues.cn____
[2016-11-16 19:05:56.527]		推广：http://fan.test.lacues.cn/Product_List.html?showtype=__fan.test.lacues.cn____
[2016-11-16 19:06:10.669]		推广：http://fan.test.lacues.cn/Account/MyOrder_detail.html?order_code=OS1376103__fan.test.lacues.cn____
[2016-11-16 19:06:13.920]		推广：http://fan.test.lacues.cn/Account/MyOrder_List.html?paytype=ALL__fan.test.lacues.cn____
[2016-11-16 19:06:18.037]		推广：http://fan.test.lacues.cn/Account/MyOrder_detail.html?order_code=DD1289103__fan.test.lacues.cn____
[2016-11-16 19:06:51.702]		推广：http://fan.test.lacues.cn/Account/MyOrder_List.html?paytype=ALL__fan.test.lacues.cn____
[2016-11-16 19:07:13.651]		推广：http://fan.test.lacues.cn/Account/MyOrder_detail.html?order_code=OS1376103__fan.test.lacues.cn____
[2016-11-16 19:07:14.972]		推广：http://fan.test.lacues.cn/Account/MyOrder_List.html?paytype=ALL__fan.test.lacues.cn____
[2016-11-16 19:07:18.348]		推广：http://fan.test.lacues.cn/Account/MyOrder_detail.html?order_code=DD1416103__fan.test.lacues.cn____
[2016-11-16 19:07:21.663]		推广：http://fan.test.lacues.cn/Account/MyOrder_List.html?paytype=ALL__fan.test.lacues.cn____
[2016-11-16 19:07:23.323]		推广：http://fan.test.lacues.cn/Account/MyOrder_detail.html?order_code=OS1376103__fan.test.lacues.cn____
[2016-11-16 19:07:26.043]		推广：http://fan.test.lacues.cn/Account/MyOrder_List.html?paytype=ALL__fan.test.lacues.cn____
[2016-11-16 19:07:27.353]		推广：http://fan.test.lacues.cn/Account/MyOrder_detail.html?order_code=DD1289103__fan.test.lacues.cn____
[2016-11-16 19:07:29.622]		推广：http://fan.test.lacues.cn/Account/MyOrder_List.html?paytype=ALL__fan.test.lacues.cn____
[2016-11-16 19:07:33.901]		推广：http://fan.test.lacues.cn/Account/MyOrder_detail.html?order_code=OS1376103__fan.test.lacues.cn____
[2016-11-16 19:07:35.363]		推广：http://fan.test.lacues.cn/Product_Detail.html?pid=8016465485__fan.test.lacues.cn____
[2016-11-16 19:07:37.823]		推广：__fan.test.lacues.cn____
[2016-11-16 19:07:41.461]		推广：http://fan.test.lacues.cn/order/OrderConfirm.html?t=0.7337453707586974__fan.test.lacues.cn____
[2016-11-16 19:08:04.692]		推广：http://fan.test.lacues.cn/Order/fapiao.html?uid=oz1WBs97DwEKLSGRCoAZ6-nc63kc__fan.test.lacues.cn____
[2016-11-16 19:08:12.324]		推广：http://fan.test.lacues.cn/order/OrderConfirm.html?uid=oz1WBs97DwEKLSGRCoAZ6-nc63kc__fan.test.lacues.cn____
[2016-11-16 19:08:14.671]		推广：http://fan.test.lacues.cn/Order/CouponCodes.html?shouldPay=10__fan.test.lacues.cn____
[2016-11-16 19:08:18.143]		推广：http://fan.test.lacues.cn/Coupon_shuoming.html?t=0.7673386179376394__fan.test.lacues.cn____
[2016-11-16 19:12:10.791]		推广：http://fan.test.lacues.cn/Order/CouponCodes.html?shouldPay=10__fan.test.lacues.cn____
[2016-11-16 19:12:14.390]		推广：__fan.test.lacues.cn____
[2016-11-16 19:12:25.200]		推广：http://fan.test.lacues.cn/__fan.test.lacues.cn____
[2016-11-16 19:12:28.479]		推广：http://fan.test.lacues.cn/Account/index.html?t=0.8112195725552738__fan.test.lacues.cn____
[2016-11-16 19:12:30.018]		推广：http://fan.test.lacues.cn/Account/MyOrder_List.html?paytype=DFH__fan.test.lacues.cn____
[2016-11-16 19:12:31.189]		推广：http://fan.test.lacues.cn/Account/index.html?t=0.8112195725552738__fan.test.lacues.cn____
[2016-11-16 19:12:34.919]		推广：http://fan.test.lacues.cn/Account/MyOrder_List.html?paytype=JYCG__fan.test.lacues.cn____
[2016-11-16 19:12:36.319]		推广：http://fan.test.lacues.cn/Account/MyOrder_detail.html?order_code=DD1242103__fan.test.lacues.cn____
[2016-11-16 19:12:37.529]		推广：http://fan.test.lacues.cn/Account/MyOrder_List_ckwl.html?order_code=DD1242103__fan.test.lacues.cn____
[2016-11-16 19:12:37.838]		推广：http://fan.test.lacues.cn/Account/MyOrder_detail.html?order_code=DD1242103__fan.test.lacues.cn____
[2016-11-16 19:12:39.958]		推广：http://fan.test.lacues.cn/Account/MyOrder_List.html?paytype=JYCG__fan.test.lacues.cn____
[2016-11-16 19:12:41.349]		推广：http://fan.test.lacues.cn/Account/MyOrder_detail.html?order_code=DD1289103__fan.test.lacues.cn____
[2016-11-16 19:12:44.749]		推广：http://fan.test.lacues.cn/Account/MyOrder_List_ckwl.html?order_code=DD1289103__fan.test.lacues.cn____
[2016-11-16 19:12:45.749]		推广：http://fan.test.lacues.cn/Account/MyOrder_List.html?paytype=DFH__fan.test.lacues.cn____
[2016-11-16 19:12:47.852]		推广：http://fan.test.lacues.cn/Account/MyOrder_detail.html?order_code=DD1289103__fan.test.lacues.cn____
[2016-11-16 19:12:49.179]		推广：http://fan.test.lacues.cn/Account/index.html?t=0.31556629823351146__fan.test.lacues.cn____
[2016-11-16 19:12:50.509]		推广：http://fan.test.lacues.cn/__fan.test.lacues.cn____
[2016-11-16 19:14:26.274]		推广：http://fan.test.lacues.cn/Account/index.html?t=0.8466727263137295__fan.test.lacues.cn____
[2016-11-16 19:14:27.223]		推广：http://fan.test.lacues.cn/__fan.test.lacues.cn____
[2016-11-16 19:14:28.255]		推广：http://fan.test.lacues.cn/Search.html?t=0.7557183870202404__fan.test.lacues.cn____
[2016-11-16 19:14:38.067]		推广：http://fan.test.lacues.cn/Product_List.html?showtype=__fan.test.lacues.cn____
[2016-11-16 19:14:41.938]		推广：http://fan.test.lacues.cn/Product_Detail.html?pid=58016100267__fan.test.lacues.cn____
[2016-11-16 19:14:52.177]		推广：http://fan.test.lacues.cn/Search.html?t=0.7557183870202404__fan.test.lacues.cn____
[2016-11-16 19:14:53.231]		推广：http://fan.test.lacues.cn/Account/MyOrder_List.html?paytype=JYCG__fan.test.lacues.cn____
[2016-11-16 19:14:53.232]		推广：http://fan.test.lacues.cn/Product_List.html?showtype=__fan.test.lacues.cn____
[2016-11-16 19:14:53.854]		推广：http://fan.test.lacues.cn/__fan.test.lacues.cn____
[2016-11-16 19:14:54.938]		推广：http://fan.test.lacues.cn/Account/MyOrder_List_ckwl.html?order_code=DD1242103__fan.test.lacues.cn____
[2016-11-16 19:14:55.026]		推广：http://fan.test.lacues.cn/Account/index.html?t=0.8466727263137295__fan.test.lacues.cn____
[2016-11-16 19:14:56.041]		推广：http://fan.test.lacues.cn/__fan.test.lacues.cn____
[2016-11-16 19:14:56.417]		推广：http://fan.test.lacues.cn/Account/MyOrder_List.html?paytype=JYCG__fan.test.lacues.cn____
[2016-11-16 19:14:57.860]		推广：http://fan.test.lacues.cn/Account/index.html?t=0.45347892657233024__fan.test.lacues.cn____
[2016-11-16 19:14:59.006]		推广：http://fan.test.lacues.cn/Account/MyOrder_List_ckwl.html?order_code=DD1289103__fan.test.lacues.cn____
[2016-11-16 19:14:59.568]		推广：http://fan.test.lacues.cn/Account/MyOrder_List.html?paytype=DFK__fan.test.lacues.cn____
[2016-11-16 19:16:08.379]		推广：http://fan.test.lacues.cn/Account/MyOrder_List.html?paytype=JYCG__fan.test.lacues.cn____
[2016-11-16 19:16:10.956]		推广：http://fan.test.lacues.cn/Account/MyOrder_detail.html?order_code=DD1242103__fan.test.lacues.cn____
[2016-11-16 19:16:30.955]		推广：http://fan.test.lacues.cn/Account/MyOrder_List.html?paytype=JYCG__fan.test.lacues.cn____
[2016-11-16 19:16:34.214]		推广：http://fan.test.lacues.cn/Account/MyOrder_detail.html?order_code=DD1242103__fan.test.lacues.cn____
[2016-11-16 19:16:36.466]		推广：http://fan.test.lacues.cn/Account/MyOrder_List_ckwl.html?order_code=DD1289103__fan.test.lacues.cn____
[2016-11-16 19:16:38.816]		推广：http://fan.test.lacues.cn/Account/MyOrder_List.html?paytype=JYCG__fan.test.lacues.cn____
[2016-11-16 19:16:45.266]		推广：http://fan.test.lacues.cn/Account/MyOrder_detail.html?order_code=DD1289103__fan.test.lacues.cn____
[2016-11-16 19:16:48.895]		推广：http://fan.test.lacues.cn/Account/MyOrder_List.html?paytype=JYCG__fan.test.lacues.cn____
[2016-11-16 19:16:50.697]		推广：http://fan.test.lacues.cn/Account/MyOrder_detail.html?order_code=DD1242103__fan.test.lacues.cn____
[2016-11-16 19:16:56.211]		推广：http://fan.test.lacues.cn/Account/MyTKSH_Detail.html?afterCode=RGS161115100001__fan.test.lacues.cn____
[2016-11-16 19:18:32.459]		推广：http://fan.test.lacues.cn/Account/MyTKSH_TXWL.html?afterCode=RGS161115100001__fan.test.lacues.cn____
[2016-11-16 19:18:35.479]		推广：http://fan.test.lacues.cn/Account/MyOrder_detail.html?order_code=DD1242103__fan.test.lacues.cn____
[2016-11-16 19:18:51.273]		推广：__fan.test.lacues.cn____
[2016-11-16 19:18:53.788]		推广：http://fan.test.lacues.cn/__fan.test.lacues.cn____
[2016-11-16 19:18:55.759]		推广：http://fan.test.lacues.cn/Search.html?t=0.330734561663121__fan.test.lacues.cn____
[2016-11-16 19:18:59.129]		推广：http://fan.test.lacues.cn/Product_List.html?showtype=__fan.test.lacues.cn____
[2016-11-16 19:19:07.918]		推广：http://fan.test.lacues.cn/Product_Detail.html?pid=8016465484__fan.test.lacues.cn____
[2016-11-16 19:19:27.348]		推广：http://fan.test.lacues.cn/Review/ReviewList.html?pid=8016465484__fan.test.lacues.cn____
[2016-11-16 19:19:30.809]		推广：http://fan.test.lacues.cn/Product_Detail.html?pid=8016465484__fan.test.lacues.cn____
[2016-11-16 19:19:35.904]		推广：http://fan.test.lacues.cn/Review/ReviewList.html?pid=8016465484__fan.test.lacues.cn____
[2016-11-16 19:19:36.459]		推广：http://fan.test.lacues.cn/Product_Detail.html?pid=8016465484__fan.test.lacues.cn____
[2016-11-16 19:19:40.117]		推广：http://fan.test.lacues.cn/Product_List.html?showtype=__fan.test.lacues.cn____
[2016-11-16 19:19:42.298]		推广：http://fan.test.lacues.cn/Product_Detail.html?pid=8016465485__fan.test.lacues.cn____
[2016-11-16 19:19:43.527]		推广：__fan.test.lacues.cn____
[2016-11-16 19:19:47.227]		推广：http://fan.test.lacues.cn/order/OrderConfirm.html?t=0.916642056312412__fan.test.lacues.cn____
[2016-11-16 19:19:49.006]		推广：http://fan.test.lacues.cn/Account/AddressList.html?addressid=DZ161107100004__fan.test.lacues.cn____
[2016-11-16 19:19:50.509]		推广：__fan.test.lacues.cn____
[2016-11-16 19:19:55.488]		推广：http://fan.test.lacues.cn/order/OrderConfirm.html?t=0.8196700196713209__fan.test.lacues.cn____
[2016-11-16 19:19:57.817]		推广：http://fan.test.lacues.cn/Account/AddressList.html?addressid=DZ161107100004__fan.test.lacues.cn____
[2016-11-16 19:20:38.768]		推广：http://fan.test.lacues.cn/Account/AddressEdit.html?addressid=0__fan.test.lacues.cn____
[2016-11-16 19:20:41.897]		推广：http://fan.test.lacues.cn/Account/AddressList.html?addressid=DZ161107100004__fan.test.lacues.cn____
[2016-11-16 19:22:00.009]		推广：__fan.test.lacues.cn____
[2016-11-16 19:22:02.467]		推广：http://fan.test.lacues.cn/__fan.test.lacues.cn____
[2016-11-16 19:22:03.356]		推广：http://fan.test.lacues.cn/Search.html?t=0.9693628344684839__fan.test.lacues.cn____
[2016-11-16 19:22:06.069]		推广：http://fan.test.lacues.cn/Product_List.html?showtype=__fan.test.lacues.cn____
[2016-11-16 19:22:09.766]		推广：http://fan.test.lacues.cn/Product_Detail.html?pid=8016465485__fan.test.lacues.cn____
[2016-11-16 19:22:10.896]		推广：__fan.test.lacues.cn____
[2016-11-16 19:22:15.177]		推广：http://fan.test.lacues.cn/order/OrderConfirm.html?t=0.026316608069464564__fan.test.lacues.cn____
[2016-11-16 19:22:19.346]		推广：http://fan.test.lacues.cn/Account/AddressList.html?addressid=DZ161116100002__fan.test.lacues.cn____
[2016-11-16 19:22:20.896]		推广：__fan.test.lacues.cn____
[2016-11-16 19:22:31.327]		推广：http://fan.test.lacues.cn/order/OrderConfirm.html?t=0.33663964876905084__fan.test.lacues.cn____
[2016-11-16 19:22:31.926]		推广：http://fan.test.lacues.cn/Product_Detail.html?pid=8016465485__fan.test.lacues.cn____
[2016-11-16 19:22:34.697]		推广：http://fan.test.lacues.cn/Product_List.html?showtype=__fan.test.lacues.cn____
[2016-11-16 19:22:37.396]		推广：http://fan.test.lacues.cn/Product_Detail.html?pid=8016161107100002__fan.test.lacues.cn____
[2016-11-16 19:22:41.987]		推广：http://fan.test.lacues.cn/Product_List.html?showtype=__fan.test.lacues.cn____
[2016-11-16 19:22:51.945]		推广：http://fan.test.lacues.cn/Product_Detail.html?pid=8016465488__fan.test.lacues.cn____
[2016-11-16 19:22:53.055]		推广：__fan.test.lacues.cn____
[2016-11-16 19:22:59.595]		推广：http://fan.test.lacues.cn/order/OrderConfirm.html?t=0.92737808637321__fan.test.lacues.cn____
[2016-11-16 19:23:03.236]		推广：http://fan.test.lacues.cn/Account/AddressList.html?addressid=DZ161109100002__fan.test.lacues.cn____
[2016-11-16 19:23:04.366]		推广：__fan.test.lacues.cn____
[2016-11-16 19:24:39.442]		推广：http://fan.test.lacues.cn/Account/AddressList.html?addressid=DZ161109100002__fan.test.lacues.cn____
[2016-11-16 19:24:40.460]		推广：__fan.test.lacues.cn____
[2016-11-16 19:24:43.248]		推广：http://fan.test.lacues.cn/Account/AddressList.html?addressid=DZ161109100002__fan.test.lacues.cn____
[2016-11-16 19:24:44.288]		推广：__fan.test.lacues.cn____
[2016-11-16 19:24:46.289]		推广：http://fan.test.lacues.cn/Account/AddressList.html?addressid=DZ161109100002__fan.test.lacues.cn____
[2016-11-16 19:24:47.329]		推广：__fan.test.lacues.cn____
[2016-11-16 19:24:50.870]		推广：__fan.test.lacues.cn____
[2016-11-16 19:24:52.750]		推广：http://fan.test.lacues.cn/__fan.test.lacues.cn____
[2016-11-16 19:24:54.729]		推广：http://fan.test.lacues.cn/Search.html?t=0.14150076312944293__fan.test.lacues.cn____
[2016-11-16 19:24:58.411]		推广：http://fan.test.lacues.cn/Product_List.html?showtype=__fan.test.lacues.cn____
[2016-11-16 19:25:03.409]		推广：http://fan.test.lacues.cn/Product_Detail.html?pid=8016465484__fan.test.lacues.cn____
[2016-11-16 19:27:02.665]		推广：http://fan.test.lacues.cn/Account/MyOrder_detail.html?order_code=OS1403103__fan.test.lacues.cn____
[2016-11-16 19:29:12.588]		推广：http://fan.test.lacues.cn/Search.html?t=0.14150076312944293__fan.test.lacues.cn____
