[2016-11-21 09:51:50.098]		推广：__fan.test.lacues.cn____
[2016-11-21 09:52:29.277]		推广：http://fan.test.lacues.cn/__fan.test.lacues.cn____
[2016-11-21 09:53:53.883]		推广：__fan.test.lacues.cn____
[2016-11-21 09:54:29.636]		推广：http://fan.test.lacues.cn/__fan.test.lacues.cn____
[2016-11-21 09:58:02.296]		推广：__fan.test.lacues.cn____
[2016-11-21 09:58:14.089]		推广：http://fan.test.lacues.cn/__fan.test.lacues.cn____
[2016-11-21 09:58:15.727]		推广：__fan.test.lacues.cn____
[2016-11-21 09:58:21.345]		推广：http://fan.test.lacues.cn/__fan.test.lacues.cn____
[2016-11-21 09:58:30.582]		推广：http://fan.test.lacues.cn/Product_Detail.html?pid=8016465488__fan.test.lacues.cn____
[2016-11-21 10:02:17.874]		推广：__fan.test.lacues.cn____
[2016-11-21 10:03:16.840]		推广：__fan.test.lacues.cn____
[2016-11-21 10:03:23.142]		推广：http://fan.test.lacues.cn/__fan.test.lacues.cn____
[2016-11-21 10:08:44.641]		推广：__fan.test.lacues.cn____
[2016-11-21 10:13:54.980]		推广：http://fan.test.lacues.cn/__fan.test.lacues.cn____
[2016-11-21 10:17:02.880]		推广：__fan.test.lacues.cn____
[2016-11-21 10:17:07.762]		推广：http://fan.test.lacues.cn/__fan.test.lacues.cn____
[2016-11-21 10:17:13.989]		推广：http://fan.test.lacues.cn/Product_Detail.html?pid=8016465484__fan.test.lacues.cn____
[2016-11-21 10:17:20.758]		推广：http://fan.test.lacues.cn/__fan.test.lacues.cn____
[2016-11-21 10:19:28.493]		推广：http://fan.test.lacues.cn/__fan.test.lacues.cn____
[2016-11-21 10:21:19.098]		推广：http://fan.test.lacues.cn/__fan.test.lacues.cn____
[2016-11-21 10:21:34.806]		推广：http://fan.test.lacues.cn/__fan.test.lacues.cn____
[2016-11-21 10:22:00.577]		推广：http://fan.test.lacues.cn/__fan.test.lacues.cn____
[2016-11-21 10:22:25.757]		推广：http://fan.test.lacues.cn/__fan.test.lacues.cn____
[2016-11-21 10:24:03.428]		推广：http://fan.test.lacues.cn/__fan.test.lacues.cn____
[2016-11-21 10:24:09.309]		推广：http://fan.test.lacues.cn/__fan.test.lacues.cn____
[2016-11-21 10:24:37.379]		推广：http://fan.test.lacues.cn/__fan.test.lacues.cn____
[2016-11-21 10:24:38.575]		推广：__fan.test.lacues.cn____
[2016-11-21 10:24:40.852]		推广：http://fan.test.lacues.cn/__fan.test.lacues.cn____
[2016-11-21 10:24:43.927]		推广：http://fan.test.lacues.cn/__fan.test.lacues.cn____
[2016-11-21 10:24:44.394]		推广：http://fan.test.lacues.cn/__fan.test.lacues.cn____
[2016-11-21 10:27:48.324]		推广：__fan.test.lacues.cn____
[2016-11-21 10:30:37.019]		推广：http://fan.test.lacues.cn/__fan.test.lacues.cn____
[2016-11-21 10:31:25.816]		推广：__fan.test.lacues.cn____
[2016-11-21 10:31:31.486]		推广：http://fan.test.lacues.cn/__fan.test.lacues.cn____
[2016-11-21 10:31:40.074]		推广：http://fan.test.lacues.cn/cart.html__fan.test.lacues.cn____
[2016-11-21 10:32:20.386]		推广：http://fan.test.lacues.cn/__fan.test.lacues.cn____
[2016-11-21 10:32:48.237]		推广：http://fan.test.lacues.cn/__fan.test.lacues.cn____
[2016-11-21 10:34:18.978]		推广：http://fan.test.lacues.cn/__fan.test.lacues.cn____
[2016-11-21 10:37:48.236]		推广：http://fan.test.lacues.cn/__fan.test.lacues.cn____
[2016-11-21 10:38:23.539]		推广：http://fan.test.lacues.cn/cart.html__fan.test.lacues.cn____
[2016-11-21 10:38:39.779]		推广：http://fan.test.lacues.cn/cart.html__fan.test.lacues.cn____
[2016-11-21 10:43:09.475]		推广：__fan.test.lacues.cn____
[2016-11-21 10:43:11.003]		推广：__fan.test.lacues.cn____
[2016-11-21 10:44:09.090]		推广：__fan.test.lacues.cn____
[2016-11-21 10:48:06.406]		推广：http://fan.test.lacues.cn/__fan.test.lacues.cn____
[2016-11-21 10:48:12.783]		推广：http://fan.test.lacues.cn/Product_Detail.html?pid=8016465481__fan.test.lacues.cn____
[2016-11-21 10:48:25.360]		推广：http://dlq-event.ycp8.cn/cevent/web/productSeKill/product_bargainPriceList.html?pageCode=ZT161118100001__fan.test.lacues.cn____
[2016-11-21 10:50:24.288]		推广：http://fan.test.lacues.cn/Product_Detail.html?pid=8016465481__fan.test.lacues.cn____
[2016-11-21 10:50:24.682]		推广：http://fan.test.lacues.cn/cart.html__fan.test.lacues.cn____
[2016-11-21 10:50:40.826]		推广：http://fan.test.lacues.cn/__fan.test.lacues.cn____
[2016-11-21 10:50:47.384]		推广：__fan.test.lacues.cn____
[2016-11-21 10:50:59.289]		推广：http://fan.test.lacues.cn/__fan.test.lacues.cn____
[2016-11-21 10:51:00.630]		推广：http://fan.test.lacues.cn/Account/index.html?t=0.33163130176360167__fan.test.lacues.cn____
[2016-11-21 10:51:03.623]		推广：http://fan.test.lacues.cn/Account/login.html?t=0.2981629066637783__fan.test.lacues.cn____
[2016-11-21 10:51:06.225]		推广：http://fan.test.lacues.cn/__fan.test.lacues.cn____
[2016-11-21 10:51:09.334]		推广：http://fan.test.lacues.cn/cart.html__fan.test.lacues.cn____
[2016-11-21 10:51:21.395]		推广：http://fan.test.lacues.cn/__fan.test.lacues.cn____
[2016-11-21 10:51:46.149]		推广：http://fan.test.lacues.cn/cart.html__fan.test.lacues.cn____
[2016-11-21 10:52:04.836]		推广：__fan.test.lacues.cn____
[2016-11-21 10:52:05.478]		推广：http://fan.test.lacues.cn/cart.html__fan.test.lacues.cn____
[2016-11-21 10:52:06.118]		推广：http://fan.test.lacues.cn/__fan.test.lacues.cn____
[2016-11-21 10:52:10.230]		推广：http://fan.test.lacues.cn/__fan.test.lacues.cn____
[2016-11-21 10:52:14.931]		推广：http://fan.test.lacues.cn/Search.html?t=0.7596165547147393__fan.test.lacues.cn____
[2016-11-21 10:52:21.280]		推广：http://fan.test.lacues.cn/Product_List.html?showtype=__fan.test.lacues.cn____
[2016-11-21 10:52:28.737]		推广：http://fan.test.lacues.cn/Search.html?t=0.7596165547147393__fan.test.lacues.cn____
[2016-11-21 10:52:36.413]		推广：http://fan.test.lacues.cn/Product_List.html?showtype=__fan.test.lacues.cn____
[2016-11-21 10:52:40.810]		推广：http://fan.test.lacues.cn/Search.html?t=0.7596165547147393__fan.test.lacues.cn____
[2016-11-21 10:52:44.092]		推广：http://fan.test.lacues.cn/Product_List.html?showtype=__fan.test.lacues.cn____
[2016-11-21 10:56:08.439]		推广：http://fan.test.lacues.cn/Product_Detail.html?pid=8016465483__fan.test.lacues.cn____
[2016-11-21 10:56:53.799]		推广：http://fan.test.lacues.cn/__fan.test.lacues.cn____
[2016-11-21 10:58:16.504]		推广：http://fan.test.lacues.cn/Product_List.html?showtype=__fan.test.lacues.cn____
[2016-11-21 10:58:19.634]		推广：http://fan.test.lacues.cn/Product_Detail.html?pid=8016465483__fan.test.lacues.cn____
[2016-11-21 10:58:21.926]		推广：http://fan.test.lacues.cn/Product_List.html?showtype=__fan.test.lacues.cn____
[2016-11-21 10:58:24.513]		推广：http://fan.test.lacues.cn/Search.html?t=0.7596165547147393__fan.test.lacues.cn____
[2016-11-21 10:58:30.006]		推广：http://fan.test.lacues.cn/__fan.test.lacues.cn____
[2016-11-21 10:58:33.298]		推广：http://fan.test.lacues.cn/Account/index.html?t=0.1357848970219493__fan.test.lacues.cn____
[2016-11-21 10:58:48.604]		推广：http://fan.test.lacues.cn/Account/login.html?t=0.14443844696506858__fan.test.lacues.cn____
[2016-11-21 10:58:54.965]		推广：http://fan.test.lacues.cn/__fan.test.lacues.cn____
[2016-11-21 11:00:17.162]		推广：http://fan.test.lacues.cn/__fan.test.lacues.cn____
[2016-11-21 11:02:02.400]		推广：__fan.test.lacues.cn____
[2016-11-21 11:02:03.253]		推广：http://fan.test.lacues.cn/__fan.test.lacues.cn____
[2016-11-21 11:03:37.747]		推广：http://fan.test.lacues.cn/__fan.test.lacues.cn____
[2016-11-21 11:04:55.166]		推广：http://fan.test.lacues.cn/__fan.test.lacues.cn____
[2016-11-21 11:05:36.906]		推广：http://fan.test.lacues.cn/__fan.test.lacues.cn____
[2016-11-21 11:06:30.208]		推广：__fan.test.lacues.cn____
[2016-11-21 11:07:31.140]		推广：__fan.test.lacues.cn____
[2016-11-21 11:11:21.851]		推广：__fan.test.lacues.cn____
[2016-11-21 11:11:58.324]		推广：__fan.test.lacues.cn____
[2016-11-21 11:12:27.654]		推广：http://fan.test.lacues.cn/__fan.test.lacues.cn____
[2016-11-21 11:12:29.373]		推广：http://fan.test.lacues.cn/cart.html__fan.test.lacues.cn____
[2016-11-21 11:12:32.225]		推广：http://fan.test.lacues.cn/Account/login.html?t=0.0835283955998356__fan.test.lacues.cn____
[2016-11-21 11:12:55.857]		推广：http://fan.test.lacues.cn/Account/login.html?t=0.0835283955998356__fan.test.lacues.cn____
[2016-11-21 11:14:00.685]		推广：http://fan.test.lacues.cn/Account/login.html?t=0.0835283955998356__fan.test.lacues.cn____
[2016-11-21 11:20:12.441]		推广：__fan.test.lacues.cn____
[2016-11-21 11:20:16.893]		推广：http://fan.test.lacues.cn/__fan.test.lacues.cn____
[2016-11-21 11:20:20.615]		推广：__fan.test.lacues.cn____
[2016-11-21 11:20:58.833]		推广：http://fan.test.lacues.cn/__fan.test.lacues.cn____
[2016-11-21 11:21:05.130]		推广：__fan.test.lacues.cn____
[2016-11-21 11:21:06.839]		推广：http://fan.test.lacues.cn/cart.html__fan.test.lacues.cn____
[2016-11-21 11:21:15.778]		推广：http://fan.test.lacues.cn/__fan.test.lacues.cn____
[2016-11-21 11:21:21.005]		推广：http://fan.test.lacues.cn/Product_Detail.html?pid=8016465483__fan.test.lacues.cn____
[2016-11-21 11:22:42.989]		推广：__fan.test.lacues.cn____
[2016-11-21 11:22:50.606]		推广：http://fan.test.lacues.cn/__fan.test.lacues.cn____
[2016-11-21 11:22:54.287]		推广：http://fan.test.lacues.cn/Search.html?t=0.9233758984998046__fan.test.lacues.cn____
[2016-11-21 11:23:00.720]		推广：http://fan.test.lacues.cn/Product_List.html?showtype=__fan.test.lacues.cn____
[2016-11-21 11:23:01.266]		推广：http://fan.test.lacues.cn/Search.html?t=0.38982420250606164__fan.test.lacues.cn____
[2016-11-21 11:23:01.680]		推广：http://fan.test.lacues.cn/Product_List.html?showtype=__fan.test.lacues.cn____
[2016-11-21 11:23:49.673]		推广：__fan.test.lacues.cn____
[2016-11-21 11:25:41.746]		推广：http://fan.test.lacues.cn/Product_Detail.html?pid=8016465483__fan.test.lacues.cn____
[2016-11-21 11:27:19.731]		推广：http://fan.test.lacues.cn/Product_Detail.html?pid=8016465483__fan.test.lacues.cn____
[2016-11-21 11:27:25.469]		推广：http://fan.test.lacues.cn/cart.html?t=0.40148265310563147__fan.test.lacues.cn____
[2016-11-21 11:27:34.606]		推广：http://fan.test.lacues.cn/index.html__fan.test.lacues.cn____
[2016-11-21 11:27:43.825]		推广：http://fan.test.lacues.cn/Product_Detail.html?pid=8016465483__fan.test.lacues.cn____
[2016-11-21 11:28:27.235]		推广：http://fan.test.lacues.cn/__fan.test.lacues.cn____
[2016-11-21 11:31:47.364]		推广：__fan.test.lacues.cn____
[2016-11-21 11:31:53.666]		推广：http://fan.test.lacues.cn/__fan.test.lacues.cn____
[2016-11-21 11:32:00.112]		推广：http://fan.test.lacues.cn/cart.html__fan.test.lacues.cn____
[2016-11-21 11:32:14.415]		推广：http://fan.test.lacues.cn/cart.html__fan.test.lacues.cn____
[2016-11-21 11:33:33.278]		推广：http://fan.test.lacues.cn/Account/login.html?t=0.0835283955998356__fan.test.lacues.cn____
[2016-11-21 11:34:19.462]		推广：http://fan.test.lacues.cn/__fan.test.lacues.cn____
[2016-11-21 11:34:28.374]		推广：http://fan.test.lacues.cn/Account/login.html?t=0.0835283955998356__fan.test.lacues.cn____
[2016-11-21 11:35:19.681]		推广：http://fan.test.lacues.cn/__fan.test.lacues.cn____
[2016-11-21 11:35:20.227]		推广：http://fan.test.lacues.cn/__fan.test.lacues.cn____
[2016-11-21 11:35:22.395]		推广：http://fan.test.lacues.cn/cart.html__fan.test.lacues.cn____
[2016-11-21 11:35:24.431]		推广：http://fan.test.lacues.cn/__fan.test.lacues.cn____
[2016-11-21 11:45:20.070]		推广：__fan.test.lacues.cn____
[2016-11-21 11:45:37.117]		推广：http://fan.test.lacues.cn/__fan.test.lacues.cn____
[2016-11-21 11:45:39.223]		推广：http://fan.test.lacues.cn/cart.html__fan.test.lacues.cn____
[2016-11-21 11:45:51.095]		推广：http://fan.test.lacues.cn/cart.html__fan.test.lacues.cn____
[2016-11-21 11:45:54.996]		推广：http://fan.test.lacues.cn/cart.html__fan.test.lacues.cn____
[2016-11-21 11:46:05.432]		推广：http://test-dlq.ycp8.cn/cdlq/web/template/template.html?pNum=PNM161111100001__fan.test.lacues.cn____
[2016-11-21 11:49:44.020]		推广：http://fan.test.lacues.cn/cart.html__fan.test.lacues.cn____
[2016-11-21 11:59:34.841]		推广：http://fan.test.lacues.cn/Account/login.html?t=0.0835283955998356__fan.test.lacues.cn____
[2016-11-21 12:02:35.443]		推广：http://fan.test.lacues.cn/Account/login.html?t=0.0835283955998356__fan.test.lacues.cn____
[2016-11-21 12:06:26.936]		推广：http://fan.test.lacues.cn/Account/login.html?t=0.0835283955998356__fan.test.lacues.cn____
[2016-11-21 12:06:59.804]		推广：http://fan.test.lacues.cn/Account/login.html?t=0.0835283955998356__fan.test.lacues.cn____
[2016-11-21 12:29:56.910]		推广：__fan.test.lacues.cn____
[2016-11-21 12:30:04.438]		推广：http://fan.test.lacues.cn/__fan.test.lacues.cn____
[2016-11-21 12:30:09.737]		推广：http://fan.test.lacues.cn/Product_Detail.html?pid=8016465485__fan.test.lacues.cn____
[2016-11-21 12:30:13.246]		推广：http://fan.test.lacues.cn/order/OrderConfirm.html?t=0.520970302573186__fan.test.lacues.cn____
[2016-11-21 12:30:30.443]		推广：http://fan.test.lacues.cn/Account/login.html?t=0.9952049839324368__fan.test.lacues.cn____
[2016-11-21 13:18:09.634]		推广：__fan.test.lacues.cn____
[2016-11-21 13:18:13.901]		推广：http://fan.test.lacues.cn/__fan.test.lacues.cn____
[2016-11-21 13:18:16.825]		推广：http://fan.test.lacues.cn/Account/index.html?t=0.9695457951165736__fan.test.lacues.cn____
[2016-11-21 13:18:28.849]		推广：http://fan.test.lacues.cn/Account/login.html?t=0.8764659997541457__fan.test.lacues.cn____
[2016-11-21 13:21:42.812]		推广：http://fan.test.lacues.cn/__fan.test.lacues.cn____
[2016-11-21 13:22:03.615]		推广：http://fan.test.lacues.cn/cart.html__fan.test.lacues.cn____
[2016-11-21 14:08:24.317]		推广：http://fan.test.lacues.cn/cart.html__fan.test.lacues.cn____
[2016-11-21 14:08:33.397]		推广：http://fan.test.lacues.cn/cart.html__fan.test.lacues.cn____
[2016-11-21 14:10:26.248]		推广：http://fan.test.lacues.cn/cart.html__fan.test.lacues.cn____
[2016-11-21 14:10:44.438]		推广：http://fan.test.lacues.cn/__fan.test.lacues.cn____
[2016-11-21 14:11:13.143]		推广：http://fan.test.lacues.cn/Product_Detail.html?pid=8016465483__fan.test.lacues.cn____
[2016-11-21 14:11:14.695]		推广：http://fan.test.lacues.cn/__fan.test.lacues.cn____
[2016-11-21 14:11:19.741]		推广：http://fan.test.lacues.cn/Account/index.html?t=0.5182099333032966__fan.test.lacues.cn____
[2016-11-21 14:24:22.741]		推广：__fan.test.lacues.cn____
[2016-11-21 14:28:31.750]		推广：http://fan.test.lacues.cn/Account/index.html?t=0.5182099333032966__fan.test.lacues.cn____
[2016-11-21 14:28:43.715]		推广：http://fan.test.lacues.cn/__fan.test.lacues.cn____
[2016-11-21 14:28:49.612]		推广：http://fan.test.lacues.cn/Account/index.html?t=0.5182099333032966__fan.test.lacues.cn____
[2016-11-21 14:28:51.276]		推广：http://fan.test.lacues.cn/__fan.test.lacues.cn____
[2016-11-21 14:32:58.158]		推广：http://fan.test.lacues.cn/Account/login.html?t=0.0835283955998356__fan.test.lacues.cn____
[2016-11-21 15:13:41.785]		推广：__fan.test.lacues.cn____
[2016-11-21 15:14:29.911]		推广：__fan.test.lacues.cn____
[2016-11-21 15:15:37.185]		推广：http://fan.test.lacues.cn/__fan.test.lacues.cn____
[2016-11-21 15:15:40.352]		推广：http://fan.test.lacues.cn/Search.html?t=0.45708451932296157__fan.test.lacues.cn____
[2016-11-21 15:15:49.923]		推广：http://fan.test.lacues.cn/Product_List.html?showtype=__fan.test.lacues.cn____
[2016-11-21 15:16:31.978]		推广：http://fan.test.lacues.cn/__fan.test.lacues.cn____
[2016-11-21 15:16:37.421]		推广：http://fan.test.lacues.cn/Search.html?t=0.45708451932296157__fan.test.lacues.cn____
[2016-11-21 15:16:38.642]		推广：http://fan.test.lacues.cn/__fan.test.lacues.cn____
[2016-11-21 15:16:48.985]		推广：http://fan.test.lacues.cn/Product_List.html?showtype=__fan.test.lacues.cn____
[2016-11-21 15:18:28.414]		推广：http://fan.test.lacues.cn/Product_Detail.html?pid=8016465484__fan.test.lacues.cn____
[2016-11-21 15:19:59.934]		推广：http://fan.test.lacues.cn/__fan.test.lacues.cn____
[2016-11-21 15:20:08.323]		推广：__fan.test.lacues.cn____
[2016-11-21 15:20:13.628]		推广：http://fan.test.lacues.cn/__fan.test.lacues.cn____
[2016-11-21 15:20:38.462]		推广：__fan.test.lacues.cn____
[2016-11-21 15:20:39.318]		推广：http://fan.test.lacues.cn/Product_Detail.html?pid=8016465488__fan.test.lacues.cn____
[2016-11-21 15:26:30.697]		推广：http://fan.test.lacues.cn/Review/ReviewList.html?pid=8016465484__fan.test.lacues.cn____
[2016-11-21 15:26:36.734]		推广：http://fan.test.lacues.cn/Product_Detail.html?pid=8016465484__fan.test.lacues.cn____
[2016-11-21 15:26:42.137]		推广：http://fan.test.lacues.cn/Product_List.html?showtype=__fan.test.lacues.cn____
[2016-11-21 15:26:53.525]		推广：http://fan.test.lacues.cn/Search.html?t=0.45708451932296157__fan.test.lacues.cn____
[2016-11-21 15:27:00.980]		推广：http://fan.test.lacues.cn/Product_List.html?showtype=__fan.test.lacues.cn____
[2016-11-21 15:27:06.390]		推广：__fan.test.lacues.cn____
[2016-11-21 15:27:08.496]		推广：__fan.test.lacues.cn____
[2016-11-21 15:27:13.416]		推广：http://fan.test.lacues.cn/__fan.test.lacues.cn____
[2016-11-21 15:27:17.807]		推广：http://fan.test.lacues.cn/Account/index.html?t=0.7382780445276182__fan.test.lacues.cn____
[2016-11-21 15:27:20.508]		推广：http://fan.test.lacues.cn/Account/login.html?t=0.4758902091988062__fan.test.lacues.cn____
[2016-11-21 15:27:24.966]		推广：http://fan.test.lacues.cn/__fan.test.lacues.cn____
[2016-11-21 15:27:27.216]		推广：http://fan.test.lacues.cn/Account/index.html?t=0.13560259210533276__fan.test.lacues.cn____
[2016-11-21 15:27:46.194]		推广：http://fan.test.lacues.cn/__fan.test.lacues.cn____
[2016-11-21 15:28:22.475]		推广：__fan.test.lacues.cn____
[2016-11-21 15:28:39.632]		推广：http://fan.test.lacues.cn/Account/index.html?t=0.2545605384444154__fan.test.lacues.cn____
[2016-11-21 15:28:53.671]		推广：__fan.test.lacues.cn____
[2016-11-21 15:29:10.178]		推广：http://fan.test.lacues.cn/__fan.test.lacues.cn____
[2016-11-21 15:29:12.343]		推广：http://fan.test.lacues.cn/Account/index.html?t=0.08569369792571169__fan.test.lacues.cn____
[2016-11-21 15:29:15.580]		推广：http://fan.test.lacues.cn/Account/MyOrder_List.html?paytype=DFK__fan.test.lacues.cn____
[2016-11-21 15:29:32.079]		推广：http://fan.test.lacues.cn/__fan.test.lacues.cn____
[2016-11-21 15:29:37.413]		推广：__fan.test.lacues.cn____
[2016-11-21 15:30:09.083]		推广：__fan.test.lacues.cn____
[2016-11-21 15:30:22.328]		推广：__fan.test.lacues.cn____
[2016-11-21 15:30:28.770]		推广：http://fan.test.lacues.cn/__fan.test.lacues.cn____
[2016-11-21 15:30:32.358]		推广：http://fan.test.lacues.cn/__fan.test.lacues.cn____
[2016-11-21 15:30:35.322]		推广：__fan.test.lacues.cn____
[2016-11-21 15:30:58.289]		推广：__fan.test.lacues.cn____
[2016-11-21 15:31:01.394]		推广：http://fan.test.lacues.cn/Account/MyOrder_List.html?paytype=DFK__fan.test.lacues.cn____
[2016-11-21 15:31:06.686]		推广：http://fan.test.lacues.cn/Account/index.html?t=0.08569369792571169__fan.test.lacues.cn____
[2016-11-21 15:31:15.946]		推广：__fan.test.lacues.cn____
[2016-11-21 15:31:56.991]		推广：http://fan.test.lacues.cn/__fan.test.lacues.cn____
[2016-11-21 15:32:53.868]		推广：__fan.test.lacues.cn____
[2016-11-21 15:33:02.248]		推广：http://fan.test.lacues.cn/__fan.test.lacues.cn____
[2016-11-21 15:33:12.260]		推广：http://fan.test.lacues.cn/Account/index.html?t=0.8069324600510299__fan.test.lacues.cn____
[2016-11-21 15:33:37.609]		推广：__fan.test.lacues.cn____
[2016-11-21 15:34:00.666]		推广：http://fan.test.lacues.cn/__fan.test.lacues.cn____
[2016-11-21 15:34:26.156]		推广：http://fan.test.lacues.cn/__fan.test.lacues.cn____
[2016-11-21 15:36:50.951]		推广：http://fan.test.lacues.cn/Account/index.html?t=0.08569369792571169__fan.test.lacues.cn____
[2016-11-21 15:36:54.456]		推广：http://fan.test.lacues.cn/Account/MyOrder_List.html?paytype=DFK__fan.test.lacues.cn____
[2016-11-21 15:36:55.138]		推广：http://fan.test.lacues.cn/Account/index.html?t=0.08569369792571169__fan.test.lacues.cn____
[2016-11-21 15:36:56.254]		推广：http://fan.test.lacues.cn/__fan.test.lacues.cn____
[2016-11-21 15:36:56.834]		推广：http://fan.test.lacues.cn/Account/index.html?t=0.5816956240904922__fan.test.lacues.cn____
[2016-11-21 15:37:00.520]		推广：http://fan.test.lacues.cn/Account/login.html?t=0.3668088995110934__fan.test.lacues.cn____
[2016-11-21 15:37:01.471]		推广：http://fan.test.lacues.cn/__fan.test.lacues.cn____
[2016-11-21 15:37:02.966]		推广：http://fan.test.lacues.cn/Account/index.html?t=0.6091451987393255__fan.test.lacues.cn____
[2016-11-21 15:37:04.943]		推广：http://fan.test.lacues.cn/Account/MyOrder_List.html?paytype=DFK__fan.test.lacues.cn____
[2016-11-21 15:37:08.757]		推广：http://fan.test.lacues.cn/Account/index.html?t=0.6091451987393255__fan.test.lacues.cn____
[2016-11-21 15:37:08.941]		推广：http://fan.test.lacues.cn/__fan.test.lacues.cn____
[2016-11-21 15:37:09.172]		推广：http://fan.test.lacues.cn/Account/login.html?t=0.3668088995110934__fan.test.lacues.cn____
[2016-11-21 15:37:10.722]		推广：http://fan.test.lacues.cn/__fan.test.lacues.cn____
[2016-11-21 15:37:25.283]		推广：__fan.test.lacues.cn____
[2016-11-21 15:37:35.859]		推广：__fan.test.lacues.cn____
[2016-11-21 15:37:38.194]		推广：__fan.test.lacues.cn____
[2016-11-21 15:42:45.781]		推广：__fan.test.lacues.cn____
[2016-11-21 15:42:54.895]		推广：http://fan.test.lacues.cn/Account/index.html?t=0.8069324600510299__fan.test.lacues.cn____
[2016-11-21 15:43:06.280]		推广：__fan.test.lacues.cn____
[2016-11-21 15:45:18.297]		推广：http://fan.test.lacues.cn/__fan.test.lacues.cn____
[2016-11-21 15:45:21.872]		推广：http://fan.test.lacues.cn/Account/index.html?t=0.9735979256220162__fan.test.lacues.cn____
[2016-11-21 15:52:42.766]		推广：__fan.test.lacues.cn____
[2016-11-21 15:52:58.413]		推广：__fan.test.lacues.cn____
[2016-11-21 15:53:14.132]		推广：http://fan.test.lacues.cn/__fan.test.lacues.cn____
[2016-11-21 15:53:37.615]		推广：http://fan.test.lacues.cn/Account/index.html?t=0.5816956240904922__fan.test.lacues.cn____
[2016-11-21 15:53:39.051]		推广：http://fan.test.lacues.cn/Account/MyOrder_List.html?paytype=DFK__fan.test.lacues.cn____
[2016-11-21 15:54:04.124]		推广：http://fan.test.lacues.cn/Account/index.html?t=0.5816956240904922__fan.test.lacues.cn____
[2016-11-21 15:54:10.225]		推广：http://fan.test.lacues.cn/__fan.test.lacues.cn____
[2016-11-21 15:54:13.304]		推广：http://fan.test.lacues.cn/Account/index.html?t=0.21957771039562074__fan.test.lacues.cn____
[2016-11-21 15:54:24.603]		推广：http://fan.test.lacues.cn/Account/login.html?t=0.5858064450140805__fan.test.lacues.cn____
[2016-11-21 15:54:37.601]		推广：http://fan.test.lacues.cn/__fan.test.lacues.cn____
[2016-11-21 15:54:41.341]		推广：http://fan.test.lacues.cn/Account/index.html?t=0.3820766417492439__fan.test.lacues.cn____
[2016-11-21 15:54:46.019]		推广：http://fan.test.lacues.cn/Account/MyOrder_List.html?paytype=DFK__fan.test.lacues.cn____
[2016-11-21 15:54:49.964]		推广：http://fan.test.lacues.cn/order/MyOrder_pay.html?order_code=OS1504103__fan.test.lacues.cn____
[2016-11-21 15:54:52.256]		推广：http://fan.test.lacues.cn/Account/MyOrder_List.html?paytype=DFK__fan.test.lacues.cn____
[2016-11-21 15:54:57.075]		推广：http://fan.test.lacues.cn/order/MyOrder_pay.html?order_code=OS1504103__fan.test.lacues.cn____
[2016-11-21 15:55:00.495]		推广：http://fan.test.lacues.cn/Account/MyOrder_List.html?paytype=DFK__fan.test.lacues.cn____
[2016-11-21 15:56:20.956]		推广：http://test.pay.caiyb.cn/Handle/TALIPM000000000000000000001114/1479714979?sign=67B0719DE72A92069C199D2B5BA04B53__fan.test.lacues.cn____
[2016-11-21 15:57:56.899]		推广：http://fan.test.lacues.cn/Order/OrderSuccess.html?orderid=OS1502103__fan.test.lacues.cn____
[2016-11-21 16:11:40.216]		推广：__fan.test.lacues.cn____
[2016-11-21 16:11:42.768]		推广：http://fan.test.lacues.cn/__fan.test.lacues.cn____
[2016-11-21 16:11:44.240]		推广：http://fan.test.lacues.cn/Search.html?t=0.007090155280505828__fan.test.lacues.cn____
[2016-11-21 16:11:47.080]		推广：http://fan.test.lacues.cn/Product_List.html?showtype=__fan.test.lacues.cn____
[2016-11-21 16:11:55.423]		推广：http://fan.test.lacues.cn/Product_Detail.html?pid=8016465483__fan.test.lacues.cn____
[2016-11-21 16:12:25.929]		推广：http://fan.test.lacues.cn/Product_Detail.html?pid=8016465483__fan.test.lacues.cn____
[2016-11-21 16:12:31.088]		推广：http://fan.test.lacues.cn/cart.html?t=0.8629952091374582__fan.test.lacues.cn____
[2016-11-21 16:12:32.582]		推广：http://fan.test.lacues.cn/Product_Detail.html?pid=8016465483__fan.test.lacues.cn____
[2016-11-21 16:19:04.957]		推广：http://fan.test.lacues.cn/__fan.test.lacues.cn____
[2016-11-21 16:19:11.731]		推广：http://fan.test.lacues.cn/cart.html__fan.test.lacues.cn____
[2016-11-21 17:20:01.165]		推广：__fan.test.lacues.cn____
[2016-11-21 17:20:10.016]		推广：http://fan.test.lacues.cn/__fan.test.lacues.cn____
[2016-11-21 17:20:31.092]		推广：http://fan.test.lacues.cn/Product_Detail.html?pid=8016465483__fan.test.lacues.cn____
[2016-11-21 17:20:31.341]		推广：http://fan.test.lacues.cn/Search.html?t=0.5729194902814925__fan.test.lacues.cn____
[2016-11-21 17:20:31.342]		推广：http://fan.test.lacues.cn/cart.html?t=0.8629952091374582__fan.test.lacues.cn____
[2016-11-21 17:20:31.534]		推广：http://fan.test.lacues.cn/Product_List.html?showtype=__fan.test.lacues.cn____
[2016-11-21 17:20:32.620]		推广：http://fan.test.lacues.cn/Search.html?t=0.007090155280505828__fan.test.lacues.cn____
[2016-11-21 17:20:39.437]		推广：http://fan.test.lacues.cn/Product_List.html?showtype=__fan.test.lacues.cn____
[2016-11-21 17:20:47.262]		推广：http://fan.test.lacues.cn/Product_Detail.html?pid=8016465483__fan.test.lacues.cn____
[2016-11-21 17:20:49.426]		推广：http://fan.test.lacues.cn/Product_List.html?showtype=__fan.test.lacues.cn____
[2016-11-21 17:20:51.518]		推广：http://fan.test.lacues.cn/Search.html?t=0.5729194902814925__fan.test.lacues.cn____
[2016-11-21 17:20:52.524]		推广：http://fan.test.lacues.cn/Product_List.html?showtype=__fan.test.lacues.cn____
[2016-11-21 17:20:53.696]		推广：http://fan.test.lacues.cn/Search.html?t=0.5729194902814925__fan.test.lacues.cn____
[2016-11-21 17:21:55.921]		推广：http://fan.test.lacues.cn/__fan.test.lacues.cn____
[2016-11-21 17:22:24.379]		推广：http://fan.test.lacues.cn/cart.html__fan.test.lacues.cn____
[2016-11-21 17:22:35.626]		推广：http://fan.test.lacues.cn/Account/login.html?t=0.4565185406245291__fan.test.lacues.cn____
[2016-11-21 17:22:49.133]		推广：http://fan.test.lacues.cn/cart.html__fan.test.lacues.cn____
[2016-11-21 17:22:55.199]		推广：http://fan.test.lacues.cn/Account/login.html?t=0.4565185406245291__fan.test.lacues.cn____
[2016-11-21 17:22:57.189]		推广：http://fan.test.lacues.cn/__fan.test.lacues.cn____
[2016-11-21 17:24:07.995]		推广：http://fan.test.lacues.cn/order/OrderConfirm.html?t=0.49737705415481526__fan.test.lacues.cn____
[2016-11-21 17:24:11.971]		推广：http://fan.test.lacues.cn/cart.html__fan.test.lacues.cn____
[2016-11-21 17:24:17.406]		推广：http://fan.test.lacues.cn/__fan.test.lacues.cn____
[2016-11-21 17:24:30.784]		推广：http://fan.test.lacues.cn/cart.html__fan.test.lacues.cn____
[2016-11-21 17:24:41.177]		推广：http://fan.test.lacues.cn/Account/login.html?t=0.43262824258882293__fan.test.lacues.cn____
[2016-11-21 17:25:32.850]		推广：http://test-dlq.ycp8.cn/cdlq/web/template/template.html?pNum=PNM161011100001__fan.test.lacues.cn____
[2016-11-21 17:29:45.753]		推广：__fan.test.lacues.cn____
[2016-11-21 17:29:47.674]		推广：http://fan.test.lacues.cn/__fan.test.lacues.cn____
[2016-11-21 17:29:49.671]		推广：http://fan.test.lacues.cn/Account/index.html?t=0.9199094434734434__fan.test.lacues.cn____
[2016-11-21 17:29:58.654]		推广：http://fan.test.lacues.cn/Account/login.html?t=0.31255958043038845__fan.test.lacues.cn____
[2016-11-21 17:30:02.554]		推广：http://fan.test.lacues.cn/__fan.test.lacues.cn____
[2016-11-21 17:36:48.375]		推广：http://fan.test.lacues.cn/cart.html__fan.test.lacues.cn____
[2016-11-21 17:39:02.016]		推广：__fan.test.lacues.cn____
[2016-11-21 17:39:20.454]		推广：http://fan.test.lacues.cn/__fan.test.lacues.cn____
[2016-11-21 17:39:49.150]		推广：http://fan.test.lacues.cn/cart.html__fan.test.lacues.cn____
[2016-11-21 17:39:58.066]		推广：http://fan.test.lacues.cn/Account/login.html?t=0.15325539000332355__fan.test.lacues.cn____
[2016-11-21 17:46:50.913]		推广：http://test-dlq.ycp8.cn/cdlq/web/template/template.html?pNum=PNM161111100001__fan.test.lacues.cn____
[2016-11-21 17:46:59.193]		推广：http://fan.test.lacues.cn/cart.html__fan.test.lacues.cn____
[2016-11-21 17:48:45.380]		推广：http://test-dlq.ycp8.cn/cdlq/web/template/template.html?pNum=PNM161111100001__fan.test.lacues.cn____
[2016-11-21 17:53:14.864]		推广：http://fan.test.lacues.cn/Search.html?t=0.007090155280505828__fan.test.lacues.cn____
[2016-11-21 17:53:39.871]		推广：http://test-dlq.ycp8.cn/cdlq/web/template/template.html?pNum=PNM161111100001__fan.test.lacues.cn____
[2016-11-21 17:54:23.525]		推广：http://fan.test.lacues.cn/Search.html?t=0.007090155280505828__fan.test.lacues.cn____
[2016-11-21 17:55:47.711]		推广：__fan.test.lacues.cn____
[2016-11-21 17:57:37.943]		推广：http://fan.test.lacues.cn/__fan.test.lacues.cn____
[2016-11-21 17:58:09.887]		推广：http://fan.test.lacues.cn/Category.html?t=0.44881604285910726__fan.test.lacues.cn____
[2016-11-21 17:58:11.063]		推广：http://fan.test.lacues.cn/Product_List.html?showtype=category__fan.test.lacues.cn____
[2016-11-21 17:58:11.843]		推广：http://fan.test.lacues.cn/Category.html?t=0.44881604285910726__fan.test.lacues.cn____
[2016-11-21 17:58:39.350]		推广：__fan.test.lacues.cn____
[2016-11-21 17:59:02.599]		推广：http://fan.test.lacues.cn/__fan.test.lacues.cn____
[2016-11-21 17:59:05.680]		推广：http://fan.test.lacues.cn/Account/index.html?t=0.6741318269809796__fan.test.lacues.cn____
[2016-11-21 17:59:12.941]		推广：http://fan.test.lacues.cn/__fan.test.lacues.cn____
[2016-11-21 17:59:16.583]		推广：http://fan.test.lacues.cn/Account/login.html?t=0.8460235381586201__fan.test.lacues.cn____
[2016-11-21 17:59:17.867]		推广：http://fan.test.lacues.cn/Category.html?t=0.04995912592858076__fan.test.lacues.cn____
[2016-11-21 17:59:35.906]		推广：http://fan.test.lacues.cn/__fan.test.lacues.cn____
[2016-11-21 17:59:44.405]		推广：http://fan.test.lacues.cn/Search.html?t=0.450297331523841__fan.test.lacues.cn____
[2016-11-21 18:00:18.468]		推广：http://fan.test.lacues.cn/Product_List.html?showtype=category__fan.test.lacues.cn____
[2016-11-21 18:00:20.077]		推广：http://fan.test.lacues.cn/Product_List.html?showtype=__fan.test.lacues.cn____
[2016-11-21 18:00:28.148]		推广：http://fan.test.lacues.cn/Product_Detail.html?pid=58016100267__fan.test.lacues.cn____
[2016-11-21 18:00:32.758]		推广：http://fan.test.lacues.cn/Product_List.html?showtype=category__fan.test.lacues.cn____
[2016-11-21 18:01:14.008]		推广：http://fan.test.lacues.cn/Product_Detail.html?pid=58016100288__fan.test.lacues.cn____
[2016-11-21 18:01:20.427]		推广：http://fan.test.lacues.cn/cart.html?t=0.35336611582897604__fan.test.lacues.cn____
[2016-11-21 18:01:25.190]		推广：http://fan.test.lacues.cn/cart.html?t=0.35336611582897604__fan.test.lacues.cn____
[2016-11-21 18:02:09.259]		推广：http://fan.test.lacues.cn/__fan.test.lacues.cn____
[2016-11-21 18:02:11.001]		推广：http://fan.test.lacues.cn/Account/index.html?t=0.9457114684158043__fan.test.lacues.cn____
[2016-11-21 18:02:13.691]		推广：http://fan.test.lacues.cn/Account/login.html?t=0.2286331267734072__fan.test.lacues.cn____
[2016-11-21 18:02:15.147]		推广：http://fan.test.lacues.cn/__fan.test.lacues.cn____
[2016-11-21 18:02:16.285]		推广：http://fan.test.lacues.cn/Search.html?t=0.24463670728322562__fan.test.lacues.cn____
[2016-11-21 18:02:18.932]		推广：http://fan.test.lacues.cn/Product_List.html?showtype=__fan.test.lacues.cn____
[2016-11-21 18:02:20.200]		推广：http://fan.test.lacues.cn/Product_Detail.html?pid=8016465483__fan.test.lacues.cn____
[2016-11-21 18:02:35.594]		推广：http://fan.test.lacues.cn/cart.html?t=0.35336611582897604__fan.test.lacues.cn____
[2016-11-21 18:02:37.918]		推广：http://fan.test.lacues.cn/Product_List.html?showtype=category__fan.test.lacues.cn____
[2016-11-21 18:02:38.801]		推广：http://fan.test.lacues.cn/Category.html?t=0.04995912592858076__fan.test.lacues.cn____
[2016-11-21 18:02:40.646]		推广：http://fan.test.lacues.cn/__fan.test.lacues.cn____
[2016-11-21 18:02:54.065]		推广：http://fan.test.lacues.cn/Category.html?t=0.04995912592858076__fan.test.lacues.cn____
[2016-11-21 18:03:05.836]		推广：http://fan.test.lacues.cn/Product_List.html?showtype=__fan.test.lacues.cn____
[2016-11-21 18:03:05.905]		推广：http://fan.test.lacues.cn/Product_List.html?showtype=__fan.test.lacues.cn____
[2016-11-21 18:03:10.740]		推广：http://fan.test.lacues.cn/Category.html?t=0.04995912592858076__fan.test.lacues.cn____
[2016-11-21 18:03:10.896]		推广：http://fan.test.lacues.cn/Product_List.html?showtype=category__fan.test.lacues.cn____
[2016-11-21 18:03:10.943]		推广：http://fan.test.lacues.cn/Product_List.html?showtype=category__fan.test.lacues.cn____
[2016-11-21 18:03:13.119]		推广：http://fan.test.lacues.cn/__fan.test.lacues.cn____
[2016-11-21 18:03:19.059]		推广：http://fan.test.lacues.cn/Category.html?t=0.062352420995011926__fan.test.lacues.cn____
[2016-11-21 18:03:24.313]		推广：http://fan.test.lacues.cn/Product_List.html?showtype=category__fan.test.lacues.cn____
[2016-11-21 18:03:29.272]		推广：http://fan.test.lacues.cn/Product_Detail.html?pid=58016100286__fan.test.lacues.cn____
[2016-11-21 18:03:34.102]		推广：http://fan.test.lacues.cn/Product_Detail.html?pid=58016100286__fan.test.lacues.cn____
[2016-11-21 18:03:36.807]		推广：http://fan.test.lacues.cn/cart.html?t=0.3556757920887321__fan.test.lacues.cn____
[2016-11-21 18:04:20.317]		推广：http://fan.test.lacues.cn/__fan.test.lacues.cn____
[2016-11-21 18:04:36.572]		推广：http://fan.test.lacues.cn/__fan.test.lacues.cn____
[2016-11-21 18:04:41.470]		推广：http://fan.test.lacues.cn/cart.html?t=0.3556757920887321__fan.test.lacues.cn____
[2016-11-21 18:04:45.214]		推广：http://fan.test.lacues.cn/cart.html?t=0.3556757920887321__fan.test.lacues.cn____
[2016-11-21 18:04:48.334]		推广：http://fan.test.lacues.cn/cart.html?t=0.3556757920887321__fan.test.lacues.cn____
[2016-11-21 18:04:53.451]		推广：http://fan.test.lacues.cn/cart.html?t=0.3556757920887321__fan.test.lacues.cn____
[2016-11-21 18:05:02.202]		推广：http://fan.test.lacues.cn/cart.html?t=0.3556757920887321__fan.test.lacues.cn____
[2016-11-21 18:05:05.166]		推广：http://fan.test.lacues.cn/__fan.test.lacues.cn____
[2016-11-21 18:05:05.868]		推广：http://fan.test.lacues.cn/cart.html?t=0.3556757920887321__fan.test.lacues.cn____
[2016-11-21 18:05:09.614]		推广：http://fan.test.lacues.cn/cart.html?t=0.3556757920887321__fan.test.lacues.cn____
[2016-11-21 18:05:13.552]		推广：http://fan.test.lacues.cn/Product_Detail.html?pid=58016100286__fan.test.lacues.cn____
[2016-11-21 18:05:15.814]		推广：http://fan.test.lacues.cn/cart.html?t=0.3556757920887321__fan.test.lacues.cn____
[2016-11-21 18:05:17.578]		推广：http://fan.test.lacues.cn/Product_Detail.html?pid=58016100286__fan.test.lacues.cn____
[2016-11-21 18:05:19.724]		推广：http://fan.test.lacues.cn/Product_List.html?showtype=category__fan.test.lacues.cn____
[2016-11-21 18:05:26.446]		推广：http://fan.test.lacues.cn/Category.html?t=0.062352420995011926__fan.test.lacues.cn____
[2016-11-21 18:05:28.551]		推广：http://fan.test.lacues.cn/Category.html?t=0.062352420995011926__fan.test.lacues.cn____
[2016-11-21 18:05:31.006]		推广：http://fan.test.lacues.cn/Category.html?t=0.062352420995011926__fan.test.lacues.cn____
[2016-11-21 18:05:33.137]		推广：http://fan.test.lacues.cn/Category.html?t=0.062352420995011926__fan.test.lacues.cn____
[2016-11-21 18:05:35.401]		推广：http://fan.test.lacues.cn/Category.html?t=0.062352420995011926__fan.test.lacues.cn____
[2016-11-21 18:05:37.687]		推广：http://fan.test.lacues.cn/Category.html?t=0.062352420995011926__fan.test.lacues.cn____
[2016-11-21 18:05:39.980]		推广：http://fan.test.lacues.cn/Category.html?t=0.062352420995011926__fan.test.lacues.cn____
[2016-11-21 18:05:42.462]		推广：http://fan.test.lacues.cn/Category.html?t=0.062352420995011926__fan.test.lacues.cn____
[2016-11-21 18:05:44.554]		推广：http://fan.test.lacues.cn/Product_Detail.html?pid=8016465483__fan.test.lacues.cn____
[2016-11-21 18:05:45.409]		推广：http://fan.test.lacues.cn/Category.html?t=0.062352420995011926__fan.test.lacues.cn____
[2016-11-21 18:05:47.630]		推广：http://fan.test.lacues.cn/Category.html?t=0.062352420995011926__fan.test.lacues.cn____
[2016-11-21 18:05:47.802]		推广：http://fan.test.lacues.cn/Product_List.html?showtype=__fan.test.lacues.cn____
[2016-11-21 18:05:49.936]		推广：http://fan.test.lacues.cn/Category.html?t=0.062352420995011926__fan.test.lacues.cn____
[2016-11-21 18:05:52.248]		推广：http://fan.test.lacues.cn/Category.html?t=0.062352420995011926__fan.test.lacues.cn____
[2016-11-21 18:05:54.700]		推广：http://fan.test.lacues.cn/Category.html?t=0.062352420995011926__fan.test.lacues.cn____
[2016-11-21 18:05:57.558]		推广：http://fan.test.lacues.cn/Category.html?t=0.062352420995011926__fan.test.lacues.cn____
[2016-11-21 18:06:00.535]		推广：http://fan.test.lacues.cn/Category.html?t=0.062352420995011926__fan.test.lacues.cn____
[2016-11-21 18:06:03.303]		推广：http://fan.test.lacues.cn/Category.html?t=0.062352420995011926__fan.test.lacues.cn____
[2016-11-21 18:06:06.652]		推广：http://fan.test.lacues.cn/Category.html?t=0.062352420995011926__fan.test.lacues.cn____
[2016-11-21 18:06:09.029]		推广：http://fan.test.lacues.cn/Product_List.html?showtype=category__fan.test.lacues.cn____
[2016-11-21 18:06:13.620]		推广：http://fan.test.lacues.cn/Product_List.html?showtype=category__fan.test.lacues.cn____
[2016-11-21 18:06:17.068]		推广：http://fan.test.lacues.cn/Product_List.html?showtype=category__fan.test.lacues.cn____
[2016-11-21 18:06:34.647]		推广：__fan.test.lacues.cn____
[2016-11-21 18:06:38.267]		推广：http://fan.test.lacues.cn/__fan.test.lacues.cn____
[2016-11-21 18:06:43.463]		推广：http://fan.test.lacues.cn/cart.html__fan.test.lacues.cn____
[2016-11-21 18:07:20.997]		推广：__fan.test.lacues.cn____
[2016-11-21 18:07:21.464]		推广：__fan.test.lacues.cn____
[2016-11-21 18:07:22.745]		推广：__fan.test.lacues.cn____
[2016-11-21 18:07:23.118]		推广：__fan.test.lacues.cn____
[2016-11-21 18:07:23.336]		推广：http://fan.test.lacues.cn/__fan.test.lacues.cn____
[2016-11-21 18:07:25.585]		推广：http://fan.test.lacues.cn/__fan.test.lacues.cn____
[2016-11-21 18:07:25.864]		推广：http://fan.test.lacues.cn/cart.html__fan.test.lacues.cn____
[2016-11-21 18:07:32.630]		推广：http://fan.test.lacues.cn/Category.html?t=0.17571526090614498__fan.test.lacues.cn____
[2016-11-21 18:07:37.299]		推广：http://fan.test.lacues.cn/Product_List.html?showtype=category__fan.test.lacues.cn____
[2016-11-21 18:07:59.248]		推广：http://fan.test.lacues.cn/Product_List.html?showtype=category__fan.test.lacues.cn____
[2016-11-21 18:08:11.933]		推广：http://fan.test.lacues.cn/Product_Detail.html?pid=58016100288__fan.test.lacues.cn____
[2016-11-21 18:08:19.669]		推广：http://fan.test.lacues.cn/Product_List.html?showtype=category__fan.test.lacues.cn____
[2016-11-21 18:08:21.571]		推广：http://fan.test.lacues.cn/Category.html?t=0.17571526090614498__fan.test.lacues.cn____
[2016-11-21 18:08:24.349]		推广：http://fan.test.lacues.cn/Product_List.html?showtype=category__fan.test.lacues.cn____
[2016-11-21 18:08:53.519]		推广：http://fan.test.lacues.cn/Product_Detail.html?pid=58016100267__fan.test.lacues.cn____
[2016-11-21 18:08:57.110]		推广：http://fan.test.lacues.cn/Product_List.html?showtype=__fan.test.lacues.cn____
[2016-11-21 18:09:08.078]		推广：http://fan.test.lacues.cn/Product_Detail.html?pid=58016100288__fan.test.lacues.cn____
[2016-11-21 18:09:17.748]		推广：http://fan.test.lacues.cn/Sale/FullCut.html?t=0.14890398224815726__fan.test.lacues.cn____
[2016-11-21 18:09:20.428]		推广：http://fan.test.lacues.cn/Product_Detail.html?pid=58016100288__fan.test.lacues.cn____
[2016-11-21 18:09:28.903]		推广：http://fan.test.lacues.cn/cart.html?t=0.2418843051418662__fan.test.lacues.cn____
[2016-11-21 18:09:31.015]		推广：http://fan.test.lacues.cn/Product_Detail.html?pid=58016100288__fan.test.lacues.cn____
[2016-11-21 18:10:00.592]		推广：http://fan.test.lacues.cn/Product_Detail.html?pid=58016100267__fan.test.lacues.cn____
[2016-11-21 18:10:14.267]		推广：http://fan.test.lacues.cn/Product_List.html?showtype=__fan.test.lacues.cn____
[2016-11-21 18:10:18.923]		推广：http://fan.test.lacues.cn/Product_Detail.html?pid=58016100267__fan.test.lacues.cn____
[2016-11-21 18:10:23.050]		推广：http://fan.test.lacues.cn/Product_List.html?showtype=__fan.test.lacues.cn____
[2016-11-21 18:10:40.117]		推广：__fan.test.lacues.cn____
[2016-11-21 18:10:45.184]		推广：http://fan.test.lacues.cn/__fan.test.lacues.cn____
[2016-11-21 18:11:27.858]		推广：__fan.test.lacues.cn____
[2016-11-21 18:11:42.835]		推广：http://fan.test.lacues.cn/__fan.test.lacues.cn____
[2016-11-21 18:12:21.316]		推广：http://fan.test.lacues.cn/Product_Detail.html?pid=58016100288__fan.test.lacues.cn____
[2016-11-21 18:12:24.237]		推广：http://fan.test.lacues.cn/cart.html?t=0.2418843051418662__fan.test.lacues.cn____
[2016-11-21 18:12:48.770]		推广：http://fan.test.lacues.cn/Product_Detail.html?pid=58016100288__fan.test.lacues.cn____
[2016-11-21 18:12:52.033]		推广：__fan.test.lacues.cn____
[2016-11-21 18:12:53.730]		推广：http://fan.test.lacues.cn/cart.html?t=0.2418843051418662__fan.test.lacues.cn____
[2016-11-21 18:12:55.547]		推广：__fan.test.lacues.cn____
[2016-11-21 18:12:59.296]		推广：http://fan.test.lacues.cn/cart.html?t=0.2418843051418662__fan.test.lacues.cn____
[2016-11-21 18:13:03.874]		推广：http://fan.test.lacues.cn/__fan.test.lacues.cn____
[2016-11-21 18:13:05.043]		推广：__fan.test.lacues.cn____
[2016-11-21 18:13:07.305]		推广：http://fan.test.lacues.cn/Product_Detail.html?pid=58016100267__fan.test.lacues.cn____
[2016-11-21 18:13:16.963]		推广：http://fan.test.lacues.cn/cart.html?t=0.2418843051418662__fan.test.lacues.cn____
[2016-11-21 18:13:20.644]		推广：http://fan.test.lacues.cn/Product_List.html?showtype=__fan.test.lacues.cn____
[2016-11-21 18:13:23.309]		推广：http://fan.test.lacues.cn/Account/index.html?t=0.6741318269809796__fan.test.lacues.cn____
[2016-11-21 18:13:24.191]		推广：http://fan.test.lacues.cn/Account/login.html?t=0.8460235381586201__fan.test.lacues.cn____
[2016-11-21 18:13:24.639]		推广：http://fan.test.lacues.cn/Product_Detail.html?pid=58016100267__fan.test.lacues.cn____
[2016-11-21 18:13:24.937]		推广：http://fan.test.lacues.cn/__fan.test.lacues.cn____
[2016-11-21 18:13:25.615]		推广：http://fan.test.lacues.cn/Search.html?t=0.450297331523841__fan.test.lacues.cn____
[2016-11-21 18:13:27.139]		推广：__fan.test.lacues.cn____
[2016-11-21 18:13:27.284]		推广：http://fan.test.lacues.cn/Product_List.html?showtype=__fan.test.lacues.cn____
[2016-11-21 18:13:27.430]		推广：http://fan.test.lacues.cn/Product_Detail.html?pid=58016100267__fan.test.lacues.cn____
[2016-11-21 18:13:29.360]		推广：http://fan.test.lacues.cn/cart.html?t=0.2418843051418662__fan.test.lacues.cn____
[2016-11-21 18:13:33.759]		推广：__fan.test.lacues.cn____
[2016-11-21 18:13:59.704]		推广：http://fan.test.lacues.cn/cart.html?t=0.2418843051418662__fan.test.lacues.cn____
[2016-11-21 18:14:07.184]		推广：__fan.test.lacues.cn____
[2016-11-21 18:14:27.557]		推广：http://fan.test.lacues.cn/Product_List.html?showtype=__fan.test.lacues.cn____
[2016-11-21 18:14:37.095]		推广：http://fan.test.lacues.cn/cart.html?t=0.2418843051418662__fan.test.lacues.cn____
[2016-11-21 18:14:43.019]		推广：__fan.test.lacues.cn____
[2016-11-21 18:15:10.011]		推广：http://fan.test.lacues.cn/cart.html?t=0.2418843051418662__fan.test.lacues.cn____
[2016-11-21 18:15:42.952]		推广：__fan.test.lacues.cn____
[2016-11-21 18:15:46.376]		推广：http://fan.test.lacues.cn/cart.html?t=0.2418843051418662__fan.test.lacues.cn____
[2016-11-21 18:15:57.214]		推广：http://fan.test.lacues.cn/Account/login.html?t=0.43262824258882293__fan.test.lacues.cn____
[2016-11-21 18:16:03.314]		推广：http://fan.test.lacues.cn/Account/login.html?t=0.43262824258882293__fan.test.lacues.cn____
[2016-11-21 18:16:09.084]		推广：http://fan.test.lacues.cn/cart.html__fan.test.lacues.cn____
[2016-11-21 18:16:13.803]		推广：http://fan.test.lacues.cn/__fan.test.lacues.cn____
[2016-11-21 18:16:17.483]		推广：http://fan.test.lacues.cn/Account/index.html?t=0.3088690024003612__fan.test.lacues.cn____
[2016-11-21 18:16:29.512]		推广：http://fan.test.lacues.cn/Account/login.html?t=0.3883020231652833__fan.test.lacues.cn____
[2016-11-21 18:16:33.849]		推广：http://fan.test.lacues.cn/__fan.test.lacues.cn____
[2016-11-21 18:16:43.183]		推广：__fan.test.lacues.cn____
[2016-11-21 18:17:06.812]		推广：__fan.test.lacues.cn____
[2016-11-21 18:17:12.116]		推广：__fan.test.lacues.cn____
[2016-11-21 18:17:12.304]		推广：__fan.test.lacues.cn____
[2016-11-21 18:17:12.382]		推广：http://fan.test.lacues.cn/Sale/FullCut.html?t=0.14890398224815726__fan.test.lacues.cn____
[2016-11-21 18:17:12.693]		推广：http://fan.test.lacues.cn/Product_Detail.html?pid=58016100288__fan.test.lacues.cn____
[2016-11-21 18:17:13.236]		推广：http://fan.test.lacues.cn/Product_Detail.html?pid=58016100288__fan.test.lacues.cn____
[2016-11-21 18:17:20.810]		推广：http://fan.test.lacues.cn/__fan.test.lacues.cn____
[2016-11-21 18:17:40.795]		推广：http://fan.test.lacues.cn/Product_Detail.html?pid=58016100267__fan.test.lacues.cn____
[2016-11-21 18:17:46.888]		推广：http://fan.test.lacues.cn/Product_Detail.html?pid=58016100267__fan.test.lacues.cn____
[2016-11-21 18:18:28.200]		推广：__fan.test.lacues.cn____
[2016-11-21 18:19:04.086]		推广：http://fan.test.lacues.cn/__fan.test.lacues.cn____
[2016-11-21 18:19:07.831]		推广：http://fan.test.lacues.cn/Account/index.html?t=0.3508393266238272__fan.test.lacues.cn____
[2016-11-21 18:19:19.633]		推广：http://fan.test.lacues.cn/Account/login.html?t=0.9408354957122356__fan.test.lacues.cn____
[2016-11-21 18:19:25.760]		推广：http://fan.test.lacues.cn/__fan.test.lacues.cn____
[2016-11-21 18:19:27.333]		推广：http://fan.test.lacues.cn/cart.html__fan.test.lacues.cn____
[2016-11-21 18:19:45.334]		推广：http://fan.test.lacues.cn/cart.html?t=0.06378301209770143__fan.test.lacues.cn____
[2016-11-21 18:19:47.428]		推广：http://fan.test.lacues.cn/Product_Detail.html?pid=58016100288__fan.test.lacues.cn____
[2016-11-21 18:19:51.065]		推广：http://fan.test.lacues.cn/cart.html?t=0.5811057259729582__fan.test.lacues.cn____
[2016-11-21 18:19:52.029]		推广：__fan.test.lacues.cn____
[2016-11-21 18:20:01.377]		推广：http://fan.test.lacues.cn/cart.html?t=0.06378301209770143__fan.test.lacues.cn____
[2016-11-21 18:20:01.409]		推广：__fan.test.lacues.cn____
[2016-11-21 18:20:05.153]		推广：http://fan.test.lacues.cn/Product_Detail.html?pid=58016100267__fan.test.lacues.cn____
[2016-11-21 18:20:05.309]		推广：http://fan.test.lacues.cn/Product_Detail.html?pid=58016100288__fan.test.lacues.cn____
[2016-11-21 18:20:06.962]		推广：http://fan.test.lacues.cn/cart.html?t=0.06378301209770143__fan.test.lacues.cn____
[2016-11-21 18:20:07.023]		推广：http://fan.test.lacues.cn/Product_Detail.html?pid=58016100288__fan.test.lacues.cn____
[2016-11-21 18:20:46.664]		推广：http://fan.test.lacues.cn/cart.html?t=0.8645933676655309__fan.test.lacues.cn____
[2016-11-21 18:20:47.184]		推广：http://fan.test.lacues.cn/Product_Detail.html?pid=58016100267__fan.test.lacues.cn____
[2016-11-21 18:20:49.874]		推广：http://fan.test.lacues.cn/cart.html?t=0.6059954934753478__fan.test.lacues.cn____
[2016-11-21 18:20:51.703]		推广：http://fan.test.lacues.cn/Product_List.html?showtype=__fan.test.lacues.cn____
[2016-11-21 18:20:52.755]		推广：http://fan.test.lacues.cn/Product_Detail.html?pid=58016100286__fan.test.lacues.cn____
[2016-11-21 18:21:09.324]		推广：http://fan.test.lacues.cn/cart.html__fan.test.lacues.cn____
[2016-11-21 18:21:19.498]		推广：http://fan.test.lacues.cn/__fan.test.lacues.cn____
[2016-11-21 18:21:22.246]		推广：http://fan.test.lacues.cn/Search.html?t=0.23339618113823235__fan.test.lacues.cn____
[2016-11-21 18:21:28.473]		推广：http://fan.test.lacues.cn/Product_List.html?showtype=__fan.test.lacues.cn____
[2016-11-21 18:21:31.174]		推广：http://fan.test.lacues.cn/Product_Detail.html?pid=58016100286__fan.test.lacues.cn____
[2016-11-21 18:22:42.058]		推广：http://fan.test.lacues.cn/order/OrderConfirm.html?t=0.07904818444512784__fan.test.lacues.cn____
[2016-11-21 18:22:43.999]		推广：http://fan.test.lacues.cn/Product_Detail.html?pid=58016100286__fan.test.lacues.cn____
[2016-11-21 18:22:52.901]		推广：http://fan.test.lacues.cn/Product_List.html?showtype=__fan.test.lacues.cn____
[2016-11-21 18:22:55.319]		推广：http://fan.test.lacues.cn/order/OrderConfirm.html?t=0.924709037186902__fan.test.lacues.cn____
[2016-11-21 18:22:56.799]		推广：http://fan.test.lacues.cn/Search.html?t=0.23339618113823235__fan.test.lacues.cn____
[2016-11-21 18:23:01.619]		推广：http://fan.test.lacues.cn/__fan.test.lacues.cn____
[2016-11-21 18:23:07.377]		推广：http://fan.test.lacues.cn/__fan.test.lacues.cn____
[2016-11-21 18:23:16.730]		推广：http://fan.test.lacues.cn/cart.html__fan.test.lacues.cn____
[2016-11-21 18:23:23.142]		推广：http://fan.test.lacues.cn/Product_Detail.html?pid=58016100286__fan.test.lacues.cn____
[2016-11-21 18:23:24.026]		推广：http://fan.test.lacues.cn/Product_List.html?showtype=__fan.test.lacues.cn____
[2016-11-21 18:23:25.366]		推广：http://fan.test.lacues.cn/Search.html?t=0.24463670728322562__fan.test.lacues.cn____
[2016-11-21 18:23:29.139]		推广：http://fan.test.lacues.cn/Product_List.html?showtype=__fan.test.lacues.cn____
[2016-11-21 18:23:31.858]		推广：http://fan.test.lacues.cn/Product_Detail.html?pid=8016465485__fan.test.lacues.cn____
[2016-11-21 18:23:36.050]		推广：http://fan.test.lacues.cn/Product_List.html?showtype=__fan.test.lacues.cn____
[2016-11-21 18:23:39.599]		推广：http://fan.test.lacues.cn/Product_Detail.html?pid=58016100283__fan.test.lacues.cn____
[2016-11-21 18:23:50.948]		推广：http://fan.test.lacues.cn/order/OrderConfirm.html?t=0.13894334218654636__fan.test.lacues.cn____
[2016-11-21 18:23:51.759]		推广：http://fan.test.lacues.cn/Search.html?t=0.24463670728322562__fan.test.lacues.cn____
[2016-11-21 18:23:53.522]		推广：http://fan.test.lacues.cn/__fan.test.lacues.cn____
[2016-11-21 18:23:59.623]		推广：http://fan.test.lacues.cn/Category.html?t=0.8747786059587757__fan.test.lacues.cn____
[2016-11-21 18:24:02.289]		推广：http://fan.test.lacues.cn/Product_List.html?showtype=category__fan.test.lacues.cn____
[2016-11-21 18:24:04.527]		推广：http://fan.test.lacues.cn/cart.html__fan.test.lacues.cn____
[2016-11-21 18:24:06.017]		推广：http://fan.test.lacues.cn/Product_Detail.html?pid=58016100288__fan.test.lacues.cn____
[2016-11-21 18:24:12.761]		推广：http://fan.test.lacues.cn/__fan.test.lacues.cn____
[2016-11-21 18:24:17.015]		推广：http://fan.test.lacues.cn/order/OrderConfirm.html?t=0.1340822989632865__fan.test.lacues.cn____
[2016-11-21 18:24:31.679]		推广：http://fan.test.lacues.cn/cart.html__fan.test.lacues.cn____
[2016-11-21 18:25:22.202]		推广：http://fan.test.lacues.cn/cart.html?t=0.9643326607230804__fan.test.lacues.cn____
[2016-11-21 18:25:32.318]		推广：http://fan.test.lacues.cn/cart.html__fan.test.lacues.cn____
[2016-11-21 18:25:40.694]		推广：http://fan.test.lacues.cn/order/OrderConfirm.html?t=0.1340822989632865__fan.test.lacues.cn____
[2016-11-21 18:25:49.415]		推广：__fan.test.lacues.cn____
[2016-11-21 18:26:04.329]		推广：http://fan.test.lacues.cn/__fan.test.lacues.cn____
[2016-11-21 18:26:07.830]		推广：http://fan.test.lacues.cn/__fan.test.lacues.cn____
[2016-11-21 18:26:20.140]		推广：http://fan.test.lacues.cn/__fan.test.lacues.cn____
[2016-11-21 18:26:34.943]		推广：http://fan.test.lacues.cn/order/OrderConfirm.html?t=0.1340822989632865__fan.test.lacues.cn____
[2016-11-21 18:26:58.735]		推广：__fan.test.lacues.cn____
[2016-11-21 18:27:06.061]		推广：http://fan.test.lacues.cn/__fan.test.lacues.cn____
[2016-11-21 18:27:14.921]		推广：http://fan.test.lacues.cn/order/OrderConfirm.html?t=0.1340822989632865__fan.test.lacues.cn____
[2016-11-21 18:27:31.034]		推广：http://fan.test.lacues.cn/cart.html__fan.test.lacues.cn____
[2016-11-21 18:27:36.598]		推广：http://fan.test.lacues.cn/__fan.test.lacues.cn____
[2016-11-21 18:29:04.364]		推广：http://fan.test.lacues.cn/__fan.test.lacues.cn____
[2016-11-21 18:29:12.505]		推广：http://fan.test.lacues.cn/__fan.test.lacues.cn____
[2016-11-21 18:30:04.757]		推广：http://fan.test.lacues.cn/__fan.test.lacues.cn____
[2016-11-21 18:30:27.656]		推广：http://fan.test.lacues.cn/cart.html__fan.test.lacues.cn____
[2016-11-21 18:30:40.904]		推广：http://fan.test.lacues.cn/order/OrderConfirm.html?t=0.7535426339796885__fan.test.lacues.cn____
[2016-11-21 18:30:48.130]		推广：http://fan.test.lacues.cn/cart.html__fan.test.lacues.cn____
[2016-11-21 18:30:59.203]		推广：http://fan.test.lacues.cn/order/OrderConfirm.html?t=0.9710200223266966__fan.test.lacues.cn____
[2016-11-21 18:31:08.340]		推广：__fan.test.lacues.cn____
[2016-11-21 18:31:11.574]		推广：http://fan.test.lacues.cn/__fan.test.lacues.cn____
[2016-11-21 18:31:14.060]		推广：http://fan.test.lacues.cn/Account/index.html?t=0.9019206727389246__fan.test.lacues.cn____
[2016-11-21 18:31:24.119]		推广：http://fan.test.lacues.cn/Account/login.html?t=0.4176728269085288__fan.test.lacues.cn____
[2016-11-21 18:31:27.434]		推广：http://fan.test.lacues.cn/__fan.test.lacues.cn____
[2016-11-21 18:31:38.906]		推广：http://fan.test.lacues.cn/Product_Detail.html?pid=58016100288__fan.test.lacues.cn____
[2016-11-21 18:31:41.026]		推广：http://fan.test.lacues.cn/Product_List.html?showtype=category__fan.test.lacues.cn____
[2016-11-21 18:31:43.600]		推广：http://fan.test.lacues.cn/Product_List.html?showtype=category__fan.test.lacues.cn____
[2016-11-21 18:31:49.325]		推广：http://fan.test.lacues.cn/cart.html__fan.test.lacues.cn____
[2016-11-21 18:32:01.185]		推广：http://fan.test.lacues.cn/__fan.test.lacues.cn____
[2016-11-21 18:32:04.068]		推广：http://fan.test.lacues.cn/Account/index.html?t=0.2937578270211816__fan.test.lacues.cn____
[2016-11-21 18:32:05.759]		推广：http://fan.test.lacues.cn/__fan.test.lacues.cn____
[2016-11-21 18:32:10.361]		推广：http://fan.test.lacues.cn/order/OrderConfirm.html?t=0.9710200223266966__fan.test.lacues.cn____
[2016-11-21 18:32:12.336]		推广：http://fan.test.lacues.cn/__fan.test.lacues.cn____
[2016-11-21 18:32:17.686]		推广：http://fan.test.lacues.cn/cart.html__fan.test.lacues.cn____
[2016-11-21 18:32:20.200]		推广：http://fan.test.lacues.cn/__fan.test.lacues.cn____
[2016-11-21 18:32:20.884]		推广：http://fan.test.lacues.cn/Product_List.html?showtype=category__fan.test.lacues.cn____
[2016-11-21 18:32:22.208]		推广：http://fan.test.lacues.cn/Product_Detail.html?pid=58016100288__fan.test.lacues.cn____
[2016-11-21 18:32:25.517]		推广：http://fan.test.lacues.cn/cart.html?t=0.6388762111953568__fan.test.lacues.cn____
[2016-11-21 18:32:27.099]		推广：http://fan.test.lacues.cn/Product_Detail.html?pid=58016100288__fan.test.lacues.cn____
[2016-11-21 18:32:29.080]		推广：http://fan.test.lacues.cn/Search.html?t=0.420195858925581__fan.test.lacues.cn____
[2016-11-21 18:32:34.955]		推广：http://fan.test.lacues.cn/Product_List.html?showtype=__fan.test.lacues.cn____
[2016-11-21 18:32:36.344]		推广：__fan.test.lacues.cn____
[2016-11-21 18:32:37.990]		推广：http://fan.test.lacues.cn/__fan.test.lacues.cn____
[2016-11-21 18:32:41.289]		推广：http://fan.test.lacues.cn/Account/index.html?t=0.5351435192860663__fan.test.lacues.cn____
[2016-11-21 18:32:42.202]		推广：http://fan.test.lacues.cn/Account/index.html?t=0.5351435192860663__fan.test.lacues.cn____
[2016-11-21 18:32:47.338]		推广：http://fan.test.lacues.cn/Product_Detail.html?pid=58016100285__fan.test.lacues.cn____
[2016-11-21 18:32:51.269]		推广：http://fan.test.lacues.cn/Sale/FullCut.html?t=0.6012855349108577__fan.test.lacues.cn____
[2016-11-21 18:32:51.710]		推广：http://fan.test.lacues.cn/Account/login.html?t=0.6507620990741998__fan.test.lacues.cn____
[2016-11-21 18:32:53.464]		推广：http://fan.test.lacues.cn/index.html__fan.test.lacues.cn____
[2016-11-21 18:32:59.632]		推广：http://fan.test.lacues.cn/Product_Detail.html?pid=58016100288__fan.test.lacues.cn____
[2016-11-21 18:33:06.727]		推广：http://test-dlq.ycp8.cn/cdlq/web/template/template.html?pNum=PNM161111100001__fan.test.lacues.cn____
[2016-11-21 18:33:13.525]		推广：http://fan.test.lacues.cn/order/OrderConfirm.html?t=0.46979286009445786__fan.test.lacues.cn____
[2016-11-21 18:33:17.115]		推广：http://fan.test.lacues.cn/cart.html__fan.test.lacues.cn____
[2016-11-21 18:33:19.164]		推广：http://fan.test.lacues.cn/__fan.test.lacues.cn____
[2016-11-21 18:33:23.573]		推广：http://fan.test.lacues.cn/Account/index.html?t=0.2746407955419272__fan.test.lacues.cn____
[2016-11-21 18:33:26.112]		推广：http://fan.test.lacues.cn/Account/index.html?t=0.2746407955419272__fan.test.lacues.cn____
[2016-11-21 18:33:35.216]		推广：http://fan.test.lacues.cn/Account/login.html?t=0.553955155890435__fan.test.lacues.cn____
[2016-11-21 18:33:39.418]		推广：http://fan.test.lacues.cn/index.html__fan.test.lacues.cn____
[2016-11-21 18:33:44.526]		推广：http://fan.test.lacues.cn/Product_Detail.html?pid=58016100288__fan.test.lacues.cn____
[2016-11-21 18:33:48.299]		推广：http://fan.test.lacues.cn/Sale/FullCut.html?t=0.6012855349108577__fan.test.lacues.cn____
[2016-11-21 18:33:49.393]		推广：http://fan.test.lacues.cn/order/OrderConfirm.html?t=0.9710200223266966__fan.test.lacues.cn____
[2016-11-21 18:35:04.864]		推广：http://fan.test.lacues.cn/Sale/FullCut.html?t=0.6012855349108577__fan.test.lacues.cn____
[2016-11-21 18:35:15.728]		推广：http://fan.test.lacues.cn/Sale/FullCut.html?t=0.6012855349108577__fan.test.lacues.cn____
[2016-11-21 18:35:18.807]		推广：http://fan.test.lacues.cn/Sale/FullCut.html?t=0.6012855349108577__fan.test.lacues.cn____
[2016-11-21 18:35:21.959]		推广：http://fan.test.lacues.cn/cart.html?t=0.33248090045526624__fan.test.lacues.cn____
[2016-11-21 18:35:31.723]		推广：http://fan.test.lacues.cn/Product_List.html?showtype=__fan.test.lacues.cn____
[2016-11-21 18:35:32.469]		推广：http://fan.test.lacues.cn/Sale/FullCut.html?t=0.6012855349108577__fan.test.lacues.cn____
[2016-11-21 18:35:32.499]		推广：__fan.test.lacues.cn____
[2016-11-21 18:35:34.177]		推广：http://fan.test.lacues.cn/__fan.test.lacues.cn____
[2016-11-21 18:35:42.142]		推广：http://fan.test.lacues.cn/Search.html?t=0.3830269272439182__fan.test.lacues.cn____
[2016-11-21 18:35:45.994]		推广：http://fan.test.lacues.cn/Product_List.html?showtype=__fan.test.lacues.cn____
[2016-11-21 18:35:51.504]		推广：http://fan.test.lacues.cn/Search.html?t=0.3830269272439182__fan.test.lacues.cn____
[2016-11-21 18:36:02.687]		推广：http://fan.test.lacues.cn/Product_List.html?showtype=__fan.test.lacues.cn____
[2016-11-21 18:36:02.733]		推广：http://fan.test.lacues.cn/Product_List.html?showtype=__fan.test.lacues.cn____
[2016-11-21 18:36:09.417]		推广：http://fan.test.lacues.cn/Product_Detail.html?pid=58016100288__fan.test.lacues.cn____
[2016-11-21 18:36:14.342]		推广：http://fan.test.lacues.cn/Product_Detail.html?pid=58016100287__fan.test.lacues.cn____
[2016-11-21 18:36:56.713]		推广：http://fan.test.lacues.cn/Product_Detail.html?pid=58016100287__fan.test.lacues.cn____
[2016-11-21 18:37:30.318]		推广：http://fan.test.lacues.cn/Product_Detail.html?pid=58016100287__fan.test.lacues.cn____
[2016-11-21 18:38:38.921]		推广：http://fan.test.lacues.cn/Product_Detail.html?pid=58016100287__fan.test.lacues.cn____
[2016-11-21 18:38:43.267]		推广：http://fan.test.lacues.cn/Product_Detail.html?pid=58016100287__fan.test.lacues.cn____
[2016-11-21 18:38:50.494]		推广：http://fan.test.lacues.cn/Product_Detail.html?pid=58016100287__fan.test.lacues.cn____
[2016-11-21 18:39:01.090]		推广：http://fan.test.lacues.cn/Product_Detail.html?pid=58016100287__fan.test.lacues.cn____
[2016-11-21 18:39:01.162]		推广：http://fan.test.lacues.cn/Product_Detail.html?pid=58016100287__fan.test.lacues.cn____
[2016-11-21 18:39:14.567]		推广：http://fan.test.lacues.cn/order/OrderConfirm.html?t=0.9710200223266966__fan.test.lacues.cn____
[2016-11-21 18:39:16.914]		推广：http://fan.test.lacues.cn/Product_Detail.html?pid=58016100287__fan.test.lacues.cn____
[2016-11-21 18:39:20.301]		推广：http://fan.test.lacues.cn/cart.html?t=0.3184567578136921__fan.test.lacues.cn____
[2016-11-21 18:39:23.458]		推广：http://fan.test.lacues.cn/cart.html?t=0.3184567578136921__fan.test.lacues.cn____
[2016-11-21 18:39:25.607]		推广：http://fan.test.lacues.cn/Product_Detail.html?pid=58016100287__fan.test.lacues.cn____
[2016-11-21 18:39:29.295]		推广：http://fan.test.lacues.cn/cart.html?t=0.3184567578136921__fan.test.lacues.cn____
[2016-11-21 18:39:33.740]		推广：http://test-dlq.ycp8.cn/cdlq/web/template/template.html?pNum=PNM161111100001__fan.test.lacues.cn____
[2016-11-21 18:39:41.559]		推广：http://fan.test.lacues.cn/Product_Detail.html?pid=58016100287__fan.test.lacues.cn____
[2016-11-21 18:39:47.402]		推广：http://test-dlq.ycp8.cn/cdlq/web/template/template.html?pNum=PNM161111100001__fan.test.lacues.cn____
[2016-11-21 18:39:50.744]		推广：http://test-dlq.ycp8.cn/cdlq/web/template/template.html?pNum=PNM161111100001__fan.test.lacues.cn____
[2016-11-21 18:40:19.543]		推广：http://fan.test.lacues.cn/cart.html?t=0.3184567578136921__fan.test.lacues.cn____
[2016-11-21 18:41:10.802]		推广：http://fan.test.lacues.cn/Product_Detail.html?pid=58016100287__fan.test.lacues.cn____
[2016-11-21 18:41:14.296]		推广：http://fan.test.lacues.cn/Product_Detail.html?pid=58016100287__fan.test.lacues.cn____
[2016-11-21 18:41:22.015]		推广：http://fan.test.lacues.cn/cart.html?t=0.2945861911866814__fan.test.lacues.cn____
[2016-11-21 18:41:25.693]		推广：http://fan.test.lacues.cn/Sale/FullCut.html?t=0.012647868366912007__fan.test.lacues.cn____
[2016-11-21 18:41:33.401]		推广：http://fan.test.lacues.cn/cart.html?t=0.2945861911866814__fan.test.lacues.cn____
[2016-11-21 18:41:41.048]		推广：http://fan.test.lacues.cn/Sale/FullCut.html?t=0.317609015153721__fan.test.lacues.cn____
[2016-11-21 18:41:45.943]		推广：http://fan.test.lacues.cn/cart.html?t=0.2945861911866814__fan.test.lacues.cn____
[2016-11-21 18:41:55.841]		推广：http://fan.test.lacues.cn/Sale/FullCut.html?t=0.911306828726083__fan.test.lacues.cn____
[2016-11-21 18:41:56.755]		推广：http://fan.test.lacues.cn/Product_Detail.html?pid=58016100286__fan.test.lacues.cn____
[2016-11-21 18:41:58.070]		推广：http://fan.test.lacues.cn/Sale/FullCut.html?t=0.911306828726083__fan.test.lacues.cn____
[2016-11-21 18:42:03.002]		推广：http://fan.test.lacues.cn/cart.html?t=0.2945861911866814__fan.test.lacues.cn____
[2016-11-21 18:43:11.767]		推广：http://fan.test.lacues.cn/Product_Detail.html?pid=58016100288__fan.test.lacues.cn____
[2016-11-21 18:43:12.313]		推广：http://fan.test.lacues.cn/cart.html?t=0.9589915134074722__fan.test.lacues.cn____
[2016-11-21 18:43:13.483]		推广：http://fan.test.lacues.cn/Product_List.html?showtype=category__fan.test.lacues.cn____
[2016-11-21 18:43:19.746]		推广：http://fan.test.lacues.cn/Product_Detail.html?pid=58016100288__fan.test.lacues.cn____
[2016-11-21 18:43:23.517]		推广：http://fan.test.lacues.cn/Product_List.html?showtype=category__fan.test.lacues.cn____
[2016-11-21 18:43:24.232]		推广：http://fan.test.lacues.cn/Category.html?t=0.8747786059587757__fan.test.lacues.cn____
[2016-11-21 18:45:23.287]		推广：http://fan.test.lacues.cn/order/OrderConfirm.html?t=0.9710200223266966__fan.test.lacues.cn____
[2016-11-21 18:45:32.834]		推广：http://fan.test.lacues.cn/order/OrderConfirm.html?t=0.9710200223266966__fan.test.lacues.cn____
[2016-11-21 18:45:51.324]		推广：http://fan.test.lacues.cn/cart.html?t=0.2945861911866814__fan.test.lacues.cn____
[2016-11-21 18:46:57.032]		推广：http://fan.test.lacues.cn/Category.html?t=0.8747786059587757__fan.test.lacues.cn____
[2016-11-21 18:46:59.715]		推广：http://fan.test.lacues.cn/__fan.test.lacues.cn____
[2016-11-21 18:47:01.652]		推广：http://fan.test.lacues.cn/cart.html__fan.test.lacues.cn____
[2016-11-21 18:47:02.908]		推广：http://fan.test.lacues.cn/__fan.test.lacues.cn____
[2016-11-21 18:47:06.019]		推广：http://fan.test.lacues.cn/Account/index.html?t=0.8746832835560392__fan.test.lacues.cn____
[2016-11-21 18:47:15.557]		推广：http://fan.test.lacues.cn/__fan.test.lacues.cn____
[2016-11-21 18:47:16.453]		推广：http://fan.test.lacues.cn/Search.html?t=0.4248680956815465__fan.test.lacues.cn____
[2016-11-21 18:47:19.293]		推广：http://fan.test.lacues.cn/Product_List.html?showtype=__fan.test.lacues.cn____
[2016-11-21 18:47:28.673]		推广：http://fan.test.lacues.cn/Product_Detail.html?pid=8016465483__fan.test.lacues.cn____
[2016-11-21 18:47:32.585]		推广：http://fan.test.lacues.cn/Product_List.html?showtype=__fan.test.lacues.cn____
[2016-11-21 18:47:38.247]		推广：http://fan.test.lacues.cn/Product_List.html?showtype=__fan.test.lacues.cn____
[2016-11-21 18:47:47.270]		推广：http://fan.test.lacues.cn/Product_Detail.html?pid=8016465483__fan.test.lacues.cn____
[2016-11-21 18:47:49.823]		推广：http://fan.test.lacues.cn/Product_List.html?showtype=__fan.test.lacues.cn____
[2016-11-21 18:47:53.300]		推广：http://fan.test.lacues.cn/Product_Detail.html?pid=8016465485__fan.test.lacues.cn____
[2016-11-21 18:48:04.058]		推广：http://fan.test.lacues.cn/Product_Detail.html?pid=58016100287__fan.test.lacues.cn____
[2016-11-21 18:48:07.115]		推广：http://fan.test.lacues.cn/Product_Detail.html?pid=58016100287__fan.test.lacues.cn____
[2016-11-21 18:48:26.546]		推广：__fan.test.lacues.cn____
[2016-11-21 18:48:26.891]		推广：http://fan.test.lacues.cn/Product_Detail.html?pid=58016100287__fan.test.lacues.cn____
[2016-11-21 18:48:27.182]		推广：http://fan.test.lacues.cn/Product_Detail.html?pid=8016465485__fan.test.lacues.cn____
[2016-11-21 18:48:27.482]		推广：http://fan.test.lacues.cn/cart.html?t=0.7976306539494544__fan.test.lacues.cn____
[2016-11-21 18:48:27.514]		推广：http://fan.test.lacues.cn/Product_Detail.html?pid=58016100287__fan.test.lacues.cn____
[2016-11-21 18:48:27.826]		推广：http://fan.test.lacues.cn/Product_Detail.html?pid=58016100287__fan.test.lacues.cn____
[2016-11-21 18:48:28.138]		推广：http://fan.test.lacues.cn/Product_Detail.html?pid=58016100287__fan.test.lacues.cn____
[2016-11-21 18:48:35.245]		推广：http://fan.test.lacues.cn/order/OrderConfirm.html?t=0.9710200223266966__fan.test.lacues.cn____
[2016-11-21 18:48:35.890]		推广：http://fan.test.lacues.cn/cart.html?t=0.5171312868634232__fan.test.lacues.cn____
[2016-11-21 18:48:36.642]		推广：http://fan.test.lacues.cn/Product_Detail.html?pid=8016465485__fan.test.lacues.cn____
[2016-11-21 18:48:37.906]		推广：http://fan.test.lacues.cn/Product_List.html?showtype=__fan.test.lacues.cn____
[2016-11-21 18:48:39.684]		推广：http://fan.test.lacues.cn/Search.html?t=0.4248680956815465__fan.test.lacues.cn____
[2016-11-21 18:48:41.825]		推广：http://fan.test.lacues.cn/__fan.test.lacues.cn____
[2016-11-21 18:48:42.525]		推广：http://fan.test.lacues.cn/order/OrderConfirm.html?t=0.9710200223266966__fan.test.lacues.cn____
[2016-11-21 18:49:03.019]		推广：http://fan.test.lacues.cn/__fan.test.lacues.cn____
[2016-11-21 18:49:04.361]		推广：http://fan.test.lacues.cn/Product_Detail.html?pid=8016465022__fan.test.lacues.cn____
[2016-11-21 18:49:04.828]		推广：http://fan.test.lacues.cn/order/OrderConfirm.html?t=0.9710200223266966__fan.test.lacues.cn____
[2016-11-21 18:49:06.696]		推广：http://fan.test.lacues.cn/Account/index.html?t=0.7292161933392622__fan.test.lacues.cn____
[2016-11-21 18:49:11.505]		推广：http://fan.test.lacues.cn/cart.html?t=0.9453110606409609__fan.test.lacues.cn____
[2016-11-21 18:49:11.562]		推广：http://fan.test.lacues.cn/Account/index.html?t=0.7292161933392622__fan.test.lacues.cn____
[2016-11-21 18:49:13.705]		推广：http://fan.test.lacues.cn/__fan.test.lacues.cn____
[2016-11-21 18:49:16.170]		推广：http://fan.test.lacues.cn/Account/login.html?t=0.49685770179170863__fan.test.lacues.cn____
[2016-11-21 18:49:17.618]		推广：http://fan.test.lacues.cn/Product_Detail.html?pid=8016465022__fan.test.lacues.cn____
[2016-11-21 18:49:18.104]		推广：http://fan.test.lacues.cn/index.html__fan.test.lacues.cn____
[2016-11-21 18:49:23.454]		推广：__fan.test.lacues.cn____
[2016-11-21 18:49:24.984]		推广：http://fan.test.lacues.cn/cart.html?t=0.11137241218239069__fan.test.lacues.cn____
[2016-11-21 18:49:25.034]		推广：http://fan.test.lacues.cn/__fan.test.lacues.cn____
[2016-11-21 18:49:26.990]		推广：http://fan.test.lacues.cn/Account/index.html?t=0.050780856516212225__fan.test.lacues.cn____
[2016-11-21 18:49:30.821]		推广：http://fan.test.lacues.cn/cart.html__fan.test.lacues.cn____
[2016-11-21 18:49:33.491]		推广：http://fan.test.lacues.cn/index.html__fan.test.lacues.cn____
[2016-11-21 18:49:36.585]		推广：http://fan.test.lacues.cn/Account/index.html?t=0.017896122531965375__fan.test.lacues.cn____
[2016-11-21 18:49:37.729]		推广：http://fan.test.lacues.cn/Account/login.html?t=0.7581105451099575__fan.test.lacues.cn____
[2016-11-21 18:49:37.874]		推广：http://fan.test.lacues.cn/Account/MyAccount.html?t=0.5548910945653915__fan.test.lacues.cn____
[2016-11-21 18:49:40.520]		推广：http://fan.test.lacues.cn/__fan.test.lacues.cn____
[2016-11-21 18:49:41.824]		推广：http://fan.test.lacues.cn/Account/index.html?t=0.8553778126370162__fan.test.lacues.cn____
[2016-11-21 18:49:45.627]		推广：http://fan.test.lacues.cn/Account/index.html?t=0.8553778126370162__fan.test.lacues.cn____
[2016-11-21 18:49:51.961]		推广：http://fan.test.lacues.cn/__fan.test.lacues.cn____
[2016-11-21 18:49:55.934]		推广：http://fan.test.lacues.cn/cart.html__fan.test.lacues.cn____
[2016-11-21 18:49:57.600]		推广：http://fan.test.lacues.cn/Product_Detail.html?pid=58016100288__fan.test.lacues.cn____
[2016-11-21 18:49:59.538]		推广：http://fan.test.lacues.cn/Account/login.html?t=0.5424530585296452__fan.test.lacues.cn____
[2016-11-21 18:50:01.363]		推广：http://fan.test.lacues.cn/cart.html__fan.test.lacues.cn____
[2016-11-21 18:50:02.273]		推广：http://fan.test.lacues.cn/index.html__fan.test.lacues.cn____
[2016-11-21 18:50:03.343]		推广：http://fan.test.lacues.cn/Product_Detail.html?pid=58016100288__fan.test.lacues.cn____
[2016-11-21 18:50:04.953]		推广：http://fan.test.lacues.cn/cart.html__fan.test.lacues.cn____
[2016-11-21 18:50:06.631]		推广：http://fan.test.lacues.cn/index.html__fan.test.lacues.cn____
[2016-11-21 18:50:06.871]		推广：http://fan.test.lacues.cn/cart.html?t=0.904546634061262__fan.test.lacues.cn____
[2016-11-21 18:50:07.567]		推广：http://fan.test.lacues.cn/Search.html?t=0.2582229415541384__fan.test.lacues.cn____
[2016-11-21 18:50:07.819]		推广：http://fan.test.lacues.cn/Product_Detail.html?pid=58016100288__fan.test.lacues.cn____
[2016-11-21 18:50:09.521]		推广：http://fan.test.lacues.cn/Product_List.html?showtype=__fan.test.lacues.cn____
[2016-11-21 18:50:10.801]		推广：http://fan.test.lacues.cn/cart.html?t=0.904546634061262__fan.test.lacues.cn____
[2016-11-21 18:50:12.927]		推广：http://fan.test.lacues.cn/Product_Detail.html?pid=8016161031100001__fan.test.lacues.cn____
[2016-11-21 18:50:42.697]		推广：http://fan.test.lacues.cn/order/OrderConfirm.html?t=0.9710200223266966__fan.test.lacues.cn____
[2016-11-21 18:51:33.092]		推广：http://test-dlq.ycp8.cn/cdlq/web/template/template.html?pNum=PNM161111100001__fan.test.lacues.cn____
[2016-11-21 18:52:53.368]		推广：http://fan.test.lacues.cn/Product_Detail.html?pid=8016465483__fan.test.lacues.cn____
[2016-11-21 18:52:56.225]		推广：http://fan.test.lacues.cn/Product_List.html?showtype=__fan.test.lacues.cn____
[2016-11-21 18:52:58.610]		推广：http://fan.test.lacues.cn/Product_Detail.html?pid=58016100267__fan.test.lacues.cn____
[2016-11-21 18:53:13.956]		推广：http://fan.test.lacues.cn/index.html__fan.test.lacues.cn____
[2016-11-21 18:53:19.990]		推广：http://fan.test.lacues.cn/index.html__fan.test.lacues.cn____
[2016-11-21 18:53:24.557]		推广：http://fan.test.lacues.cn/Product_Detail.html?pid=8016161031100001__fan.test.lacues.cn____
[2016-11-21 18:53:25.442]		推广：http://fan.test.lacues.cn/Account/index.html?t=0.9943394183646888__fan.test.lacues.cn____
[2016-11-21 18:53:28.005]		推广：http://fan.test.lacues.cn/Account/index.html?t=0.9943394183646888__fan.test.lacues.cn____
[2016-11-21 18:53:30.260]		推广：http://fan.test.lacues.cn/Product_Detail.html?pid=8016161031100001__fan.test.lacues.cn____
[2016-11-21 18:53:40.218]		推广：http://fan.test.lacues.cn/Account/login.html?t=0.35490895179100335__fan.test.lacues.cn____
[2016-11-21 18:53:44.194]		推广：http://fan.test.lacues.cn/Product_Detail.html?pid=8016161031100001__fan.test.lacues.cn____
[2016-11-21 18:53:45.145]		推广：http://fan.test.lacues.cn/index.html__fan.test.lacues.cn____
[2016-11-21 18:53:50.780]		推广：http://fan.test.lacues.cn/Product_Detail.html?pid=58016100267__fan.test.lacues.cn____
[2016-11-21 18:53:55.364]		推广：http://fan.test.lacues.cn/cart.html?t=0.904546634061262__fan.test.lacues.cn____
[2016-11-21 18:53:56.153]		推广：http://fan.test.lacues.cn/Product_Detail.html?pid=58016100286__fan.test.lacues.cn____
[2016-11-21 18:54:10.653]		推广：http://fan.test.lacues.cn/cart.html?t=0.4057748709901463__fan.test.lacues.cn____
[2016-11-21 18:54:11.276]		推广：http://fan.test.lacues.cn/Product_Detail.html?pid=58016100267__fan.test.lacues.cn____
[2016-11-21 18:54:11.995]		推广：http://fan.test.lacues.cn/Product_List.html?showtype=__fan.test.lacues.cn____
[2016-11-21 18:54:18.125]		推广：http://fan.test.lacues.cn/Search.html?t=0.2582229415541384__fan.test.lacues.cn____
[2016-11-21 18:54:19.140]		推广：http://fan.test.lacues.cn/index.html__fan.test.lacues.cn____
[2016-11-21 18:54:21.233]		推广：http://fan.test.lacues.cn/Account/index.html?t=0.2812582664932779__fan.test.lacues.cn____
[2016-11-21 18:54:24.522]		推广：http://fan.test.lacues.cn/Account/index.html?t=0.2812582664932779__fan.test.lacues.cn____
[2016-11-21 18:54:26.398]		推广：http://fan.test.lacues.cn/Account/index.html?t=0.2812582664932779__fan.test.lacues.cn____
[2016-11-21 18:54:28.562]		推广：http://fan.test.lacues.cn/index.html__fan.test.lacues.cn____
[2016-11-21 18:54:31.276]		推广：http://fan.test.lacues.cn/cart.html__fan.test.lacues.cn____
[2016-11-21 18:55:04.323]		推广：http://fan.test.lacues.cn/index.html__fan.test.lacues.cn____
[2016-11-21 18:55:07.219]		推广：http://fan.test.lacues.cn/cart.html__fan.test.lacues.cn____
[2016-11-21 18:57:42.620]		推广：http://fan.test.lacues.cn/Product_Detail.html?pid=58016100286__fan.test.lacues.cn____
[2016-11-21 18:57:47.850]		推广：http://fan.test.lacues.cn/index.html__fan.test.lacues.cn____
[2016-11-21 18:57:48.774]		推广：http://fan.test.lacues.cn/Search.html?t=0.22791617309609746__fan.test.lacues.cn____
[2016-11-21 18:57:52.690]		推广：http://fan.test.lacues.cn/Product_List.html?showtype=__fan.test.lacues.cn____
[2016-11-21 18:58:09.318]		推广：http://fan.test.lacues.cn/Product_Detail.html?pid=58016100267__fan.test.lacues.cn____
[2016-11-21 18:58:22.267]		推广：http://fan.test.lacues.cn/cart.html?t=0.31253699466129525__fan.test.lacues.cn____
[2016-11-21 18:58:35.190]		推广：__fan.test.lacues.cn____
[2016-11-21 18:58:39.315]		推广：http://fan.test.lacues.cn/__fan.test.lacues.cn____
[2016-11-21 18:58:45.387]		推广：http://fan.test.lacues.cn/cart.html__fan.test.lacues.cn____
[2016-11-21 18:58:52.598]		推广：http://fan.test.lacues.cn/__fan.test.lacues.cn____
[2016-11-21 19:01:15.384]		推广：http://fan.test.lacues.cn/Product_Detail.html?pid=58016100286__fan.test.lacues.cn____
[2016-11-21 19:01:31.840]		推广：http://fan.test.lacues.cn/Product_Detail.html?pid=58016100267__fan.test.lacues.cn____
[2016-11-21 19:02:17.561]		推广：http://fan.test.lacues.cn/Product_Detail.html?pid=58016100286__fan.test.lacues.cn____
[2016-11-21 19:02:21.277]		推广：http://fan.test.lacues.cn/cart.html?t=0.904546634061262__fan.test.lacues.cn____
[2016-11-21 19:02:23.623]		推广：http://fan.test.lacues.cn/cart.html?t=0.904546634061262__fan.test.lacues.cn____
[2016-11-21 19:02:27.407]		推广：http://fan.test.lacues.cn/cart.html?t=0.904546634061262__fan.test.lacues.cn____
[2016-11-21 19:02:30.563]		推广：http://fan.test.lacues.cn/cart.html?t=0.904546634061262__fan.test.lacues.cn____
[2016-11-21 19:02:32.746]		推广：http://fan.test.lacues.cn/cart.html?t=0.904546634061262__fan.test.lacues.cn____
[2016-11-21 19:02:37.735]		推广：http://fan.test.lacues.cn/cart.html?t=0.904546634061262__fan.test.lacues.cn____
[2016-11-21 19:02:41.791]		推广：http://fan.test.lacues.cn/cart.html?t=0.904546634061262__fan.test.lacues.cn____
[2016-11-21 19:02:43.429]		推广：http://fan.test.lacues.cn/cart.html?t=0.904546634061262__fan.test.lacues.cn____
[2016-11-21 19:02:45.893]		推广：http://fan.test.lacues.cn/cart.html?t=0.904546634061262__fan.test.lacues.cn____
[2016-11-21 19:02:49.357]		推广：http://fan.test.lacues.cn/cart.html?t=0.904546634061262__fan.test.lacues.cn____
[2016-11-21 19:03:30.369]		推广：http://fan.test.lacues.cn/cart.html?t=0.904546634061262__fan.test.lacues.cn____
[2016-11-21 19:03:32.856]		推广：http://fan.test.lacues.cn/Product_Detail.html?pid=58016100286__fan.test.lacues.cn____
[2016-11-21 19:03:37.919]		推广：http://fan.test.lacues.cn/Sale/FullCut.html?t=0.9676297069527209__fan.test.lacues.cn____
[2016-11-21 19:06:00.319]		推广：http://fan.test.lacues.cn/cart.html?t=0.8956680933489036__fan.test.lacues.cn____
[2016-11-21 19:06:00.606]		推广：http://fan.test.lacues.cn/Product_Detail.html?pid=58016100267__fan.test.lacues.cn____
[2016-11-21 19:06:02.394]		推广：http://fan.test.lacues.cn/Product_List.html?showtype=__fan.test.lacues.cn____
[2016-11-21 19:06:04.903]		推广：http://fan.test.lacues.cn/Search.html?t=0.22791617309609746__fan.test.lacues.cn____
[2016-11-21 19:06:07.868]		推广：http://fan.test.lacues.cn/Product_List.html?showtype=__fan.test.lacues.cn____
[2016-11-21 19:06:12.282]		推广：http://fan.test.lacues.cn/Product_List.html?showtype=__fan.test.lacues.cn____
[2016-11-21 19:09:20.262]		推广：__fan.test.lacues.cn____
[2016-11-21 19:09:27.654]		推广：http://fan.test.lacues.cn/__fan.test.lacues.cn____
[2016-11-21 19:09:28.879]		推广：http://fan.test.lacues.cn/Account/index.html?t=0.721547265020188__fan.test.lacues.cn____
[2016-11-21 19:09:42.688]		推广：http://fan.test.lacues.cn/Account/login.html?t=0.9681631224959468__fan.test.lacues.cn____
[2016-11-21 19:09:48.672]		推广：http://fan.test.lacues.cn/__fan.test.lacues.cn____
[2016-11-21 19:09:54.049]		推广：http://fan.test.lacues.cn/Account/login.html?t=0.9681631224959468__fan.test.lacues.cn____
[2016-11-21 19:10:01.199]		推广：http://fan.test.lacues.cn/__fan.test.lacues.cn____
[2016-11-21 19:10:06.343]		推广：http://fan.test.lacues.cn/Product_Detail.html?pid=8016465488__fan.test.lacues.cn____
[2016-11-21 19:14:41.934]		推广：__fan.test.lacues.cn____
[2016-11-21 19:15:33.974]		推广：http://fan.test.lacues.cn/cart.html?t=0.882257829946852__fan.test.lacues.cn____
[2016-11-21 19:17:45.382]		推广：__fan.test.lacues.cn____
[2016-11-21 19:27:56.326]		推广：http://fan.test.lacues.cn/cart.html__fan.test.lacues.cn____
[2016-11-21 19:28:07.356]		推广：http://fan.test.lacues.cn/order/OrderConfirm.html?t=0.9109879708103156__fan.test.lacues.cn____
[2016-11-21 19:28:16.902]		推广：http://fan.test.lacues.cn/Account/login.html?t=0.9505446131407606__fan.test.lacues.cn____
[2016-11-21 19:28:41.931]		推广：http://fan.test.lacues.cn/order/OrderConfirm.html?t=0.9109879708103156__fan.test.lacues.cn____
[2016-11-21 19:28:49.260]		推广：http://fan.test.lacues.cn/Account/AddressList.html?addressid=DZ161109100001__fan.test.lacues.cn____
[2016-11-21 19:29:02.730]		推广：http://fan.test.lacues.cn/cart.html__fan.test.lacues.cn____
[2016-11-21 19:29:07.822]		推广：http://fan.test.lacues.cn/__fan.test.lacues.cn____
[2016-11-21 19:29:15.158]		推广：http://fan.test.lacues.cn/Search.html?t=0.32840671087744__fan.test.lacues.cn____
[2016-11-21 19:29:27.134]		推广：http://fan.test.lacues.cn/Product_List.html?showtype=__fan.test.lacues.cn____
[2016-11-21 19:29:37.848]		推广：http://fan.test.lacues.cn/Product_Detail.html?pid=58016100267__fan.test.lacues.cn____
[2016-11-21 19:30:49.447]		推广：http://fan.test.lacues.cn/order/OrderConfirm.html?t=0.2528508643416566__fan.test.lacues.cn____
[2016-11-21 19:30:59.559]		推广：http://fan.test.lacues.cn/Account/AddressList.html?addressid=DZ161109100001__fan.test.lacues.cn____
[2016-11-21 19:31:33.604]		推广：__fan.test.lacues.cn____
[2016-11-21 19:31:37.799]		推广：http://fan.test.lacues.cn/Account/AddressEdit.html?addressid=0__fan.test.lacues.cn____
[2016-11-21 19:31:51.589]		推广：http://fan.test.lacues.cn/Account/AddressList.html?addressid=DZ161109100001__fan.test.lacues.cn____
[2016-11-21 19:31:58.344]		推广：http://fan.test.lacues.cn/__fan.test.lacues.cn____
[2016-11-21 19:31:59.899]		推广：http://fan.test.lacues.cn/Search.html?t=0.4705667586710607__fan.test.lacues.cn____
[2016-11-21 19:32:05.671]		推广：http://fan.test.lacues.cn/__fan.test.lacues.cn____
[2016-11-21 19:32:07.369]		推广：http://fan.test.lacues.cn/Account/index.html?t=0.8927824857398465__fan.test.lacues.cn____
[2016-11-21 19:32:09.052]		推广：http://fan.test.lacues.cn/Account/login.html?t=0.2646906797904407__fan.test.lacues.cn____
[2016-11-21 19:32:10.054]		推广：http://fan.test.lacues.cn/Account/AddressEdit.html?addressid=0__fan.test.lacues.cn____
[2016-11-21 19:32:21.934]		推广：http://fan.test.lacues.cn/order/OrderConfirm.html?t=0.2528508643416566__fan.test.lacues.cn____
[2016-11-21 19:32:25.524]		推广：http://fan.test.lacues.cn/Product_Detail.html?pid=58016100267__fan.test.lacues.cn____
[2016-11-21 19:32:30.615]		推广：http://fan.test.lacues.cn/Product_List.html?showtype=__fan.test.lacues.cn____
[2016-11-21 19:32:42.867]		推广：http://fan.test.lacues.cn/Search.html?t=0.7910164836130311__fan.test.lacues.cn____
[2016-11-21 19:32:45.311]		推广：http://fan.test.lacues.cn/__fan.test.lacues.cn____
[2016-11-21 19:32:46.800]		推广：http://fan.test.lacues.cn/Account/index.html?t=0.34691145805513024__fan.test.lacues.cn____
[2016-11-21 19:32:52.400]		推广：http://fan.test.lacues.cn/Product_List.html?showtype=__fan.test.lacues.cn____
[2016-11-21 19:33:03.033]		推广：http://fan.test.lacues.cn/Product_Detail.html?pid=8016465484__fan.test.lacues.cn____
[2016-11-21 19:33:13.226]		推广：http://fan.test.lacues.cn/Account/login.html?t=0.6976134207038465__fan.test.lacues.cn____
[2016-11-21 19:33:27.654]		推广：http://fan.test.lacues.cn/Review/ReviewList.html?pid=8016465484__fan.test.lacues.cn____
[2016-11-21 19:33:35.035]		推广：http://fan.test.lacues.cn/Product_Detail.html?pid=8016465484__fan.test.lacues.cn____
[2016-11-21 19:33:42.127]		推广：http://fan.test.lacues.cn/Product_List.html?showtype=__fan.test.lacues.cn____
[2016-11-21 19:34:00.003]		推广：http://fan.test.lacues.cn/Search.html?t=0.8096191046997211__fan.test.lacues.cn____
[2016-11-21 19:34:09.979]		推广：http://fan.test.lacues.cn/__fan.test.lacues.cn____
[2016-11-21 19:34:11.097]		推广：http://fan.test.lacues.cn/Account/index.html?t=0.8592558436476931__fan.test.lacues.cn____
[2016-11-21 19:34:13.101]		推广：http://fan.test.lacues.cn/Account/MyAccount.html?t=0.2363885109195445__fan.test.lacues.cn____
[2016-11-21 19:34:18.301]		推广：http://fan.test.lacues.cn/Account/index.html?t=0.935921303030359__fan.test.lacues.cn____
[2016-11-21 19:34:21.009]		推广：http://fan.test.lacues.cn/Account/MyOrder_List.html?paytype=DFK__fan.test.lacues.cn____
[2016-11-21 19:34:23.614]		推广：http://fan.test.lacues.cn/Account/MyAccount.html?t=0.2363885109195445__fan.test.lacues.cn____
[2016-11-21 19:34:25.387]		推广：http://fan.test.lacues.cn/Account/index.html?t=0.935921303030359__fan.test.lacues.cn____
[2016-11-21 19:34:26.944]		推广：http://fan.test.lacues.cn/Account/MyAccount.html?t=0.530516643207882__fan.test.lacues.cn____
[2016-11-21 19:34:28.646]		推广：http://fan.test.lacues.cn/Account/index.html?t=0.8895352301111417__fan.test.lacues.cn____
[2016-11-21 19:34:30.962]		推广：http://fan.test.lacues.cn/__fan.test.lacues.cn____
[2016-11-21 19:34:43.865]		推广：http://fan.test.lacues.cn/cart.html__fan.test.lacues.cn____
[2016-11-21 19:34:48.340]		推广：http://fan.test.lacues.cn/__fan.test.lacues.cn____
[2016-11-21 19:34:57.786]		推广：http://fan.test.lacues.cn/Product_Detail.html?pid=8016465483__fan.test.lacues.cn____
[2016-11-21 19:35:01.678]		推广：http://fan.test.lacues.cn/__fan.test.lacues.cn____
[2016-11-21 19:35:06.789]		推广：http://fan.test.lacues.cn/Product_Detail.html?pid=8016465484__fan.test.lacues.cn____
[2016-11-21 19:35:08.108]		推广：http://fan.test.lacues.cn/Product_List.html?showtype=__fan.test.lacues.cn____
[2016-11-21 19:35:11.132]		推广：http://fan.test.lacues.cn/__fan.test.lacues.cn____
[2016-11-21 19:35:15.907]		推广：http://fan.test.lacues.cn/Search.html?t=0.8096191046997211__fan.test.lacues.cn____
[2016-11-21 19:35:16.981]		推广：http://fan.test.lacues.cn/Product_Detail.html?pid=8016465484__fan.test.lacues.cn____
[2016-11-21 19:35:21.574]		推广：http://fan.test.lacues.cn/__fan.test.lacues.cn____
[2016-11-21 19:35:22.254]		推广：http://fan.test.lacues.cn/Product_List.html?showtype=__fan.test.lacues.cn____
[2016-11-21 19:35:26.703]		推广：http://fan.test.lacues.cn/Product_Detail.html?pid=8016465485__fan.test.lacues.cn____
[2016-11-21 19:35:36.499]		推广：http://fan.test.lacues.cn/Search.html?t=0.8096191046997211__fan.test.lacues.cn____
[2016-11-21 19:35:44.678]		推广：http://fan.test.lacues.cn/Product_List.html?showtype=__fan.test.lacues.cn____
[2016-11-21 19:35:52.316]		推广：http://fan.test.lacues.cn/Search.html?t=0.32840671087744__fan.test.lacues.cn____
[2016-11-21 19:36:03.326]		推广：http://fan.test.lacues.cn/cart.html?t=0.42558089440004654__fan.test.lacues.cn____
[2016-11-21 19:36:03.839]		推广：http://fan.test.lacues.cn/__fan.test.lacues.cn____
[2016-11-21 19:36:12.003]		推广：http://fan.test.lacues.cn/Account/index.html?t=0.2226256301148255__fan.test.lacues.cn____
[2016-11-21 19:36:18.682]		推广：http://fan.test.lacues.cn/Account/MyAccount.html?t=0.9479742084970026__fan.test.lacues.cn____
[2016-11-21 19:36:37.783]		推广：http://fan.test.lacues.cn/Account/MyNickName.html?t=0.34244450010877014__fan.test.lacues.cn____
[2016-11-21 19:36:41.285]		推广：http://fan.test.lacues.cn/cart.html?t=0.904546634061262__fan.test.lacues.cn____
[2016-11-21 19:36:43.578]		推广：__fan.test.lacues.cn____
[2016-11-21 19:36:45.127]		推广：http://fan.test.lacues.cn/__fan.test.lacues.cn____
[2016-11-21 19:36:48.931]		推广：http://fan.test.lacues.cn/Account/index.html?t=0.9083628810476512__fan.test.lacues.cn____
[2016-11-21 19:36:51.840]		推广：http://fan.test.lacues.cn/Account/login.html?t=0.39185759192332625__fan.test.lacues.cn____
[2016-11-21 19:37:06.875]		推广：http://fan.test.lacues.cn/Account/index.html?t=0.9083628810476512__fan.test.lacues.cn____
[2016-11-21 19:37:22.628]		推广：http://fan.test.lacues.cn/Account/login.html?t=0.39185759192332625__fan.test.lacues.cn____
[2016-11-21 19:37:24.622]		推广：http://fan.test.lacues.cn/__fan.test.lacues.cn____
[2016-11-21 19:37:26.611]		推广：http://fan.test.lacues.cn/Account/index.html?t=0.35159945604391396__fan.test.lacues.cn____
[2016-11-21 19:37:28.645]		推广：http://fan.test.lacues.cn/Account/MyAccount.html?t=0.4959673616103828__fan.test.lacues.cn____
[2016-11-21 19:37:43.943]		推广：http://fan.test.lacues.cn/Account/index.html?t=0.35159945604391396__fan.test.lacues.cn____
[2016-11-21 19:37:45.240]		推广：http://fan.test.lacues.cn/Account/MyAccount.html?t=0.4959673616103828__fan.test.lacues.cn____
[2016-11-21 19:37:46.862]		推广：http://fan.test.lacues.cn/Account/index.html?t=0.07147636730223894__fan.test.lacues.cn____
[2016-11-21 19:38:10.337]		推广：http://fan.test.lacues.cn/Account/MyAccount.html?t=0.4959673616103828__fan.test.lacues.cn____
[2016-11-21 19:38:11.798]		推广：http://fan.test.lacues.cn/Account/index.html?t=0.07147636730223894__fan.test.lacues.cn____
[2016-11-21 19:38:13.407]		推广：http://fan.test.lacues.cn/Account/MyAccount.html?t=0.28497911035083234__fan.test.lacues.cn____
[2016-11-21 19:38:56.495]		推广：http://fan.test.lacues.cn/Account/index.html?t=0.07147636730223894__fan.test.lacues.cn____
[2016-11-21 19:38:57.634]		推广：http://fan.test.lacues.cn/Account/MyAccount.html?t=0.28497911035083234__fan.test.lacues.cn____
[2016-11-21 19:38:59.665]		推广：http://fan.test.lacues.cn/Account/index.html?t=0.2927006068639457__fan.test.lacues.cn____
[2016-11-21 19:39:08.658]		推广：http://fan.test.lacues.cn/Account/MyOrder_List.html?paytype=DFK__fan.test.lacues.cn____
[2016-11-21 19:39:33.136]		推广：http://fan.test.lacues.cn/Account/index.html?t=0.10265780918335488__fan.test.lacues.cn____
[2016-11-21 19:39:40.017]		推广：http://fan.test.lacues.cn/Account/MyNickName.html?t=0.34244450010877014__fan.test.lacues.cn____
[2016-11-21 19:39:57.233]		推广：http://fan.test.lacues.cn/__fan.test.lacues.cn____
[2016-11-21 19:40:06.826]		推广：http://fan.test.lacues.cn/Search.html?t=0.8381055407180189__fan.test.lacues.cn____
[2016-11-21 19:40:17.315]		推广：http://fan.test.lacues.cn/Product_List.html?showtype=__fan.test.lacues.cn____
[2016-11-21 19:40:38.752]		推广：http://fan.test.lacues.cn/Account/MyOrder_detail.html?order_code=OS1495103__fan.test.lacues.cn____
[2016-11-21 19:40:38.922]		推广：http://fan.test.lacues.cn/Account/MyOrder_List.html?paytype=DFK__fan.test.lacues.cn____
[2016-11-21 19:40:41.600]		推广：http://fan.test.lacues.cn/Account/index.html?t=0.2927006068639457__fan.test.lacues.cn____
[2016-11-21 19:40:48.542]		推广：http://fan.test.lacues.cn/Account/MyOrder_List.html?paytype=DFK__fan.test.lacues.cn____
[2016-11-21 19:40:48.667]		推广：http://fan.test.lacues.cn/Account/index.html?t=0.2927006068639457__fan.test.lacues.cn____
[2016-11-21 19:41:39.761]		推广：http://fan.test.lacues.cn/Product_Detail.html?pid=58016100270__fan.test.lacues.cn____
[2016-11-21 19:41:52.064]		推广：http://fan.test.lacues.cn/cart.html?t=0.8179622478178324__fan.test.lacues.cn____
[2016-11-21 19:42:07.058]		推广：http://fan.test.lacues.cn/order/OrderConfirm.html?t=0.602755510068831__fan.test.lacues.cn____
[2016-11-21 19:42:25.000]		推广：http://fan.test.lacues.cn/cart.html?t=0.8179622478178324__fan.test.lacues.cn____
[2016-11-21 19:42:33.697]		推广：http://fan.test.lacues.cn/order/OrderConfirm.html?t=0.4689125414881157__fan.test.lacues.cn____
[2016-11-21 19:42:57.545]		推广：http://fan.test.lacues.cn/Order/CouponCodes.html?shouldPay=12__fan.test.lacues.cn____
[2016-11-21 20:03:40.591]		推广：http://fan.test.lacues.cn/order/OrderConfirm.html?t=0.4689125414881157__fan.test.lacues.cn____
[2016-11-21 20:03:53.781]		推广：http://fan.test.lacues.cn/Order/CouponCodes.html?shouldPay=6__fan.test.lacues.cn____
[2016-11-21 20:04:05.527]		推广：http://fan.test.lacues.cn/order/OrderConfirm.html?t=0.4689125414881157__fan.test.lacues.cn____
[2016-11-21 20:04:21.179]		推广：http://fan.test.lacues.cn/Account/login.html?t=0.5892092625759714__fan.test.lacues.cn____
[2016-11-21 20:04:32.725]		推广：http://fan.test.lacues.cn/order/OrderConfirm.html?t=0.4689125414881157__fan.test.lacues.cn____
[2016-11-21 20:04:51.373]		推广：http://fan.test.lacues.cn/Order/CouponCodes.html?shouldPay=6__fan.test.lacues.cn____
[2016-11-21 20:05:03.322]		推广：http://fan.test.lacues.cn/order/OrderConfirm.html?t=0.4689125414881157__fan.test.lacues.cn____
[2016-11-21 20:06:18.853]		推广：http://fan.test.lacues.cn/__fan.test.lacues.cn____
[2016-11-21 20:06:21.676]		推广：http://fan.test.lacues.cn/Product_Detail.html?pid=8016465485__fan.test.lacues.cn____
[2016-11-21 20:06:23.486]		推广：http://fan.test.lacues.cn/__fan.test.lacues.cn____
[2016-11-21 20:06:26.374]		推广：http://fan.test.lacues.cn/Search.html?t=0.43075995109209364__fan.test.lacues.cn____
[2016-11-21 20:06:28.559]		推广：http://fan.test.lacues.cn/__fan.test.lacues.cn____
[2016-11-21 20:06:31.025]		推广：http://fan.test.lacues.cn/Search.html?t=0.8227675906671348__fan.test.lacues.cn____
[2016-11-21 20:09:20.205]		推广：__fan.test.lacues.cn____
[2016-11-21 20:10:51.138]		推广：__fan.test.lacues.cn____
[2016-11-21 20:13:38.916]		推广：http://fan.test.lacues.cn/cart.html?t=0.8179622478178324__fan.test.lacues.cn____
[2016-11-21 20:13:47.341]		推广：http://fan.test.lacues.cn/Product_Detail.html?pid=58016100270__fan.test.lacues.cn____
[2016-11-21 20:13:57.043]		推广：http://fan.test.lacues.cn/Product_List.html?showtype=__fan.test.lacues.cn____
[2016-11-21 20:14:04.337]		推广：__fan.test.lacues.cn____
[2016-11-21 20:14:19.566]		推广：http://fan.test.lacues.cn/__fan.test.lacues.cn____
[2016-11-21 20:14:29.417]		推广：http://fan.test.lacues.cn/Account/index.html?t=0.849277756227112__fan.test.lacues.cn____
[2016-11-21 20:15:13.199]		推广：http://fan.test.lacues.cn/Account/MyCoupon.html?t=0.8216900509755252__fan.test.lacues.cn____
[2016-11-21 20:15:23.125]		推广：http://fan.test.lacues.cn/Account/index.html?t=0.849277756227112__fan.test.lacues.cn____
