[2015-08-20 10:12:15.956]		o-voTt_x2CJLFi1Ocx2y5WQjbmvg
[2015-08-20 10:31:13.323]		o-voTtySqfcp3_WNWZCSMZUyvgIU
[2015-08-20 11:13:04.771]		oz1WBs0Qy3gTfpEwX1xnOo50JkIE
[2015-08-20 11:51:20.128]		oz1WBsx01iAtm71Odoro51q5lXjE
[2015-08-20 11:54:46.173]		oz1WBsx01iAtm71Odoro51q5lXjE
[2015-08-20 12:09:11.257]		oz1WBswQafRgb3yokzvgkR9K3AOI
[2015-08-20 12:09:14.861]		oz1WBsyLAuxPpkE7_0rh3x_GyvqY
[2015-08-20 12:10:31.784]		oz1WBsyLAuxPpkE7_0rh3x_GyvqY
[2015-08-20 12:10:32.206]		oz1WBswQafRgb3yokzvgkR9K3AOI
[2015-08-20 13:24:45.015]		oz1WBs6FYyazeKSuRVqodbnBZAxI
[2015-08-20 14:32:57.542]		oz1WBswQafRgb3yokzvgkR9K3AOI
[2015-08-20 14:50:17.549]		oz1WBsxXUYpnGj_jIuccr9N9riLE
[2015-08-20 14:53:08.307]		oz1WBsyLAuxPpkE7_0rh3x_GyvqY
[2015-08-20 14:55:46.085]		oz1WBs93U9MpI8rV75G3-Pq4zRbg
[2015-08-20 14:58:16.626]		oz1WBs9Onmf37z0FNxVYd0ozIVyw
[2015-08-20 14:58:29.839]		oz1WBs9Onmf37z0FNxVYd0ozIVyw
[2015-08-20 14:59:36.981]		oz1WBs9Onmf37z0FNxVYd0ozIVyw
[2015-08-20 15:00:06.013]		oz1WBs6FYyazeKSuRVqodbnBZAxI
[2015-08-20 15:01:45.728]		oz1WBs0Qy3gTfpEwX1xnOo50JkIE
[2015-08-20 15:02:15.415]		oz1WBs0Qy3gTfpEwX1xnOo50JkIE
[2015-08-20 15:03:44.710]		oz1WBs4MdfupQfqKyO_igdledjCE
[2015-08-20 15:06:07.029]		oz1WBs9bKVY-GccoQ33FNdCq2Bzw
[2015-08-20 15:07:06.995]		oz1WBs9bKVY-GccoQ33FNdCq2Bzw
[2015-08-20 15:10:28.532]		oz1WBs0Qy3gTfpEwX1xnOo50JkIE
[2015-08-20 15:11:22.056]		oz1WBs0Qy3gTfpEwX1xnOo50JkIE
[2015-08-20 15:12:11.477]		oz1WBs0Qy3gTfpEwX1xnOo50JkIE
[2015-08-20 15:13:33.221]		oz1WBs0Qy3gTfpEwX1xnOo50JkIE
[2015-08-20 15:15:49.549]		oz1WBsyLAuxPpkE7_0rh3x_GyvqY
[2015-08-20 15:16:04.838]		oz1WBsyLAuxPpkE7_0rh3x_GyvqY
[2015-08-20 15:17:35.442]		oz1WBs9Onmf37z0FNxVYd0ozIVyw
[2015-08-20 15:19:35.391]		oz1WBsyLAuxPpkE7_0rh3x_GyvqY
[2015-08-20 15:20:08.494]		oz1WBs0Qy3gTfpEwX1xnOo50JkIE
[2015-08-20 15:20:49.476]		oz1WBs6FYyazeKSuRVqodbnBZAxI
[2015-08-20 15:23:57.394]		oz1WBs0Qy3gTfpEwX1xnOo50JkIE
[2015-08-20 15:25:13.631]		oz1WBs0Qy3gTfpEwX1xnOo50JkIE
[2015-08-20 15:54:00.351]		oz1WBs93U9MpI8rV75G3-Pq4zRbg
[2015-08-20 15:54:43.875]		oz1WBs0Qy3gTfpEwX1xnOo50JkIE
[2015-08-20 15:54:45.217]		oz1WBsyLAuxPpkE7_0rh3x_GyvqY
[2015-08-20 16:00:51.973]		oz1WBs93U9MpI8rV75G3-Pq4zRbg
[2015-08-20 16:07:27.309]		oz1WBs9Onmf37z0FNxVYd0ozIVyw
[2015-08-20 16:24:06.148]		oz1WBsyLAuxPpkE7_0rh3x_GyvqY
[2015-08-20 17:20:25.192]		oz1WBsx01iAtm71Odoro51q5lXjE
[2015-08-20 17:42:57.855]		oz1WBs7yiCXzoehzDlJhsGfpGiSw
[2015-08-20 17:44:06.510]		oz1WBs3OWsuMIdIfe3zGCAHubwyA
[2015-08-20 17:53:42.276]		oz1WBs0Qy3gTfpEwX1xnOo50JkIE
[2015-08-20 17:53:55.240]		oz1WBs0Qy3gTfpEwX1xnOo50JkIE
[2015-08-20 17:53:56.940]		oz1WBs9JIh_YiOye2jKype7g_N_Y
[2015-08-20 17:55:22.678]		oz1WBs0Qy3gTfpEwX1xnOo50JkIE
[2015-08-20 18:13:15.367]		oz1WBs6FYyazeKSuRVqodbnBZAxI
[2015-08-20 18:17:25.045]		oz1WBs5G6ulnqbuFEUYjUnwdw0cI
[2015-08-20 18:18:42.890]		oz1WBs5G6ulnqbuFEUYjUnwdw0cI
[2015-08-20 18:19:48.831]		oz1WBs5G6ulnqbuFEUYjUnwdw0cI
[2015-08-20 18:30:11.849]		oz1WBs6FYyazeKSuRVqodbnBZAxI
