[2016-11-25 10:05:30.729]		推广：__fan.test.lacues.cn____
[2016-11-25 10:06:57.906]		推广：http://fan.test.lacues.cn/__fan.test.lacues.cn____
[2016-11-25 10:07:00.211]		推广：http://fan.test.lacues.cn/Account/index.html?t=0.3236444379766994__fan.test.lacues.cn____
[2016-11-25 10:07:05.036]		推广：http://fan.test.lacues.cn/Account/login.html?t=0.29572109301941496__fan.test.lacues.cn____
[2016-11-25 10:07:08.187]		推广：http://fan.test.lacues.cn/__fan.test.lacues.cn____
[2016-11-25 10:11:41.632]		推广：http://fan.test.lacues.cn/Account/index.html?t=0.6824676116416786__fan.test.lacues.cn____
[2016-11-25 10:11:43.086]		推广：http://fan.test.lacues.cn/Account/MyAccount.html?t=0.7858428892420288__fan.test.lacues.cn____
[2016-11-25 10:11:45.896]		推广：http://fan.test.lacues.cn/Account/AddressList.html?t=0.0289390284749087__fan.test.lacues.cn____
[2016-11-25 10:11:50.130]		推广：http://fan.test.lacues.cn/Account/AddressEdit.html?addressid=DZ161028100003__fan.test.lacues.cn____
[2016-11-25 10:11:59.189]		推广：http://fan.test.lacues.cn/Account/AddressList.html__fan.test.lacues.cn____
[2016-11-25 10:14:11.818]		推广：http://fan.test.lacues.cn/Account/AddressEdit.html?addressid=DZ161028100003__fan.test.lacues.cn____
[2016-11-25 10:14:13.650]		推广：http://fan.test.lacues.cn/Account/AddressList.html__fan.test.lacues.cn____
[2016-11-25 10:14:15.729]		推广：http://fan.test.lacues.cn/Account/AddressEdit.html?addressid=DZ161028100003__fan.test.lacues.cn____
[2016-11-25 10:14:16.947]		推广：http://fan.test.lacues.cn/__fan.test.lacues.cn____
[2016-11-25 10:14:18.344]		推广：http://fan.test.lacues.cn/Account/login.html?t=0.29572109301941496__fan.test.lacues.cn____
[2016-11-25 10:33:30.074]		推广：http://fan.test.lacues.cn/__fan.test.lacues.cn____
[2016-11-25 10:33:36.752]		推广：http://fan.test.lacues.cn/Account/index.html?t=0.29975121776774905__fan.test.lacues.cn____
[2016-11-25 10:33:44.826]		推广：http://fan.test.lacues.cn/Account/login.html?t=0.29572109301941496__fan.test.lacues.cn____
[2016-11-25 10:34:04.170]		推广：http://fan.test.lacues.cn/__fan.test.lacues.cn____
[2016-11-25 10:35:25.155]		推广：http://fan.test.lacues.cn/__fan.test.lacues.cn____
[2016-11-25 10:35:34.178]		推广：http://fan.test.lacues.cn/Account/MyTKSH_List.html?paytype=TKSH__fan.test.lacues.cn____
[2016-11-25 10:35:36.070]		推广：http://fan.test.lacues.cn/Account/index.html?t=0.5398487823717188__fan.test.lacues.cn____
[2016-11-25 10:35:36.116]		推广：http://fan.test.lacues.cn/Account/index.html?t=0.5398487823717188__fan.test.lacues.cn____
[2016-11-25 10:50:12.081]		推广：__fan.test.lacues.cn____
[2016-11-25 10:54:11.693]		推广：__fan.test.lacues.cn____
[2016-11-25 10:55:27.481]		推广：__fan.test.lacues.cn____
[2016-11-25 10:56:03.587]		推广：__fan.test.lacues.cn____
[2016-11-25 10:56:36.427]		推广：http://fan.test.lacues.cn/__fan.test.lacues.cn____
[2016-11-25 10:56:42.774]		推广：http://fan.test.lacues.cn/Account/index.html?t=0.5566798620857298__fan.test.lacues.cn____
[2016-11-25 10:57:17.216]		推广：__fan.test.lacues.cn____
[2016-11-25 10:57:39.458]		推广：http://fan.test.lacues.cn/__fan.test.lacues.cn____
[2016-11-25 10:57:40.738]		推广：http://fan.test.lacues.cn/Product_Detail.html?pid=8016465310__fan.test.lacues.cn____
[2016-11-25 10:57:45.243]		推广：http://fan.test.lacues.cn/Account/login.html?t=0.4597181472927332__fan.test.lacues.cn____
[2016-11-25 10:57:45.407]		推广：http://fan.test.lacues.cn/cart.html?t=0.7687862730716224__fan.test.lacues.cn____
[2016-11-25 10:57:48.218]		推广：http://fan.test.lacues.cn/Account/login.html?t=0.38524683219317635__fan.test.lacues.cn____
[2016-11-25 10:57:49.249]		推广：http://fan.test.lacues.cn/__fan.test.lacues.cn____
[2016-11-25 10:58:02.364]		推广：http://fan.test.lacues.cn/__fan.test.lacues.cn____
[2016-11-25 10:58:13.239]		推广：http://fan.test.lacues.cn/Account/index.html?t=0.5017620522994548__fan.test.lacues.cn____
[2016-11-25 10:58:18.020]		推广：http://fan.test.lacues.cn/Account/MyCollection.html?t=0.3193524156231433__fan.test.lacues.cn____
[2016-11-25 10:58:30.674]		推广：http://fan.test.lacues.cn/Account/MyViewHistory.html?t=0.87400709441863__fan.test.lacues.cn____
[2016-11-25 10:58:44.761]		推广：http://fan.test.lacues.cn/Account/index.html?t=0.5017620522994548__fan.test.lacues.cn____
[2016-11-25 10:58:50.876]		推广：http://fan.test.lacues.cn/Account/index.html?t=0.5017620522994548__fan.test.lacues.cn____
[2016-11-25 10:58:57.665]		推广：http://fan.test.lacues.cn/Account/MyViewHistory.html?t=0.87400709441863__fan.test.lacues.cn____
[2016-11-25 11:00:11.232]		推广：http://fan.test.lacues.cn/cart.html?t=0.7687862730716224__fan.test.lacues.cn____
[2016-11-25 11:02:48.667]		推广：http://fan.test.lacues.cn/Product_Detail.html?pid=8016465310__fan.test.lacues.cn____
[2016-11-25 11:02:49.552]		推广：http://fan.test.lacues.cn/__fan.test.lacues.cn____
[2016-11-25 11:02:50.890]		推广：http://fan.test.lacues.cn/Search.html?t=0.7311769264048005__fan.test.lacues.cn____
[2016-11-25 11:02:51.211]		推广：http://fan.test.lacues.cn/__fan.test.lacues.cn____
[2016-11-25 11:02:52.662]		推广：__fan.test.lacues.cn____
[2016-11-25 11:02:53.034]		推广：__fan.test.lacues.cn____
[2016-11-25 11:02:56.998]		推广：http://fan.test.lacues.cn/Product_List.html?showtype=__fan.test.lacues.cn____
[2016-11-25 11:03:01.476]		推广：http://fan.test.lacues.cn/__fan.test.lacues.cn____
[2016-11-25 11:05:57.448]		推广：http://fan.test.lacues.cn/Product_Detail.html?pid=8016465485__fan.test.lacues.cn____
[2016-11-25 11:06:00.112]		推广：http://fan.test.lacues.cn/__fan.test.lacues.cn____
[2016-11-25 11:06:45.461]		推广：__fan.test.lacues.cn____
[2016-11-25 11:07:17.043]		推广：http://fan.test.lacues.cn/__fan.test.lacues.cn____
[2016-11-25 11:07:19.730]		推广：http://fan.test.lacues.cn/Account/index.html?t=0.5600346017163247__fan.test.lacues.cn____
[2016-11-25 11:07:25.132]		推广：http://fan.test.lacues.cn/Account/MyViewHistory.html?t=0.11765317781828344__fan.test.lacues.cn____
[2016-11-25 11:07:48.400]		推广：http://fan.test.lacues.cn/__fan.test.lacues.cn____
[2016-11-25 11:08:18.396]		推广：http://fan.test.lacues.cn/__fan.test.lacues.cn____
[2016-11-25 11:11:19.857]		推广：http://fan.test.lacues.cn/__fan.test.lacues.cn____
[2016-11-25 11:11:46.355]		推广：http://fan.test.lacues.cn/__fan.test.lacues.cn____
[2016-11-25 11:11:49.445]		推广：http://fan.test.lacues.cn/Account/index.html?t=0.5889640178065747__fan.test.lacues.cn____
[2016-11-25 11:11:50.490]		推广：http://fan.test.lacues.cn/Account/index.html?t=0.5889640178065747__fan.test.lacues.cn____
[2016-11-25 11:11:50.537]		推广：http://fan.test.lacues.cn/Account/MyViewHistory.html?t=0.18370074802078307__fan.test.lacues.cn____
[2016-11-25 11:11:57.401]		推广：http://fan.test.lacues.cn/Account/MyViewHistory.html?t=0.7255461225286126__fan.test.lacues.cn____
[2016-11-25 11:12:19.075]		推广：http://fan.test.lacues.cn/__fan.test.lacues.cn____
[2016-11-25 11:12:21.974]		推广：http://fan.test.lacues.cn/Account/index.html?t=0.3212443732190877__fan.test.lacues.cn____
[2016-11-25 11:12:27.572]		推广：http://paygate.5wjs.com/createorder/?c_order=OS1036104__fan.test.lacues.cn____
[2016-11-25 11:12:28.291]		推广：http://fan.test.lacues.cn/Account/MyViewHistory.html?t=0.15437457081861794__fan.test.lacues.cn____
[2016-11-25 11:12:43.312]		推广：http://fan.test.lacues.cn/Order/OrderFail.html?orderid=OS1036104__fan.test.lacues.cn____
[2016-11-25 11:12:48.897]		推广：http://fan.test.lacues.cn/Account/MyOrder_detail.html?order_code=OS1036104__fan.test.lacues.cn____
[2016-11-25 11:13:25.948]		推广：__fan.test.lacues.cn____
[2016-11-25 11:13:39.723]		推广：__fan.test.lacues.cn____
[2016-11-25 11:13:46.356]		推广：http://fan.test.lacues.cn/__fan.test.lacues.cn____
[2016-11-25 11:13:51.070]		推广：http://fan.test.lacues.cn/Account/index.html?t=0.6052491441369057__fan.test.lacues.cn____
[2016-11-25 11:13:55.410]		推广：http://fan.test.lacues.cn/Account/MyViewHistory.html?t=0.8721582186408341__fan.test.lacues.cn____
[2016-11-25 11:14:05.444]		推广：http://fan.test.lacues.cn/__fan.test.lacues.cn____
[2016-11-25 11:14:13.320]		推广：http://fan.test.lacues.cn/__fan.test.lacues.cn____
[2016-11-25 11:14:30.780]		推广：http://fan.test.lacues.cn/Account/index.html?t=0.1919600337278098__fan.test.lacues.cn____
[2016-11-25 11:15:43.362]		推广：http://fan.test.lacues.cn/index.html__fan.test.lacues.cn____
[2016-11-25 11:15:47.642]		推广：http://fan.test.lacues.cn/Account/index.html?t=0.39835480437614024__fan.test.lacues.cn____
[2016-11-25 11:16:04.755]		推广：http://fan.test.lacues.cn/Account/login.html?t=0.22412913548760116__fan.test.lacues.cn____
[2016-11-25 11:16:34.797]		推广：http://fan.test.lacues.cn/Product_List.html?showtype=__fan.test.lacues.cn____
[2016-11-25 11:16:36.425]		推广：http://fan.test.lacues.cn/Search.html?t=0.7311769264048005__fan.test.lacues.cn____
[2016-11-25 11:16:37.766]		推广：__fan.test.lacues.cn____
[2016-11-25 11:16:40.350]		推广：http://fan.test.lacues.cn/Account/index.html?t=0.6158509007655084__fan.test.lacues.cn____
[2016-11-25 11:16:42.031]		推广：http://fan.test.lacues.cn/Account/index.html?t=0.6158509007655084__fan.test.lacues.cn____
[2016-11-25 11:16:53.523]		推广：http://fan.test.lacues.cn/Account/login.html?t=0.7819840607699007__fan.test.lacues.cn____
[2016-11-25 11:16:55.991]		推广：http://fan.test.lacues.cn/__fan.test.lacues.cn____
[2016-11-25 11:17:05.846]		推广：http://fan.test.lacues.cn/Account/index.html?t=0.7483719440642744__fan.test.lacues.cn____
[2016-11-25 11:17:12.055]		推广：http://fan.test.lacues.cn/Account/MyViewHistory.html?t=0.5050767727661878__fan.test.lacues.cn____
[2016-11-25 11:17:13.767]		推广：http://fan.test.lacues.cn/__fan.test.lacues.cn____
[2016-11-25 11:17:15.991]		推广：http://fan.test.lacues.cn/Account/index.html?t=0.8721184970345348__fan.test.lacues.cn____
[2016-11-25 11:17:20.589]		推广：http://fan.test.lacues.cn/Account/index.html?t=0.9498115541485653__fan.test.lacues.cn____
[2016-11-25 11:17:26.491]		推广：http://fan.test.lacues.cn/Account/index.html?t=0.8721184970345348__fan.test.lacues.cn____
[2016-11-25 11:17:44.270]		推广：__fan.test.lacues.cn____
[2016-11-25 11:17:45.769]		推广：http://fan.test.lacues.cn/__fan.test.lacues.cn____
[2016-11-25 11:17:49.932]		推广：http://fan.test.lacues.cn/Account/index.html?t=0.9757410725578666__fan.test.lacues.cn____
[2016-11-25 11:17:52.311]		推广：http://fan.test.lacues.cn/__fan.test.lacues.cn____
[2016-11-25 11:17:55.938]		推广：http://fan.test.lacues.cn/Account/index.html?t=0.5971703624818474__fan.test.lacues.cn____
[2016-11-25 11:17:57.827]		推广：http://fan.test.lacues.cn/__fan.test.lacues.cn____
[2016-11-25 11:18:00.513]		推广：http://fan.test.lacues.cn/Account/index.html?t=0.05243247398175299__fan.test.lacues.cn____
[2016-11-25 11:18:01.288]		推广：http://fan.test.lacues.cn/Account/index.html?t=0.8721184970345348__fan.test.lacues.cn____
[2016-11-25 11:18:01.910]		推广：http://fan.test.lacues.cn/__fan.test.lacues.cn____
[2016-11-25 11:18:05.189]		推广：http://fan.test.lacues.cn/Account/index.html?t=0.3963340427726507__fan.test.lacues.cn____
[2016-11-25 11:18:08.291]		推广：http://fan.test.lacues.cn/__fan.test.lacues.cn____
[2016-11-25 11:18:14.393]		推广：http://fan.test.lacues.cn/Account/index.html?t=0.2486456239130348__fan.test.lacues.cn____
[2016-11-25 11:18:16.916]		推广：http://fan.test.lacues.cn/__fan.test.lacues.cn____
[2016-11-25 11:18:42.786]		推广：http://fan.test.lacues.cn/Account/index.html?t=0.31747565930709243__fan.test.lacues.cn____
[2016-11-25 11:19:21.551]		推广：http://fan.test.lacues.cn/Account/index.html?t=0.2486456239130348__fan.test.lacues.cn____
[2016-11-25 11:20:02.222]		推广：http://fan.test.lacues.cn/Search.html?t=0.7311769264048005__fan.test.lacues.cn____
[2016-11-25 11:20:45.870]		推广：http://fan.test.lacues.cn/Account/MyViewHistory.html?t=0.9918960982467979__fan.test.lacues.cn____
[2016-11-25 11:20:55.597]		推广：http://fan.test.lacues.cn/__fan.test.lacues.cn____
[2016-11-25 11:20:58.926]		推广：http://fan.test.lacues.cn/Account/index.html?t=0.35506926546804607__fan.test.lacues.cn____
[2016-11-25 11:21:05.136]		推广：http://fan.test.lacues.cn/Account/index.html?t=0.2486456239130348__fan.test.lacues.cn____
[2016-11-25 11:21:11.112]		推广：http://fan.test.lacues.cn/Account/MyViewHistory.html?t=0.5566188422963023__fan.test.lacues.cn____
[2016-11-25 11:21:13.057]		推广：http://fan.test.lacues.cn/__fan.test.lacues.cn____
[2016-11-25 11:21:18.096]		推广：__fan.test.lacues.cn____
[2016-11-25 11:21:22.173]		推广：http://fan.test.lacues.cn/__fan.test.lacues.cn____
[2016-11-25 11:21:26.676]		推广：http://fan.test.lacues.cn/Account/index.html?t=0.8745467425324023__fan.test.lacues.cn____
[2016-11-25 11:21:52.038]		推广：http://fan.test.lacues.cn/Account/index.html?t=0.8745467425324023__fan.test.lacues.cn____
[2016-11-25 11:24:10.966]		推广：http://fan.test.lacues.cn/Account/MyViewHistory.html?t=0.03065348952077329__fan.test.lacues.cn____
[2016-11-25 11:24:23.866]		推广：http://fan.test.lacues.cn/Account/index.html?t=0.9498115541485653__fan.test.lacues.cn____
[2016-11-25 11:26:12.413]		推广：http://fan.test.lacues.cn/Account/index.html?t=0.8745467425324023__fan.test.lacues.cn____
[2016-11-25 11:27:18.135]		推广：__fan.test.lacues.cn____
[2016-11-25 11:27:49.601]		推广：http://fan.test.lacues.cn/__fan.test.lacues.cn____
[2016-11-25 11:27:51.737]		推广：http://fan.test.lacues.cn/Search.html?t=0.9426912872586399__fan.test.lacues.cn____
[2016-11-25 11:27:59.226]		推广：http://fan.test.lacues.cn/__fan.test.lacues.cn____
[2016-11-25 11:28:00.999]		推广：http://fan.test.lacues.cn/Search.html?t=0.9426912872586399__fan.test.lacues.cn____
[2016-11-25 11:28:10.270]		推广：http://fan.test.lacues.cn/Search.html?t=0.9426912872586399__fan.test.lacues.cn____
[2016-11-25 11:28:21.318]		推广：http://fan.test.lacues.cn/__fan.test.lacues.cn____
[2016-11-25 11:28:21.818]		推广：http://fan.test.lacues.cn/Product_Detail.html?pid=8016465485__fan.test.lacues.cn____
[2016-11-25 11:28:30.774]		推广：http://fan.test.lacues.cn/__fan.test.lacues.cn____
[2016-11-25 11:28:37.695]		推广：http://fan.test.lacues.cn/Search.html?t=0.1078578217420727__fan.test.lacues.cn____
[2016-11-25 11:28:44.562]		推广：http://fan.test.lacues.cn/__fan.test.lacues.cn____
[2016-11-25 11:28:48.803]		推广：http://fan.test.lacues.cn/Account/index.html?t=0.06269359984435141__fan.test.lacues.cn____
[2016-11-25 11:28:58.614]		推广：http://fan.test.lacues.cn/__fan.test.lacues.cn____
[2016-11-25 11:29:00.608]		推广：http://fan.test.lacues.cn/Account/index.html?t=0.8666291637346148__fan.test.lacues.cn____
[2016-11-25 11:29:03.591]		推广：http://fan.test.lacues.cn/Account/login.html?t=0.9716800905298442__fan.test.lacues.cn____
[2016-11-25 11:29:08.749]		推广：http://fan.test.lacues.cn/__fan.test.lacues.cn____
[2016-11-25 11:29:11.625]		推广：http://fan.test.lacues.cn/cart.html__fan.test.lacues.cn____
[2016-11-25 11:29:58.688]		推广：__fan.test.lacues.cn____
[2016-11-25 11:30:09.049]		推广：http://fan.test.lacues.cn/cart.html__fan.test.lacues.cn____
[2016-11-25 11:30:24.026]		推广：http://fan.test.lacues.cn/__fan.test.lacues.cn____
[2016-11-25 11:30:29.921]		推广：http://fan.test.lacues.cn/cart.html__fan.test.lacues.cn____
[2016-11-25 11:31:51.495]		推广：http://fan.test.lacues.cn/cart.html__fan.test.lacues.cn____
[2016-11-25 11:33:00.792]		推广：__fan.test.lacues.cn____
[2016-11-25 11:33:19.262]		推广：http://fan.test.lacues.cn/Account/index.html?t=0.8745467425324023__fan.test.lacues.cn____
[2016-11-25 11:33:57.594]		推广：http://fan.test.lacues.cn/__fan.test.lacues.cn____
[2016-11-25 11:34:42.149]		推广：http://fan.test.lacues.cn/Account/index.html?t=0.397139502922073__fan.test.lacues.cn____
[2016-11-25 11:37:34.978]		推广：http://fan.test.lacues.cn/Account/login.html?t=0.5596043816767633__fan.test.lacues.cn____
[2016-11-25 11:40:18.041]		推广：http://fan.test.lacues.cn/__fan.test.lacues.cn____
[2016-11-25 11:43:51.305]		推广：http://fan.test.lacues.cn/Account/login.html?t=0.5596043816767633__fan.test.lacues.cn____
[2016-11-25 11:44:00.674]		推广：__fan.test.lacues.cn____
[2016-11-25 11:44:06.473]		推广：http://fan.test.lacues.cn/__fan.test.lacues.cn____
[2016-11-25 11:44:13.083]		推广：http://fan.test.lacues.cn/Account/index.html?t=0.6905003120191395__fan.test.lacues.cn____
[2016-11-25 11:44:57.269]		推广：http://fan.test.lacues.cn/__fan.test.lacues.cn____
[2016-11-25 11:49:05.477]		推广：http://paygate.5wjs.com/createorder/?c_order=OS1036104__fan.test.lacues.cn____
[2016-11-25 11:49:36.749]		推广：http://fan.test.lacues.cn/Order/OrderSuccess.html?orderid=OS1036104__fan.test.lacues.cn____
[2016-11-25 11:49:37.715]		推广：__fan.test.lacues.cn____
[2016-11-25 11:49:43.186]		推广：http://fan.test.lacues.cn/__fan.test.lacues.cn____
[2016-11-25 11:49:45.858]		推广：http://fan.test.lacues.cn/Account/MyOrder_List.html?paytype=ALL__fan.test.lacues.cn____
[2016-11-25 11:49:47.334]		推广：http://fan.test.lacues.cn/__fan.test.lacues.cn____
[2016-11-25 11:49:48.988]		推广：http://fan.test.lacues.cn/Account/index.html?t=0.9618163693230599__fan.test.lacues.cn____
[2016-11-25 11:50:05.873]		推广：http://fan.test.lacues.cn/Account/index.html?t=0.26722067897208035__fan.test.lacues.cn____
[2016-11-25 11:50:22.903]		推广：http://fan.test.lacues.cn/__fan.test.lacues.cn____
[2016-11-25 11:50:27.499]		推广：http://fan.test.lacues.cn/Account/index.html?t=0.6727715958841145__fan.test.lacues.cn____
[2016-11-25 11:50:37.986]		推广：http://fan.test.lacues.cn/Account/MyOrder_List.html?paytype=ALL__fan.test.lacues.cn____
[2016-11-25 11:50:41.380]		推广：http://fan.test.lacues.cn/Account/index.html?t=0.6727715958841145__fan.test.lacues.cn____
[2016-11-25 11:50:47.351]		推广：http://fan.test.lacues.cn/__fan.test.lacues.cn____
[2016-11-25 11:50:51.516]		推广：http://fan.test.lacues.cn/Account/index.html?t=0.2638260757084936__fan.test.lacues.cn____
[2016-11-25 11:51:16.796]		推广：http://fan.test.lacues.cn/__fan.test.lacues.cn____
[2016-11-25 11:51:39.979]		推广：http://fan.test.lacues.cn/Account/index.html?t=0.2638260757084936__fan.test.lacues.cn____
[2016-11-25 11:51:43.807]		推广：http://fan.test.lacues.cn/Account/MyAccount.html?t=0.44473284273408353__fan.test.lacues.cn____
[2016-11-25 11:51:52.583]		推广：http://fan.test.lacues.cn/Account/AddressList.html?t=0.6321187829598784__fan.test.lacues.cn____
[2016-11-25 11:51:56.084]		推广：http://fan.test.lacues.cn/__fan.test.lacues.cn____
[2016-11-25 11:51:59.045]		推广：http://fan.test.lacues.cn/Account/index.html?t=0.2638260757084936__fan.test.lacues.cn____
[2016-11-25 11:52:04.435]		推广：__fan.test.lacues.cn____
[2016-11-25 11:52:10.562]		推广：http://fan.test.lacues.cn/__fan.test.lacues.cn____
[2016-11-25 11:52:41.434]		推广：http://fan.test.lacues.cn/cart.html__fan.test.lacues.cn____
[2016-11-25 11:53:43.824]		推广：http://fan.test.lacues.cn/__fan.test.lacues.cn____
[2016-11-25 11:56:21.632]		推广：http://fan.test.lacues.cn/__fan.test.lacues.cn____
[2016-11-25 11:56:23.295]		推广：http://fan.test.lacues.cn/Account/index.html?t=0.5639802913763738__fan.test.lacues.cn____
[2016-11-25 11:56:29.121]		推广：__fan.test.lacues.cn____
[2016-11-25 11:56:49.947]		推广：http://fan.test.lacues.cn/Search.html?t=0.7311769264048005__fan.test.lacues.cn____
[2016-11-25 11:56:51.773]		推广：http://fan.test.lacues.cn/__fan.test.lacues.cn____
[2016-11-25 11:56:55.202]		推广：http://fan.test.lacues.cn/__fan.test.lacues.cn____
[2016-11-25 11:57:06.640]		推广：http://fan.test.lacues.cn/Account/index.html?t=0.008963665226474404__fan.test.lacues.cn____
[2016-11-25 11:57:26.304]		推广：http://fan.test.lacues.cn/__fan.test.lacues.cn____
[2016-11-25 11:58:09.492]		推广：http://fan.test.lacues.cn/Account/index.html?t=0.2009496104437858__fan.test.lacues.cn____
[2016-11-25 11:58:47.764]		推广：http://fan.test.lacues.cn/__fan.test.lacues.cn____
[2016-11-25 11:58:50.209]		推广：http://fan.test.lacues.cn/Search.html?t=0.13648975769928895__fan.test.lacues.cn____
[2016-11-25 11:58:59.303]		推广：http://fan.test.lacues.cn/__fan.test.lacues.cn____
[2016-11-25 11:59:08.788]		推广：http://fan.test.lacues.cn/Account/index.html?t=0.08787939883768559__fan.test.lacues.cn____
[2016-11-25 11:59:29.068]		推广：http://fan.test.lacues.cn/__fan.test.lacues.cn____
[2016-11-25 11:59:29.178]		推广：http://fan.test.lacues.cn/cart.html__fan.test.lacues.cn____
[2016-11-25 11:59:30.320]		推广：http://fan.test.lacues.cn/__fan.test.lacues.cn____
[2016-11-25 11:59:41.362]		推广：http://fan.test.lacues.cn/__fan.test.lacues.cn____
[2016-11-25 12:00:13.264]		推广：http://fan.test.lacues.cn/Account/index.html?t=0.9537084251642227__fan.test.lacues.cn____
[2016-11-25 12:00:19.628]		推广：http://fan.test.lacues.cn/Account/index.html?t=0.9537084251642227__fan.test.lacues.cn____
[2016-11-25 12:00:29.956]		推广：http://fan.test.lacues.cn/Account/index.html?t=0.9537084251642227__fan.test.lacues.cn____
[2016-11-25 12:00:45.505]		推广：http://fan.test.lacues.cn/__fan.test.lacues.cn____
[2016-11-25 12:00:49.457]		推广：http://fan.test.lacues.cn/cart.html__fan.test.lacues.cn____
[2016-11-25 12:00:51.709]		推广：http://fan.test.lacues.cn/__fan.test.lacues.cn____
[2016-11-25 12:01:14.291]		推广：http://fan.test.lacues.cn/__fan.test.lacues.cn____
[2016-11-25 12:01:17.252]		推广：http://fan.test.lacues.cn/Account/index.html?t=0.26971367557362__fan.test.lacues.cn____
[2016-11-25 12:01:32.110]		推广：http://fan.test.lacues.cn/Account/index.html?t=0.26971367557362__fan.test.lacues.cn____
[2016-11-25 12:01:44.509]		推广：__fan.test.lacues.cn____
[2016-11-25 12:02:02.050]		推广：__fan.test.lacues.cn____
[2016-11-25 12:02:11.824]		推广：__fan.test.lacues.cn____
[2016-11-25 12:03:18.530]		推广：__fan.test.lacues.cn____
[2016-11-25 12:03:55.549]		推广：__fan.test.lacues.cn____
[2016-11-25 12:05:00.147]		推广：__fan.test.lacues.cn____
[2016-11-25 12:05:28.430]		推广：http://fan.test.lacues.cn/__fan.test.lacues.cn____
[2016-11-25 12:05:32.216]		推广：http://fan.test.lacues.cn/Account/index.html?t=0.188098118162495__fan.test.lacues.cn____
[2016-11-25 12:17:40.512]		推广：__fan.test.lacues.cn____
[2016-11-25 12:17:46.857]		推广：http://fan.test.lacues.cn/__fan.test.lacues.cn____
[2016-11-25 12:17:52.827]		推广：http://fan.test.lacues.cn/Account/index.html?t=0.6236496542589488__fan.test.lacues.cn____
[2016-11-25 12:20:34.166]		推广：http://fan.test.lacues.cn/__fan.test.lacues.cn____
[2016-11-25 12:20:41.269]		推广：__fan.test.lacues.cn____
[2016-11-25 12:20:42.535]		推广：http://fan.test.lacues.cn/__fan.test.lacues.cn____
[2016-11-25 12:20:43.892]		推广：http://fan.test.lacues.cn/Account/index.html?t=0.9632271938471635__fan.test.lacues.cn____
[2016-11-25 12:20:56.826]		推广：__fan.test.lacues.cn____
[2016-11-25 12:21:04.828]		推广：http://fan.test.lacues.cn/__fan.test.lacues.cn____
[2016-11-25 12:21:07.948]		推广：http://fan.test.lacues.cn/Account/index.html?t=0.8215438803356299__fan.test.lacues.cn____
[2016-11-25 13:45:26.539]		推广：http://fan.test.lacues.cn/Account/index.html?t=0.8215438803356299__fan.test.lacues.cn____
[2016-11-25 14:08:25.345]		推广：http://fan.test.lacues.cn/Account/index.html?t=0.8215438803356299__fan.test.lacues.cn____
[2016-11-25 14:30:57.735]		推广：http://paygate.5wjs.com/createorder/?c_order=OS1040104__fan.test.lacues.cn____
[2016-11-25 14:32:10.628]		推广：http://paygate.5wjs.com/createorder/?c_order=OS1043104__fan.test.lacues.cn____
[2016-11-25 14:32:12.215]		推广：http://paygate.5wjs.com/createorder/?c_order=OS1044104__fan.test.lacues.cn____
[2016-11-25 14:32:15.309]		推广：http://fan.test.lacues.cn/Order/OrderFail.html?orderid=OS1044104__fan.test.lacues.cn____
[2016-11-25 15:08:34.638]		推广：__fan.test.lacues.cn____
[2016-11-25 15:10:38.590]		推广：__fan.test.lacues.cn____
[2016-11-25 15:11:33.378]		推广：http://fan.test.lacues.cn/__fan.test.lacues.cn____
[2016-11-25 15:11:34.749]		推广：http://fan.test.lacues.cn/Account/index.html?t=0.6841814557668824__fan.test.lacues.cn____
[2016-11-25 15:11:45.220]		推广：http://fan.test.lacues.cn/Account/login.html?t=0.5467607128167242__fan.test.lacues.cn____
[2016-11-25 15:11:49.330]		推广：http://fan.test.lacues.cn/__fan.test.lacues.cn____
[2016-11-25 15:11:56.919]		推广：http://fan.test.lacues.cn/Account/index.html?t=0.8952934654565496__fan.test.lacues.cn____
[2016-11-25 15:11:57.922]		推广：http://fan.test.lacues.cn/__fan.test.lacues.cn____
[2016-11-25 15:12:02.016]		推广：http://fan.test.lacues.cn/cart.html__fan.test.lacues.cn____
[2016-11-25 15:12:04.907]		推广：http://fan.test.lacues.cn/order/OrderConfirm.html?t=0.5361730708718693__fan.test.lacues.cn____
[2016-11-25 15:12:07.314]		推广：http://fan.test.lacues.cn/Account/AddressList.html?addressid=DZ161107100004__fan.test.lacues.cn____
[2016-11-25 15:12:14.860]		推广：http://fan.test.lacues.cn/Account/AddressEdit.html?addressid=DZ161107100004__fan.test.lacues.cn____
[2016-11-25 15:12:16.600]		推广：http://fan.test.lacues.cn/Account/AddressList.html__fan.test.lacues.cn____
[2016-11-25 15:12:23.296]		推广：http://fan.test.lacues.cn/Account/AddressEdit.html?addressid=DZ161107100004__fan.test.lacues.cn____
[2016-11-25 15:14:45.148]		推广：http://fan.test.lacues.cn/order/OrderConfirm.html?t=0.5361730708718693__fan.test.lacues.cn____
[2016-11-25 15:14:47.875]		推广：http://fan.test.lacues.cn/Account/AddressEdit.html?addressid=DZ161107100004__fan.test.lacues.cn____
[2016-11-25 15:14:52.356]		推广：http://fan.test.lacues.cn/cart.html__fan.test.lacues.cn____
[2016-11-25 15:14:54.931]		推广：http://fan.test.lacues.cn/__fan.test.lacues.cn____
[2016-11-25 15:14:59.610]		推广：http://fan.test.lacues.cn/cart.html__fan.test.lacues.cn____
[2016-11-25 15:15:00.584]		推广：http://fan.test.lacues.cn/__fan.test.lacues.cn____
[2016-11-25 15:15:03.844]		推广：http://fan.test.lacues.cn/Account/index.html?t=0.7404832463421773__fan.test.lacues.cn____
[2016-11-25 15:15:06.826]		推广：http://fan.test.lacues.cn/Account/MyCollection.html?t=0.037534245043920444__fan.test.lacues.cn____
[2016-11-25 15:15:09.001]		推广：http://fan.test.lacues.cn/Account/index.html?t=0.7404832463421773__fan.test.lacues.cn____
[2016-11-25 15:15:12.945]		推广：http://fan.test.lacues.cn/Account/MyViewHistory.html?t=0.20260434119659432__fan.test.lacues.cn____
[2016-11-25 15:15:14.200]		推广：http://fan.test.lacues.cn/Account/index.html?t=0.7404832463421773__fan.test.lacues.cn____
[2016-11-25 15:29:10.495]		推广：http://fan.test.lacues.cn/Account/MyViewHistory.html?t=0.45876195693660415__fan.test.lacues.cn____
[2016-11-25 15:38:06.518]		推广：http://fan.test.lacues.cn/__fan.test.lacues.cn____
[2016-11-25 15:38:25.647]		推广：http://fan.test.lacues.cn/Product_List.html?keyword=测试__fan.test.lacues.cn____
[2016-11-25 15:38:38.750]		推广：http://fan.test.lacues.cn/__fan.test.lacues.cn____
[2016-11-25 15:38:39.187]		推广：http://fan.test.lacues.cn/Account/index.html?t=0.7404832463421773__fan.test.lacues.cn____
[2016-11-25 15:38:40.663]		推广：http://fan.test.lacues.cn/__fan.test.lacues.cn____
[2016-11-25 15:38:45.849]		推广：http://fan.test.lacues.cn/Product_Detail.html?pid=8016465310__fan.test.lacues.cn____
[2016-11-25 15:38:49.793]		推广：http://fan.test.lacues.cn/cart.html__fan.test.lacues.cn____
[2016-11-25 15:38:51.824]		推广：http://fan.test.lacues.cn/__fan.test.lacues.cn____
[2016-11-25 15:38:52.200]		推广：http://fan.test.lacues.cn/order/OrderConfirm.html?t=0.8592431171564399__fan.test.lacues.cn____
[2016-11-25 15:39:01.698]		推广：http://fan.test.lacues.cn/Account/login.html?t=0.6841429640853864__fan.test.lacues.cn____
[2016-11-25 15:39:03.680]		推广：http://fan.test.lacues.cn/order/OrderConfirm.html?t=0.8592431171564399__fan.test.lacues.cn____
[2016-11-25 15:39:06.403]		推广：http://fan.test.lacues.cn/Account/AddressList.html?addressid=DZ161116100002__fan.test.lacues.cn____
[2016-11-25 15:40:07.891]		推广：http://fan.test.lacues.cn/Product_Detail.html?pid=131457__fan.test.lacues.cn____
[2016-11-25 15:40:10.729]		推广：http://fan.test.lacues.cn/__fan.test.lacues.cn____
[2016-11-25 15:40:13.897]		推广：http://fan.test.lacues.cn/Product_Detail.html?pid=8016465481__fan.test.lacues.cn____
[2016-11-25 15:40:20.850]		推广：http://fan.test.lacues.cn/order/OrderConfirm.html?t=0.8592431171564399__fan.test.lacues.cn____
[2016-11-25 15:40:22.895]		推广：http://fan.test.lacues.cn/Account/AddressList.html?addressid=DZ161107100004__fan.test.lacues.cn____
[2016-11-25 15:40:25.881]		推广：http://fan.test.lacues.cn/order/OrderConfirm.html?t=0.8592431171564399__fan.test.lacues.cn____
[2016-11-25 15:40:45.891]		推广：http://fan.test.lacues.cn/__fan.test.lacues.cn____
[2016-11-25 15:41:06.972]		推广：http://fan.test.lacues.cn/Account/AddressList.html?addressid=DZ161123100001__fan.test.lacues.cn____
[2016-11-25 15:41:09.552]		推广：http://fan.test.lacues.cn/order/OrderConfirm.html?t=0.8592431171564399__fan.test.lacues.cn____
[2016-11-25 15:41:19.870]		推广：http://fan.test.lacues.cn/Account/AddressList.html?addressid=DZ161107100004__fan.test.lacues.cn____
[2016-11-25 15:41:28.711]		推广：http://fan.test.lacues.cn/Account/AddressEdit.html?addressid=DZ161107100004__fan.test.lacues.cn____
[2016-11-25 15:41:34.856]		推广：http://fan.test.lacues.cn/Account/AddressList.html__fan.test.lacues.cn____
[2016-11-25 15:41:42.232]		推广：http://fan.test.lacues.cn/Account/AddressEdit.html?addressid=DZ161107100004__fan.test.lacues.cn____
[2016-11-25 15:41:58.258]		推广：http://fan.test.lacues.cn/order/OrderConfirm.html?t=0.8592431171564399__fan.test.lacues.cn____
[2016-11-25 15:46:51.066]		推广：http://fan.test.lacues.cn/Account/AddressList.html?addressid=DZ161123100001__fan.test.lacues.cn____
[2016-11-25 15:46:53.790]		推广：http://fan.test.lacues.cn/order/OrderConfirm.html?t=0.8592431171564399__fan.test.lacues.cn____
[2016-11-25 15:47:02.121]		推广：http://fan.test.lacues.cn/cart.html__fan.test.lacues.cn____
[2016-11-25 15:47:04.933]		推广：http://fan.test.lacues.cn/order/OrderConfirm.html?t=0.5778784293316019__fan.test.lacues.cn____
[2016-11-25 15:48:52.645]		推广：http://fan.test.lacues.cn/cart.html__fan.test.lacues.cn____
[2016-11-25 15:48:54.187]		推广：http://fan.test.lacues.cn/__fan.test.lacues.cn____
[2016-11-25 15:57:19.556]		推广：__fan.test.lacues.cn____
[2016-11-25 15:57:47.146]		推广：http://fan.test.lacues.cn/__fan.test.lacues.cn____
[2016-11-25 15:57:48.363]		推广：http://fan.test.lacues.cn/Account/index.html?t=0.7525455684197049__fan.test.lacues.cn____
[2016-11-25 15:57:51.225]		推广：http://fan.test.lacues.cn/Account/login.html?t=0.3580604321478882__fan.test.lacues.cn____
[2016-11-25 15:57:54.858]		推广：http://fan.test.lacues.cn/__fan.test.lacues.cn____
[2016-11-25 15:58:05.155]		推广：http://fan.test.lacues.cn/Account/index.html?t=0.6649263953907558__fan.test.lacues.cn____
[2016-11-25 15:58:07.954]		推广：http://fan.test.lacues.cn/Account/MyOrder_List.html?paytype=ALL__fan.test.lacues.cn____
[2016-11-25 15:58:17.827]		推广：http://fan.test.lacues.cn/Account/index.html?t=0.6649263953907558__fan.test.lacues.cn____
[2016-11-25 15:58:22.273]		推广：http://fan.test.lacues.cn/Account/MyOrder_List.html?paytype=ALL__fan.test.lacues.cn____
[2016-11-25 15:58:25.234]		推广：http://fan.test.lacues.cn/Account/index.html?t=0.6649263953907558__fan.test.lacues.cn____
[2016-11-25 15:58:35.148]		推广：http://fan.test.lacues.cn/Account/MyOrder_List.html?paytype=ALL__fan.test.lacues.cn____
[2016-11-25 15:58:38.383]		推广：http://fan.test.lacues.cn/Account/index.html?t=0.6649263953907558__fan.test.lacues.cn____
[2016-11-25 16:10:25.083]		推广：__fan.test.lacues.cn____
[2016-11-25 16:10:27.410]		推广：http://fan.test.lacues.cn/__fan.test.lacues.cn____
[2016-11-25 16:10:34.180]		推广：http://fan.test.lacues.cn/cart.html__fan.test.lacues.cn____
[2016-11-25 16:12:48.137]		推广：http://fan.test.lacues.cn/__fan.test.lacues.cn____
[2016-11-25 16:20:51.818]		推广：__fan.test.lacues.cn____
[2016-11-25 16:22:39.319]		推广：http://fan.test.lacues.cn/__fan.test.lacues.cn____
[2016-11-25 16:22:54.403]		推广：http://fan.test.lacues.cn/Account/index.html?t=0.5893858153597198__fan.test.lacues.cn____
[2016-11-25 16:22:56.954]		推广：http://fan.test.lacues.cn/__fan.test.lacues.cn____
[2016-11-25 16:24:02.943]		推广：http://fan.test.lacues.cn/cart.html__fan.test.lacues.cn____
[2016-11-25 16:24:09.984]		推广：__fan.test.lacues.cn____
[2016-11-25 16:25:03.369]		推广：http://fan.test.lacues.cn/__fan.test.lacues.cn____
[2016-11-25 16:25:08.049]		推广：__fan.test.lacues.cn____
[2016-11-25 16:25:10.188]		推广：__fan.test.lacues.cn____
[2016-11-25 16:25:10.991]		推广：http://fan.test.lacues.cn/cart.html__fan.test.lacues.cn____
[2016-11-25 16:25:24.945]		推广：http://fan.test.lacues.cn/cart.html__fan.test.lacues.cn____
[2016-11-25 16:25:25.862]		推广：http://fan.test.lacues.cn/__fan.test.lacues.cn____
[2016-11-25 16:25:29.412]		推广：http://fan.test.lacues.cn/cart.html__fan.test.lacues.cn____
[2016-11-25 16:25:29.548]		推广：http://fan.test.lacues.cn/cart.html__fan.test.lacues.cn____
[2016-11-25 16:25:32.006]		推广：http://fan.test.lacues.cn/order/OrderConfirm.html?t=0.37213059867045617__fan.test.lacues.cn____
[2016-11-25 16:25:35.945]		推广：http://fan.test.lacues.cn/__fan.test.lacues.cn____
[2016-11-25 16:25:38.364]		推广：http://fan.test.lacues.cn/Search.html?t=0.9895678144050926__fan.test.lacues.cn____
[2016-11-25 16:25:41.235]		推广：http://fan.test.lacues.cn/Account/login.html?t=0.41346079869518415__fan.test.lacues.cn____
[2016-11-25 16:25:49.936]		推广：http://fan.test.lacues.cn/Product_List.html?showtype=__fan.test.lacues.cn____
[2016-11-25 16:28:42.269]		推广：__fan.test.lacues.cn____
[2016-11-25 16:28:51.909]		推广：http://fan.test.lacues.cn/__fan.test.lacues.cn____
[2016-11-25 16:28:54.785]		推广：http://fan.test.lacues.cn/Product_Detail.html?pid=8016465488__fan.test.lacues.cn____
[2016-11-25 16:29:11.584]		推广：http://fan.test.lacues.cn/order/OrderConfirm.html?t=0.5296953851926409__fan.test.lacues.cn____
[2016-11-25 16:29:16.419]		推广：http://fan.test.lacues.cn/Account/login.html?t=0.627340449333827__fan.test.lacues.cn____
[2016-11-25 16:29:19.922]		推广：http://fan.test.lacues.cn/Product_Detail.html?pid=8016465488__fan.test.lacues.cn____
[2016-11-25 16:29:52.901]		推广：http://test.pay.caiyb.cn/Handle/TALIPM000000000000000000001125/1480062591?sign=509A59AD524F8CFD52CD42AA27CDABA3__fan.test.lacues.cn____
[2016-11-25 16:29:56.385]		推广：http://fan.test.lacues.cn/Account/login.html?t=0.627340449333827__fan.test.lacues.cn____
[2016-11-25 16:29:58.906]		推广：http://fan.test.lacues.cn/Product_Detail.html?pid=8016465488__fan.test.lacues.cn____
[2016-11-25 16:30:33.025]		推广：http://fan.test.lacues.cn/Search.html?t=0.9895678144050926__fan.test.lacues.cn____
[2016-11-25 16:31:02.177]		推广：__fan.test.lacues.cn____
[2016-11-25 16:31:04.260]		推广：__fan.test.lacues.cn____
[2016-11-25 16:31:25.047]		推广：__fan.test.lacues.cn____
[2016-11-25 16:31:56.866]		推广：__fan.test.lacues.cn____
[2016-11-25 16:32:15.462]		推广：__fan.test.lacues.cn____
[2016-11-25 16:32:37.638]		推广：__fan.test.lacues.cn____
[2016-11-25 16:32:51.488]		推广：__fan.test.lacues.cn____
[2016-11-25 16:46:34.050]		推广：http://paygate.5wjs.com/createorder/?c_order=OS1060104__fan.test.lacues.cn____
[2016-11-25 16:48:30.605]		推广：http://paygate.5wjs.com/createorder/?c_order=OS1060104__fan.test.lacues.cn____
[2016-11-25 16:50:23.371]		推广：http://fan.test.lacues.cn/Account/login.html?t=0.41346079869518415__fan.test.lacues.cn____
[2016-11-25 16:50:26.105]		推广：http://fan.test.lacues.cn/order/OrderConfirm.html?t=0.37213059867045617__fan.test.lacues.cn____
[2016-11-25 16:50:33.654]		推广：http://fan.test.lacues.cn/Account/login.html?t=0.9852297070947611__fan.test.lacues.cn____
[2016-11-25 16:53:42.637]		推广：http://fan.test.lacues.cn/order/OrderConfirm.html?t=0.37213059867045617__fan.test.lacues.cn____
[2016-11-25 16:53:45.730]		推广：http://fan.test.lacues.cn/cart.html__fan.test.lacues.cn____
[2016-11-25 16:53:47.818]		推广：http://fan.test.lacues.cn/__fan.test.lacues.cn____
[2016-11-25 16:53:49.398]		推广：http://fan.test.lacues.cn/Account/index.html?t=0.7426739063847567__fan.test.lacues.cn____
[2016-11-25 16:53:51.088]		推广：http://fan.test.lacues.cn/Account/MyAccount.html?t=0.33896147972412605__fan.test.lacues.cn____
[2016-11-25 16:53:52.408]		推广：http://fan.test.lacues.cn/Account/MyNickName.html?t=0.3957547355153006__fan.test.lacues.cn____
[2016-11-25 16:53:53.547]		推广：http://fan.test.lacues.cn/Account/MyAccount.html?t=0.33896147972412605__fan.test.lacues.cn____
[2016-11-25 16:53:55.936]		推广：http://fan.test.lacues.cn/Account/index.html?t=0.49588788306413023__fan.test.lacues.cn____
[2016-11-25 16:53:57.983]		推广：http://fan.test.lacues.cn/Account/MyOrder_List.html?paytype=DFK__fan.test.lacues.cn____
[2016-11-25 17:17:57.135]		推广：http://paygate.5wjs.com/createorder/?c_order=OS1065104__fan.test.lacues.cn____
[2016-11-25 17:21:11.958]		推广：http://paygate.5wjs.com/createorder/?c_order=OS1067104__fan.test.lacues.cn____
[2016-11-25 17:21:20.152]		推广：http://fan.test.lacues.cn/Order/OrderFail.html?orderid=OS1067104__fan.test.lacues.cn____
[2016-11-25 17:30:58.867]		推广：http://fan.test.lacues.cn/Product_List.html?showtype=__fan.test.lacues.cn____
[2016-11-25 17:31:01.769]		推广：http://fan.test.lacues.cn/Account/index.html?t=0.49588788306413023__fan.test.lacues.cn____
[2016-11-25 17:31:01.941]		推广：http://fan.test.lacues.cn/Search.html?t=0.9895678144050926__fan.test.lacues.cn____
[2016-11-25 17:31:09.683]		推广：http://fan.test.lacues.cn/__fan.test.lacues.cn____
[2016-11-25 17:31:12.799]		推广：http://fan.test.lacues.cn/Account/index.html?t=0.6828518016159859__fan.test.lacues.cn____
[2016-11-25 17:31:15.937]		推广：http://fan.test.lacues.cn/Account/login.html?t=0.37448765793344796__fan.test.lacues.cn____
[2016-11-25 17:32:16.715]		推广：http://fan.test.lacues.cn/Account/index.html?t=0.49588788306413023__fan.test.lacues.cn____
[2016-11-25 17:32:43.754]		推广：http://fan.test.lacues.cn/Account/Register.html?t=0.708705565626025__fan.test.lacues.cn____
[2016-11-25 17:32:57.735]		推广：http://fan.test.lacues.cn/Account/index.html?t=0.6828518016159859__fan.test.lacues.cn____
[2016-11-25 17:32:58.731]		推广：http://fan.test.lacues.cn/__fan.test.lacues.cn____
[2016-11-25 17:32:59.737]		推广：http://fan.test.lacues.cn/__fan.test.lacues.cn____
[2016-11-25 17:33:00.253]		推广：http://fan.test.lacues.cn/Search.html?t=0.9895678144050926__fan.test.lacues.cn____
[2016-11-25 17:33:04.200]		推广：http://fan.test.lacues.cn/Search.html?t=0.13648975769928895__fan.test.lacues.cn____
[2016-11-25 17:33:11.220]		推广：http://fan.test.lacues.cn/Account/login.html?t=0.8497502617809027__fan.test.lacues.cn____
[2016-11-25 17:33:12.660]		推广：http://fan.test.lacues.cn/index.html__fan.test.lacues.cn____
[2016-11-25 17:33:14.581]		推广：http://fan.test.lacues.cn/__fan.test.lacues.cn____
[2016-11-25 17:33:15.809]		推广：http://fan.test.lacues.cn/Account/index.html?t=0.2561836098471548__fan.test.lacues.cn____
[2016-11-25 17:33:17.429]		推广：http://fan.test.lacues.cn/cart.html__fan.test.lacues.cn____
[2016-11-25 17:33:18.681]		推广：http://fan.test.lacues.cn/index.html__fan.test.lacues.cn____
[2016-11-25 17:33:21.018]		推广：http://fan.test.lacues.cn/Account/index.html?t=0.43174687583061866__fan.test.lacues.cn____
[2016-11-25 17:34:51.435]		推广：http://fan.test.lacues.cn/__fan.test.lacues.cn____
[2016-11-25 17:35:09.565]		推广：http://fan.test.lacues.cn/__fan.test.lacues.cn____
[2016-11-25 17:36:39.120]		推广：http://fan.test.lacues.cn/__fan.test.lacues.cn____
[2016-11-25 17:37:07.623]		推广：http://fan.test.lacues.cn/__fan.test.lacues.cn____
[2016-11-25 17:37:40.010]		推广：http://fan.test.lacues.cn/__fan.test.lacues.cn____
[2016-11-25 17:40:41.516]		推广：__fan.test.lacues.cn____
[2016-11-25 17:40:44.031]		推广：http://fan.test.lacues.cn/__fan.test.lacues.cn____
[2016-11-25 17:40:49.519]		推广：http://fan.test.lacues.cn/Product_List.html?keyword=风扇__fan.test.lacues.cn____
[2016-11-25 17:40:53.858]		推广：http://fan.test.lacues.cn/Product_Detail.html?pid=58016100283__fan.test.lacues.cn____
[2016-11-25 17:40:59.190]		推广：http://fan.test.lacues.cn/order/OrderConfirm.html?t=0.3307794996071607__fan.test.lacues.cn____
[2016-11-25 17:41:21.172]		推广：http://fan.test.lacues.cn/order/OrderConfirm.html?t=0.3307794996071607__fan.test.lacues.cn____
[2016-11-25 18:03:42.572]		推广：http://fan.test.lacues.cn/Account/MyCoupon.html?t=0.6319417589168688__fan.test.lacues.cn____
[2016-11-25 18:03:44.049]		推广：http://fan.test.lacues.cn/Account/index.html?t=0.43174687583061866__fan.test.lacues.cn____
[2016-11-25 18:04:00.295]		推广：http://fan.test.lacues.cn/Account/login.html?t=0.775492572560545__fan.test.lacues.cn____
[2016-11-25 18:04:02.367]		推广：http://fan.test.lacues.cn/index.html__fan.test.lacues.cn____
[2016-11-25 18:04:05.104]		推广：http://fan.test.lacues.cn/Account/index.html?t=0.4569312698830954__fan.test.lacues.cn____
[2016-11-25 18:04:08.619]		推广：http://fan.test.lacues.cn/Account/MyCoupon.html?t=0.8107846131789762__fan.test.lacues.cn____
[2016-11-25 18:04:11.800]		推广：http://fan.test.lacues.cn/Account/index.html?t=0.4569312698830954__fan.test.lacues.cn____
[2016-11-25 18:04:53.997]		推广：http://fan.test.lacues.cn/Account/index.html?t=0.2561836098471548__fan.test.lacues.cn____
[2016-11-25 18:12:15.658]		推广：http://fan.test.lacues.cn/Account/MyCollection.html?t=0.46145510944829216__fan.test.lacues.cn____
[2016-11-25 18:12:16.822]		推广：http://fan.test.lacues.cn/Account/index.html?t=0.4569312698830954__fan.test.lacues.cn____
[2016-11-25 18:12:53.462]		推广：http://fan.test.lacues.cn/Account/MyViewHistory.html?t=0.09826315784023709__fan.test.lacues.cn____
[2016-11-25 18:12:55.339]		推广：http://fan.test.lacues.cn/Account/index.html?t=0.4569312698830954__fan.test.lacues.cn____
[2016-11-25 18:12:58.857]		推广：http://fan.test.lacues.cn/Account/MyOrder_List.html?paytype=DFK__fan.test.lacues.cn____
[2016-11-25 18:13:00.049]		推广：http://fan.test.lacues.cn/Account/index.html?t=0.4569312698830954__fan.test.lacues.cn____
[2016-11-25 18:13:02.238]		推广：http://fan.test.lacues.cn/Account/MyOrder_List.html?paytype=DFH__fan.test.lacues.cn____
[2016-11-25 18:13:04.534]		推广：http://fan.test.lacues.cn/Account/MyCollection.html?t=0.3396895517347842__fan.test.lacues.cn____
[2016-11-25 18:13:07.289]		推广：http://fan.test.lacues.cn/Account/MyOrder_List.html?paytype=DFH__fan.test.lacues.cn____
[2016-11-25 18:13:08.805]		推广：http://fan.test.lacues.cn/Account/index.html?t=0.4569312698830954__fan.test.lacues.cn____
[2016-11-25 18:13:12.310]		推广：http://fan.test.lacues.cn/Account/MyOrder_List.html?paytype=JYCG__fan.test.lacues.cn____
[2016-11-25 18:13:13.383]		推广：http://fan.test.lacues.cn/Account/index.html?t=0.4569312698830954__fan.test.lacues.cn____
[2016-11-25 18:14:18.555]		推广：http://fan.test.lacues.cn/Account/MyOrder_List.html?paytype=DFK__fan.test.lacues.cn____
[2016-11-25 18:14:21.203]		推广：http://fan.test.lacues.cn/Account/index.html?t=0.4569312698830954__fan.test.lacues.cn____
[2016-11-25 18:14:22.820]		推广：http://fan.test.lacues.cn/Account/MyTKSH_List.html?paytype=TKSH__fan.test.lacues.cn____
[2016-11-25 18:15:08.308]		推广：http://fan.test.lacues.cn/Account/index.html?t=0.4569312698830954__fan.test.lacues.cn____
[2016-11-25 18:15:52.112]		推广：http://fan.test.lacues.cn/Account/MyViewHistory.html?t=0.185128145579873__fan.test.lacues.cn____
[2016-11-25 18:15:55.246]		推广：http://fan.test.lacues.cn/Account/index.html?t=0.4569312698830954__fan.test.lacues.cn____
[2016-11-25 18:15:56.460]		推广：http://fan.test.lacues.cn/Account/MyAccount.html?t=0.446420266986967__fan.test.lacues.cn____
[2016-11-25 18:16:08.511]		推广：http://fan.test.lacues.cn/Account/AddressList.html?t=0.9411951185473355__fan.test.lacues.cn____
[2016-11-25 18:16:10.750]		推广：http://fan.test.lacues.cn/Account/MyAccount.html?t=0.446420266986967__fan.test.lacues.cn____
[2016-11-25 18:16:11.888]		推广：http://fan.test.lacues.cn/Account/MyNickName.html?t=0.5494053140995137__fan.test.lacues.cn____
[2016-11-25 18:16:12.629]		推广：http://fan.test.lacues.cn/Account/MyAccount.html?t=0.446420266986967__fan.test.lacues.cn____
[2016-11-25 18:16:14.424]		推广：http://fan.test.lacues.cn/Account/index.html?t=0.6464737905704878__fan.test.lacues.cn____
[2016-11-25 18:16:15.823]		推广：http://fan.test.lacues.cn/index.html__fan.test.lacues.cn____
[2016-11-25 18:16:19.229]		推广：http://fan.test.lacues.cn/Account/index.html?t=0.571693684411974__fan.test.lacues.cn____
[2016-11-25 18:16:20.582]		推广：http://fan.test.lacues.cn/index.html__fan.test.lacues.cn____
[2016-11-25 18:18:57.882]		推广：http://fan.test.lacues.cn/cart.html__fan.test.lacues.cn____
[2016-11-25 18:25:34.343]		推广：http://fan.test.lacues.cn/cart.html__fan.test.lacues.cn____
[2016-11-25 18:28:55.086]		推广：http://test-dlq.ycp8.cn/cdlq/web/template/template.html?pNum=PNM161111100001__fan.test.lacues.cn____
[2016-11-25 18:29:22.962]		推广：http://fan.test.lacues.cn/Product_Detail.html?pid=58016100270__fan.test.lacues.cn____
[2016-11-25 18:29:29.116]		推广：http://fan.test.lacues.cn/index.html__fan.test.lacues.cn____
[2016-11-25 18:29:32.058]		推广：http://fan.test.lacues.cn/Account/index.html?t=0.2508361493390685__fan.test.lacues.cn____
[2016-11-25 18:29:42.681]		推广：http://fan.test.lacues.cn/Account/MyCollection.html?t=0.7536915297821587__fan.test.lacues.cn____
[2016-11-25 18:29:48.939]		推广：http://fan.test.lacues.cn/index.html?t=0.005916607770499294__fan.test.lacues.cn____
[2016-11-25 18:29:50.492]		推广：http://fan.test.lacues.cn/Search.html?t=0.807270595639308__fan.test.lacues.cn____
[2016-11-25 18:42:57.664]		推广：__fan.test.lacues.cn____
[2016-11-25 18:43:02.964]		推广：http://fan.test.lacues.cn/__fan.test.lacues.cn____
[2016-11-25 18:43:05.754]		推广：__fan.test.lacues.cn____
[2016-11-25 18:43:09.109]		推广：http://fan.test.lacues.cn/__fan.test.lacues.cn____
[2016-11-25 18:43:35.865]		推广：__fan.test.lacues.cn____
[2016-11-25 18:43:41.037]		推广：__fan.test.lacues.cn____
[2016-11-25 18:44:08.516]		推广：__fan.test.lacues.cn____
[2016-11-25 18:44:16.729]		推广：__fan.test.lacues.cn____
[2016-11-25 18:50:05.392]		推广：http://paygate.5wjs.com/createorder/?c_order=OS1075104__fan.test.lacues.cn____
[2016-11-25 18:50:53.524]		推广：http://paygate.5wjs.com/createorder/?c_order=OS1075104__fan.test.lacues.cn____
[2016-11-25 18:51:01.383]		推广：__fan.test.lacues.cn____
[2016-11-25 18:51:39.423]		推广：http://test-dlq.ycp8.cn/cdlq/web/template/template.html?pNum=PNM161111100001__fan.test.lacues.cn____
[2016-11-25 18:51:51.383]		推广：http://fan.test.lacues.cn/Product_Detail.html?pid=8016161031100001__fan.test.lacues.cn____
[2016-11-25 18:51:54.745]		推广：http://fan.test.lacues.cn/Search.html?t=0.807270595639308__fan.test.lacues.cn____
[2016-11-25 18:58:25.279]		推广：http://fan.test.lacues.cn/cart.html__fan.test.lacues.cn____
[2016-11-25 18:58:30.002]		推广：http://fan.test.lacues.cn/index.html__fan.test.lacues.cn____
[2016-11-25 18:58:34.012]		推广：http://fan.test.lacues.cn/Search.html?t=0.628532036248098__fan.test.lacues.cn____
[2016-11-25 18:58:40.894]		推广：http://fan.test.lacues.cn/index.html__fan.test.lacues.cn____
[2016-11-25 18:58:43.267]		推广：http://fan.test.lacues.cn/Search.html?t=0.6673374665527148__fan.test.lacues.cn____
[2016-11-25 18:58:47.834]		推广：http://fan.test.lacues.cn/Product_List.html?showtype=__fan.test.lacues.cn____
[2016-11-25 18:58:50.866]		推广：http://fan.test.lacues.cn/Product_Detail.html?pid=8016465483__fan.test.lacues.cn____
[2016-11-25 18:58:54.384]		推广：http://fan.test.lacues.cn/Product_List.html?showtype=__fan.test.lacues.cn____
[2016-11-25 18:59:07.237]		推广：http://fan.test.lacues.cn/Product_Detail.html?pid=58016100267__fan.test.lacues.cn____
[2016-11-25 18:59:09.985]		推广：http://fan.test.lacues.cn/Product_List.html?showtype=__fan.test.lacues.cn____
[2016-11-25 18:59:12.960]		推广：http://fan.test.lacues.cn/Product_Detail.html?pid=8016465485__fan.test.lacues.cn____
[2016-11-25 18:59:13.488]		推广：__fan.test.lacues.cn____
[2016-11-25 18:59:16.148]		推广：http://fan.test.lacues.cn/Product_List.html?showtype=__fan.test.lacues.cn____
[2016-11-25 18:59:19.859]		推广：http://fan.test.lacues.cn/Product_Detail.html?pid=58016100291__fan.test.lacues.cn____
[2016-11-25 18:59:23.329]		推广：http://fan.test.lacues.cn/Product_List.html?showtype=__fan.test.lacues.cn____
[2016-11-25 18:59:24.472]		推广：http://fan.test.lacues.cn/Product_Detail.html?pid=58016100267__fan.test.lacues.cn____
[2016-11-25 18:59:27.676]		推广：http://fan.test.lacues.cn/Product_List.html?showtype=__fan.test.lacues.cn____
[2016-11-25 18:59:31.931]		推广：http://fan.test.lacues.cn/Product_Detail.html?pid=8016465488__fan.test.lacues.cn____
[2016-11-25 18:59:34.634]		推广：http://fan.test.lacues.cn/Sale/FullCut.html?t=0.8158481394120407__fan.test.lacues.cn____
[2016-11-25 18:59:39.296]		推广：http://fan.test.lacues.cn/Product_Detail.html?pid=8016465488__fan.test.lacues.cn____
[2016-11-25 18:59:48.240]		推广：http://fan.test.lacues.cn/cart.html?t=0.13281440863932925__fan.test.lacues.cn____
[2016-11-25 18:59:51.028]		推广：http://fan.test.lacues.cn/order/OrderConfirm.html?t=0.834316299868439__fan.test.lacues.cn____
[2016-11-25 18:59:59.271]		推广：http://fan.test.lacues.cn/Account/login.html?t=0.6460982889762061__fan.test.lacues.cn____
[2016-11-25 19:00:04.966]		推广：http://fan.test.lacues.cn/order/OrderConfirm.html?t=0.834316299868439__fan.test.lacues.cn____
[2016-11-25 19:00:07.819]		推广：http://fan.test.lacues.cn/Order/fapiao.html?uid=__fan.test.lacues.cn____
[2016-11-25 19:00:11.575]		推广：http://fan.test.lacues.cn/order/OrderConfirm.html?uid=__fan.test.lacues.cn____
[2016-11-25 19:00:15.208]		推广：http://fan.test.lacues.cn/Order/CouponCodes.html?shouldPay=12__fan.test.lacues.cn____
[2016-11-25 19:00:16.972]		推广：http://fan.test.lacues.cn/Coupon_shuoming.html?t=0.7404448687687804__fan.test.lacues.cn____
[2016-11-25 19:00:17.245]		推广：http://fan.test.lacues.cn/Order/CouponCodes.html?shouldPay=12__fan.test.lacues.cn____
[2016-11-25 19:00:30.793]		推广：http://test.pay.caiyb.cn/Handle/TALIPM000000000000000000001127/1480071630?sign=FCBE02C9EAFF19EB4C8F38CEB3D5554F__fan.test.lacues.cn____
[2016-11-25 19:01:34.602]		推广：http://fan.test.lacues.cn/Order/OrderFail.html?orderid=OS1075104__fan.test.lacues.cn____
[2016-11-25 19:01:52.289]		推广：http://paygate.5wjs.com/createorder/?c_order=OS1075104__fan.test.lacues.cn____
[2016-11-25 19:04:17.825]		推广：__fan.test.lacues.cn____
[2016-11-25 19:06:29.504]		推广：http://paygate.5wjs.com/createorder/?c_order=OS1075104__fan.test.lacues.cn____
[2016-11-25 19:15:48.605]		推广：http://fan.test.lacues.cn/Order/OrderSuccess.html?orderid=OS1593103__fan.test.lacues.cn____
[2016-11-25 19:15:53.066]		推广：http://fan.test.lacues.cn/Account/MyOrder_List.html?paytype=ALL__fan.test.lacues.cn____
[2016-11-25 19:15:56.084]		推广：http://fan.test.lacues.cn/cart.html?t=0.13281440863932925__fan.test.lacues.cn____
[2016-11-25 19:16:06.416]		推广：http://fan.test.lacues.cn/Product_Detail.html?pid=8016465488__fan.test.lacues.cn____
[2016-11-25 19:16:10.249]		推广：http://fan.test.lacues.cn/Sale/FullCut.html?t=0.8158481394120407__fan.test.lacues.cn____
[2016-11-25 19:16:10.684]		推广：http://fan.test.lacues.cn/Product_Detail.html?pid=8016465488__fan.test.lacues.cn____
[2016-11-25 19:16:16.722]		推广：http://fan.test.lacues.cn/Product_List.html?showtype=__fan.test.lacues.cn____
[2016-11-25 19:17:20.745]		推广：http://fan.test.lacues.cn/Product_List.html?showtype=__fan.test.lacues.cn____
[2016-11-25 19:18:41.968]		推广：http://fan.test.lacues.cn/Product_Detail.html?pid=8016465484__fan.test.lacues.cn____
[2016-11-25 19:18:42.698]		推广：http://fan.test.lacues.cn/Product_List.html?showtype=__fan.test.lacues.cn____
[2016-11-25 19:18:45.671]		推广：http://fan.test.lacues.cn/Search.html?t=0.6673374665527148__fan.test.lacues.cn____
[2016-11-25 19:18:46.793]		推广：http://fan.test.lacues.cn/index.html__fan.test.lacues.cn____
[2016-11-25 19:18:49.447]		推广：http://fan.test.lacues.cn/Account/index.html?t=0.3959681782305644__fan.test.lacues.cn____
[2016-11-25 19:18:50.070]		推广：http://fan.test.lacues.cn/Account/MyAccount.html?t=0.33276348351767027__fan.test.lacues.cn____
[2016-11-25 19:19:31.562]		推广：http://fan.test.lacues.cn/Account/index.html?t=0.3959681782305644__fan.test.lacues.cn____
[2016-11-25 19:19:32.479]		推广：http://fan.test.lacues.cn/Account/MyAccount.html?t=0.33276348351767027__fan.test.lacues.cn____
[2016-11-25 19:19:33.901]		推广：http://fan.test.lacues.cn/Account/index.html?t=0.5627206142411827__fan.test.lacues.cn____
[2016-11-25 19:20:48.139]		推广：http://fan.test.lacues.cn/Account/MyOrder_List.html?paytype=ALL__fan.test.lacues.cn____
[2016-11-25 19:20:54.325]		推广：http://fan.test.lacues.cn/Account/index.html?t=0.5627206142411827__fan.test.lacues.cn____
[2016-11-25 19:22:04.791]		推广：http://fan.test.lacues.cn/Account/MyAccount.html?t=0.167272389373184__fan.test.lacues.cn____
[2016-11-25 19:22:06.525]		推广：http://fan.test.lacues.cn/Account/index.html?t=0.7762544418386719__fan.test.lacues.cn____
[2016-11-25 19:22:09.954]		推广：http://fan.test.lacues.cn/Account/login.html?t=0.36201027634877514__fan.test.lacues.cn____
[2016-11-25 19:22:35.251]		推广：http://fan.test.lacues.cn/__fan.test.lacues.cn____
[2016-11-25 19:22:38.958]		推广：http://fan.test.lacues.cn/Account/index.html?t=0.5132638600518562__fan.test.lacues.cn____
[2016-11-25 19:23:44.007]		推广：http://fan.test.lacues.cn/Account/index.html?t=0.5132638600518562__fan.test.lacues.cn____
[2016-11-25 19:23:45.217]		推广：http://fan.test.lacues.cn/Account/MyOrder_List.html?paytype=DFK__fan.test.lacues.cn____
[2016-11-25 19:23:58.128]		推广：http://test.pay.caiyb.cn/Handle/TALIPM000000000000000000001128/1480073037?sign=BFBED9BDBBFF34BB6BEDF9B3D7B57AFB__fan.test.lacues.cn____
[2016-11-25 19:26:57.591]		推广：http://fan.test.lacues.cn/index.html__fan.test.lacues.cn____
[2016-11-25 19:27:00.775]		推广：http://fan.test.lacues.cn/Search.html?t=0.04918979558435255__fan.test.lacues.cn____
[2016-11-25 19:27:05.107]		推广：http://fan.test.lacues.cn/Product_List.html?showtype=__fan.test.lacues.cn____
[2016-11-25 19:28:32.531]		推广：http://fan.test.lacues.cn/Product_Detail.html?pid=8016465488__fan.test.lacues.cn____
[2016-11-25 19:28:40.723]		推广：http://fan.test.lacues.cn/Product_List.html?showtype=__fan.test.lacues.cn____
[2016-11-25 19:28:43.510]		推广：http://fan.test.lacues.cn/Product_Detail.html?pid=8016465488__fan.test.lacues.cn____
[2016-11-25 19:28:55.581]		推广：http://fan.test.lacues.cn/Order/OrderSuccess.html?orderid=OS1180103__fan.test.lacues.cn____
[2016-11-25 19:28:57.575]		推广：http://fan.test.lacues.cn/Account/MyOrder_List.html?paytype=ALL__fan.test.lacues.cn____
[2016-11-25 19:29:00.361]		推广：http://fan.test.lacues.cn/Account/MyOrder_detail.html?order_code=DD1265103__fan.test.lacues.cn____
[2016-11-25 19:29:03.287]		推广：http://fan.test.lacues.cn/Product_Detail.html?pid=58016100267__fan.test.lacues.cn____
[2016-11-25 19:29:03.755]		推广：http://fan.test.lacues.cn/order/OrderConfirm.html?t=0.9857999624899381__fan.test.lacues.cn____
[2016-11-25 19:29:05.453]		推广：http://fan.test.lacues.cn/Account/AddressList.html?addressid=DZ161107100004__fan.test.lacues.cn____
[2016-11-25 19:29:10.053]		推广：http://fan.test.lacues.cn/Account/AddressEdit.html?addressid=DZ161107100004__fan.test.lacues.cn____
[2016-11-25 19:29:11.148]		推广：http://fan.test.lacues.cn/Account/AddressList.html__fan.test.lacues.cn____
[2016-11-25 19:29:48.112]		推广：http://fan.test.lacues.cn/Account/AddressEdit.html?addressid=DZ161107100004__fan.test.lacues.cn____
[2016-11-25 19:29:50.204]		推广：http://fan.test.lacues.cn/order/OrderConfirm.html?t=0.9857999624899381__fan.test.lacues.cn____
[2016-11-25 19:29:51.644]		推广：http://fan.test.lacues.cn/Product_Detail.html?pid=8016465488__fan.test.lacues.cn____
[2016-11-25 19:29:52.682]		推广：http://fan.test.lacues.cn/Product_List.html?showtype=__fan.test.lacues.cn____
[2016-11-25 19:29:59.409]		推广：http://fan.test.lacues.cn/Search.html?t=0.04918979558435255__fan.test.lacues.cn____
[2016-11-25 19:30:00.588]		推广：http://fan.test.lacues.cn/index.html__fan.test.lacues.cn____
[2016-11-25 19:30:02.291]		推广：http://fan.test.lacues.cn/Account/index.html?t=0.7049998111602815__fan.test.lacues.cn____
[2016-11-25 19:30:11.545]		推广：http://fan.test.lacues.cn/Account/login.html?t=0.5617813710843824__fan.test.lacues.cn____
[2016-11-25 19:30:12.489]		推广：http://fan.test.lacues.cn/index.html__fan.test.lacues.cn____
[2016-11-25 19:30:17.271]		推广：http://fan.test.lacues.cn/Account/index.html?t=0.19331904769077735__fan.test.lacues.cn____
[2016-11-25 19:30:19.773]		推广：http://fan.test.lacues.cn/index.html__fan.test.lacues.cn____
[2016-11-25 19:30:21.711]		推广：http://fan.test.lacues.cn/Search.html?t=0.2611246926571631__fan.test.lacues.cn____
[2016-11-25 19:30:25.272]		推广：http://fan.test.lacues.cn/Product_List.html?showtype=__fan.test.lacues.cn____
[2016-11-25 19:30:29.585]		推广：http://fan.test.lacues.cn/Product_Detail.html?pid=8016465488__fan.test.lacues.cn____
[2016-11-25 19:30:36.964]		推广：http://fan.test.lacues.cn/order/OrderConfirm.html?t=0.5040134418879427__fan.test.lacues.cn____
[2016-11-25 19:30:38.395]		推广：http://fan.test.lacues.cn/Account/AddressList.html?addressid=DZ161107100004__fan.test.lacues.cn____
[2016-11-25 19:30:42.109]		推广：http://fan.test.lacues.cn/Account/AddressEdit.html?addressid=DZ161107100004__fan.test.lacues.cn____
[2016-11-25 19:30:45.770]		推广：http://fan.test.lacues.cn/order/OrderConfirm.html?t=0.5040134418879427__fan.test.lacues.cn____
[2016-11-25 19:30:47.739]		推广：http://fan.test.lacues.cn/Account/AddressList.html?addressid=DZ161107100004__fan.test.lacues.cn____
[2016-11-25 19:30:51.350]		推广：http://fan.test.lacues.cn/Account/AddressEdit.html?addressid=DZ161116100002__fan.test.lacues.cn____
[2016-11-25 19:30:53.479]		推广：http://fan.test.lacues.cn/order/OrderConfirm.html?t=0.5040134418879427__fan.test.lacues.cn____
[2016-11-25 19:30:54.894]		推广：http://fan.test.lacues.cn/Account/AddressList.html?addressid=DZ161107100004__fan.test.lacues.cn____
[2016-11-25 19:30:56.707]		推广：http://fan.test.lacues.cn/order/OrderConfirm.html?t=0.5040134418879427__fan.test.lacues.cn____
[2016-11-25 19:30:59.033]		推广：http://fan.test.lacues.cn/Account/AddressList.html?addressid=DZ161121100001__fan.test.lacues.cn____
[2016-11-25 19:31:03.017]		推广：http://fan.test.lacues.cn/Account/AddressEdit.html?addressid=DZ161109100004__fan.test.lacues.cn____
[2016-11-25 19:31:07.899]		推广：http://fan.test.lacues.cn/order/OrderConfirm.html?t=0.5040134418879427__fan.test.lacues.cn____
[2016-11-25 19:31:09.331]		推广：http://fan.test.lacues.cn/Account/AddressList.html?addressid=DZ161121100001__fan.test.lacues.cn____
[2016-11-25 19:31:29.444]		推广：http://fan.test.lacues.cn/Account/AddressEdit.html?addressid=0__fan.test.lacues.cn____
[2016-11-25 19:32:05.032]		推广：http://test.pay.caiyb.cn/Handle/TALIPM000000000000000000001129/1480073524?sign=4415F9D3B561009048F56F26A6CE5AED__fan.test.lacues.cn____
[2016-11-25 19:35:15.388]		推广：__fan.test.lacues.cn____
[2016-11-25 19:35:17.027]		推广：http://fan.test.lacues.cn/__fan.test.lacues.cn____
[2016-11-25 19:35:23.304]		推广：http://fan.test.lacues.cn/Search.html?t=0.47981702275247495__fan.test.lacues.cn____
[2016-11-25 19:35:28.327]		推广：http://fan.test.lacues.cn/Search.html?t=0.47981702275247495__fan.test.lacues.cn____
[2016-11-25 19:36:36.441]		推广：http://fan.test.lacues.cn/Product_List.html?showtype=__fan.test.lacues.cn____
[2016-11-25 19:36:40.782]		推广：__fan.test.lacues.cn____
[2016-11-25 19:36:47.834]		推广：__fan.test.lacues.cn____
[2016-11-25 19:38:13.744]		推广：__fan.test.lacues.cn____
[2016-11-25 19:40:06.763]		推广：http://fan.test.lacues.cn/__fan.test.lacues.cn____
[2016-11-25 19:40:08.274]		推广：http://fan.test.lacues.cn/Search.html?t=0.9354605730840244__fan.test.lacues.cn____
[2016-11-25 19:40:10.909]		推广：http://fan.test.lacues.cn/Product_List.html?showtype=__fan.test.lacues.cn____
[2016-11-25 19:40:14.181]		推广：http://fan.test.lacues.cn/Search.html?t=0.008898843925536415__fan.test.lacues.cn____
[2016-11-25 19:40:18.589]		推广：http://fan.test.lacues.cn/Product_List.html?showtype=__fan.test.lacues.cn____
[2016-11-25 19:40:19.666]		推广：http://fan.test.lacues.cn/order/OrderConfirm.html?t=0.5040134418879427__fan.test.lacues.cn____
[2016-11-25 19:40:22.460]		推广：http://fan.test.lacues.cn/Account/AddressEdit.html?addressid=0__fan.test.lacues.cn____
[2016-11-25 19:40:23.022]		推广：http://fan.test.lacues.cn/Search.html?t=0.4639826305560626__fan.test.lacues.cn____
[2016-11-25 19:40:25.014]		推广：http://fan.test.lacues.cn/Account/AddressEdit.html?addressid=DZ161109100004__fan.test.lacues.cn____
[2016-11-25 19:40:25.729]		推广：http://fan.test.lacues.cn/Search.html?t=0.4639826305560626__fan.test.lacues.cn____
[2016-11-25 19:40:26.838]		推广：http://fan.test.lacues.cn/Account/AddressEdit.html?addressid=DZ161116100002__fan.test.lacues.cn____
[2016-11-25 19:40:30.162]		推广：http://fan.test.lacues.cn/Product_Detail.html?pid=8016465488__fan.test.lacues.cn____
[2016-11-25 19:40:30.712]		推广：http://fan.test.lacues.cn/Account/AddressEdit.html?addressid=DZ161107100004__fan.test.lacues.cn____
[2016-11-25 19:40:31.912]		推广：http://fan.test.lacues.cn/Product_List.html?showtype=__fan.test.lacues.cn____
[2016-11-25 19:40:35.315]		推广：http://fan.test.lacues.cn/Search.html?t=0.2611246926571631__fan.test.lacues.cn____
[2016-11-25 19:40:36.897]		推广：http://fan.test.lacues.cn/index.html__fan.test.lacues.cn____
[2016-11-25 19:40:43.731]		推广：http://fan.test.lacues.cn/Account/index.html?t=0.5046980165996897__fan.test.lacues.cn____
[2016-11-25 19:40:46.781]		推广：http://fan.test.lacues.cn/Account/MyTKSH_List.html?paytype=TKSH__fan.test.lacues.cn____
[2016-11-25 19:41:10.152]		推广：http://fan.test.lacues.cn/Product_List.html?showtype=__fan.test.lacues.cn____
[2016-11-25 19:41:10.928]		推广：http://fan.test.lacues.cn/Search.html?t=0.4639826305560626__fan.test.lacues.cn____
[2016-11-25 19:41:12.074]		推广：http://fan.test.lacues.cn/Product_List.html?showtype=__fan.test.lacues.cn____
[2016-11-25 19:41:13.809]		推广：http://fan.test.lacues.cn/Search.html?t=0.4098032010747312__fan.test.lacues.cn____
[2016-11-25 19:41:16.406]		推广：http://fan.test.lacues.cn/Product_List.html?showtype=__fan.test.lacues.cn____
[2016-11-25 19:41:19.665]		推广：http://fan.test.lacues.cn/Product_Detail.html?pid=8016465483__fan.test.lacues.cn____
[2016-11-25 19:41:27.921]		推广：http://test.pay.caiyb.cn/Handle/TALIPM000000000000000000001130/1480074087?sign=7DBEB29B89078ABB79EC606DB43BCB5E__fan.test.lacues.cn____
[2016-11-25 19:41:43.475]		推广：http://test.pay.caiyb.cn/Handle/TALIPM000000000000000000001130/1480074087?sign=7DBEB29B89078ABB79EC606DB43BCB5E__fan.test.lacues.cn____
[2016-11-25 19:42:23.387]		推广：__fan.test.lacues.cn____
[2016-11-25 19:42:26.831]		推广：http://fan.test.lacues.cn/__fan.test.lacues.cn____
[2016-11-25 19:42:29.276]		推广：http://fan.test.lacues.cn/Account/index.html?t=0.482909299666062__fan.test.lacues.cn____
[2016-11-25 19:42:40.989]		推广：http://fan.test.lacues.cn/Account/login.html?t=0.4570351627189666__fan.test.lacues.cn____
[2016-11-25 19:42:43.923]		推广：http://fan.test.lacues.cn/__fan.test.lacues.cn____
[2016-11-25 19:42:45.928]		推广：http://fan.test.lacues.cn/Account/index.html?t=0.19828523602336645__fan.test.lacues.cn____
[2016-11-25 19:42:48.107]		推广：http://fan.test.lacues.cn/Account/MyTKSH_List.html?paytype=TKSH__fan.test.lacues.cn____
[2016-11-25 19:45:05.755]		推广：http://fan.test.lacues.cn/Account/index.html?t=0.19828523602336645__fan.test.lacues.cn____
[2016-11-25 23:28:28.842]		推广：__fan.test.lacues.cn____
