2015-08-02 00:51:25.705 INFO ASP.pay_weixin_paypage_aspx: page load
2015-08-02 00:51:25.752 DEBUG WxPayApi: UnfiedOrder request : <xml><appid><![CDATA[wx081d285c706cc7e6]]></appid><attach><![CDATA[124666260120150802005125902]]></attach><body><![CDATA[124666260120150802005125902]]></body><goods_tag><![CDATA[124666260120150802005125902]]></goods_tag><mch_id><![CDATA[1246662601]]></mch_id><nonce_str><![CDATA[cc22fd63032a40208f333db8bec7157c]]></nonce_str><notify_url><![CDATA[http://qhbeta-cfamily.qhw.srnpr.com/cfamily/manage/wechatWAP_response.ftl]]></notify_url><openid><![CDATA[5666552591]]></openid><out_trade_no><![CDATA[124666260120150802005125902]]></out_trade_no><sign><![CDATA[0FFDFDF132C31F032D2A298732CA4B48]]></sign><spbill_create_ip><![CDATA[8.8.8.8]]></spbill_create_ip><time_expire><![CDATA[20150802010125]]></time_expire><time_start><![CDATA[20150802005125]]></time_start><total_fee>1</total_fee><trade_type><![CDATA[JSAPI]]></trade_type></xml>
2015-08-02 00:51:25.986 DEBUG WxPayApi: UnfiedOrder response : <xml><return_code><![CDATA[FAIL]]></return_code>
<return_msg><![CDATA[openid is invalid]]></return_msg>
</xml>
2015-08-02 00:51:26.017 ERROR com.ichsy.jyh.BusinessLayer.WxPayAPI.JsApiPay: UnifiedOrder response error!
2015-08-02 00:51:27.093 INFO ASP.pay_weixin_paypage_aspx: page load
2015-08-02 00:51:27.093 DEBUG WxPayApi: UnfiedOrder request : <xml><appid><![CDATA[wx081d285c706cc7e6]]></appid><attach><![CDATA[124666260120150802005127552]]></attach><body><![CDATA[124666260120150802005127552]]></body><goods_tag><![CDATA[124666260120150802005127552]]></goods_tag><mch_id><![CDATA[1246662601]]></mch_id><nonce_str><![CDATA[ebbf9495b7fe4850860d7ec41de7b674]]></nonce_str><notify_url><![CDATA[http://qhbeta-cfamily.qhw.srnpr.com/cfamily/manage/wechatWAP_response.ftl]]></notify_url><openid><![CDATA[5666552591]]></openid><out_trade_no><![CDATA[124666260120150802005127552]]></out_trade_no><sign><![CDATA[C952EA93AE0E56935D9352044C17BA9B]]></sign><spbill_create_ip><![CDATA[8.8.8.8]]></spbill_create_ip><time_expire><![CDATA[20150802010127]]></time_expire><time_start><![CDATA[20150802005127]]></time_start><total_fee>1</total_fee><trade_type><![CDATA[JSAPI]]></trade_type></xml>
2015-08-02 00:51:27.171 DEBUG WxPayApi: UnfiedOrder response : <xml><return_code><![CDATA[FAIL]]></return_code>
<return_msg><![CDATA[openid is invalid]]></return_msg>
</xml>
2015-08-02 00:51:27.171 ERROR com.ichsy.jyh.BusinessLayer.WxPayAPI.JsApiPay: UnifiedOrder response error!
2015-08-02 14:51:09.363 INFO ASP.pay_weixin_paypage_aspx: page load
2015-08-02 14:51:09.425 DEBUG WxPayApi: UnfiedOrder request : <xml><appid><![CDATA[wx081d285c706cc7e6]]></appid><attach><![CDATA[124666260120150802145109622]]></attach><body><![CDATA[124666260120150802145109622]]></body><goods_tag><![CDATA[124666260120150802145109622]]></goods_tag><mch_id><![CDATA[1246662601]]></mch_id><nonce_str><![CDATA[83f00358e4ba4827bc5c7ab2ef3bc073]]></nonce_str><notify_url><![CDATA[http://qhbeta-cfamily.qhw.srnpr.com/cfamily/manage/wechatWAP_response.ftl]]></notify_url><openid><![CDATA[5666552591]]></openid><out_trade_no><![CDATA[124666260120150802145109622]]></out_trade_no><sign><![CDATA[A531501AC47D3188FCEEDEE4DCE7E5F1]]></sign><spbill_create_ip><![CDATA[8.8.8.8]]></spbill_create_ip><time_expire><![CDATA[20150802150109]]></time_expire><time_start><![CDATA[20150802145109]]></time_start><total_fee>1</total_fee><trade_type><![CDATA[JSAPI]]></trade_type></xml>
2015-08-02 14:51:09.690 DEBUG WxPayApi: UnfiedOrder response : <xml><return_code><![CDATA[FAIL]]></return_code>
<return_msg><![CDATA[openid is invalid]]></return_msg>
</xml>
2015-08-02 14:51:09.722 ERROR com.ichsy.jyh.BusinessLayer.WxPayAPI.JsApiPay: UnifiedOrder response error!
2015-08-02 14:51:11.562 INFO ASP.pay_weixin_paypage_aspx: page load
2015-08-02 14:51:11.562 DEBUG WxPayApi: UnfiedOrder request : <xml><appid><![CDATA[wx081d285c706cc7e6]]></appid><attach><![CDATA[124666260120150802145111122]]></attach><body><![CDATA[124666260120150802145111122]]></body><goods_tag><![CDATA[124666260120150802145111122]]></goods_tag><mch_id><![CDATA[1246662601]]></mch_id><nonce_str><![CDATA[cc7dd2667d4c4d73b1de6d6b092d1498]]></nonce_str><notify_url><![CDATA[http://qhbeta-cfamily.qhw.srnpr.com/cfamily/manage/wechatWAP_response.ftl]]></notify_url><openid><![CDATA[5666552591]]></openid><out_trade_no><![CDATA[124666260120150802145111122]]></out_trade_no><sign><![CDATA[881C8853E13B0C45688EB98C2C175DDD]]></sign><spbill_create_ip><![CDATA[8.8.8.8]]></spbill_create_ip><time_expire><![CDATA[20150802150111]]></time_expire><time_start><![CDATA[20150802145111]]></time_start><total_fee>1</total_fee><trade_type><![CDATA[JSAPI]]></trade_type></xml>
2015-08-02 14:51:11.640 DEBUG WxPayApi: UnfiedOrder response : <xml><return_code><![CDATA[FAIL]]></return_code>
<return_msg><![CDATA[openid is invalid]]></return_msg>
</xml>
2015-08-02 14:51:11.640 ERROR com.ichsy.jyh.BusinessLayer.WxPayAPI.JsApiPay: UnifiedOrder response error!
