2015-08-10 11:01:51.000 DEBUG WxPayApi: UnfiedOrder request : <xml><appid><![CDATA[wx081d285c706cc7e6]]></appid><attach><![CDATA[OS150810100001]]></attach><body><![CDATA[OS150810100001]]></body><goods_tag><![CDATA[OS150810100001]]></goods_tag><mch_id><![CDATA[1246662601]]></mch_id><nonce_str><![CDATA[3e8d9eaff1a642b185f01ca27a4f4e96]]></nonce_str><notify_url><![CDATA[http://qhbeta-cfamily.qhw.srnpr.com/cfamily/manage/wechatWAP_response.ftl]]></notify_url><openid><![CDATA[oz1WBsx01iAtm71Odoro51q5lXjE]]></openid><out_trade_no><![CDATA[OS150810100001]]></out_trade_no><sign><![CDATA[EABF6B18CD85B69901DBB5076797F49D]]></sign><spbill_create_ip><![CDATA[8.8.8.8]]></spbill_create_ip><time_expire><![CDATA[20150810111150]]></time_expire><time_start><![CDATA[20150810110150]]></time_start><total_fee>100</total_fee><trade_type><![CDATA[JSAPI]]></trade_type></xml>
2015-08-10 11:01:51.531 DEBUG WxPayApi: UnfiedOrder response : <xml><return_code><![CDATA[SUCCESS]]></return_code>
<return_msg><![CDATA[OK]]></return_msg>
<appid><![CDATA[wx081d285c706cc7e6]]></appid>
<mch_id><![CDATA[1246662601]]></mch_id>
<nonce_str><![CDATA[UWrevft8Ua52cKJA]]></nonce_str>
<sign><![CDATA[1D01883635D9F53876669FCD42317C97]]></sign>
<result_code><![CDATA[SUCCESS]]></result_code>
<prepay_id><![CDATA[wx20150810110152d472ef18810459367771]]></prepay_id>
<trade_type><![CDATA[JSAPI]]></trade_type>
</xml>
2015-08-10 11:01:51.546 DEBUG com.ichsy.jyh.BusinessLayer.WxPayAPI.JsApiPay: JsApiPay::GetJsApiParam is processing...
2015-08-10 11:01:51.624 DEBUG com.ichsy.jyh.BusinessLayer.WxPayAPI.JsApiPay: Get jsApiParam : {"appId":"wx081d285c706cc7e6","nonceStr":"0bde4806db0847508f3df3ed6878af29","package":"prepay_id=wx20150810110152d472ef18810459367771","paySign":"A152BF0CF74B8CA4A23CE243B6AEB744","signType":"MD5","timeStamp":"1439175712"}
2015-08-10 16:08:58.626 DEBUG WxPayApi: UnfiedOrder request : <xml><appid><![CDATA[wx081d285c706cc7e6]]></appid><attach><![CDATA[OS150810100014]]></attach><body><![CDATA[OS150810100014]]></body><goods_tag><![CDATA[OS150810100014]]></goods_tag><mch_id><![CDATA[1246662601]]></mch_id><nonce_str><![CDATA[767d3f403ebd47c8ad7d3036f48f4571]]></nonce_str><notify_url><![CDATA[http://qhbeta-cfamily.qhw.srnpr.com/cfamily/manage/wechatWAP_response.ftl]]></notify_url><openid><![CDATA[oz1WBsx01iAtm71Odoro51q5lXjE]]></openid><out_trade_no><![CDATA[OS150810100014]]></out_trade_no><sign><![CDATA[B69CF5AC7CB5C39EC8236DAD1674D23B]]></sign><spbill_create_ip><![CDATA[8.8.8.8]]></spbill_create_ip><time_expire><![CDATA[20150810161858]]></time_expire><time_start><![CDATA[20150810160858]]></time_start><total_fee>89900</total_fee><trade_type><![CDATA[JSAPI]]></trade_type></xml>
2015-08-10 16:09:02.199 DEBUG WxPayApi: UnfiedOrder response : <xml><return_code><![CDATA[SUCCESS]]></return_code>
<return_msg><![CDATA[OK]]></return_msg>
<appid><![CDATA[wx081d285c706cc7e6]]></appid>
<mch_id><![CDATA[1246662601]]></mch_id>
<nonce_str><![CDATA[9yIh69RauiapnlR5]]></nonce_str>
<sign><![CDATA[42C76807428E8BDBBF15268E1CBB71E9]]></sign>
<result_code><![CDATA[SUCCESS]]></result_code>
<prepay_id><![CDATA[wx2015081016090308f66c2c660188345302]]></prepay_id>
<trade_type><![CDATA[JSAPI]]></trade_type>
</xml>
2015-08-10 16:09:02.230 DEBUG com.ichsy.jyh.BusinessLayer.WxPayAPI.JsApiPay: JsApiPay::GetJsApiParam is processing...
2015-08-10 16:09:02.292 DEBUG com.ichsy.jyh.BusinessLayer.WxPayAPI.JsApiPay: Get jsApiParam : {"appId":"wx081d285c706cc7e6","nonceStr":"d946ae1f45bc4073a65f90a277853d83","package":"prepay_id=wx2015081016090308f66c2c660188345302","paySign":"9F3FE4A00A8A71D1AA9FEA7321A93D12","signType":"MD5","timeStamp":"1439194142"}
2015-08-10 16:29:59.187 DEBUG WxPayApi: UnfiedOrder request : <xml><appid><![CDATA[wx081d285c706cc7e6]]></appid><attach><![CDATA[OS150810100018]]></attach><body><![CDATA[OS150810100018]]></body><goods_tag><![CDATA[OS150810100018]]></goods_tag><mch_id><![CDATA[1246662601]]></mch_id><nonce_str><![CDATA[706bcde3793447a0afc87f5aee1a7496]]></nonce_str><notify_url><![CDATA[http://qhbeta-cfamily.qhw.srnpr.com/cfamily/manage/wechatWAP_response.ftl]]></notify_url><openid><![CDATA[oz1WBs_FPv5qbh1cyyoN9fzNZgUw]]></openid><out_trade_no><![CDATA[OS150810100018]]></out_trade_no><sign><![CDATA[D02E6D1DC4C898381DD043D93A8CA788]]></sign><spbill_create_ip><![CDATA[8.8.8.8]]></spbill_create_ip><time_expire><![CDATA[20150810163959]]></time_expire><time_start><![CDATA[20150810162959]]></time_start><total_fee>10900</total_fee><trade_type><![CDATA[JSAPI]]></trade_type></xml>
2015-08-10 16:29:59.655 DEBUG WxPayApi: UnfiedOrder response : <xml><return_code><![CDATA[SUCCESS]]></return_code>
<return_msg><![CDATA[OK]]></return_msg>
<appid><![CDATA[wx081d285c706cc7e6]]></appid>
<mch_id><![CDATA[1246662601]]></mch_id>
<nonce_str><![CDATA[u1LMtQ0oT1rl0YRZ]]></nonce_str>
<sign><![CDATA[DE013D7D8D7EC85253D1761A7FE86839]]></sign>
<result_code><![CDATA[SUCCESS]]></result_code>
<prepay_id><![CDATA[wx20150810163000aee0dbe03b0573039133]]></prepay_id>
<trade_type><![CDATA[JSAPI]]></trade_type>
</xml>
2015-08-10 16:29:59.655 DEBUG com.ichsy.jyh.BusinessLayer.WxPayAPI.JsApiPay: JsApiPay::GetJsApiParam is processing...
2015-08-10 16:29:59.655 DEBUG com.ichsy.jyh.BusinessLayer.WxPayAPI.JsApiPay: Get jsApiParam : {"appId":"wx081d285c706cc7e6","nonceStr":"279381ac9f4e4654ac6a6dd7b737dc6c","package":"prepay_id=wx20150810163000aee0dbe03b0573039133","paySign":"74B75A10AA79AA87F670D950050ABDF4","signType":"MD5","timeStamp":"1439195400"}
2015-08-10 18:08:43.734 DEBUG WxPayApi: UnfiedOrder request : <xml><appid><![CDATA[wx081d285c706cc7e6]]></appid><attach><![CDATA[OS150810100023]]></attach><body><![CDATA[OS150810100023]]></body><goods_tag><![CDATA[OS150810100023]]></goods_tag><mch_id><![CDATA[1246662601]]></mch_id><nonce_str><![CDATA[ab5ada1969994c5ba66100bb2ab41e32]]></nonce_str><notify_url><![CDATA[http://qhbeta-cfamily.qhw.srnpr.com/cfamily/manage/wechatWAP_response.ftl]]></notify_url><openid><![CDATA[oz1WBs_FPv5qbh1cyyoN9fzNZgUw]]></openid><out_trade_no><![CDATA[OS150810100023]]></out_trade_no><sign><![CDATA[A00A2BF7F88CFA44A34C947DBDF7A70E]]></sign><spbill_create_ip><![CDATA[8.8.8.8]]></spbill_create_ip><time_expire><![CDATA[20150810181843]]></time_expire><time_start><![CDATA[20150810180843]]></time_start><total_fee>12000</total_fee><trade_type><![CDATA[JSAPI]]></trade_type></xml>
2015-08-10 18:08:44.217 DEBUG WxPayApi: UnfiedOrder response : <xml><return_code><![CDATA[SUCCESS]]></return_code>
<return_msg><![CDATA[OK]]></return_msg>
<appid><![CDATA[wx081d285c706cc7e6]]></appid>
<mch_id><![CDATA[1246662601]]></mch_id>
<nonce_str><![CDATA[KqjhzQToyxMDwi3G]]></nonce_str>
<sign><![CDATA[5761EB07EB8D68993DDEFD16F1C284A4]]></sign>
<result_code><![CDATA[SUCCESS]]></result_code>
<prepay_id><![CDATA[wx20150810180845fee32b08ea0267663778]]></prepay_id>
<trade_type><![CDATA[JSAPI]]></trade_type>
</xml>
2015-08-10 18:08:44.249 DEBUG com.ichsy.jyh.BusinessLayer.WxPayAPI.JsApiPay: JsApiPay::GetJsApiParam is processing...
2015-08-10 18:08:44.311 DEBUG com.ichsy.jyh.BusinessLayer.WxPayAPI.JsApiPay: Get jsApiParam : {"appId":"wx081d285c706cc7e6","nonceStr":"e32407eb7f5f47648ab2d90b78b1e1fb","package":"prepay_id=wx20150810180845fee32b08ea0267663778","paySign":"29BA662DB892959932210B1CA9B5E614","signType":"MD5","timeStamp":"1439201324"}
