2015-12-25 18:25:44.126 DEBUG WxPayApi: UnfiedOrder request : <xml><appid><![CDATA[wxef71574524e5314b]]></appid><attach><![CDATA[]]></attach><body><![CDATA[商品]]></body><goods_tag><![CDATA[]]></goods_tag><mch_id><![CDATA[1236186902]]></mch_id><nonce_str><![CDATA[b4db589450d04249b54a63d6febf53eb]]></nonce_str><notify_url><![CDATA[http://qhbeta-cfamily.qhw.srnpr.com/cfamily/manage/wechatWAP_response.ftl]]></notify_url><openid><![CDATA[o-voTtwtKbUYsiOL_n9BA9IK9sgE]]></openid><out_trade_no><![CDATA[OS17216104]]></out_trade_no><sign><![CDATA[98C3E2EE86DF9DAFC0BC2B25A17A46F8]]></sign><spbill_create_ip><![CDATA[8.8.8.8]]></spbill_create_ip><time_expire><![CDATA[20151225183544]]></time_expire><time_start><![CDATA[20151225182544]]></time_start><total_fee>8000</total_fee><trade_type><![CDATA[JSAPI]]></trade_type></xml>
2015-12-25 18:25:45.016 DEBUG WxPayApi: UnfiedOrder response : <xml><return_code><![CDATA[SUCCESS]]></return_code>
<return_msg><![CDATA[OK]]></return_msg>
<appid><![CDATA[wxef71574524e5314b]]></appid>
<mch_id><![CDATA[1236186902]]></mch_id>
<nonce_str><![CDATA[BEXY84k4lPEj3wrq]]></nonce_str>
<sign><![CDATA[4F495BF9E488A9B7718AC2DBE04870F2]]></sign>
<result_code><![CDATA[SUCCESS]]></result_code>
<prepay_id><![CDATA[wx201512251825553a93be06970915517168]]></prepay_id>
<trade_type><![CDATA[JSAPI]]></trade_type>
</xml>
2015-12-25 18:25:45.016 DEBUG com.ichsy.jyh.BusinessLayer.WxPayAPI.JsApiPay: JsApiPay::GetJsApiParam is processing...
2015-12-25 18:25:45.078 DEBUG com.ichsy.jyh.BusinessLayer.WxPayAPI.JsApiPay: Get jsApiParam : {"appId":"wxef71574524e5314b","nonceStr":"4ca3a7b57ea14336a73dde818af99f21","package":"prepay_id=wx201512251825553a93be06970915517168","paySign":"8A6257F1507D2AC7C0B61F764C9E606A","signType":"MD5","timeStamp":"1451039145"}
2015-12-25 18:33:25.060 DEBUG WxPayApi: UnfiedOrder request : <xml><appid><![CDATA[wxef71574524e5314b]]></appid><attach><![CDATA[]]></attach><body><![CDATA[商品]]></body><goods_tag><![CDATA[]]></goods_tag><mch_id><![CDATA[1236186902]]></mch_id><nonce_str><![CDATA[da194c6d8dc34bfeb3699a785b41ace8]]></nonce_str><notify_url><![CDATA[http://qhbeta-cfamily.qhw.srnpr.com/cfamily/manage/wechatWAP_response.ftl]]></notify_url><openid><![CDATA[o-voTtwtKbUYsiOL_n9BA9IK9sgE]]></openid><out_trade_no><![CDATA[OS17218104]]></out_trade_no><sign><![CDATA[F3FC3534BED148709C6D60F02EC02100]]></sign><spbill_create_ip><![CDATA[8.8.8.8]]></spbill_create_ip><time_expire><![CDATA[20151225184325]]></time_expire><time_start><![CDATA[20151225183325]]></time_start><total_fee>194100</total_fee><trade_type><![CDATA[JSAPI]]></trade_type></xml>
2015-12-25 18:33:25.544 DEBUG WxPayApi: UnfiedOrder response : <xml><return_code><![CDATA[SUCCESS]]></return_code>
<return_msg><![CDATA[OK]]></return_msg>
<appid><![CDATA[wxef71574524e5314b]]></appid>
<mch_id><![CDATA[1236186902]]></mch_id>
<nonce_str><![CDATA[sXcbfvFMCiX9iQ0q]]></nonce_str>
<sign><![CDATA[030DE8CF55D2370B96C95D7FE1744BA9]]></sign>
<result_code><![CDATA[SUCCESS]]></result_code>
<prepay_id><![CDATA[wx201512251833360d3b9e3d400351233529]]></prepay_id>
<trade_type><![CDATA[JSAPI]]></trade_type>
</xml>
2015-12-25 18:33:25.544 DEBUG com.ichsy.jyh.BusinessLayer.WxPayAPI.JsApiPay: JsApiPay::GetJsApiParam is processing...
2015-12-25 18:33:25.606 DEBUG com.ichsy.jyh.BusinessLayer.WxPayAPI.JsApiPay: Get jsApiParam : {"appId":"wxef71574524e5314b","nonceStr":"f15d4ea9f0474a84ad90271a98457e14","package":"prepay_id=wx201512251833360d3b9e3d400351233529","paySign":"7FD6FF6CD6505AE9A76415A621F6FC94","signType":"MD5","timeStamp":"1451039606"}
