2015-11-05 12:30:06.167 DEBUG WxPayApi: UnfiedOrder request : <xml><appid><![CDATA[wx081d285c706cc7e6]]></appid><attach><![CDATA[]]></attach><body><![CDATA[商品]]></body><goods_tag><![CDATA[]]></goods_tag><mch_id><![CDATA[1246662601]]></mch_id><nonce_str><![CDATA[37d7f0f28c5442e8ba93060c65cc0913]]></nonce_str><notify_url><![CDATA[http://qhbeta-cfamily.qhw.srnpr.com/cfamily/manage/wechatWAP_response.ftl]]></notify_url><openid><![CDATA[o-voTt8jCKqoYTnn311gbBaBV5xo]]></openid><out_trade_no><![CDATA[OS4813104]]></out_trade_no><sign><![CDATA[92E74B23F739F4E9A2DBA68C33FDAC7A]]></sign><spbill_create_ip><![CDATA[8.8.8.8]]></spbill_create_ip><time_expire><![CDATA[20151105124006]]></time_expire><time_start><![CDATA[20151105123006]]></time_start><total_fee>0</total_fee><trade_type><![CDATA[JSAPI]]></trade_type></xml>
2015-11-05 12:30:06.495 DEBUG WxPayApi: UnfiedOrder response : <xml><return_code><![CDATA[FAIL]]></return_code>
<return_msg><![CDATA[invalid total_fee]]></return_msg>
</xml>
2015-11-05 12:30:06.495 ERROR com.ichsy.jyh.BusinessLayer.WxPayAPI.JsApiPay: UnifiedOrder response error!
2015-11-05 12:35:43.144 DEBUG WxPayApi: UnfiedOrder request : <xml><appid><![CDATA[wx081d285c706cc7e6]]></appid><attach><![CDATA[]]></attach><body><![CDATA[商品]]></body><goods_tag><![CDATA[]]></goods_tag><mch_id><![CDATA[1246662601]]></mch_id><nonce_str><![CDATA[979872acc3e4400b9c5002fa4fd3eb27]]></nonce_str><notify_url><![CDATA[http://qhbeta-cfamily.qhw.srnpr.com/cfamily/manage/wechatWAP_response.ftl]]></notify_url><openid><![CDATA[o-voTt8jCKqoYTnn311gbBaBV5xo]]></openid><out_trade_no><![CDATA[OS4816104]]></out_trade_no><sign><![CDATA[2CF43E736595A0DBCCFE7B0C22687567]]></sign><spbill_create_ip><![CDATA[8.8.8.8]]></spbill_create_ip><time_expire><![CDATA[20151105124543]]></time_expire><time_start><![CDATA[20151105123543]]></time_start><total_fee>10500</total_fee><trade_type><![CDATA[JSAPI]]></trade_type></xml>
2015-11-05 12:35:43.378 DEBUG WxPayApi: UnfiedOrder response : <xml><return_code><![CDATA[FAIL]]></return_code>
<return_msg><![CDATA[appid and openid not match]]></return_msg>
</xml>
2015-11-05 12:35:43.378 ERROR com.ichsy.jyh.BusinessLayer.WxPayAPI.JsApiPay: UnifiedOrder response error!
2015-11-05 12:46:23.400 DEBUG WxPayApi: UnfiedOrder request : <xml><appid><![CDATA[wx081d285c706cc7e6]]></appid><attach><![CDATA[]]></attach><body><![CDATA[商品]]></body><goods_tag><![CDATA[]]></goods_tag><mch_id><![CDATA[1246662601]]></mch_id><nonce_str><![CDATA[8f4cfe144e6f40b9b36f56ea0b00bbf9]]></nonce_str><notify_url><![CDATA[http://qhbeta-cfamily.qhw.srnpr.com/cfamily/manage/wechatWAP_response.ftl]]></notify_url><openid><![CDATA[o-voTt8jCKqoYTnn311gbBaBV5xo]]></openid><out_trade_no><![CDATA[OS4825104]]></out_trade_no><sign><![CDATA[4691E9C8CAFFF052606CB296318E2546]]></sign><spbill_create_ip><![CDATA[8.8.8.8]]></spbill_create_ip><time_expire><![CDATA[20151105125623]]></time_expire><time_start><![CDATA[20151105124623]]></time_start><total_fee>15000</total_fee><trade_type><![CDATA[JSAPI]]></trade_type></xml>
2015-11-05 12:46:23.618 DEBUG WxPayApi: UnfiedOrder response : <xml><return_code><![CDATA[FAIL]]></return_code>
<return_msg><![CDATA[appid and openid not match]]></return_msg>
</xml>
2015-11-05 12:46:23.618 ERROR com.ichsy.jyh.BusinessLayer.WxPayAPI.JsApiPay: UnifiedOrder response error!
2015-11-05 12:49:39.508 DEBUG WxPayApi: UnfiedOrder request : <xml><appid><![CDATA[wx081d285c706cc7e6]]></appid><attach><![CDATA[]]></attach><body><![CDATA[商品]]></body><goods_tag><![CDATA[]]></goods_tag><mch_id><![CDATA[1246662601]]></mch_id><nonce_str><![CDATA[edf9d29d28624d5aabf00bbace1fb5e5]]></nonce_str><notify_url><![CDATA[http://qhbeta-cfamily.qhw.srnpr.com/cfamily/manage/wechatWAP_response.ftl]]></notify_url><openid><![CDATA[o-voTt8jCKqoYTnn311gbBaBV5xo]]></openid><out_trade_no><![CDATA[OS4829104]]></out_trade_no><sign><![CDATA[E0906EB57E483BDE5AE49A63CA10A3FF]]></sign><spbill_create_ip><![CDATA[8.8.8.8]]></spbill_create_ip><time_expire><![CDATA[20151105125939]]></time_expire><time_start><![CDATA[20151105124939]]></time_start><total_fee>100</total_fee><trade_type><![CDATA[JSAPI]]></trade_type></xml>
2015-11-05 12:49:39.711 DEBUG WxPayApi: UnfiedOrder response : <xml><return_code><![CDATA[FAIL]]></return_code>
<return_msg><![CDATA[appid and openid not match]]></return_msg>
</xml>
2015-11-05 12:49:39.711 ERROR com.ichsy.jyh.BusinessLayer.WxPayAPI.JsApiPay: UnifiedOrder response error!
2015-11-05 13:01:14.708 DEBUG WxPayApi: UnfiedOrder request : <xml><appid><![CDATA[wx081d285c706cc7e6]]></appid><attach><![CDATA[]]></attach><body><![CDATA[商品]]></body><goods_tag><![CDATA[]]></goods_tag><mch_id><![CDATA[1246662601]]></mch_id><nonce_str><![CDATA[ac02795c7c4d4de0b0c09c41594aa1fd]]></nonce_str><notify_url><![CDATA[http://qhbeta-cfamily.qhw.srnpr.com/cfamily/manage/wechatWAP_response.ftl]]></notify_url><openid><![CDATA[o-voTt8jCKqoYTnn311gbBaBV5xo]]></openid><out_trade_no><![CDATA[OS4833104]]></out_trade_no><sign><![CDATA[27AEF72B9EA3DC15A002C6286F588BC9]]></sign><spbill_create_ip><![CDATA[8.8.8.8]]></spbill_create_ip><time_expire><![CDATA[20151105131114]]></time_expire><time_start><![CDATA[20151105130114]]></time_start><total_fee>100</total_fee><trade_type><![CDATA[JSAPI]]></trade_type></xml>
2015-11-05 13:01:14.910 DEBUG WxPayApi: UnfiedOrder response : <xml><return_code><![CDATA[FAIL]]></return_code>
<return_msg><![CDATA[appid and openid not match]]></return_msg>
</xml>
2015-11-05 13:01:14.910 ERROR com.ichsy.jyh.BusinessLayer.WxPayAPI.JsApiPay: UnifiedOrder response error!
2015-11-05 13:09:40.242 DEBUG WxPayApi: UnfiedOrder request : <xml><appid><![CDATA[wx081d285c706cc7e6]]></appid><attach><![CDATA[]]></attach><body><![CDATA[商品]]></body><goods_tag><![CDATA[]]></goods_tag><mch_id><![CDATA[1246662601]]></mch_id><nonce_str><![CDATA[768cc20e0a7740ecb6d288595d79bb40]]></nonce_str><notify_url><![CDATA[http://qhbeta-cfamily.qhw.srnpr.com/cfamily/manage/wechatWAP_response.ftl]]></notify_url><openid><![CDATA[o-voTt8jCKqoYTnn311gbBaBV5xo]]></openid><out_trade_no><![CDATA[OS4837104]]></out_trade_no><sign><![CDATA[433B5187513EBDE4A0074E1488F5163F]]></sign><spbill_create_ip><![CDATA[8.8.8.8]]></spbill_create_ip><time_expire><![CDATA[20151105131940]]></time_expire><time_start><![CDATA[20151105130940]]></time_start><total_fee>4500</total_fee><trade_type><![CDATA[JSAPI]]></trade_type></xml>
2015-11-05 13:09:40.445 DEBUG WxPayApi: UnfiedOrder response : <xml><return_code><![CDATA[FAIL]]></return_code>
<return_msg><![CDATA[appid and openid not match]]></return_msg>
</xml>
2015-11-05 13:09:40.445 ERROR com.ichsy.jyh.BusinessLayer.WxPayAPI.JsApiPay: UnifiedOrder response error!
2015-11-05 13:12:34.448 DEBUG WxPayApi: UnfiedOrder request : <xml><appid><![CDATA[wxef71574524e5314b]]></appid><attach><![CDATA[]]></attach><body><![CDATA[商品]]></body><goods_tag><![CDATA[]]></goods_tag><mch_id><![CDATA[1236186902]]></mch_id><nonce_str><![CDATA[4835ac6b45a34f0a862a8b9a7f960f46]]></nonce_str><notify_url><![CDATA[http://qhbeta-cfamily.qhw.srnpr.com/cfamily/manage/wechatWAP_response.ftl]]></notify_url><openid><![CDATA[o-voTt8jCKqoYTnn311gbBaBV5xo]]></openid><out_trade_no><![CDATA[OS4839104]]></out_trade_no><sign><![CDATA[DFFCB802F287B94A512F4718989B9F77]]></sign><spbill_create_ip><![CDATA[8.8.8.8]]></spbill_create_ip><time_expire><![CDATA[20151105132234]]></time_expire><time_start><![CDATA[20151105131234]]></time_start><total_fee>29900</total_fee><trade_type><![CDATA[JSAPI]]></trade_type></xml>
2015-11-05 13:12:34.900 DEBUG WxPayApi: UnfiedOrder response : <xml><return_code><![CDATA[SUCCESS]]></return_code>
<return_msg><![CDATA[OK]]></return_msg>
<appid><![CDATA[wxef71574524e5314b]]></appid>
<mch_id><![CDATA[1236186902]]></mch_id>
<nonce_str><![CDATA[UqKXy9eGRoXyUUEq]]></nonce_str>
<sign><![CDATA[E80A5963301C73E94215E414B3F7B180]]></sign>
<result_code><![CDATA[SUCCESS]]></result_code>
<prepay_id><![CDATA[wx20151105131250b72813e0c50222578068]]></prepay_id>
<trade_type><![CDATA[JSAPI]]></trade_type>
</xml>
2015-11-05 13:12:34.916 DEBUG com.ichsy.jyh.BusinessLayer.WxPayAPI.JsApiPay: JsApiPay::GetJsApiParam is processing...
2015-11-05 13:12:34.978 DEBUG com.ichsy.jyh.BusinessLayer.WxPayAPI.JsApiPay: Get jsApiParam : {"appId":"wxef71574524e5314b","nonceStr":"138eb431daa14808a04893d35dc46864","package":"prepay_id=wx20151105131250b72813e0c50222578068","paySign":"13480F45E5D940C55CC2C73AAA60D6AA","signType":"MD5","timeStamp":"1446700355"}
2015-11-05 17:27:08.746 DEBUG WxPayApi: UnfiedOrder request : <xml><appid><![CDATA[wxef71574524e5314b]]></appid><attach><![CDATA[]]></attach><body><![CDATA[商品]]></body><goods_tag><![CDATA[]]></goods_tag><mch_id><![CDATA[1236186902]]></mch_id><nonce_str><![CDATA[27a95df2859d413d8632f804b7cbfaf5]]></nonce_str><notify_url><![CDATA[http://qhbeta-cfamily.qhw.srnpr.com/cfamily/manage/wechatWAP_response.ftl]]></notify_url><openid><![CDATA[o-voTt2IcxHuI1vIOm264ylWjMcI]]></openid><out_trade_no><![CDATA[OS4910104]]></out_trade_no><sign><![CDATA[C687F2ADBD51161261C8D44E2945F244]]></sign><spbill_create_ip><![CDATA[8.8.8.8]]></spbill_create_ip><time_expire><![CDATA[20151105173708]]></time_expire><time_start><![CDATA[20151105172708]]></time_start><total_fee>26900</total_fee><trade_type><![CDATA[JSAPI]]></trade_type></xml>
2015-11-05 17:27:09.199 DEBUG WxPayApi: UnfiedOrder response : <xml><return_code><![CDATA[SUCCESS]]></return_code>
<return_msg><![CDATA[OK]]></return_msg>
<appid><![CDATA[wxef71574524e5314b]]></appid>
<mch_id><![CDATA[1236186902]]></mch_id>
<nonce_str><![CDATA[s79hHLEc5NTUAtX4]]></nonce_str>
<sign><![CDATA[3E2A76A8A24324F89C1C77B8F699078A]]></sign>
<result_code><![CDATA[SUCCESS]]></result_code>
<prepay_id><![CDATA[wx201511051727256c721556df0672231441]]></prepay_id>
<trade_type><![CDATA[JSAPI]]></trade_type>
</xml>
2015-11-05 17:27:09.199 DEBUG com.ichsy.jyh.BusinessLayer.WxPayAPI.JsApiPay: JsApiPay::GetJsApiParam is processing...
2015-11-05 17:27:09.199 DEBUG com.ichsy.jyh.BusinessLayer.WxPayAPI.JsApiPay: Get jsApiParam : {"appId":"wxef71574524e5314b","nonceStr":"e7582f67771b417c8dc4319515b7e358","package":"prepay_id=wx201511051727256c721556df0672231441","paySign":"84A2798BDCC61275892D02D8B36719C7","signType":"MD5","timeStamp":"1446715629"}
2015-11-05 17:31:22.309 DEBUG WxPayApi: UnfiedOrder request : <xml><appid><![CDATA[wxef71574524e5314b]]></appid><attach><![CDATA[]]></attach><body><![CDATA[商品]]></body><goods_tag><![CDATA[]]></goods_tag><mch_id><![CDATA[1236186902]]></mch_id><nonce_str><![CDATA[241ad424ceab4acd99467d5d256fad01]]></nonce_str><notify_url><![CDATA[http://qhbeta-cfamily.qhw.srnpr.com/cfamily/manage/wechatWAP_response.ftl]]></notify_url><openid><![CDATA[o-voTt_dl5GpqsbW56kIjDjGKxDs]]></openid><out_trade_no><![CDATA[OS4915104]]></out_trade_no><sign><![CDATA[D3D2B66C2ADA326EE8316AFD1DE2C5FD]]></sign><spbill_create_ip><![CDATA[8.8.8.8]]></spbill_create_ip><time_expire><![CDATA[20151105174122]]></time_expire><time_start><![CDATA[20151105173122]]></time_start><total_fee>33900</total_fee><trade_type><![CDATA[JSAPI]]></trade_type></xml>
2015-11-05 17:31:22.746 DEBUG WxPayApi: UnfiedOrder response : <xml><return_code><![CDATA[SUCCESS]]></return_code>
<return_msg><![CDATA[OK]]></return_msg>
<appid><![CDATA[wxef71574524e5314b]]></appid>
<mch_id><![CDATA[1236186902]]></mch_id>
<nonce_str><![CDATA[PQagrnapbadS1E3E]]></nonce_str>
<sign><![CDATA[B93CF90975C2AC3E7D684A7BF35F9147]]></sign>
<result_code><![CDATA[SUCCESS]]></result_code>
<prepay_id><![CDATA[wx20151105173138914ba867dc0459356697]]></prepay_id>
<trade_type><![CDATA[JSAPI]]></trade_type>
</xml>
2015-11-05 17:31:22.746 DEBUG com.ichsy.jyh.BusinessLayer.WxPayAPI.JsApiPay: JsApiPay::GetJsApiParam is processing...
2015-11-05 17:31:22.746 DEBUG com.ichsy.jyh.BusinessLayer.WxPayAPI.JsApiPay: Get jsApiParam : {"appId":"wxef71574524e5314b","nonceStr":"8829ab07a370464c9693c9010c9c15ea","package":"prepay_id=wx20151105173138914ba867dc0459356697","paySign":"CB511B61C27B87E8B8B7347AA4B8933B","signType":"MD5","timeStamp":"1446715883"}
2015-11-05 18:26:40.357 DEBUG WxPayApi: UnfiedOrder request : <xml><appid><![CDATA[wxef71574524e5314b]]></appid><attach><![CDATA[]]></attach><body><![CDATA[商品]]></body><goods_tag><![CDATA[]]></goods_tag><mch_id><![CDATA[1236186902]]></mch_id><nonce_str><![CDATA[d19c8f4489c049a0881a035c8debec3e]]></nonce_str><notify_url><![CDATA[http://qhbeta-cfamily.qhw.srnpr.com/cfamily/manage/wechatWAP_response.ftl]]></notify_url><openid><![CDATA[o-voTt_dl5GpqsbW56kIjDjGKxDs]]></openid><out_trade_no><![CDATA[OS4955104]]></out_trade_no><sign><![CDATA[5BD7A67A42E79B42B8FCDB47ECC7B27A]]></sign><spbill_create_ip><![CDATA[8.8.8.8]]></spbill_create_ip><time_expire><![CDATA[20151105183640]]></time_expire><time_start><![CDATA[20151105182640]]></time_start><total_fee>0</total_fee><trade_type><![CDATA[JSAPI]]></trade_type></xml>
2015-11-05 18:26:40.560 DEBUG WxPayApi: UnfiedOrder response : <xml><return_code><![CDATA[FAIL]]></return_code>
<return_msg><![CDATA[invalid total_fee]]></return_msg>
</xml>
2015-11-05 18:26:40.575 ERROR com.ichsy.jyh.BusinessLayer.WxPayAPI.JsApiPay: UnifiedOrder response error!
2015-11-05 18:37:51.033 DEBUG WxPayApi: UnfiedOrder request : <xml><appid><![CDATA[wxef71574524e5314b]]></appid><attach><![CDATA[]]></attach><body><![CDATA[商品]]></body><goods_tag><![CDATA[]]></goods_tag><mch_id><![CDATA[1236186902]]></mch_id><nonce_str><![CDATA[020dbec8499045bd9fde63b404a888d3]]></nonce_str><notify_url><![CDATA[http://qhbeta-cfamily.qhw.srnpr.com/cfamily/manage/wechatWAP_response.ftl]]></notify_url><openid><![CDATA[o-voTt_dl5GpqsbW56kIjDjGKxDs]]></openid><out_trade_no><![CDATA[OS4961104]]></out_trade_no><sign><![CDATA[B0C956C67284F9D0823C9763F890847E]]></sign><spbill_create_ip><![CDATA[8.8.8.8]]></spbill_create_ip><time_expire><![CDATA[20151105184751]]></time_expire><time_start><![CDATA[20151105183751]]></time_start><total_fee>0</total_fee><trade_type><![CDATA[JSAPI]]></trade_type></xml>
2015-11-05 18:37:51.252 DEBUG WxPayApi: UnfiedOrder response : <xml><return_code><![CDATA[FAIL]]></return_code>
<return_msg><![CDATA[invalid total_fee]]></return_msg>
</xml>
2015-11-05 18:37:51.252 ERROR com.ichsy.jyh.BusinessLayer.WxPayAPI.JsApiPay: UnifiedOrder response error!
