2015-10-29 15:53:20.778 DEBUG WxPayApi: UnfiedOrder request : <xml><appid><![CDATA[wx081d285c706cc7e6]]></appid><attach><![CDATA[]]></attach><body><![CDATA[商品]]></body><goods_tag><![CDATA[]]></goods_tag><mch_id><![CDATA[1246662601]]></mch_id><nonce_str><![CDATA[38c7b8e538c4462fbab7a9e2cce54958]]></nonce_str><notify_url><![CDATA[http://qhbeta-cfamily.qhw.srnpr.com/cfamily/manage/wechatWAP_response.ftl]]></notify_url><openid><![CDATA[oz1WBs9bKVY-GccoQ33FNdCq2Bzw]]></openid><out_trade_no><![CDATA[OS2745104]]></out_trade_no><sign><![CDATA[E176DFF4F34BA8FF7F2B524EC284175B]]></sign><spbill_create_ip><![CDATA[8.8.8.8]]></spbill_create_ip><time_expire><![CDATA[20151029160320]]></time_expire><time_start><![CDATA[20151029155320]]></time_start><total_fee>4600</total_fee><trade_type><![CDATA[JSAPI]]></trade_type></xml>
2015-10-29 15:53:21.293 DEBUG WxPayApi: UnfiedOrder response : <xml><return_code><![CDATA[SUCCESS]]></return_code>
<return_msg><![CDATA[OK]]></return_msg>
<appid><![CDATA[wx081d285c706cc7e6]]></appid>
<mch_id><![CDATA[1246662601]]></mch_id>
<nonce_str><![CDATA[qPPEwrHMsOsA7crk]]></nonce_str>
<sign><![CDATA[C1E9337B7E05BC89955C26E811EE74B1]]></sign>
<result_code><![CDATA[SUCCESS]]></result_code>
<prepay_id><![CDATA[wx20151029155329dbe3f37e710918700990]]></prepay_id>
<trade_type><![CDATA[JSAPI]]></trade_type>
</xml>
2015-10-29 15:53:21.309 DEBUG com.ichsy.jyh.BusinessLayer.WxPayAPI.JsApiPay: JsApiPay::GetJsApiParam is processing...
2015-10-29 15:53:21.371 DEBUG com.ichsy.jyh.BusinessLayer.WxPayAPI.JsApiPay: Get jsApiParam : {"appId":"wx081d285c706cc7e6","nonceStr":"c4778a63862545ff9a74ae9301d06ea9","package":"prepay_id=wx20151029155329dbe3f37e710918700990","paySign":"34F5C726773177D9CDFF665AD75F50F5","signType":"MD5","timeStamp":"1446105201"}
2015-10-29 15:58:11.407 DEBUG WxPayApi: UnfiedOrder request : <xml><appid><![CDATA[wx081d285c706cc7e6]]></appid><attach><![CDATA[]]></attach><body><![CDATA[商品]]></body><goods_tag><![CDATA[]]></goods_tag><mch_id><![CDATA[1246662601]]></mch_id><nonce_str><![CDATA[ea932d41f2854fccbc9cf18fe3906735]]></nonce_str><notify_url><![CDATA[http://qhbeta-cfamily.qhw.srnpr.com/cfamily/manage/wechatWAP_response.ftl]]></notify_url><openid><![CDATA[oz1WBs9bKVY-GccoQ33FNdCq2Bzw]]></openid><out_trade_no><![CDATA[OS2745104]]></out_trade_no><sign><![CDATA[C03208228990475B7A03092DEC6BFE5D]]></sign><spbill_create_ip><![CDATA[8.8.8.8]]></spbill_create_ip><time_expire><![CDATA[20151029160811]]></time_expire><time_start><![CDATA[20151029155811]]></time_start><total_fee>4600</total_fee><trade_type><![CDATA[JSAPI]]></trade_type></xml>
2015-10-29 15:58:11.859 DEBUG WxPayApi: UnfiedOrder response : <xml><return_code><![CDATA[SUCCESS]]></return_code>
<return_msg><![CDATA[OK]]></return_msg>
<appid><![CDATA[wx081d285c706cc7e6]]></appid>
<mch_id><![CDATA[1246662601]]></mch_id>
<nonce_str><![CDATA[EwkunV7mMi7dWanv]]></nonce_str>
<sign><![CDATA[83D243E81D712AC6087EA0C2338E5F8C]]></sign>
<result_code><![CDATA[SUCCESS]]></result_code>
<prepay_id><![CDATA[wx2015102915582004c52c87030408526246]]></prepay_id>
<trade_type><![CDATA[JSAPI]]></trade_type>
</xml>
2015-10-29 15:58:11.859 DEBUG com.ichsy.jyh.BusinessLayer.WxPayAPI.JsApiPay: JsApiPay::GetJsApiParam is processing...
2015-10-29 15:58:11.859 DEBUG com.ichsy.jyh.BusinessLayer.WxPayAPI.JsApiPay: Get jsApiParam : {"appId":"wx081d285c706cc7e6","nonceStr":"bbfb76ec819a4dbc9e7f7574a09609f6","package":"prepay_id=wx2015102915582004c52c87030408526246","paySign":"10E98E1CF565877C2BA72796C2583383","signType":"MD5","timeStamp":"1446105492"}
2015-10-29 16:38:12.485 DEBUG WxPayApi: UnfiedOrder request : <xml><appid><![CDATA[wx081d285c706cc7e6]]></appid><attach><![CDATA[]]></attach><body><![CDATA[商品]]></body><goods_tag><![CDATA[]]></goods_tag><mch_id><![CDATA[1246662601]]></mch_id><nonce_str><![CDATA[ec0e2b5fbdb2418ebf141088c6e7f6f5]]></nonce_str><notify_url><![CDATA[http://qhbeta-cfamily.qhw.srnpr.com/cfamily/manage/wechatWAP_response.ftl]]></notify_url><openid><![CDATA[oz1WBs7yiCXzoehzDlJhsGfpGiSw]]></openid><out_trade_no><![CDATA[OS2833104]]></out_trade_no><sign><![CDATA[EE724BFBFDF3A8632ECE7098E90CA205]]></sign><spbill_create_ip><![CDATA[8.8.8.8]]></spbill_create_ip><time_expire><![CDATA[20151029164812]]></time_expire><time_start><![CDATA[20151029163812]]></time_start><total_fee>298000</total_fee><trade_type><![CDATA[JSAPI]]></trade_type></xml>
2015-10-29 16:38:12.953 DEBUG WxPayApi: UnfiedOrder response : <xml><return_code><![CDATA[SUCCESS]]></return_code>
<return_msg><![CDATA[OK]]></return_msg>
<appid><![CDATA[wx081d285c706cc7e6]]></appid>
<mch_id><![CDATA[1246662601]]></mch_id>
<nonce_str><![CDATA[LxlUuCGQfDBmRJWe]]></nonce_str>
<sign><![CDATA[65E00736D7F621C320EE500EE4E47098]]></sign>
<result_code><![CDATA[SUCCESS]]></result_code>
<prepay_id><![CDATA[wx20151029163821a790876c3e0617960284]]></prepay_id>
<trade_type><![CDATA[JSAPI]]></trade_type>
</xml>
2015-10-29 16:38:12.953 DEBUG com.ichsy.jyh.BusinessLayer.WxPayAPI.JsApiPay: JsApiPay::GetJsApiParam is processing...
2015-10-29 16:38:12.953 DEBUG com.ichsy.jyh.BusinessLayer.WxPayAPI.JsApiPay: Get jsApiParam : {"appId":"wx081d285c706cc7e6","nonceStr":"6e51545714484d1089b2ad800c058a4e","package":"prepay_id=wx20151029163821a790876c3e0617960284","paySign":"683472B37317E42BD50AE5214C47F7AB","signType":"MD5","timeStamp":"1446107893"}
