2015-09-13 02:19:19.264 DEBUG WxPayApi: UnfiedOrder request : <xml><appid><![CDATA[wx081d285c706cc7e6]]></appid><attach><![CDATA[]]></attach><body><![CDATA[商品]]></body><goods_tag><![CDATA[]]></goods_tag><mch_id><![CDATA[1246662601]]></mch_id><nonce_str><![CDATA[2bd508c8c1974752a080641389a5c7f1]]></nonce_str><notify_url><![CDATA[http://qhbeta-cfamily.qhw.srnpr.com/cfamily/manage/wechatWAP_response.ftl]]></notify_url><openid><![CDATA[oz1WBs_FPv5qbh1cyyoN9fzNZgUw]]></openid><out_trade_no><![CDATA[OS150913800001]]></out_trade_no><sign><![CDATA[F7425BD2F8CC2EE31A4CE6FF61E98441]]></sign><spbill_create_ip><![CDATA[8.8.8.8]]></spbill_create_ip><time_expire><![CDATA[20150913022919]]></time_expire><time_start><![CDATA[20150913021919]]></time_start><total_fee>19900</total_fee><trade_type><![CDATA[JSAPI]]></trade_type></xml>
2015-09-13 02:19:19.763 DEBUG WxPayApi: UnfiedOrder response : <xml><return_code><![CDATA[SUCCESS]]></return_code>
<return_msg><![CDATA[OK]]></return_msg>
<appid><![CDATA[wx081d285c706cc7e6]]></appid>
<mch_id><![CDATA[1246662601]]></mch_id>
<nonce_str><![CDATA[kHCXmX5loEXrBM50]]></nonce_str>
<sign><![CDATA[AD7D88DF4F48C7B82B2D946E09392875]]></sign>
<result_code><![CDATA[SUCCESS]]></result_code>
<prepay_id><![CDATA[wx20150913021933fcb8496a550433183557]]></prepay_id>
<trade_type><![CDATA[JSAPI]]></trade_type>
</xml>
2015-09-13 02:19:19.763 DEBUG com.ichsy.jyh.BusinessLayer.WxPayAPI.JsApiPay: JsApiPay::GetJsApiParam is processing...
2015-09-13 02:19:19.841 DEBUG com.ichsy.jyh.BusinessLayer.WxPayAPI.JsApiPay: Get jsApiParam : {"appId":"wx081d285c706cc7e6","nonceStr":"eb730264361d49ad9038d880b3856926","package":"prepay_id=wx20150913021933fcb8496a550433183557","paySign":"B77EC8A6023BCB3D19FE66F797943FE0","signType":"MD5","timeStamp":"1442081960"}
2015-09-13 02:19:35.550 DEBUG WxPayApi: UnfiedOrder request : <xml><appid><![CDATA[wx081d285c706cc7e6]]></appid><attach><![CDATA[]]></attach><body><![CDATA[商品]]></body><goods_tag><![CDATA[]]></goods_tag><mch_id><![CDATA[1246662601]]></mch_id><nonce_str><![CDATA[e7b690f5522d40768580bb2662c33c11]]></nonce_str><notify_url><![CDATA[http://qhbeta-cfamily.qhw.srnpr.com/cfamily/manage/wechatWAP_response.ftl]]></notify_url><openid><![CDATA[oz1WBs_FPv5qbh1cyyoN9fzNZgUw]]></openid><out_trade_no><![CDATA[OS150913800001]]></out_trade_no><sign><![CDATA[B3A554156BA0054CE8E69162E63FF7AA]]></sign><spbill_create_ip><![CDATA[8.8.8.8]]></spbill_create_ip><time_expire><![CDATA[20150913022935]]></time_expire><time_start><![CDATA[20150913021935]]></time_start><total_fee>19900</total_fee><trade_type><![CDATA[JSAPI]]></trade_type></xml>
2015-09-13 02:19:35.987 DEBUG WxPayApi: UnfiedOrder response : <xml><return_code><![CDATA[SUCCESS]]></return_code>
<return_msg><![CDATA[OK]]></return_msg>
<appid><![CDATA[wx081d285c706cc7e6]]></appid>
<mch_id><![CDATA[1246662601]]></mch_id>
<nonce_str><![CDATA[HOubWhf4V3X3my39]]></nonce_str>
<sign><![CDATA[9DB8F05E5E0804C9E2E160C83257C6F8]]></sign>
<result_code><![CDATA[SUCCESS]]></result_code>
<prepay_id><![CDATA[wx20150913021949e16c2e39090960191088]]></prepay_id>
<trade_type><![CDATA[JSAPI]]></trade_type>
</xml>
2015-09-13 02:19:35.987 DEBUG com.ichsy.jyh.BusinessLayer.WxPayAPI.JsApiPay: JsApiPay::GetJsApiParam is processing...
2015-09-13 02:19:35.987 DEBUG com.ichsy.jyh.BusinessLayer.WxPayAPI.JsApiPay: Get jsApiParam : {"appId":"wx081d285c706cc7e6","nonceStr":"27e6bf58af044c99b4fdc093daa9cc37","package":"prepay_id=wx20150913021949e16c2e39090960191088","paySign":"160A1AF2F90F74C7C4ACFCC52F91AD99","signType":"MD5","timeStamp":"1442081976"}
