2016-01-07 15:20:49.035 DEBUG WxPayApi: UnfiedOrder request : <xml><appid><![CDATA[wxef71574524e5314b]]></appid><attach><![CDATA[]]></attach><body><![CDATA[商品]]></body><goods_tag><![CDATA[]]></goods_tag><mch_id><![CDATA[1236186902]]></mch_id><nonce_str><![CDATA[018d5277db6545f4836899ba0e8af442]]></nonce_str><notify_url><![CDATA[http://qhbeta-cfamily.qhw.srnpr.com/cfamily/manage/wechatWAP_response.ftl]]></notify_url><openid><![CDATA[o-voTt3GDrkR5xdLrP8Kzgf6u7SM]]></openid><out_trade_no><![CDATA[OS18939104]]></out_trade_no><sign><![CDATA[532CC7BADB2472A14A0FFEE2AFC7BEE7]]></sign><spbill_create_ip><![CDATA[8.8.8.8]]></spbill_create_ip><time_expire><![CDATA[20160107153048]]></time_expire><time_start><![CDATA[20160107152048]]></time_start><total_fee>5000</total_fee><trade_type><![CDATA[JSAPI]]></trade_type></xml>
2016-01-07 15:20:49.566 DEBUG WxPayApi: UnfiedOrder response : <xml><return_code><![CDATA[SUCCESS]]></return_code>
<return_msg><![CDATA[OK]]></return_msg>
<appid><![CDATA[wxef71574524e5314b]]></appid>
<mch_id><![CDATA[1236186902]]></mch_id>
<nonce_str><![CDATA[Vqjb4nEME4g7XD8a]]></nonce_str>
<sign><![CDATA[A597840287CBD047F713131B7B943618]]></sign>
<result_code><![CDATA[SUCCESS]]></result_code>
<prepay_id><![CDATA[wx20160107152130e35b8e03ed0631706677]]></prepay_id>
<trade_type><![CDATA[JSAPI]]></trade_type>
</xml>
2016-01-07 15:20:49.597 DEBUG com.ichsy.jyh.BusinessLayer.WxPayAPI.JsApiPay: JsApiPay::GetJsApiParam is processing...
2016-01-07 15:20:49.659 DEBUG com.ichsy.jyh.BusinessLayer.WxPayAPI.JsApiPay: Get jsApiParam : {"appId":"wxef71574524e5314b","nonceStr":"f535d6a5811c43e1b568f596f71567f7","package":"prepay_id=wx20160107152130e35b8e03ed0631706677","paySign":"B5E02813F5EECB71858E91F60FF6DBB1","signType":"MD5","timeStamp":"1452151250"}
2016-01-07 15:21:07.584 DEBUG WxPayApi: UnfiedOrder request : <xml><appid><![CDATA[wxef71574524e5314b]]></appid><attach><![CDATA[]]></attach><body><![CDATA[商品]]></body><goods_tag><![CDATA[]]></goods_tag><mch_id><![CDATA[1236186902]]></mch_id><nonce_str><![CDATA[fec017428a1d41408aace17265d33c56]]></nonce_str><notify_url><![CDATA[http://qhbeta-cfamily.qhw.srnpr.com/cfamily/manage/wechatWAP_response.ftl]]></notify_url><openid><![CDATA[o-voTt3GDrkR5xdLrP8Kzgf6u7SM]]></openid><out_trade_no><![CDATA[OS18939104]]></out_trade_no><sign><![CDATA[7807456C0463DE7F6A2198DA034B1474]]></sign><spbill_create_ip><![CDATA[8.8.8.8]]></spbill_create_ip><time_expire><![CDATA[20160107153107]]></time_expire><time_start><![CDATA[20160107152107]]></time_start><total_fee>5000</total_fee><trade_type><![CDATA[JSAPI]]></trade_type></xml>
2016-01-07 15:21:08.052 DEBUG WxPayApi: UnfiedOrder response : <xml><return_code><![CDATA[SUCCESS]]></return_code>
<return_msg><![CDATA[OK]]></return_msg>
<appid><![CDATA[wxef71574524e5314b]]></appid>
<mch_id><![CDATA[1236186902]]></mch_id>
<nonce_str><![CDATA[MF02D6sRaHYp69z2]]></nonce_str>
<sign><![CDATA[CDCE9B25B0F158A30B172DA5A9C3BF8C]]></sign>
<result_code><![CDATA[SUCCESS]]></result_code>
<prepay_id><![CDATA[wx201601071521485ebe4345a40547078401]]></prepay_id>
<trade_type><![CDATA[JSAPI]]></trade_type>
</xml>
2016-01-07 15:21:08.052 DEBUG com.ichsy.jyh.BusinessLayer.WxPayAPI.JsApiPay: JsApiPay::GetJsApiParam is processing...
2016-01-07 15:21:08.052 DEBUG com.ichsy.jyh.BusinessLayer.WxPayAPI.JsApiPay: Get jsApiParam : {"appId":"wxef71574524e5314b","nonceStr":"1d8085a35810464b9e79751722f33c67","package":"prepay_id=wx201601071521485ebe4345a40547078401","paySign":"771350F04269C6FA6973F72B90FD7F42","signType":"MD5","timeStamp":"1452151268"}
