[2016-11-08 17:34:39.191]		推广：http://fan.test.lacues.cn/Product_Detail.html?pid=8016465485__fan.test.lacues.cn____
[2016-11-08 17:36:26.785]		推广：http://fan.test.lacues.cn/Product_Detail.html?pid=8016465485__fan.test.lacues.cn____
[2016-11-08 17:37:54.750]		推广：__fan.test.lacues.cn____
[2016-11-08 17:44:09.561]		推广：__fan.test.lacues.cn____
[2016-11-08 17:44:52.890]		推广：__fan.test.lacues.cn____
[2016-11-08 17:44:54.504]		推广：__fan.test.lacues.cn____
[2016-11-08 17:44:58.540]		推广：__fan.test.lacues.cn____
[2016-11-08 17:45:06.971]		推广：__fan.test.lacues.cn____
[2016-11-08 17:45:08.752]		推广：http://fan.test.lacues.cn/__fan.test.lacues.cn____
[2016-11-08 17:45:09.841]		推广：http://fan.test.lacues.cn/Account/index.html?t=0.655205234966463__fan.test.lacues.cn____
[2016-11-08 17:45:19.434]		推广：http://fan.test.lacues.cn/Account/login.html?t=0.6480957059308663__fan.test.lacues.cn____
[2016-11-08 17:45:21.064]		推广：http://fan.test.lacues.cn/__fan.test.lacues.cn____
[2016-11-08 17:45:34.353]		推广：http://fan.test.lacues.cn/Account/index.html?t=0.3981659833735167__fan.test.lacues.cn____
[2016-11-08 17:55:48.586]		推广：__fan.test.lacues.cn____
[2016-11-08 17:56:00.788]		推广：__fan.test.lacues.cn____
[2016-11-08 17:56:01.347]		推广：http://fan.test.lacues.cn/__fan.test.lacues.cn____
[2016-11-08 17:56:05.413]		推广：__fan.test.lacues.cn____
[2016-11-08 17:56:08.500]		推广：http://fan.test.lacues.cn/Account/index.html?t=0.7944588325769211__fan.test.lacues.cn____
[2016-11-08 17:56:09.193]		推广：http://fan.test.lacues.cn/__fan.test.lacues.cn____
[2016-11-08 17:56:11.082]		推广：http://fan.test.lacues.cn/Account/index.html?t=0.7944588325769211__fan.test.lacues.cn____
[2016-11-08 17:59:05.921]		推广：http://fan.test.lacues.cn/Account/MyOrder_List.html?paytype=ALL__fan.test.lacues.cn____
[2016-11-08 18:00:37.686]		推广：http://fan.test.lacues.cn/Account/MyOrder_List.html?paytype=ALL__fan.test.lacues.cn____
[2016-11-08 18:00:37.950]		推广：__fan.test.lacues.cn____
[2016-11-08 18:01:18.388]		推广：__fan.test.lacues.cn____
[2016-11-08 18:01:34.275]		推广：__fan.test.lacues.cn____
[2016-11-08 18:10:14.034]		推广：__fan.test.lacues.cn____
[2016-11-08 18:12:36.350]		推广：__fan.test.lacues.cn____
[2016-11-08 18:14:15.493]		推广：__fan.test.lacues.cn____
[2016-11-08 18:16:16.847]		推广：http://fan.test.lacues.cn/__fan.test.lacues.cn____
[2016-11-08 18:16:25.364]		推广：http://fan.test.lacues.cn/__fan.test.lacues.cn____
[2016-11-08 18:17:07.608]		推广：http://dlq-event.ycp8.cn/cevent/web/productSeKill/product_bargainPriceList.html?pageCode=ZT160825100001__fan.test.lacues.cn____
[2016-11-08 18:17:25.385]		推广：http://fan.test.lacues.cn/Product_Detail.html?pid=8016465488__fan.test.lacues.cn____
[2016-11-08 18:17:26.154]		推广：__fan.test.lacues.cn____
[2016-11-08 18:17:38.326]		推广：http://fan.test.lacues.cn/order/OrderConfirm.html?t=0.966709336033091__fan.test.lacues.cn____
[2016-11-08 18:17:48.560]		推广：http://fan.test.lacues.cn/Account/login.html?t=0.7380930874496698__fan.test.lacues.cn____
[2016-11-08 18:17:49.759]		推广：__fan.test.lacues.cn____
[2016-11-08 18:17:55.428]		推广：http://fan.test.lacues.cn/__fan.test.lacues.cn____
[2016-11-08 18:17:56.915]		推广：http://test.pay.caiyb.cn/Handle/TWXJ00000000000000000000001785/1478600276?sign=12FB9152B523FAD41134A33FB8D77062__fan.test.lacues.cn____
[2016-11-08 18:19:56.058]		推广：http://fan.test.lacues.cn/__fan.test.lacues.cn____
[2016-11-08 18:22:08.595]		推广：http://fan.test.lacues.cn/Order/OrderSuccess.html?bankorderid=SIM_20161108181755_08hemref31au__fan.test.lacues.cn____
[2016-11-08 18:22:17.690]		推广：http://fan.test.lacues.cn/Account/MyOrder_List.html?paytype=ALL__fan.test.lacues.cn____
[2016-11-08 18:23:17.238]		推广：http://fan.test.lacues.cn/Account/MyOrder_List.html?paytype=ALL__fan.test.lacues.cn____
[2016-11-08 18:25:24.085]		推广：http://fan.test.lacues.cn/Account/MyOrder_List.html?paytype=ALL__fan.test.lacues.cn____
[2016-11-08 18:25:32.084]		推广：http://fan.test.lacues.cn/Order/OrderSuccess.html?bankorderid=SIM_20161108181755_08hemref31au__fan.test.lacues.cn____
[2016-11-08 18:25:44.376]		推广：http://fan.test.lacues.cn/Account/MyOrder_List.html?paytype=ALL__fan.test.lacues.cn____
[2016-11-08 18:25:47.372]		推广：__fan.test.lacues.cn____
[2016-11-08 18:28:32.775]		推广：http://fan.test.lacues.cn/__fan.test.lacues.cn____
[2016-11-08 18:28:38.708]		推广：__fan.test.lacues.cn____
[2016-11-08 18:28:39.100]		推广：http://fan.test.lacues.cn/__fan.test.lacues.cn____
[2016-11-08 18:29:03.013]		推广：http://fan.test.lacues.cn/Search.html?t=0.6613067265134305__fan.test.lacues.cn____
[2016-11-08 18:29:10.626]		推广：http://fan.test.lacues.cn/Product_List.html?showtype=__fan.test.lacues.cn____
[2016-11-08 18:31:25.441]		推广：__fan.test.lacues.cn____
[2016-11-08 18:31:30.519]		推广：http://fan.test.lacues.cn/__fan.test.lacues.cn____
[2016-11-08 18:31:35.429]		推广：http://fan.test.lacues.cn/Account/index.html?t=0.07147389091551304__fan.test.lacues.cn____
[2016-11-08 18:31:43.032]		推广：http://fan.test.lacues.cn/Account/MyOrder_List.html?paytype=DSH__fan.test.lacues.cn____
[2016-11-08 18:31:49.915]		推广：http://fan.test.lacues.cn/Account/MyOrder_detail.html?order_code=DD1279103__fan.test.lacues.cn____
[2016-11-08 18:33:00.811]		推广：http://fan.test.lacues.cn/Account/MyOrder_detail.html?order_code=DD1279103__fan.test.lacues.cn____
[2016-11-08 18:33:07.538]		推广：http://fan.test.lacues.cn/Account/MyOrder_detail.html?order_code=DD1279103__fan.test.lacues.cn____
[2016-11-08 18:33:09.290]		推广：http://fan.test.lacues.cn/Account/MyOrder_List_ckwl.html?order_code=DD1279103__fan.test.lacues.cn____
[2016-11-08 18:33:11.842]		推广：http://fan.test.lacues.cn/Account/MyOrder_detail.html?order_code=DD1279103__fan.test.lacues.cn____
[2016-11-08 18:33:16.311]		推广：http://fan.test.lacues.cn/Account/MyOrder_List_ckwl.html?order_code=DD1279103__fan.test.lacues.cn____
[2016-11-08 18:33:16.674]		推广：http://fan.test.lacues.cn/Account/MyOrder_detail.html?order_code=DD1279103__fan.test.lacues.cn____
[2016-11-08 18:33:21.573]		推广：http://fan.test.lacues.cn/Account/MyOrder_List.html?paytype=DSH__fan.test.lacues.cn____
[2016-11-08 18:33:22.915]		推广：http://fan.test.lacues.cn/Account/MyOrder_List_ckwl.html?order_code=DD1279103__fan.test.lacues.cn____
[2016-11-08 18:33:23.645]		推广：http://fan.test.lacues.cn/Account/MyOrder_List.html?paytype=DSH__fan.test.lacues.cn____
[2016-11-08 18:33:26.492]		推广：http://fan.test.lacues.cn/Account/index.html?t=0.07147389091551304__fan.test.lacues.cn____
[2016-11-08 18:33:28.839]		推广：http://fan.test.lacues.cn/Account/MyOrder_List.html?paytype=DSH__fan.test.lacues.cn____
[2016-11-08 18:33:39.899]		推广：http://fan.test.lacues.cn/Account/MyOrder_detail.html?order_code=DD1279103__fan.test.lacues.cn____
[2016-11-08 18:33:46.983]		推广：http://fan.test.lacues.cn/Account/MyTKSH_SQ.html?order_code=DD1279103__fan.test.lacues.cn____
[2016-11-08 18:33:48.859]		推广：http://fan.test.lacues.cn/Account/MyOrder_List.html?paytype=DSH__fan.test.lacues.cn____
[2016-11-08 18:33:50.799]		推广：http://fan.test.lacues.cn/Account/MyOrder_detail.html?order_code=DD1279103__fan.test.lacues.cn____
[2016-11-08 18:33:54.192]		推广：http://fan.test.lacues.cn/Account/MyOrder_List.html?paytype=DSH__fan.test.lacues.cn____
[2016-11-08 18:33:55.982]		推广：http://fan.test.lacues.cn/Account/index.html?t=0.07147389091551304__fan.test.lacues.cn____
[2016-11-08 18:33:57.870]		推广：http://fan.test.lacues.cn/__fan.test.lacues.cn____
[2016-11-08 18:34:11.286]		推广：http://fan.test.lacues.cn/Account/index.html?t=0.8970619791653007__fan.test.lacues.cn____
[2016-11-08 18:34:17.819]		推广：http://fan.test.lacues.cn/Account/MyOrder_List.html?paytype=JYCG__fan.test.lacues.cn____
[2016-11-08 18:34:19.571]		推广：http://fan.test.lacues.cn/Account/MyOrder_List_ckwl.html?order_code=DD1279103__fan.test.lacues.cn____
[2016-11-08 18:34:20.912]		推广：http://fan.test.lacues.cn/Account/MyOrder_List.html?paytype=JYCG__fan.test.lacues.cn____
[2016-11-08 18:34:24.641]		推广：http://fan.test.lacues.cn/Account/index.html?t=0.8970619791653007__fan.test.lacues.cn____
[2016-11-08 18:34:35.176]		推广：http://fan.test.lacues.cn/Account/login.html?t=0.9443075561430305__fan.test.lacues.cn____
[2016-11-08 18:38:13.711]		推广：__fan.test.lacues.cn____
[2016-11-08 18:39:20.964]		推广：__fan.test.lacues.cn____
[2016-11-08 18:39:25.746]		推广：http://fan.test.lacues.cn/__fan.test.lacues.cn____
[2016-11-08 18:39:27.163]		推广：http://fan.test.lacues.cn/Account/index.html?t=0.9210166079318278__fan.test.lacues.cn____
[2016-11-08 18:39:46.043]		推广：http://fan.test.lacues.cn/Account/login.html?t=0.5786799732426111__fan.test.lacues.cn____
[2016-11-08 18:39:54.920]		推广：http://fan.test.lacues.cn/__fan.test.lacues.cn____
[2016-11-08 18:40:00.393]		推广：http://fan.test.lacues.cn/Product_Detail.html?pid=8016465484__fan.test.lacues.cn____
[2016-11-08 18:40:17.873]		推广：__fan.test.lacues.cn____
[2016-11-08 18:40:22.490]		推广：http://test.pay.caiyb.cn/Handle/TALIPM000000000000000000001032/1478601619?sign=488E653FE50A8E9F7068B79EFB2BFF3B__fan.test.lacues.cn____
[2016-11-08 18:40:31.234]		推广：http://fan.test.lacues.cn/__fan.test.lacues.cn____
[2016-11-08 18:40:36.034]		推广：http://fan.test.lacues.cn/Account/index.html?t=0.5281130352523178__fan.test.lacues.cn____
[2016-11-08 18:40:41.179]		推广：http://fan.test.lacues.cn/Account/MyOrder_List.html?paytype=JYCG__fan.test.lacues.cn____
[2016-11-08 18:40:43.525]		推广：http://fan.test.lacues.cn/Account/MyOrder_detail.html?order_code=DD1279103__fan.test.lacues.cn____
[2016-11-08 18:41:37.519]		推广：http://fan.test.lacues.cn/Account/MyOrder_List_ckwl.html?order_code=DD1279103__fan.test.lacues.cn____
[2016-11-08 18:41:40.549]		推广：http://fan.test.lacues.cn/Account/MyOrder_detail.html?order_code=DD1279103__fan.test.lacues.cn____
[2016-11-08 18:42:36.039]		推广：http://fan.test.lacues.cn/Account/MyOrder_List_ckwl.html?order_code=DD1279103__fan.test.lacues.cn____
[2016-11-08 18:42:48.757]		推广：__fan.test.lacues.cn____
[2016-11-08 18:44:00.285]		推广：__fan.test.lacues.cn____
[2016-11-08 18:44:08.955]		推广：http://fan.test.lacues.cn/__fan.test.lacues.cn____
[2016-11-08 18:44:13.475]		推广：http://fan.test.lacues.cn/Account/index.html?t=0.37752370233647525__fan.test.lacues.cn____
[2016-11-08 18:44:19.136]		推广：http://fan.test.lacues.cn/Account/MyOrder_List.html?paytype=JYCG__fan.test.lacues.cn____
[2016-11-08 18:44:28.987]		推广：http://fan.test.lacues.cn/Account/MyOrder_detail.html?order_code=DD1279103__fan.test.lacues.cn____
[2016-11-08 18:45:27.935]		推广：http://fan.test.lacues.cn/__fan.test.lacues.cn____
[2016-11-08 18:46:08.409]		推广：__fan.test.lacues.cn____
[2016-11-08 18:46:14.787]		推广：http://fan.test.lacues.cn/Account/MyTKSH_SQ.html?order_code=DD1279103__fan.test.lacues.cn____
[2016-11-08 18:48:23.293]		推广：http://fan.test.lacues.cn/Account/MyOrder_List.html?paytype=JYCG__fan.test.lacues.cn____
[2016-11-08 18:48:26.982]		推广：http://fan.test.lacues.cn/Account/MyOrder_detail.html?order_code=DD1279103__fan.test.lacues.cn____
[2016-11-08 18:48:30.805]		推广：__fan.test.lacues.cn____
[2016-11-08 18:48:45.732]		推广：http://fan.test.lacues.cn/__fan.test.lacues.cn____
[2016-11-08 18:48:47.713]		推广：http://fan.test.lacues.cn/Account/index.html?t=0.29032490123063326__fan.test.lacues.cn____
[2016-11-08 18:48:50.583]		推广：http://fan.test.lacues.cn/Account/MyTKSH_List.html?paytype=TKSH__fan.test.lacues.cn____
[2016-11-08 18:49:21.608]		推广：http://fan.test.lacues.cn/Account/MyTKSH_Detail.html?order_code=DD1279103__fan.test.lacues.cn____
[2016-11-08 18:49:24.176]		推广：http://fan.test.lacues.cn/Account/MyTKSH_List.html?paytype=TKSH__fan.test.lacues.cn____
[2016-11-08 18:49:33.627]		推广：http://fan.test.lacues.cn/Account/index.html?t=0.29032490123063326__fan.test.lacues.cn____
