[2016-11-23 09:04:11.718]		推广：__fan.test.lacues.cn____
[2016-11-23 09:04:20.826]		推广：__fan.test.lacues.cn____
[2016-11-23 09:04:23.074]		推广：http://fan.test.lacues.cn/Account/index.html?t=0.26300777844153345__fan.test.lacues.cn____
[2016-11-23 09:04:30.800]		推广：http://fan.test.lacues.cn/Account/index.html?t=0.26300777844153345__fan.test.lacues.cn____
[2016-11-23 09:04:41.903]		推广：http://fan.test.lacues.cn/Account/login.html?t=0.6470190372783691__fan.test.lacues.cn____
[2016-11-23 09:04:52.950]		推广：__fan.test.lacues.cn____
[2016-11-23 09:05:02.229]		推广：__fan.test.lacues.cn____
[2016-11-23 09:15:51.718]		推广：__fan.test.lacues.cn____
[2016-11-23 09:16:43.996]		推广：http://fan.test.lacues.cn/__fan.test.lacues.cn____
[2016-11-23 09:16:53.287]		推广：http://fan.test.lacues.cn/Account/index.html?t=0.8481422797776759__fan.test.lacues.cn____
[2016-11-23 09:17:06.649]		推广：http://fan.test.lacues.cn/Account/login.html?t=0.44452446908690035__fan.test.lacues.cn____
[2016-11-23 09:17:15.115]		推广：http://fan.test.lacues.cn/__fan.test.lacues.cn____
[2016-11-23 09:17:19.765]		推广：http://fan.test.lacues.cn/Account/index.html?t=0.6607453704345971__fan.test.lacues.cn____
[2016-11-23 09:17:24.008]		推广：http://fan.test.lacues.cn/Account/MyTKSH_List.html?paytype=TKSH__fan.test.lacues.cn____
[2016-11-23 09:17:47.607]		推广：http://fan.test.lacues.cn/Account/MyTKSH_List.html?paytype=TKSH__fan.test.lacues.cn____
[2016-11-23 09:19:02.624]		推广：http://fan.test.lacues.cn/Account/index.html?t=0.6607453704345971__fan.test.lacues.cn____
[2016-11-23 09:20:58.960]		推广：http://fan.test.lacues.cn/Account/MyTKSH_List.html?paytype=TKSH__fan.test.lacues.cn____
[2016-11-23 09:21:04.409]		推广：http://fan.test.lacues.cn/Account/MyTKSH_Detail.html?order_code=DD1279103__fan.test.lacues.cn____
[2016-11-23 09:21:06.867]		推广：http://fan.test.lacues.cn/Account/MyTKSH_List.html?paytype=TKSH__fan.test.lacues.cn____
[2016-11-23 09:21:08.740]		推广：http://fan.test.lacues.cn/Account/index.html?t=0.6607453704345971__fan.test.lacues.cn____
[2016-11-23 09:21:12.248]		推广：http://fan.test.lacues.cn/Account/MyOrder_List.html?paytype=JYCG__fan.test.lacues.cn____
[2016-11-23 09:21:16.169]		推广：http://fan.test.lacues.cn/Account/MyOrder_detail.html?order_code=DD1450103__fan.test.lacues.cn____
[2016-11-23 09:21:52.145]		推广：http://fan.test.lacues.cn/Account/MyTKSH_SQ.html?order_code=DD1450103__fan.test.lacues.cn____
[2016-11-23 09:22:26.719]		推广：http://fan.test.lacues.cn/Account/MyTKSH_SQ.html?order_code=DD1450103__fan.test.lacues.cn____
[2016-11-23 09:22:26.764]		推广：http://fan.test.lacues.cn/Account/MyTKSH_List.html?t=0.1377387831453234__fan.test.lacues.cn____
[2016-11-23 09:22:26.953]		推广：http://fan.test.lacues.cn/Account/MyOrder_List.html?paytype=JYCG__fan.test.lacues.cn____
[2016-11-23 09:22:27.047]		推广：http://fan.test.lacues.cn/Account/MyOrder_detail.html?order_code=DD1450103__fan.test.lacues.cn____
[2016-11-23 09:22:35.037]		推广：http://fan.test.lacues.cn/Account/index.html?t=0.6607453704345971__fan.test.lacues.cn____
[2016-11-23 09:22:39.517]		推广：http://fan.test.lacues.cn/Account/MyOrder_List.html?paytype=JYCG__fan.test.lacues.cn____
[2016-11-23 09:22:50.958]		推广：http://fan.test.lacues.cn/Account/MyOrder_detail.html?order_code=DD1450103__fan.test.lacues.cn____
[2016-11-23 09:22:58.823]		推广：http://fan.test.lacues.cn/Account/MyTKSH_Detail.html?afterCode=CGS161123100001__fan.test.lacues.cn____
[2016-11-23 09:23:01.036]		推广：http://fan.test.lacues.cn/Account/MyOrder_List.html?paytype=JYCG__fan.test.lacues.cn____
[2016-11-23 09:23:03.048]		推广：http://fan.test.lacues.cn/Account/index.html?t=0.6607453704345971__fan.test.lacues.cn____
[2016-11-23 09:23:06.187]		推广：http://fan.test.lacues.cn/Account/MyOrder_List.html?paytype=JYCG__fan.test.lacues.cn____
[2016-11-23 09:23:08.558]		推广：http://fan.test.lacues.cn/Account/MyOrder_detail.html?order_code=DD1473103__fan.test.lacues.cn____
[2016-11-23 09:27:45.247]		推广：http://fan.test.lacues.cn/Account/MyOrder_List.html?paytype=JYCG__fan.test.lacues.cn____
[2016-11-23 09:38:25.606]		推广：__fan.test.lacues.cn____
[2016-11-23 09:38:32.103]		推广：http://fan.test.lacues.cn/Account/__fan.test.lacues.cn____
[2016-11-23 09:39:04.673]		推广：http://fan.test.lacues.cn/Account/login.html?t=0.5816063557285815__fan.test.lacues.cn____
[2016-11-23 09:39:07.261]		推广：http://fan.test.lacues.cn/__fan.test.lacues.cn____
[2016-11-23 09:39:09.628]		推广：http://fan.test.lacues.cn/Account/index.html?t=0.5890259423758835__fan.test.lacues.cn____
[2016-11-23 09:39:12.387]		推广：http://fan.test.lacues.cn/Account/MyTKSH_List.html?paytype=TKSH__fan.test.lacues.cn____
[2016-11-23 09:41:45.194]		推广：__fan.test.lacues.cn____
[2016-11-23 09:41:53.484]		推广：http://fan.test.lacues.cn/__fan.test.lacues.cn____
[2016-11-23 09:41:55.975]		推广：http://fan.test.lacues.cn/Account/index.html?t=0.9191674487665296__fan.test.lacues.cn____
[2016-11-23 09:42:17.849]		推广：http://fan.test.lacues.cn/Account/login.html?t=0.8328794322442263__fan.test.lacues.cn____
[2016-11-23 09:42:20.528]		推广：http://fan.test.lacues.cn/__fan.test.lacues.cn____
[2016-11-23 09:42:23.620]		推广：http://fan.test.lacues.cn/Account/index.html?t=0.659892363473773__fan.test.lacues.cn____
[2016-11-23 09:42:25.413]		推广：http://fan.test.lacues.cn/Account/MyTKSH_List.html?paytype=TKSH__fan.test.lacues.cn____
[2016-11-23 09:47:17.899]		推广：__fan.test.lacues.cn____
[2016-11-23 09:48:29.622]		推广：http://fan.test.lacues.cn/Account/MyTKSH_List.html?paytype=TKSH__fan.test.lacues.cn____
[2016-11-23 09:49:04.264]		推广：http://fan.test.lacues.cn/__fan.test.lacues.cn____
[2016-11-23 09:49:06.164]		推广：http://fan.test.lacues.cn/Account/index.html?t=0.6148697569909136__fan.test.lacues.cn____
[2016-11-23 09:49:10.923]		推广：http://fan.test.lacues.cn/Account/login.html?t=0.7569909128313241__fan.test.lacues.cn____
[2016-11-23 09:49:12.996]		推广：http://fan.test.lacues.cn/__fan.test.lacues.cn____
[2016-11-23 09:51:19.759]		推广：http://fan.test.lacues.cn/Account/MyTKSH_List.html?paytype=TKSH__fan.test.lacues.cn____
[2016-11-23 09:51:23.468]		推广：http://fan.test.lacues.cn/Account/MyTKSH_TXWL.html?order_code=DD1242103__fan.test.lacues.cn____
[2016-11-23 09:55:56.084]		推广：http://fan.test.lacues.cn/Account/MyTKSH_TXWL.html?order_code=DD1242103__fan.test.lacues.cn____
[2016-11-23 09:55:59.350]		推广：http://fan.test.lacues.cn/Account/MyTKSH_List.html?paytype=TKSH__fan.test.lacues.cn____
[2016-11-23 09:56:01.041]		推广：http://fan.test.lacues.cn/Account/index.html?t=0.5890259423758835__fan.test.lacues.cn____
[2016-11-23 09:56:27.649]		推广：http://fan.test.lacues.cn/Account/login.html?t=0.20733958599157631__fan.test.lacues.cn____
[2016-11-23 09:56:28.838]		推广：http://fan.test.lacues.cn/__fan.test.lacues.cn____
[2016-11-23 09:56:30.910]		推广：http://fan.test.lacues.cn/Account/index.html?t=0.8549530024174601__fan.test.lacues.cn____
[2016-11-23 09:56:32.434]		推广：http://fan.test.lacues.cn/Account/MyTKSH_List.html?paytype=TKSH__fan.test.lacues.cn____
[2016-11-23 09:57:19.411]		推广：http://fan.test.lacues.cn/Account/MyTKSH_TXWL.html?order_code=DD1242103__fan.test.lacues.cn____
[2016-11-23 10:02:29.098]		推广：http://fan.test.lacues.cn/Account/index.html?t=0.2329163709327824__fan.test.lacues.cn____
[2016-11-23 10:02:30.131]		推广：http://fan.test.lacues.cn/Account/MyAccount.html?t=0.17710708288889765__fan.test.lacues.cn____
[2016-11-23 10:02:33.419]		推广：http://fan.test.lacues.cn/Account/AddressList.html?t=0.1716296383938729__fan.test.lacues.cn____
[2016-11-23 10:02:36.337]		推广：http://fan.test.lacues.cn/Account/login.html__fan.test.lacues.cn____
[2016-11-23 10:02:39.140]		推广：http://fan.test.lacues.cn/Account/AddressList.html?t=0.1716296383938729__fan.test.lacues.cn____
[2016-11-23 10:02:42.038]		推广：http://fan.test.lacues.cn/Account/AddressList.html?t=0.1716296383938729__fan.test.lacues.cn____
[2016-11-23 10:02:42.829]		推广：http://fan.test.lacues.cn/Account/AddressList.html?t=0.1716296383938729__fan.test.lacues.cn____
[2016-11-23 10:03:02.425]		推广：__fan.test.lacues.cn____
[2016-11-23 10:03:06.169]		推广：__fan.test.lacues.cn____
[2016-11-23 10:03:09.056]		推广：__fan.test.lacues.cn____
[2016-11-23 10:03:10.364]		推广：__fan.test.lacues.cn____
[2016-11-23 10:06:52.868]		推广：http://fan.test.lacues.cn/Account/AddressList.html?t=0.1716296383938729__fan.test.lacues.cn____
[2016-11-23 10:06:53.917]		推广：http://fan.test.lacues.cn/Account/AddressList.html?t=0.1716296383938729__fan.test.lacues.cn____
[2016-11-23 10:18:14.952]		推广：__fan.test.lacues.cn____
[2016-11-23 10:18:20.355]		推广：http://fan.test.lacues.cn/__fan.test.lacues.cn____
[2016-11-23 10:18:26.887]		推广：__fan.test.lacues.cn____
[2016-11-23 10:18:31.535]		推广：http://fan.test.lacues.cn/__fan.test.lacues.cn____
[2016-11-23 10:57:52.849]		推广：__fan.test.lacues.cn____
[2016-11-23 10:58:25.756]		推广：http://fan.test.lacues.cn/__fan.test.lacues.cn____
[2016-11-23 10:58:27.203]		推广：http://fan.test.lacues.cn/Account/index.html?t=0.3560251307756621__fan.test.lacues.cn____
[2016-11-23 11:04:38.041]		推广：__fan.test.lacues.cn____
[2016-11-23 11:06:00.771]		推广：__fan.test.lacues.cn____
[2016-11-23 11:06:22.000]		推广：__fan.test.lacues.cn____
[2016-11-23 11:06:59.068]		推广：__fan.test.lacues.cn____
[2016-11-23 11:07:03.310]		推广：http://fan.test.lacues.cn/Account/MyTKSH_SQ.html?order_code=DD1450103__fan.test.lacues.cn____
[2016-11-23 11:07:05.681]		推广：__fan.test.lacues.cn____
[2016-11-23 11:07:09.403]		推广：http://fan.test.lacues.cn/Account/MyTKSH_SQ.html?order_code=DD1450103__fan.test.lacues.cn____
[2016-11-23 11:07:16.107]		推广：__fan.test.lacues.cn____
[2016-11-23 11:07:19.876]		推广：http://fan.test.lacues.cn/Account/MyTKSH_SQ.html?order_code=DD1450103__fan.test.lacues.cn____
[2016-11-23 11:07:32.042]		推广：http://fan.test.lacues.cn/__fan.test.lacues.cn____
[2016-11-23 11:07:32.989]		推广：http://fan.test.lacues.cn/Account/index.html?t=0.2972565564345533__fan.test.lacues.cn____
[2016-11-23 11:07:36.397]		推广：http://fan.test.lacues.cn/Account/login.html?t=0.09957502871096224__fan.test.lacues.cn____
[2016-11-23 11:07:38.891]		推广：__fan.test.lacues.cn____
[2016-11-23 11:08:46.363]		推广：http://fan.test.lacues.cn/__fan.test.lacues.cn____
[2016-11-23 11:08:49.148]		推广：http://fan.test.lacues.cn/Account/index.html?t=0.24925275864322205__fan.test.lacues.cn____
[2016-11-23 11:22:45.166]		推广：http://fan.test.lacues.cn/Account/login.html?t=0.9030329995743034__fan.test.lacues.cn____
[2016-11-23 11:24:36.893]		推广：http://fan.test.lacues.cn/__fan.test.lacues.cn____
[2016-11-23 11:29:06.174]		推广：__fan.test.lacues.cn____
[2016-11-23 11:29:19.824]		推广：http://fan.test.lacues.cn/Product_Detail.html?pid=8016465488__fan.test.lacues.cn____
[2016-11-23 11:44:33.739]		推广：http://fan.test.lacues.cn/__fan.test.lacues.cn____
[2016-11-23 11:44:35.415]		推广：http://fan.test.lacues.cn/Search.html?t=0.0009845297323816116__fan.test.lacues.cn____
[2016-11-23 11:44:38.758]		推广：http://fan.test.lacues.cn/Product_List.html?showtype=__fan.test.lacues.cn____
[2016-11-23 11:45:01.930]		推广：http://fan.test.lacues.cn/Product_List.html?showtype=__fan.test.lacues.cn____
[2016-11-23 11:45:09.508]		推广：http://fan.test.lacues.cn/Product_Detail.html?pid=58016100291__fan.test.lacues.cn____
[2016-11-23 11:45:12.632]		推广：http://fan.test.lacues.cn/order/OrderConfirm.html?t=0.8523155912510183__fan.test.lacues.cn____
[2016-11-23 11:45:15.055]		推广：http://fan.test.lacues.cn/Account/login.html?t=0.7581208077744994__fan.test.lacues.cn____
[2016-11-23 11:45:31.867]		推广：http://test.pay.caiyb.cn/Handle/TALIPM000000000000000000001123/1479872731?sign=DCA2DD658AA0229A38D1F597242A2E6F__fan.test.lacues.cn____
[2016-11-23 11:45:37.144]		推广：http://fan.test.lacues.cn/Order/OrderSuccess.html?orderid=OS1561103__fan.test.lacues.cn____
[2016-11-23 11:45:41.466]		推广：http://fan.test.lacues.cn/Account/MyOrder_List.html?paytype=ALL__fan.test.lacues.cn____
[2016-11-23 11:45:59.003]		推广：http://fan.test.lacues.cn/Account/MyOrder_detail.html?order_code=DD1589103__fan.test.lacues.cn____
[2016-11-23 11:46:00.360]		推广：http://fan.test.lacues.cn/Product_Detail.html?pid=58016100291__fan.test.lacues.cn____
[2016-11-23 11:51:17.577]		推广：__fan.test.lacues.cn____
[2016-11-23 11:53:50.725]		推广：http://fan.test.lacues.cn/__fan.test.lacues.cn____
[2016-11-23 11:53:54.810]		推广：http://fan.test.lacues.cn/Account/index.html?t=0.4421653032768518__fan.test.lacues.cn____
[2016-11-23 11:54:11.451]		推广：http://fan.test.lacues.cn/Account/login.html?t=0.5512204086408019__fan.test.lacues.cn____
[2016-11-23 11:54:18.400]		推广：http://fan.test.lacues.cn/__fan.test.lacues.cn____
[2016-11-23 11:54:23.200]		推广：http://fan.test.lacues.cn/Account/index.html?t=0.8730835560709238__fan.test.lacues.cn____
[2016-11-23 11:54:25.960]		推广：http://fan.test.lacues.cn/Account/MyOrder_List.html?paytype=JYCG__fan.test.lacues.cn____
[2016-11-23 11:54:28.486]		推广：http://fan.test.lacues.cn/Account/index.html?t=0.8730835560709238__fan.test.lacues.cn____
[2016-11-23 11:54:31.732]		推广：http://fan.test.lacues.cn/Account/MyTKSH_List.html?paytype=TKSH__fan.test.lacues.cn____
[2016-11-23 11:54:49.540]		推广：http://fan.test.lacues.cn/Account/MyTKSH_List.html?paytype=TKSH__fan.test.lacues.cn____
[2016-11-23 11:57:35.177]		推广：http://fan.test.lacues.cn/Account/MyTKSH_TXWL.html?order_code=DD1242103__fan.test.lacues.cn____
[2016-11-23 11:57:38.428]		推广：http://fan.test.lacues.cn/Account/MyTKSH_List.html?paytype=TKSH__fan.test.lacues.cn____
[2016-11-23 11:57:41.158]		推广：http://fan.test.lacues.cn/Account/MyTKSH_Detail.html?order_code=DD1279103__fan.test.lacues.cn____
[2016-11-23 11:57:42.747]		推广：http://fan.test.lacues.cn/Account/MyTKSH_List.html?paytype=TKSH__fan.test.lacues.cn____
[2016-11-23 11:57:45.807]		推广：http://fan.test.lacues.cn/Account/MyTKSH_Detail.html?order_code=DD1450103__fan.test.lacues.cn____
[2016-11-23 11:57:48.141]		推广：http://fan.test.lacues.cn/Account/MyTKSH_List.html?paytype=TKSH__fan.test.lacues.cn____
[2016-11-23 11:57:50.167]		推广：http://fan.test.lacues.cn/Account/index.html?t=0.8730835560709238__fan.test.lacues.cn____
[2016-11-23 11:57:53.247]		推广：http://fan.test.lacues.cn/Account/MyOrder_List.html?paytype=DSH__fan.test.lacues.cn____
[2016-11-23 11:59:03.740]		推广：http://fan.test.lacues.cn/Account/index.html?t=0.8730835560709238__fan.test.lacues.cn____
[2016-11-23 11:59:16.417]		推广：http://fan.test.lacues.cn/Account/MyOrder_List.html?paytype=DSH__fan.test.lacues.cn____
[2016-11-23 11:59:20.851]		推广：http://fan.test.lacues.cn/Account/MyOrder_detail.html?order_code=DD1448103__fan.test.lacues.cn____
[2016-11-23 11:59:44.014]		推广：http://fan.test.lacues.cn/Account/MyOrder_detail.html?order_code=DD1589103__fan.test.lacues.cn____
[2016-11-23 11:59:49.437]		推广：http://fan.test.lacues.cn/Product_Detail.html?pid=58016100291__fan.test.lacues.cn____
[2016-11-23 12:00:22.250]		推广：http://fan.test.lacues.cn/Account/MyOrder_detail.html?order_code=DD1589103__fan.test.lacues.cn____
[2016-11-23 12:00:32.236]		推广：http://fan.test.lacues.cn/Account/MyOrder_List.html?paytype=DSH__fan.test.lacues.cn____
[2016-11-23 12:02:44.959]		推广：http://fan.test.lacues.cn/Product_Detail.html?pid=58016100291__fan.test.lacues.cn____
[2016-11-23 12:11:20.235]		推广：http://fan.test.lacues.cn/cart.html?t=0.48023372498268846__fan.test.lacues.cn____
[2016-11-23 13:34:55.056]		推广：__fan.test.lacues.cn____
[2016-11-23 13:36:12.353]		推广：__fan.test.lacues.cn____
[2016-11-23 13:39:17.469]		推广：__fan.test.lacues.cn____
[2016-11-23 13:43:40.452]		推广：__fan.test.lacues.cn____
[2016-11-23 13:43:52.369]		推广：__fan.test.lacues.cn____
[2016-11-23 14:05:56.292]		推广：__fan.test.lacues.cn____
[2016-11-23 14:06:34.232]		推广：__fan.test.lacues.cn____
[2016-11-23 14:06:40.057]		推广：http://fan.test.lacues.cn/__fan.test.lacues.cn____
[2016-11-23 14:06:43.948]		推广：http://fan.test.lacues.cn/Search.html?t=0.329584724434694__fan.test.lacues.cn____
[2016-11-23 14:06:51.179]		推广：http://fan.test.lacues.cn/Product_List.html?showtype=__fan.test.lacues.cn____
[2016-11-23 14:07:09.593]		推广：http://fan.test.lacues.cn/Search.html?t=0.715023932146584__fan.test.lacues.cn____
[2016-11-23 14:07:13.575]		推广：http://fan.test.lacues.cn/Product_List.html?showtype=__fan.test.lacues.cn____
[2016-11-23 14:07:58.324]		推广：__fan.test.lacues.cn____
[2016-11-23 14:08:00.032]		推广：__fan.test.lacues.cn____
[2016-11-23 14:08:16.424]		推广：http://fan.test.lacues.cn/Product_Detail.html?pid=58016100287__fan.test.lacues.cn____
[2016-11-23 14:08:36.157]		推广：__fan.test.lacues.cn____
[2016-11-23 14:08:39.311]		推广：http://fan.test.lacues.cn/Product_Detail.html?pid=58016100287__fan.test.lacues.cn____
[2016-11-23 14:08:56.134]		推广：http://fan.test.lacues.cn/__fan.test.lacues.cn____
[2016-11-23 14:08:59.837]		推广：http://fan.test.lacues.cn/Account/index.html?t=0.26666493411175907__fan.test.lacues.cn____
[2016-11-23 14:09:14.236]		推广：http://fan.test.lacues.cn/Account/login.html?t=0.3042925598565489__fan.test.lacues.cn____
[2016-11-23 14:09:20.069]		推广：http://fan.test.lacues.cn/__fan.test.lacues.cn____
[2016-11-23 14:09:24.241]		推广：http://fan.test.lacues.cn/Account/index.html?t=0.7042950126342475__fan.test.lacues.cn____
[2016-11-23 14:09:27.091]		推广：http://fan.test.lacues.cn/Account/MyTKSH_List.html?paytype=TKSH__fan.test.lacues.cn____
[2016-11-23 14:09:28.711]		推广：http://fan.test.lacues.cn/Account/index.html?t=0.7042950126342475__fan.test.lacues.cn____
[2016-11-23 14:09:32.910]		推广：http://fan.test.lacues.cn/Account/MyOrder_List.html?paytype=JYCG__fan.test.lacues.cn____
[2016-11-23 14:09:36.096]		推广：http://fan.test.lacues.cn/Account/index.html?t=0.7042950126342475__fan.test.lacues.cn____
[2016-11-23 14:09:37.475]		推广：http://fan.test.lacues.cn/Account/MyOrder_List.html?paytype=JYCG__fan.test.lacues.cn____
[2016-11-23 14:09:40.461]		推广：http://fan.test.lacues.cn/Account/MyOrder_detail.html?order_code=DD1473103__fan.test.lacues.cn____
[2016-11-23 14:10:09.212]		推广：__fan.test.lacues.cn____
[2016-11-23 14:11:13.250]		推广：http://fan.test.lacues.cn/Account/MyTKSH_SQ.html?order_code=DD1473103__fan.test.lacues.cn____
[2016-11-23 14:11:20.497]		推广：http://fan.test.lacues.cn/Account/MyTKSH_List.html?t=0.19411491136997938__fan.test.lacues.cn____
[2016-11-23 14:11:22.157]		推广：http://fan.test.lacues.cn/Account/MyOrder_detail.html?order_code=DD1473103__fan.test.lacues.cn____
[2016-11-23 14:11:27.463]		推广：http://fan.test.lacues.cn/Account/MyOrder_List.html?paytype=JYCG__fan.test.lacues.cn____
[2016-11-23 14:11:39.739]		推广：__fan.test.lacues.cn____
[2016-11-23 14:14:53.881]		推广：http://fan.test.lacues.cn/__fan.test.lacues.cn____
[2016-11-23 14:14:58.235]		推广：__fan.test.lacues.cn____
[2016-11-23 14:15:29.492]		推广：__fan.test.lacues.cn____
[2016-11-23 14:15:32.206]		推广：http://fan.test.lacues.cn/__fan.test.lacues.cn____
[2016-11-23 14:15:37.787]		推广：http://fan.test.lacues.cn/Account/index.html?t=0.8233439435716718__fan.test.lacues.cn____
[2016-11-23 14:15:45.070]		推广：http://fan.test.lacues.cn/Account/MyOrder_List.html?paytype=JYCG__fan.test.lacues.cn____
[2016-11-23 14:15:48.470]		推广：http://fan.test.lacues.cn/Account/MyOrder_detail.html?order_code=DD1242103__fan.test.lacues.cn____
[2016-11-23 14:15:50.554]		推广：http://fan.test.lacues.cn/Account/MyOrder_List.html?paytype=JYCG__fan.test.lacues.cn____
[2016-11-23 14:15:52.869]		推广：http://fan.test.lacues.cn/Account/MyOrder_detail.html?order_code=DD1450103__fan.test.lacues.cn____
[2016-11-23 14:15:57.034]		推广：http://fan.test.lacues.cn/Account/MyTKSH_Detail.html?afterCode=CGS161123100001__fan.test.lacues.cn____
[2016-11-23 14:15:59.031]		推广：http://fan.test.lacues.cn/Account/MyOrder_detail.html?order_code=DD1450103__fan.test.lacues.cn____
[2016-11-23 14:15:59.812]		推广：http://fan.test.lacues.cn/Account/MyOrder_List.html?paytype=JYCG__fan.test.lacues.cn____
[2016-11-23 14:16:07.146]		推广：http://fan.test.lacues.cn/Account/index.html?t=0.8233439435716718__fan.test.lacues.cn____
[2016-11-23 14:16:10.614]		推广：http://fan.test.lacues.cn/Account/MyOrder_List.html?paytype=JYCG__fan.test.lacues.cn____
[2016-11-23 14:16:32.795]		推广：http://fan.test.lacues.cn/Account/MyOrder_detail.html?order_code=DD1475103__fan.test.lacues.cn____
[2016-11-23 14:30:23.864]		推广：http://fan.test.lacues.cn/Account/MyOrder_List.html?paytype=ALL__fan.test.lacues.cn____
[2016-11-23 14:30:27.794]		推广：http://fan.test.lacues.cn/Account/index.html?t=0.24925275864322205__fan.test.lacues.cn____
[2016-11-23 14:30:33.105]		推广：http://fan.test.lacues.cn/Account/index.html?t=0.24925275864322205__fan.test.lacues.cn____
[2016-11-23 14:30:33.656]		推广：__fan.test.lacues.cn____
[2016-11-23 14:30:36.876]		推广：__fan.test.lacues.cn____
[2016-11-23 14:30:40.529]		推广：http://fan.test.lacues.cn/__fan.test.lacues.cn____
[2016-11-23 14:30:41.478]		推广：http://fan.test.lacues.cn/Account/index.html?t=0.19358204018145253__fan.test.lacues.cn____
[2016-11-23 14:30:44.349]		推广：http://fan.test.lacues.cn/Account/login.html?t=0.9153713649390756__fan.test.lacues.cn____
[2016-11-23 14:30:49.021]		推广：http://fan.test.lacues.cn/__fan.test.lacues.cn____
[2016-11-23 14:30:53.253]		推广：http://fan.test.lacues.cn/Account/index.html?t=0.3817581776737706__fan.test.lacues.cn____
[2016-11-23 14:30:55.526]		推广：http://fan.test.lacues.cn/Account/MyOrder_List.html?paytype=ALL__fan.test.lacues.cn____
[2016-11-23 14:31:05.090]		推广：__fan.test.lacues.cn____
[2016-11-23 14:31:52.418]		推广：http://fan.test.lacues.cn/Account/MyOrder_List.html?paytype=ALL__fan.test.lacues.cn____
[2016-11-23 14:32:07.383]		推广：http://fan.test.lacues.cn/Account/index.html?t=0.3817581776737706__fan.test.lacues.cn____
[2016-11-23 14:32:09.794]		推广：http://fan.test.lacues.cn/__fan.test.lacues.cn____
[2016-11-23 14:32:12.417]		推广：http://fan.test.lacues.cn/Account/index.html?t=0.3817581776737706__fan.test.lacues.cn____
[2016-11-23 14:34:18.384]		推广：__fan.test.lacues.cn____
[2016-11-23 14:34:31.919]		推广：http://fan.test.lacues.cn/Product_Detail.html?pid=58016100291__fan.test.lacues.cn____
[2016-11-23 14:35:32.598]		推广：http://fan.test.lacues.cn/Product_Detail.html?pid=8016465488__fan.test.lacues.cn____
[2016-11-23 14:36:35.248]		推广：http://fan.test.lacues.cn/Product_Detail.html?pid=8016465488__fan.test.lacues.cn____
[2016-11-23 14:40:30.112]		推广：http://fan.test.lacues.cn/Product_Detail.html?pid=8016465488__fan.test.lacues.cn____
[2016-11-23 14:41:27.916]		推广：http://fan.test.lacues.cn/__fan.test.lacues.cn____
[2016-11-23 14:41:30.275]		推广：http://fan.test.lacues.cn/Product_Detail.html?pid=8016465488__fan.test.lacues.cn____
[2016-11-23 14:42:10.046]		推广：http://fan.test.lacues.cn/Product_Detail.html?pid=8016465488__fan.test.lacues.cn____
[2016-11-23 14:42:37.953]		推广：http://fan.test.lacues.cn/Product_Detail.html?pid=8016465488__fan.test.lacues.cn____
[2016-11-23 14:43:26.753]		推广：http://fan.test.lacues.cn/Product_Detail.html?pid=8016465488__fan.test.lacues.cn____
[2016-11-23 14:43:35.211]		推广：http://fan.test.lacues.cn/Product_Detail.html?pid=8016465488__fan.test.lacues.cn____
[2016-11-23 14:44:44.646]		推广：http://fan.test.lacues.cn/Account/AddressList.html?t=0.1716296383938729__fan.test.lacues.cn____
[2016-11-23 14:44:45.496]		推广：http://fan.test.lacues.cn/Account/AddressList.html?t=0.1716296383938729__fan.test.lacues.cn____
[2016-11-23 14:56:42.349]		推广：__fan.test.lacues.cn____
[2016-11-23 14:57:31.651]		推广：http://fan.test.lacues.cn/__fan.test.lacues.cn____
[2016-11-23 14:57:42.980]		推广：http://fan.test.lacues.cn/cart.html__fan.test.lacues.cn____
[2016-11-23 14:57:47.891]		推广：http://fan.test.lacues.cn/__fan.test.lacues.cn____
[2016-11-23 14:57:51.094]		推广：http://fan.test.lacues.cn/cart.html__fan.test.lacues.cn____
[2016-11-23 14:57:53.234]		推广：http://fan.test.lacues.cn/Sale/FullCut.html?t=0.9685405397322029__fan.test.lacues.cn____
[2016-11-23 14:57:57.609]		推广：http://fan.test.lacues.cn/cart.html__fan.test.lacues.cn____
[2016-11-23 14:59:34.591]		推广：http://fan.test.lacues.cn/Product_Detail.html?pid=58016100287__fan.test.lacues.cn____
[2016-11-23 14:59:51.401]		推广：http://fan.test.lacues.cn/index.html__fan.test.lacues.cn____
[2016-11-23 14:59:55.252]		推广：http://fan.test.lacues.cn/cart.html__fan.test.lacues.cn____
[2016-11-23 15:00:06.736]		推广：http://fan.test.lacues.cn/Account/login.html?t=0.8237807437044015__fan.test.lacues.cn____
[2016-11-23 15:00:14.775]		推广：http://fan.test.lacues.cn/cart.html__fan.test.lacues.cn____
[2016-11-23 15:04:27.236]		推广：http://fan.test.lacues.cn/Account/AddressEdit.html?addressid=DZ161107100004__fan.test.lacues.cn____
[2016-11-23 15:04:31.522]		推广：http://fan.test.lacues.cn/Account/index.html?t=0.3817581776737706__fan.test.lacues.cn____
[2016-11-23 15:04:34.155]		推广：http://fan.test.lacues.cn/Account/MyAccount.html?t=0.2468591228594379__fan.test.lacues.cn____
[2016-11-23 15:04:35.760]		推广：http://fan.test.lacues.cn/Account/AddressList.html?t=0.2768656671955967__fan.test.lacues.cn____
[2016-11-23 15:04:44.802]		推广：http://fan.test.lacues.cn/Account/AddressEdit.html?addressid=DZ161107100004__fan.test.lacues.cn____
[2016-11-23 15:04:46.701]		推广：http://fan.test.lacues.cn/Account/AddressList.html__fan.test.lacues.cn____
[2016-11-23 15:04:50.786]		推广：http://fan.test.lacues.cn/Account/AddressEdit.html?addressid=DZ161107100004__fan.test.lacues.cn____
[2016-11-23 15:04:52.835]		推广：http://fan.test.lacues.cn/Account/AddressList.html__fan.test.lacues.cn____
[2016-11-23 15:04:58.869]		推广：http://fan.test.lacues.cn/Account/AddressEdit.html?addressid=DZ161107100004__fan.test.lacues.cn____
[2016-11-23 15:05:00.699]		推广：http://fan.test.lacues.cn/Account/AddressList.html__fan.test.lacues.cn____
[2016-11-23 15:05:10.243]		推广：http://fan.test.lacues.cn/Account/AddressEdit.html?addressid=DZ161107100004__fan.test.lacues.cn____
[2016-11-23 15:05:25.991]		推广：http://fan.test.lacues.cn/Account/AddressList.html__fan.test.lacues.cn____
[2016-11-23 15:05:38.425]		推广：http://fan.test.lacues.cn/Account/AddressEdit.html?addressid=DZ161107100004__fan.test.lacues.cn____
[2016-11-23 15:05:39.476]		推广：http://fan.test.lacues.cn/Sale/FullCut.html?t=0.9685405397322029__fan.test.lacues.cn____
[2016-11-23 15:09:03.683]		推广：http://fan.test.lacues.cn/Account/AddressList.html__fan.test.lacues.cn____
[2016-11-23 15:09:07.625]		推广：http://fan.test.lacues.cn/Account/AddressEdit.html?addressid=DZ161116100002__fan.test.lacues.cn____
[2016-11-23 15:13:05.138]		推广：http://fan.test.lacues.cn/Product_Detail.html?pid=8016465488__fan.test.lacues.cn____
[2016-11-23 15:13:14.267]		推广：http://fan.test.lacues.cn/__fan.test.lacues.cn____
[2016-11-23 15:13:34.107]		推广：__fan.test.lacues.cn____
[2016-11-23 15:13:36.887]		推广：http://fan.test.lacues.cn/Product_Detail.html?pid=8016465488__fan.test.lacues.cn____
[2016-11-23 15:20:07.947]		推广：http://fan.test.lacues.cn/Account/MyTKSH_List.html?paytype=TKSH__fan.test.lacues.cn____
[2016-11-23 15:20:11.173]		推广：http://fan.test.lacues.cn/__fan.test.lacues.cn____
[2016-11-23 15:20:13.306]		推广：http://fan.test.lacues.cn/Account/index.html?t=0.6554378590080887__fan.test.lacues.cn____
[2016-11-23 15:20:43.734]		推广：http://fan.test.lacues.cn/Account/login.html?t=0.5191702682059258__fan.test.lacues.cn____
[2016-11-23 15:20:46.607]		推广：http://fan.test.lacues.cn/__fan.test.lacues.cn____
[2016-11-23 15:20:48.949]		推广：http://fan.test.lacues.cn/Account/index.html?t=0.6486190189607441__fan.test.lacues.cn____
[2016-11-23 15:20:50.997]		推广：http://fan.test.lacues.cn/Account/MyAccount.html?t=0.04383893357589841__fan.test.lacues.cn____
[2016-11-23 15:20:54.064]		推广：http://fan.test.lacues.cn/Account/AddressList.html?t=0.36260531679727137__fan.test.lacues.cn____
[2016-11-23 15:23:32.441]		推广：http://fan.test.lacues.cn/order/OrderConfirm.html?t=0.32308516923993813__fan.test.lacues.cn____
[2016-11-23 15:23:35.801]		推广：http://fan.test.lacues.cn/cart.html__fan.test.lacues.cn____
[2016-11-23 15:23:41.502]		推广：http://fan.test.lacues.cn/index.html__fan.test.lacues.cn____
[2016-11-23 15:23:46.267]		推广：http://fan.test.lacues.cn/Search.html?t=0.6805678280945721__fan.test.lacues.cn____
[2016-11-23 15:23:49.579]		推广：http://fan.test.lacues.cn/Product_List.html?showtype=__fan.test.lacues.cn____
[2016-11-23 15:24:01.034]		推广：http://fan.test.lacues.cn/Product_List.html?showtype=__fan.test.lacues.cn____
[2016-11-23 15:24:23.540]		推广：http://fan.test.lacues.cn/Product_List.html?showtype=__fan.test.lacues.cn____
[2016-11-23 15:26:06.638]		推广：http://test-dlq.ycp8.cn/cdlq/web/template/template.html?pNum=PNM161114100001__fan.test.lacues.cn____
[2016-11-23 15:26:14.766]		推广：http://fan.test.lacues.cn/Product_List.html?showtype=__fan.test.lacues.cn____
[2016-11-23 15:31:00.632]		推广：http://fan.test.lacues.cn/Account/AddressList.html?t=0.36260531679727137__fan.test.lacues.cn____
[2016-11-23 15:31:15.213]		推广：http://fan.test.lacues.cn/__fan.test.lacues.cn____
[2016-11-23 15:31:49.231]		推广：http://fan.test.lacues.cn/__fan.test.lacues.cn____
[2016-11-23 15:31:59.499]		推广：__fan.test.lacues.cn____
[2016-11-23 15:32:02.770]		推广：http://fan.test.lacues.cn/__fan.test.lacues.cn____
[2016-11-23 15:32:33.115]		推广：http://fan.test.lacues.cn/__fan.test.lacues.cn____
[2016-11-23 15:32:44.113]		推广：http://fan.test.lacues.cn/__fan.test.lacues.cn____
[2016-11-23 15:33:03.175]		推广：__fan.test.lacues.cn____
[2016-11-23 15:34:12.714]		推广：http://fan.test.lacues.cn/__fan.test.lacues.cn____
[2016-11-23 15:34:19.227]		推广：http://fan.test.lacues.cn/Account/index.html?t=0.18288375600241125__fan.test.lacues.cn____
[2016-11-23 15:34:29.651]		推广：http://fan.test.lacues.cn/Account/login.html?t=0.40868358057923615__fan.test.lacues.cn____
[2016-11-23 15:34:34.494]		推广：http://fan.test.lacues.cn/__fan.test.lacues.cn____
[2016-11-23 15:34:35.837]		推广：http://fan.test.lacues.cn/Account/index.html?t=0.05557658919133246__fan.test.lacues.cn____
[2016-11-23 15:34:37.294]		推广：http://fan.test.lacues.cn/Account/MyAccount.html?t=0.9862380789127201__fan.test.lacues.cn____
[2016-11-23 15:34:39.532]		推广：http://fan.test.lacues.cn/Account/AddressList.html?t=0.48044121032580733__fan.test.lacues.cn____
[2016-11-23 15:37:28.072]		推广：__fan.test.lacues.cn____
[2016-11-23 15:38:23.714]		推广：__fan.test.lacues.cn____
[2016-11-23 15:43:40.022]		推广：__fan.test.lacues.cn____
[2016-11-23 15:45:00.912]		推广：__fan.test.lacues.cn____
[2016-11-23 15:45:08.038]		推广：__fan.test.lacues.cn____
[2016-11-23 15:45:41.594]		推广：__fan.test.lacues.cn____
[2016-11-23 15:46:05.399]		推广：http://fan.test.lacues.cn/Account/AddressEdit.html?addressid=DZ161107100004__fan.test.lacues.cn____
[2016-11-23 15:46:11.713]		推广：http://fan.test.lacues.cn/__fan.test.lacues.cn____
[2016-11-23 15:46:13.274]		推广：http://fan.test.lacues.cn/Account/index.html?t=0.4281494908500463__fan.test.lacues.cn____
[2016-11-23 15:46:14.945]		推广：http://fan.test.lacues.cn/Account/MyAccount.html?t=0.6655577088240534__fan.test.lacues.cn____
[2016-11-23 15:46:16.309]		推广：http://fan.test.lacues.cn/Account/AddressList.html?t=0.09050269145518541__fan.test.lacues.cn____
[2016-11-23 15:46:20.608]		推广：http://fan.test.lacues.cn/Account/AddressEdit.html?addressid=DZ161107100004__fan.test.lacues.cn____
[2016-11-23 15:47:20.202]		推广：http://fan.test.lacues.cn/Account/AddressEdit.html?addressid=DZ161107100004__fan.test.lacues.cn____
[2016-11-23 15:47:22.261]		推广：http://fan.test.lacues.cn/Account/AddressList.html__fan.test.lacues.cn____
[2016-11-23 15:47:27.680]		推广：http://fan.test.lacues.cn/Account/AddressEdit.html?addressid=DZ161107100004__fan.test.lacues.cn____
[2016-11-23 15:50:23.128]		推广：__fan.test.lacues.cn____
[2016-11-23 15:52:10.566]		推广：__fan.test.lacues.cn____
[2016-11-23 15:53:29.685]		推广：http://fan.test.lacues.cn/__fan.test.lacues.cn____
[2016-11-23 15:54:33.493]		推广：__fan.test.lacues.cn____
[2016-11-23 15:59:59.620]		推广：http://fan.test.lacues.cn/Account/AddressEdit.html?addressid=DZ161107100004__fan.test.lacues.cn____
[2016-11-23 16:00:01.278]		推广：http://fan.test.lacues.cn/Account/AddressList.html__fan.test.lacues.cn____
[2016-11-23 16:00:05.425]		推广：http://fan.test.lacues.cn/Account/AddressEdit.html?addressid=DZ161107100004__fan.test.lacues.cn____
[2016-11-23 16:00:35.432]		推广：__fan.test.lacues.cn____
[2016-11-23 16:02:39.994]		推广：http://fan.test.lacues.cn/Product_List.html?showtype=__fan.test.lacues.cn____
[2016-11-23 16:03:20.169]		推广：__fan.test.lacues.cn____
[2016-11-23 16:05:05.251]		推广：http://fan.test.lacues.cn/Account/login.html?t=0.09957502871096224__fan.test.lacues.cn____
[2016-11-23 16:10:04.633]		推广：http://fan.test.lacues.cn/Product_List.html?showtype=__fan.test.lacues.cn____
[2016-11-23 16:10:25.077]		推广：http://fan.test.lacues.cn/Product_List.html?showtype=__fan.test.lacues.cn____
[2016-11-23 16:10:27.019]		推广：http://fan.test.lacues.cn/Product_List.html?showtype=__fan.test.lacues.cn____
[2016-11-23 16:10:36.817]		推广：__fan.test.lacues.cn____
[2016-11-23 16:10:52.682]		推广：__fan.test.lacues.cn____
[2016-11-23 16:11:53.305]		推广：__fan.test.lacues.cn____
[2016-11-23 16:14:31.847]		推广：http://fan.test.lacues.cn/Product_List.html?showtype=__fan.test.lacues.cn____
[2016-11-23 16:15:31.369]		推广：__fan.test.lacues.cn____
[2016-11-23 16:15:41.385]		推广：http://fan.test.lacues.cn/__fan.test.lacues.cn____
[2016-11-23 16:16:05.356]		推广：http://fan.test.lacues.cn/__fan.test.lacues.cn____
[2016-11-23 16:16:23.717]		推广：http://fan.test.lacues.cn/Search.html?t=0.7162053037900478__fan.test.lacues.cn____
[2016-11-23 16:16:29.503]		推广：http://fan.test.lacues.cn/Product_List.html?showtype=__fan.test.lacues.cn____
[2016-11-23 16:17:02.603]		推广：http://fan.test.lacues.cn/Search.html?t=0.679068642668426__fan.test.lacues.cn____
[2016-11-23 16:17:10.953]		推广：http://fan.test.lacues.cn/Product_List.html?showtype=__fan.test.lacues.cn____
[2016-11-23 16:17:46.422]		推广：__fan.test.lacues.cn____
[2016-11-23 16:18:07.954]		推广：__fan.test.lacues.cn____
[2016-11-23 16:22:29.929]		推广：__fan.test.lacues.cn____
[2016-11-23 16:23:33.389]		推广：__fan.test.lacues.cn____
[2016-11-23 16:26:34.966]		推广：http://fan.test.lacues.cn/Account/AddressEdit.html?addressid=DZ161116100002__fan.test.lacues.cn____
[2016-11-23 16:26:36.140]		推广：http://fan.test.lacues.cn/Account/AddressEdit.html?addressid=DZ161107100004__fan.test.lacues.cn____
[2016-11-23 16:26:36.976]		推广：http://fan.test.lacues.cn/__fan.test.lacues.cn____
[2016-11-23 16:26:39.892]		推广：http://fan.test.lacues.cn/Account/login.html?t=0.7569909128313241__fan.test.lacues.cn____
[2016-11-23 16:27:28.841]		推广：http://fan.test.lacues.cn/Product_List.html?showtype=__fan.test.lacues.cn____
[2016-11-23 16:27:29.200]		推广：http://fan.test.lacues.cn/Product_List.html?showtype=__fan.test.lacues.cn____
[2016-11-23 16:38:58.116]		推广：__fan.test.lacues.cn____
[2016-11-23 16:40:19.729]		推广：http://fan.test.lacues.cn/__fan.test.lacues.cn____
[2016-11-23 16:40:27.167]		推广：__fan.test.lacues.cn____
[2016-11-23 16:40:31.857]		推广：http://fan.test.lacues.cn/__fan.test.lacues.cn____
[2016-11-23 17:01:04.764]		推广：http://fan.test.lacues.cn/Account/login.html?t=0.09957502871096224__fan.test.lacues.cn____
[2016-11-23 17:01:23.847]		推广：http://fan.test.lacues.cn/Account/login.html?t=0.09957502871096224__fan.test.lacues.cn____
[2016-11-23 17:09:34.987]		推广：__fan.test.lacues.cn____
[2016-11-23 17:10:17.504]		推广：__fan.test.lacues.cn____
[2016-11-23 17:11:02.053]		推广：__fan.test.lacues.cn____
[2016-11-23 17:12:39.296]		推广：__fan.test.lacues.cn____
[2016-11-23 17:12:59.808]		推广：http://fan.test.lacues.cn/__fan.test.lacues.cn____
[2016-11-23 17:15:34.319]		推广：http://fan.test.lacues.cn/Account/index.html?t=0.7340379379906823__fan.test.lacues.cn____
[2016-11-23 17:15:45.663]		推广：http://fan.test.lacues.cn/Account/login.html?t=0.4328873090918628__fan.test.lacues.cn____
[2016-11-23 17:23:08.214]		推广：http://fan.test.lacues.cn/Product_List.html?showtype=__fan.test.lacues.cn____
[2016-11-23 17:23:50.069]		推广：__fan.test.lacues.cn____
[2016-11-23 17:25:55.887]		推广：http://fan.test.lacues.cn/__fan.test.lacues.cn____
[2016-11-23 17:26:11.147]		推广：http://fan.test.lacues.cn/Search.html?t=0.0972089187707752__fan.test.lacues.cn____
[2016-11-23 17:26:15.945]		推广：http://fan.test.lacues.cn/Product_List.html?showtype=__fan.test.lacues.cn____
[2016-11-23 17:26:59.704]		推广：http://fan.test.lacues.cn/Search.html?t=0.0972089187707752__fan.test.lacues.cn____
[2016-11-23 17:27:43.868]		推广：http://fan.test.lacues.cn/Product_Detail.html?pid=58016100289__fan.test.lacues.cn____
[2016-11-23 17:27:49.297]		推广：http://fan.test.lacues.cn/__fan.test.lacues.cn____
[2016-11-23 17:27:57.550]		推广：http://fan.test.lacues.cn/Account/index.html?t=0.26652379620335565__fan.test.lacues.cn____
[2016-11-23 17:28:27.033]		推广：__fan.test.lacues.cn____
[2016-11-23 17:28:31.072]		推广：http://fan.test.lacues.cn/__fan.test.lacues.cn____
[2016-11-23 17:28:35.823]		推广：http://fan.test.lacues.cn/Account/index.html?t=0.8354983967728913__fan.test.lacues.cn____
[2016-11-23 17:28:47.087]		推广：http://fan.test.lacues.cn/Account/login.html?t=0.7648849135730416__fan.test.lacues.cn____
[2016-11-23 17:28:49.935]		推广：http://fan.test.lacues.cn/Account/index.html?t=0.8354983967728913__fan.test.lacues.cn____
[2016-11-23 17:28:53.665]		推广：http://fan.test.lacues.cn/Account/MyCollection.html?t=0.49778309534303844__fan.test.lacues.cn____
[2016-11-23 17:28:55.291]		推广：http://fan.test.lacues.cn/Account/index.html?t=0.8354983967728913__fan.test.lacues.cn____
[2016-11-23 17:29:02.929]		推广：http://fan.test.lacues.cn/Account/MyViewHistory.html?t=0.49858881812542677__fan.test.lacues.cn____
[2016-11-23 17:29:06.689]		推广：http://fan.test.lacues.cn/__fan.test.lacues.cn____
[2016-11-23 17:29:11.091]		推广：http://fan.test.lacues.cn/Account/index.html?t=0.5012891157530248__fan.test.lacues.cn____
[2016-11-23 17:29:54.737]		推广：http://fan.test.lacues.cn/Account/MyViewHistory.html?t=0.08016386162489653__fan.test.lacues.cn____
[2016-11-23 17:29:59.889]		推广：http://fan.test.lacues.cn/__fan.test.lacues.cn____
[2016-11-23 17:30:21.395]		推广：http://fan.test.lacues.cn/Account/index.html?t=0.04999251733534038__fan.test.lacues.cn____
[2016-11-23 17:30:27.934]		推广：http://fan.test.lacues.cn/Account/MyViewHistory.html?t=0.7357961421366781__fan.test.lacues.cn____
[2016-11-23 17:30:30.666]		推广：http://fan.test.lacues.cn/__fan.test.lacues.cn____
[2016-11-23 17:30:31.715]		推广：http://fan.test.lacues.cn/__fan.test.lacues.cn____
[2016-11-23 17:30:33.345]		推广：http://fan.test.lacues.cn/Account/index.html?t=0.16482472186908126__fan.test.lacues.cn____
[2016-11-23 17:30:33.671]		推广：http://fan.test.lacues.cn/Account/index.html?t=0.01568296951516457__fan.test.lacues.cn____
[2016-11-23 17:30:35.131]		推广：http://fan.test.lacues.cn/Account/login.html?t=0.9679236504577007__fan.test.lacues.cn____
[2016-11-23 17:30:37.502]		推广：http://fan.test.lacues.cn/__fan.test.lacues.cn____
[2016-11-23 17:30:39.905]		推广：http://fan.test.lacues.cn/Account/index.html?t=0.2586962472037657__fan.test.lacues.cn____
[2016-11-23 17:30:43.706]		推广：http://fan.test.lacues.cn/Account/MyViewHistory.html?t=0.9685586679261178__fan.test.lacues.cn____
[2016-11-23 17:30:46.280]		推广：http://fan.test.lacues.cn/Account/login.html?t=0.2531944757556992__fan.test.lacues.cn____
[2016-11-23 17:30:46.646]		推广：http://fan.test.lacues.cn/__fan.test.lacues.cn____
[2016-11-23 17:30:47.622]		推广：http://fan.test.lacues.cn/__fan.test.lacues.cn____
[2016-11-23 17:30:49.603]		推广：http://fan.test.lacues.cn/Account/index.html?t=0.11698426539078355__fan.test.lacues.cn____
[2016-11-23 17:30:50.461]		推广：http://fan.test.lacues.cn/Account/index.html?t=0.08325049578791677__fan.test.lacues.cn____
[2016-11-23 17:30:54.299]		推广：http://fan.test.lacues.cn/Account/MyViewHistory.html?t=0.06989964749664068__fan.test.lacues.cn____
[2016-11-23 17:31:23.265]		推广：__fan.test.lacues.cn____
[2016-11-23 17:31:31.831]		推广：http://fan.test.lacues.cn/__fan.test.lacues.cn____
[2016-11-23 17:31:37.931]		推广：http://fan.test.lacues.cn/Account/index.html?t=0.6947261639870703__fan.test.lacues.cn____
[2016-11-23 17:31:49.664]		推广：http://fan.test.lacues.cn/Account/login.html?t=0.8072621659375727__fan.test.lacues.cn____
[2016-11-23 17:31:50.694]		推广：__fan.test.lacues.cn____
[2016-11-23 17:31:51.928]		推广：http://fan.test.lacues.cn/__fan.test.lacues.cn____
[2016-11-23 17:31:54.653]		推广：http://fan.test.lacues.cn/Account/index.html?t=0.7019147463142872__fan.test.lacues.cn____
[2016-11-23 17:31:56.687]		推广：http://fan.test.lacues.cn/__fan.test.lacues.cn____
[2016-11-23 17:31:58.857]		推广：http://fan.test.lacues.cn/Account/index.html?t=0.23341488931328058__fan.test.lacues.cn____
[2016-11-23 17:32:08.509]		推广：http://fan.test.lacues.cn/Account/login.html?t=0.5786947754677385__fan.test.lacues.cn____
[2016-11-23 17:32:11.380]		推广：http://fan.test.lacues.cn/__fan.test.lacues.cn____
[2016-11-23 17:32:16.028]		推广：http://fan.test.lacues.cn/Account/index.html?t=0.5307726413011551__fan.test.lacues.cn____
[2016-11-23 17:32:30.551]		推广：http://fan.test.lacues.cn/Account/MyViewHistory.html?t=0.4080517899710685__fan.test.lacues.cn____
[2016-11-23 17:32:41.572]		推广：http://fan.test.lacues.cn/__fan.test.lacues.cn____
[2016-11-23 17:32:43.008]		推广：http://fan.test.lacues.cn/Account/index.html?t=0.09741979814134538__fan.test.lacues.cn____
[2016-11-23 17:32:45.786]		推广：http://fan.test.lacues.cn/Account/MyAccount.html?t=0.19918698887340724__fan.test.lacues.cn____
[2016-11-23 17:32:50.116]		推广：http://fan.test.lacues.cn/Account/AddressList.html?t=0.19450999540276825__fan.test.lacues.cn____
[2016-11-23 17:32:55.256]		推广：http://fan.test.lacues.cn/Account/AddressEdit.html?addressid=DZ161107100004__fan.test.lacues.cn____
[2016-11-23 17:33:11.114]		推广：http://fan.test.lacues.cn/Account/AddressList.html__fan.test.lacues.cn____
[2016-11-23 17:33:15.916]		推广：http://fan.test.lacues.cn/Account/AddressEdit.html?addressid=DZ161107100004__fan.test.lacues.cn____
[2016-11-23 17:33:21.145]		推广：http://fan.test.lacues.cn/Account/AddressList.html__fan.test.lacues.cn____
[2016-11-23 17:33:25.364]		推广：http://fan.test.lacues.cn/Account/AddressEdit.html?addressid=DZ161107100004__fan.test.lacues.cn____
[2016-11-23 17:33:29.039]		推广：http://fan.test.lacues.cn/Account/AddressList.html__fan.test.lacues.cn____
[2016-11-23 17:33:30.948]		推广：http://fan.test.lacues.cn/__fan.test.lacues.cn____
[2016-11-23 17:33:36.789]		推广：__fan.test.lacues.cn____
[2016-11-23 17:33:40.372]		推广：http://fan.test.lacues.cn/__fan.test.lacues.cn____
[2016-11-23 17:33:42.277]		推广：http://fan.test.lacues.cn/Search.html?t=0.34717264119535685__fan.test.lacues.cn____
[2016-11-23 17:33:47.086]		推广：http://fan.test.lacues.cn/Product_List.html?showtype=__fan.test.lacues.cn____
[2016-11-23 17:33:51.188]		推广：__fan.test.lacues.cn____
[2016-11-23 17:33:52.944]		推广：http://fan.test.lacues.cn/__fan.test.lacues.cn____
[2016-11-23 17:34:05.759]		推广：http://fan.test.lacues.cn/Account/MyViewHistory.html?t=0.7288307768758386__fan.test.lacues.cn____
[2016-11-23 17:34:05.851]		推广：http://fan.test.lacues.cn/Account/index.html?t=0.9634796758182347__fan.test.lacues.cn____
[2016-11-23 17:34:07.261]		推广：http://fan.test.lacues.cn/__fan.test.lacues.cn____
[2016-11-23 17:34:08.744]		推广：http://fan.test.lacues.cn/Search.html?t=0.8331757057458162__fan.test.lacues.cn____
[2016-11-23 17:34:12.388]		推广：http://fan.test.lacues.cn/Product_List.html?showtype=__fan.test.lacues.cn____
[2016-11-23 17:34:18.330]		推广：http://fan.test.lacues.cn/Product_Detail.html?pid=8016465483__fan.test.lacues.cn____
[2016-11-23 17:34:43.031]		推广：__fan.test.lacues.cn____
[2016-11-23 17:34:50.865]		推广：http://fan.test.lacues.cn/__fan.test.lacues.cn____
[2016-11-23 17:34:54.255]		推广：http://fan.test.lacues.cn/Search.html?t=0.025550483260303736__fan.test.lacues.cn____
[2016-11-23 17:35:01.077]		推广：http://fan.test.lacues.cn/Product_List.html?showtype=__fan.test.lacues.cn____
[2016-11-23 17:35:05.097]		推广：http://fan.test.lacues.cn/Account/MyCollection.html?t=0.9021411420147876__fan.test.lacues.cn____
[2016-11-23 17:35:16.877]		推广：http://fan.test.lacues.cn/Product_List.html?showtype=__fan.test.lacues.cn____
[2016-11-23 17:35:18.752]		推广：http://fan.test.lacues.cn/Account/index.html?t=0.26652379620335565__fan.test.lacues.cn____
[2016-11-23 17:35:20.094]		推广：__fan.test.lacues.cn____
[2016-11-23 17:35:24.892]		推广：http://fan.test.lacues.cn/__fan.test.lacues.cn____
[2016-11-23 17:35:26.629]		推广：http://fan.test.lacues.cn/Product_List.html?showtype=__fan.test.lacues.cn____
[2016-11-23 17:35:30.970]		推广：http://fan.test.lacues.cn/Product_Detail.html?pid=8016465483__fan.test.lacues.cn____
[2016-11-23 17:35:53.679]		推广：http://fan.test.lacues.cn/Product_List.html?showtype=__fan.test.lacues.cn____
[2016-11-23 17:36:39.105]		推广：http://fan.test.lacues.cn/Product_List.html?showtype=__fan.test.lacues.cn____
[2016-11-23 17:37:22.382]		推广：http://fan.test.lacues.cn/Product_List.html?showtype=__fan.test.lacues.cn____
[2016-11-23 17:37:24.311]		推广：http://fan.test.lacues.cn/Search.html?t=0.025550483260303736__fan.test.lacues.cn____
[2016-11-23 17:37:25.018]		推广：http://fan.test.lacues.cn/__fan.test.lacues.cn____
[2016-11-23 17:37:26.656]		推广：__fan.test.lacues.cn____
[2016-11-23 17:37:51.750]		推广：http://fan.test.lacues.cn/__fan.test.lacues.cn____
[2016-11-23 17:37:58.894]		推广：http://fan.test.lacues.cn/Search.html?t=0.2039035248687474__fan.test.lacues.cn____
[2016-11-23 18:00:31.524]		推广：http://fan.test.lacues.cn/Product_List.html?showtype=__fan.test.lacues.cn____
[2016-11-23 18:00:42.843]		推广：http://fan.test.lacues.cn/Product_Detail.html?pid=8016465483__fan.test.lacues.cn____
[2016-11-23 18:00:48.832]		推广：http://fan.test.lacues.cn/order/OrderConfirm.html?t=0.36923624540487965__fan.test.lacues.cn____
[2016-11-23 18:01:34.824]		推广：http://fan.test.lacues.cn/Account/login.html?t=0.6434425595402096__fan.test.lacues.cn____
[2016-11-23 18:27:49.815]		推广：__fan.test.lacues.cn____
[2016-11-23 18:28:14.012]		推广：__fan.test.lacues.cn____
[2016-11-23 18:45:32.838]		推广：__fan.test.lacues.cn____
[2016-11-23 18:46:26.015]		推广：http://fan.test.lacues.cn/__fan.test.lacues.cn____
[2016-11-23 18:46:28.452]		推广：__fan.test.lacues.cn____
[2016-11-23 18:46:43.188]		推广：http://fan.test.lacues.cn/__fan.test.lacues.cn____
[2016-11-23 18:46:47.914]		推广：http://fan.test.lacues.cn/Account/index.html?t=0.7825696864165366__fan.test.lacues.cn____
[2016-11-23 18:47:01.134]		推广：http://fan.test.lacues.cn/Account/login.html?t=0.9456141917034984__fan.test.lacues.cn____
[2016-11-23 18:47:38.111]		推广：http://fan.test.lacues.cn/__fan.test.lacues.cn____
[2016-11-23 18:47:41.677]		推广：http://fan.test.lacues.cn/Account/index.html?t=0.09624858433380723__fan.test.lacues.cn____
[2016-11-23 18:47:57.498]		推广：http://fan.test.lacues.cn/Account/MyViewHistory.html?t=0.07877671788446605__fan.test.lacues.cn____
[2016-11-23 18:47:59.836]		推广：http://fan.test.lacues.cn/__fan.test.lacues.cn____
[2016-11-23 18:48:00.186]		推广：http://fan.test.lacues.cn/Account/index.html?t=0.43607946136035025__fan.test.lacues.cn____
[2016-11-23 18:48:06.598]		推广：http://fan.test.lacues.cn/Account/MyTKSH_List.html?paytype=TKSH__fan.test.lacues.cn____
[2016-11-23 18:48:09.582]		推广：http://fan.test.lacues.cn/Account/MyTKSH_TXWL.html?order_code=DD1242103__fan.test.lacues.cn____
[2016-11-23 18:48:11.111]		推广：http://fan.test.lacues.cn/Account/MyTKSH_List.html?paytype=TKSH__fan.test.lacues.cn____
[2016-11-23 18:48:42.095]		推广：http://fan.test.lacues.cn/Account/MyTKSH_Detail.html?order_code=DD1473103__fan.test.lacues.cn____
[2016-11-23 18:48:42.341]		推广：http://fan.test.lacues.cn/Account/MyTKSH_List.html?paytype=TKSH__fan.test.lacues.cn____
[2016-11-23 18:48:44.824]		推广：http://fan.test.lacues.cn/Account/index.html?t=0.43607946136035025__fan.test.lacues.cn____
[2016-11-23 18:48:46.258]		推广：http://fan.test.lacues.cn/Account/MyTKSH_List.html?paytype=TKSH__fan.test.lacues.cn____
[2016-11-23 18:48:50.521]		推广：http://fan.test.lacues.cn/Account/MyTKSH_Detail.html?order_code=DD1242103__fan.test.lacues.cn____
[2016-11-23 18:48:51.717]		推广：http://fan.test.lacues.cn/Account/MyTKSH_TXWL.html?afterCode=RGS161115100001__fan.test.lacues.cn____
[2016-11-23 18:48:51.987]		推广：http://fan.test.lacues.cn/Account/MyTKSH_Detail.html?order_code=DD1242103__fan.test.lacues.cn____
[2016-11-23 18:48:56.685]		推广：http://fan.test.lacues.cn/Account/MyTKSH_List.html?paytype=TKSH__fan.test.lacues.cn____
[2016-11-23 18:48:58.481]		推广：http://fan.test.lacues.cn/Account/MyTKSH_Detail.html?order_code=DD1279103__fan.test.lacues.cn____
[2016-11-23 18:48:58.689]		推广：http://fan.test.lacues.cn/Account/MyTKSH_List.html?paytype=TKSH__fan.test.lacues.cn____
[2016-11-23 18:49:01.436]		推广：http://fan.test.lacues.cn/Account/index.html?t=0.43607946136035025__fan.test.lacues.cn____
[2016-11-23 18:49:03.125]		推广：http://fan.test.lacues.cn/Account/MyTKSH_List.html?paytype=TKSH__fan.test.lacues.cn____
[2016-11-23 18:49:07.815]		推广：http://fan.test.lacues.cn/Account/MyTKSH_Detail.html?order_code=DD1473103__fan.test.lacues.cn____
[2016-11-23 18:49:08.083]		推广：http://fan.test.lacues.cn/Account/MyTKSH_List.html?paytype=TKSH__fan.test.lacues.cn____
[2016-11-23 18:49:12.145]		推广：http://fan.test.lacues.cn/Account/index.html?t=0.43607946136035025__fan.test.lacues.cn____
[2016-11-23 18:49:13.413]		推广：http://fan.test.lacues.cn/Account/MyTKSH_List.html?paytype=TKSH__fan.test.lacues.cn____
[2016-11-23 18:49:17.628]		推广：http://fan.test.lacues.cn/Account/MyTKSH_Detail.html?order_code=DD1473103__fan.test.lacues.cn____
[2016-11-23 18:49:17.956]		推广：http://fan.test.lacues.cn/Account/MyTKSH_List.html?paytype=TKSH__fan.test.lacues.cn____
[2016-11-23 18:49:21.003]		推广：http://fan.test.lacues.cn/Account/index.html?t=0.43607946136035025__fan.test.lacues.cn____
[2016-11-23 18:49:25.254]		推广：http://fan.test.lacues.cn/Account/MyOrder_List.html?paytype=JYCG__fan.test.lacues.cn____
[2016-11-23 18:49:27.233]		推广：http://fan.test.lacues.cn/Account/MyOrder_detail.html?order_code=DD1242103__fan.test.lacues.cn____
[2016-11-23 18:49:28.547]		推广：http://fan.test.lacues.cn/Account/MyTKSH_Detail.html?afterCode=RGS161115100001__fan.test.lacues.cn____
[2016-11-23 18:49:29.413]		推广：http://fan.test.lacues.cn/Account/MyOrder_detail.html?order_code=DD1242103__fan.test.lacues.cn____
[2016-11-23 18:49:35.053]		推广：http://fan.test.lacues.cn/Account/MyOrder_List.html?paytype=JYCG__fan.test.lacues.cn____
[2016-11-23 18:49:37.651]		推广：http://fan.test.lacues.cn/Account/index.html?t=0.43607946136035025__fan.test.lacues.cn____
[2016-11-23 18:49:39.755]		推广：http://fan.test.lacues.cn/Account/MyOrder_List.html?paytype=DSH__fan.test.lacues.cn____
[2016-11-23 18:49:45.561]		推广：http://fan.test.lacues.cn/Account/MyOrder_detail.html?order_code=DD1587103__fan.test.lacues.cn____
[2016-11-23 18:49:45.840]		推广：http://fan.test.lacues.cn/Account/MyOrder_List.html?paytype=DSH__fan.test.lacues.cn____
[2016-11-23 18:49:47.780]		推广：http://fan.test.lacues.cn/Account/index.html?t=0.43607946136035025__fan.test.lacues.cn____
[2016-11-23 18:49:49.644]		推广：http://fan.test.lacues.cn/Account/MyOrder_List.html?paytype=JYCG__fan.test.lacues.cn____
[2016-11-23 18:49:57.732]		推广：__fan.test.lacues.cn____
[2016-11-23 18:50:00.836]		推广：http://fan.test.lacues.cn/__fan.test.lacues.cn____
[2016-11-23 18:50:03.826]		推广：http://fan.test.lacues.cn/Category.html?t=0.751298886956647__fan.test.lacues.cn____
[2016-11-23 18:50:08.743]		推广：http://fan.test.lacues.cn/Product_List.html?showtype=brand__fan.test.lacues.cn____
[2016-11-23 18:50:10.196]		推广：http://fan.test.lacues.cn/Category.html?t=0.751298886956647__fan.test.lacues.cn____
[2016-11-23 18:50:18.414]		推广：http://fan.test.lacues.cn/Search.html?t=0.009950689738616347__fan.test.lacues.cn____
[2016-11-23 18:50:33.621]		推广：http://fan.test.lacues.cn/Category.html?t=0.751298886956647__fan.test.lacues.cn____
[2016-11-23 18:53:06.988]		推广：__fan.test.lacues.cn____
[2016-11-23 18:53:17.189]		推广：__fan.test.lacues.cn____
[2016-11-23 18:55:15.033]		推广：__fan.test.lacues.cn____
[2016-11-23 18:57:48.510]		推广：__fan.test.lacues.cn____
[2016-11-23 19:01:24.237]		推广：__fan.test.lacues.cn____
[2016-11-23 19:03:37.294]		推广：__fan.test.lacues.cn____
[2016-11-23 19:03:52.597]		推广：http://fan.test.lacues.cn/__fan.test.lacues.cn____
[2016-11-23 19:03:58.473]		推广：http://fan.test.lacues.cn/Account/index.html?t=0.8969126562587917__fan.test.lacues.cn____
[2016-11-23 19:04:20.865]		推广：http://fan.test.lacues.cn/Account/login.html?t=0.4376690941862762__fan.test.lacues.cn____
[2016-11-23 19:06:03.420]		推广：__fan.test.lacues.cn____
[2016-11-23 19:11:50.288]		推广：http://fan.test.lacues.cn/order/OrderConfirm.html?t=0.36923624540487965__fan.test.lacues.cn____
[2016-11-23 19:25:43.415]		推广：__fan.test.lacues.cn____
[2016-11-23 19:25:57.903]		推广：http://fan.test.lacues.cn/__fan.test.lacues.cn____
[2016-11-23 19:25:59.390]		推广：http://fan.test.lacues.cn/Account/index.html?t=0.5870293676060467__fan.test.lacues.cn____
[2016-11-23 19:26:02.444]		推广：http://fan.test.lacues.cn/Account/login.html?t=0.12809028713299475__fan.test.lacues.cn____
[2016-11-23 19:27:05.814]		推广：__fan.test.lacues.cn____
[2016-11-23 19:27:31.679]		推广：http://fan.test.lacues.cn/__fan.test.lacues.cn____
[2016-11-23 19:27:37.247]		推广：http://fan.test.lacues.cn/Account/index.html?t=0.24995855883184892__fan.test.lacues.cn____
[2016-11-23 19:27:59.382]		推广：http://fan.test.lacues.cn/Account/login.html?t=0.2734698809784689__fan.test.lacues.cn____
[2016-11-23 19:28:46.416]		推广：http://fan.test.lacues.cn/Account/Register.html?t=0.35901744829375265__fan.test.lacues.cn____
[2016-11-23 19:35:57.221]		推广：__fan.test.lacues.cn____
[2016-11-23 19:36:38.479]		推广：__fan.test.lacues.cn____
[2016-11-23 19:37:08.966]		推广：http://fan.test.lacues.cn/__fan.test.lacues.cn____
[2016-11-23 19:37:17.010]		推广：http://fan.test.lacues.cn/Account/index.html?t=0.9816042336229646__fan.test.lacues.cn____
[2016-11-23 19:39:49.406]		推广：http://fan.test.lacues.cn/Account/login.html?t=0.6797191187380596__fan.test.lacues.cn____
