[2015-12-29 14:26:45.591]		o-voTt2mhuKNrDcdlK44hJtL8fRo
[2015-12-29 14:39:31.288]		o-voTt6ZjfZr-p65xHtc6wsjSiDI
[2015-12-29 14:40:38.649]		o-voTt2mhuKNrDcdlK44hJtL8fRo
[2015-12-29 16:24:34.151]		o-voTt3GDrkR5xdLrP8Kzgf6u7SM
[2015-12-29 17:09:09.057]		o-voTt2mhuKNrDcdlK44hJtL8fRo
[2015-12-29 17:09:19.743]		o-voTt6ZjfZr-p65xHtc6wsjSiDI
[2015-12-29 17:21:40.900]		o-voTt6ZjfZr-p65xHtc6wsjSiDI
[2015-12-29 17:25:43.434]		o-voTt2mhuKNrDcdlK44hJtL8fRo
[2015-12-29 17:50:40.334]		o-voTt2mhuKNrDcdlK44hJtL8fRo
[2015-12-29 17:53:40.982]		com.ichsy.jyh.BusinessLayer.WxPayAPI.WxPayException: UnifiedOrder response error!
   at com.ichsy.jyh.BusinessLayer.WxPayAPI.JsApiPay.GetUnifiedOrderResult()
   at com.ichsy.jyh.WebTouch.Ajax.API.Page_Load(Object sender, EventArgs e)
[2015-12-29 17:55:40.713]		com.ichsy.jyh.BusinessLayer.WxPayAPI.WxPayException: UnifiedOrder response error!
   at com.ichsy.jyh.BusinessLayer.WxPayAPI.JsApiPay.GetUnifiedOrderResult()
   at com.ichsy.jyh.WebTouch.Ajax.API.Page_Load(Object sender, EventArgs e)
[2015-12-29 18:06:40.251]		com.ichsy.jyh.BusinessLayer.WxPayAPI.WxPayException: UnifiedOrder response error!
   at com.ichsy.jyh.BusinessLayer.WxPayAPI.JsApiPay.GetUnifiedOrderResult()
   at com.ichsy.jyh.WebTouch.Ajax.API.Page_Load(Object sender, EventArgs e)
[2015-12-29 18:06:50.578]		o-voTt6ZjfZr-p65xHtc6wsjSiDI
[2015-12-29 18:09:11.337]		o-voTt6ZjfZr-p65xHtc6wsjSiDI
[2015-12-29 18:10:07.840]		o-voTt6ZjfZr-p65xHtc6wsjSiDI
