[2016-12-25 11:54:47.502]		推广：__fan.test.lacues.cn____
[2016-12-25 11:54:53.144]		推广：http://fan.test.lacues.cn/Account/login_m.html?gobackurlaa=aHR0cDovL2Zhbi50ZXN0LmxhY3Vlcy5jbi9BY2NvdW50L2luZGV4Lmh0bWw/dD0wLjIxODcyMDg2Mjg3NDc2MTIy__fan.test.lacues.cn____
[2016-12-25 11:55:06.840]		推广：http://fan.test.lacues.cn/Account/login.html?t=0.05971775623038411__fan.test.lacues.cn____
[2016-12-25 11:55:11.533]		推广：http://fan.test.lacues.cn/index.html__fan.test.lacues.cn____
[2016-12-25 11:55:15.519]		推广：http://fan.test.lacues.cn/Account/index.html?t=0.8886736806016415__fan.test.lacues.cn____
[2016-12-25 11:55:21.978]		推广：__fan.test.lacues.cn____
[2016-12-25 11:55:24.844]		推广：http://fan.test.lacues.cn/Account/MyOrder_List.html?paytype=JYCG__fan.test.lacues.cn____
[2016-12-25 11:55:27.505]		推广：http://fan.test.lacues.cn/Account/index.html?t=0.8886736806016415__fan.test.lacues.cn____
[2016-12-25 11:55:35.679]		推广：http://fan.test.lacues.cn/Account/MyOrder_List.html?paytype=ALL__fan.test.lacues.cn____
[2016-12-25 11:55:47.983]		推广：http://fan.test.lacues.cn/Review/ReviewRelease.html?order_code=DD1471103__fan.test.lacues.cn____
[2016-12-25 11:55:52.773]		推广：http://fan.test.lacues.cn/Account/MyOrder_List.html?paytype=JYCG__fan.test.lacues.cn____
[2016-12-25 11:55:55.991]		推广：http://fan.test.lacues.cn/Account/MyOrder_List.html?paytype=ALL__fan.test.lacues.cn____
[2016-12-25 11:55:58.589]		推广：http://fan.test.lacues.cn/Account/index.html?t=0.8886736806016415__fan.test.lacues.cn____
[2016-12-25 11:56:03.228]		推广：http://fan.test.lacues.cn/Account/MyTKSH_List.html?paytype=TKSH__fan.test.lacues.cn____
[2016-12-25 12:01:36.033]		推广：http://fan.test.lacues.cn/Account/MyTKSH_List.html?paytype=TKSH__fan.test.lacues.cn____
[2016-12-25 12:01:48.739]		推广：http://fan.test.lacues.cn/Account/MyTKSH_List.html?paytype=TKSH__fan.test.lacues.cn____
[2016-12-25 12:01:56.963]		推广：http://fan.test.lacues.cn/Account/MyTKSH_TXWL.html?order_code=DD1587103__fan.test.lacues.cn____
[2016-12-25 12:02:00.861]		推广：http://fan.test.lacues.cn/Account/MyTKSH_List.html?paytype=TKSH__fan.test.lacues.cn____
[2016-12-25 12:02:07.610]		推广：http://fan.test.lacues.cn/Account/MyTKSH_Detail.html?order_code=DD1471103__fan.test.lacues.cn____
[2016-12-25 12:02:12.577]		推广：http://fan.test.lacues.cn/Account/MyTKSH_List.html?paytype=TKSH__fan.test.lacues.cn____
[2016-12-25 12:02:15.789]		推广：http://fan.test.lacues.cn/Account/MyTKSH_Detail.html?order_code=DD1450103__fan.test.lacues.cn____
[2016-12-25 12:02:20.271]		推广：http://fan.test.lacues.cn/Account/MyTKSH_List.html?paytype=TKSH__fan.test.lacues.cn____
[2016-12-25 12:02:25.879]		推广：http://fan.test.lacues.cn/Account/MyTKSH_Detail.html?order_code=DD1473103__fan.test.lacues.cn____
[2016-12-25 12:02:29.198]		推广：http://fan.test.lacues.cn/Account/MyTKSH_List.html?paytype=TKSH__fan.test.lacues.cn____
[2016-12-25 12:06:07.082]		推广：http://fan.test.lacues.cn/Account/MyTKSH_Detail.html?order_code=DD1473103__fan.test.lacues.cn____
[2016-12-25 12:06:10.840]		推广：http://fan.test.lacues.cn/Account/MyTKSH_List.html?paytype=TKSH__fan.test.lacues.cn____
[2016-12-25 12:06:25.839]		推广：__fan.test.lacues.cn____
[2016-12-25 12:06:27.648]		推广：http://fan.test.lacues.cn/Account/MyTKSH_List.html?paytype=TKSH__fan.test.lacues.cn____
[2016-12-25 12:12:42.071]		推广：__fan.test.lacues.cn____
[2016-12-25 12:12:48.202]		推广：http://fan.test.lacues.cn/__fan.test.lacues.cn____
[2016-12-25 12:12:59.958]		推广：http://fan.test.lacues.cn/Account/index.html?t=0.5544700850758117__fan.test.lacues.cn____
[2016-12-25 12:15:15.300]		推广：http://fan.test.lacues.cn/Account/login.html?t=0.3565787356814263__fan.test.lacues.cn____
[2016-12-25 12:15:30.857]		推广：http://fan.test.lacues.cn/__fan.test.lacues.cn____
[2016-12-25 12:15:34.508]		推广：http://fan.test.lacues.cn/Account/index.html?t=0.6282705217020235__fan.test.lacues.cn____
[2016-12-25 12:15:37.909]		推广：http://fan.test.lacues.cn/Account/MyTKSH_List.html?paytype=TKSH__fan.test.lacues.cn____
[2016-12-25 12:15:40.583]		推广：http://fan.test.lacues.cn/Account/index.html?t=0.6282705217020235__fan.test.lacues.cn____
[2016-12-25 12:15:48.629]		推广：http://fan.test.lacues.cn/__fan.test.lacues.cn____
[2016-12-25 12:15:51.652]		推广：http://fan.test.lacues.cn/Account/index.html?t=0.6282705217020235__fan.test.lacues.cn____
[2016-12-25 12:15:55.296]		推广：http://fan.test.lacues.cn/__fan.test.lacues.cn____
[2016-12-25 12:15:57.890]		推广：http://fan.test.lacues.cn/Account/index.html?t=0.6282705217020235__fan.test.lacues.cn____
[2016-12-25 12:16:00.956]		推广：http://fan.test.lacues.cn/__fan.test.lacues.cn____
[2016-12-25 12:16:02.146]		推广：http://fan.test.lacues.cn/Account/index.html?t=0.6282705217020235__fan.test.lacues.cn____
[2016-12-25 12:16:05.181]		推广：http://fan.test.lacues.cn/__fan.test.lacues.cn____
[2016-12-25 12:16:40.846]		推广：http://fan.test.lacues.cn/Account/index.html?t=0.6282705217020235__fan.test.lacues.cn____
[2016-12-25 12:16:43.649]		推广：http://fan.test.lacues.cn/Account/MyTKSH_List.html?paytype=TKSH__fan.test.lacues.cn____
[2016-12-25 12:16:47.269]		推广：http://fan.test.lacues.cn/Account/MyTKSH_Detail.html?order_code=DD1242103__fan.test.lacues.cn____
