[2016-12-26 14:22:41.154]		推广：http://fan.test.lacues.cn/Account/MyTKSH_List.html?paytype=TKSH__fan.test.lacues.cn____
[2016-12-26 14:23:12.108]		推广：http://fan.test.lacues.cn/Account/MyTKSH_Detail.html?order_code=DD1471103__fan.test.lacues.cn____
[2016-12-26 14:23:14.316]		推广：http://fan.test.lacues.cn/Account/MyTKSH_List.html?paytype=TKSH__fan.test.lacues.cn____
[2016-12-26 14:23:17.763]		推广：http://fan.test.lacues.cn/Account/index.html?t=0.8886736806016415__fan.test.lacues.cn____
[2016-12-26 14:23:21.229]		推广：http://fan.test.lacues.cn/Account/index.html?t=0.8886736806016415__fan.test.lacues.cn____
[2016-12-26 14:23:23.236]		推广：http://fan.test.lacues.cn/Account/MyOrder_List.html?paytype=ALL__fan.test.lacues.cn____
[2016-12-26 14:23:26.934]		推广：http://fan.test.lacues.cn/Account/MyOrder_List.html?paytype=ALL__fan.test.lacues.cn____
[2016-12-26 14:23:45.466]		推广：http://fan.test.lacues.cn/Account/index.html?t=0.8886736806016415__fan.test.lacues.cn____
[2016-12-26 14:23:47.440]		推广：http://fan.test.lacues.cn/Account/MyOrder_List.html?paytype=JYCG__fan.test.lacues.cn____
[2016-12-26 14:23:50.297]		推广：http://fan.test.lacues.cn/Account/index.html?t=0.8886736806016415__fan.test.lacues.cn____
[2016-12-26 14:24:08.147]		推广：http://fan.test.lacues.cn/Account/login.html?t=0.5926447489764541__fan.test.lacues.cn____
[2016-12-26 14:24:12.619]		推广：http://fan.test.lacues.cn/index.html__fan.test.lacues.cn____
[2016-12-26 14:24:15.894]		推广：http://fan.test.lacues.cn/Search.html?t=0.8800649661570787__fan.test.lacues.cn____
[2016-12-26 14:24:20.205]		推广：http://fan.test.lacues.cn/Product_List.html?showtype=__fan.test.lacues.cn____
[2016-12-26 14:24:26.439]		推广：http://fan.test.lacues.cn/Product_List.html?showtype=__fan.test.lacues.cn____
[2016-12-26 14:24:33.044]		推广：http://fan.test.lacues.cn/Product_List.html?showtype=__fan.test.lacues.cn____
[2016-12-26 14:24:43.419]		推广：http://fan.test.lacues.cn/Product_List.html?showtype=__fan.test.lacues.cn____
[2016-12-26 14:24:49.436]		推广：http://fan.test.lacues.cn/Product_List.html?showtype=__fan.test.lacues.cn____
[2016-12-26 14:24:54.730]		推广：http://fan.test.lacues.cn/Product_List.html?showtype=__fan.test.lacues.cn____
[2016-12-26 14:24:58.691]		推广：http://fan.test.lacues.cn/Product_List.html?showtype=__fan.test.lacues.cn____
[2016-12-26 14:25:07.747]		推广：http://fan.test.lacues.cn/Product_Detail.html?pid=8016465488__fan.test.lacues.cn____
