[2016-11-29 10:40:26.753]		推广：__fan.test.lacues.cn____
[2016-11-29 10:40:38.054]		推广：http://fan.test.lacues.cn/__fan.test.lacues.cn____
[2016-11-29 10:41:02.477]		推广：http://fan.test.lacues.cn/Search.html?t=0.16303853111539102__fan.test.lacues.cn____
[2016-11-29 10:41:28.031]		推广：http://fan.test.lacues.cn/Product_List.html?showtype=__fan.test.lacues.cn____
[2016-11-29 10:42:16.070]		推广：__fan.test.lacues.cn____
[2016-11-29 10:42:24.233]		推广：http://fan.test.lacues.cn/__fan.test.lacues.cn____
[2016-11-29 10:42:26.561]		推广：http://fan.test.lacues.cn/Search.html?t=0.1626507418705272__fan.test.lacues.cn____
[2016-11-29 10:42:30.024]		推广：http://fan.test.lacues.cn/Product_List.html?showtype=__fan.test.lacues.cn____
[2016-11-29 10:45:36.348]		推广：http://fan.test.lacues.cn/Product_List.html?showtype=__fan.test.lacues.cn____
[2016-11-29 10:46:27.816]		推广：__fan.test.lacues.cn____
[2016-11-29 10:46:33.017]		推广：__fan.test.lacues.cn____
[2016-11-29 10:46:47.591]		推广：http://fan.test.lacues.cn/__fan.test.lacues.cn____
[2016-11-29 10:46:50.640]		推广：__fan.test.lacues.cn____
[2016-11-29 10:47:23.259]		推广：__fan.test.lacues.cn____
[2016-11-29 10:48:59.029]		推广：__fan.test.lacues.cn____
[2016-11-29 10:49:15.097]		推广：__fan.test.lacues.cn____
[2016-11-29 10:51:10.101]		推广：http://fan.test.lacues.cn/Product_List.html?showtype=__fan.test.lacues.cn____
[2016-11-29 10:51:16.137]		推广：__fan.test.lacues.cn____
[2016-11-29 10:51:18.353]		推广：__fan.test.lacues.cn____
[2016-11-29 10:51:22.268]		推广：__fan.test.lacues.cn____
[2016-11-29 10:51:31.862]		推广：__fan.test.lacues.cn____
[2016-11-29 10:51:33.001]		推广：__fan.test.lacues.cn____
[2016-11-29 10:59:26.308]		推广：http://fan.test.lacues.cn/Product_List.html?showtype=__fan.test.lacues.cn____
[2016-11-29 10:59:47.985]		推广：http://fan.test.lacues.cn/Product_List.html?showtype=__fan.test.lacues.cn____
[2016-11-29 11:00:45.130]		推广：http://fan.test.lacues.cn/__fan.test.lacues.cn____
[2016-11-29 11:00:46.638]		推广：http://fan.test.lacues.cn/Account/index.html?t=0.9732387030923855__fan.test.lacues.cn____
[2016-11-29 11:02:03.011]		推广：http://fan.test.lacues.cn/Account/index.html?t=0.9732387030923855__fan.test.lacues.cn____
[2016-11-29 11:02:05.351]		推广：http://fan.test.lacues.cn/Account/login.html?t=0.7367037436016801__fan.test.lacues.cn____
[2016-11-29 11:02:27.582]		推广：http://fan.test.lacues.cn/Account/index.html?t=0.7178411613662312__fan.test.lacues.cn____
[2016-11-29 11:02:38.237]		推广：http://fan.test.lacues.cn/index.html__fan.test.lacues.cn____
[2016-11-29 11:02:40.701]		推广：http://fan.test.lacues.cn/Account/login.html?t=0.3690365642096396__fan.test.lacues.cn____
[2016-11-29 11:02:42.546]		推广：http://fan.test.lacues.cn/index.html__fan.test.lacues.cn____
[2016-11-29 11:02:54.620]		推广：http://fan.test.lacues.cn/Account/index.html?t=0.7816502152541185__fan.test.lacues.cn____
[2016-11-29 11:02:58.906]		推广：http://fan.test.lacues.cn/Account/MyTKSH_List.html?paytype=TKSH__fan.test.lacues.cn____
[2016-11-29 11:03:01.323]		推广：http://fan.test.lacues.cn/Account/MyTKSH_TXWL.html?order_code=DD1242103__fan.test.lacues.cn____
[2016-11-29 11:03:04.294]		推广：http://fan.test.lacues.cn/Account/MyTKSH_List.html?paytype=TKSH__fan.test.lacues.cn____
[2016-11-29 11:04:23.406]		推广：http://fan.test.lacues.cn/Account/MyTKSH_TXWL.html?order_code=DD1242103__fan.test.lacues.cn____
[2016-11-29 11:04:38.103]		推广：http://fan.test.lacues.cn/Account/MyTKSH_List.html?paytype=TKSH__fan.test.lacues.cn____
[2016-11-29 11:05:37.211]		推广：http://fan.test.lacues.cn/Account/MyTKSH_TXWL.html?order_code=DD1473103__fan.test.lacues.cn____
[2016-11-29 11:05:43.701]		推广：http://fan.test.lacues.cn/Account/MyTKSH_List.html?paytype=TKSH__fan.test.lacues.cn____
[2016-11-29 11:05:46.538]		推广：http://fan.test.lacues.cn/Account/MyTKSH_Detail.html?order_code=DD1473103__fan.test.lacues.cn____
[2016-11-29 11:05:48.812]		推广：http://fan.test.lacues.cn/Account/MyTKSH_List.html?paytype=TKSH__fan.test.lacues.cn____
[2016-11-29 11:07:32.815]		推广：http://fan.test.lacues.cn/Account/MyTKSH_Detail.html?order_code=DD1473103__fan.test.lacues.cn____
[2016-11-29 11:07:42.455]		推广：http://fan.test.lacues.cn/Account/MyTKSH_Detail.html?order_code=DD1473103__fan.test.lacues.cn____
[2016-11-29 11:07:46.281]		推广：http://fan.test.lacues.cn/Account/MyTKSH_List.html?paytype=TKSH__fan.test.lacues.cn____
[2016-11-29 11:08:07.861]		推广：http://fan.test.lacues.cn/Account/MyTKSH_Detail.html?order_code=DD1473103__fan.test.lacues.cn____
[2016-11-29 11:08:29.723]		推广：http://fan.test.lacues.cn/Account/MyTKSH_List.html?paytype=TKSH__fan.test.lacues.cn____
[2016-11-29 11:08:30.160]		推广：http://fan.test.lacues.cn/Account/login.html?t=0.7538598568187849__fan.test.lacues.cn____
[2016-11-29 11:08:55.853]		推广：http://fan.test.lacues.cn/Account/index.html?t=0.7816502152541185__fan.test.lacues.cn____
[2016-11-29 11:08:57.927]		推广：http://fan.test.lacues.cn/Account/MyTKSH_List.html?paytype=TKSH__fan.test.lacues.cn____
[2016-11-29 11:08:58.239]		推广：http://fan.test.lacues.cn/Account/index.html?t=0.7816502152541185__fan.test.lacues.cn____
[2016-11-29 11:08:58.473]		推广：http://fan.test.lacues.cn/Account/index.html?t=0.7816502152541185__fan.test.lacues.cn____
[2016-11-29 11:09:07.008]		推广：__fan.test.lacues.cn____
[2016-11-29 11:09:11.165]		推广：http://fan.test.lacues.cn/__fan.test.lacues.cn____
[2016-11-29 11:09:13.908]		推广：http://fan.test.lacues.cn/Account/index.html?t=0.2981448641512543__fan.test.lacues.cn____
[2016-11-29 11:09:31.592]		推广：http://fan.test.lacues.cn/Account/login.html?t=0.8879847934003919__fan.test.lacues.cn____
[2016-11-29 11:09:35.949]		推广：http://fan.test.lacues.cn/__fan.test.lacues.cn____
[2016-11-29 11:09:38.496]		推广：http://fan.test.lacues.cn/Account/index.html?t=0.037551901303231716__fan.test.lacues.cn____
[2016-11-29 11:09:42.478]		推广：http://fan.test.lacues.cn/Account/MyTKSH_List.html?paytype=TKSH__fan.test.lacues.cn____
[2016-11-29 11:09:45.554]		推广：http://fan.test.lacues.cn/Account/MyTKSH_Detail.html?order_code=DD1450103__fan.test.lacues.cn____
[2016-11-29 11:09:45.730]		推广：http://fan.test.lacues.cn/Account/MyTKSH_List.html?paytype=TKSH__fan.test.lacues.cn____
[2016-11-29 11:09:48.167]		推广：http://fan.test.lacues.cn/Account/index.html?t=0.037551901303231716__fan.test.lacues.cn____
[2016-11-29 11:09:50.152]		推广：http://fan.test.lacues.cn/Account/MyTKSH_List.html?paytype=TKSH__fan.test.lacues.cn____
[2016-11-29 11:09:56.460]		推广：http://fan.test.lacues.cn/Account/MyTKSH_Detail.html?order_code=DD1242103__fan.test.lacues.cn____
[2016-11-29 11:10:48.799]		推广：__fan.test.lacues.cn____
[2016-11-29 11:10:53.306]		推广：http://fan.test.lacues.cn/Account/MyTKSH_TXWL.html?afterCode=RGS161115100001__fan.test.lacues.cn____
[2016-11-29 11:11:23.420]		推广：http://fan.test.lacues.cn/Account/MyTKSH_List.html?paytype=TKSH__fan.test.lacues.cn____
[2016-11-29 11:11:26.726]		推广：http://fan.test.lacues.cn/Account/MyTKSH_Detail.html?order_code=DD1242103__fan.test.lacues.cn____
[2016-11-29 11:11:27.653]		推广：http://fan.test.lacues.cn/Account/MyTKSH_List.html?paytype=TKSH__fan.test.lacues.cn____
[2016-11-29 11:11:29.664]		推广：http://fan.test.lacues.cn/Account/index.html?t=0.037551901303231716__fan.test.lacues.cn____
[2016-11-29 11:11:30.320]		推广：http://fan.test.lacues.cn/Account/MyTKSH_List.html?paytype=TKSH__fan.test.lacues.cn____
[2016-11-29 11:11:31.229]		推广：http://fan.test.lacues.cn/Account/index.html?t=0.037551901303231716__fan.test.lacues.cn____
[2016-11-29 11:11:34.361]		推广：http://fan.test.lacues.cn/__fan.test.lacues.cn____
[2016-11-29 11:11:37.158]		推广：http://fan.test.lacues.cn/Account/index.html?t=0.7177518305834383__fan.test.lacues.cn____
[2016-11-29 11:11:40.745]		推广：http://fan.test.lacues.cn/Account/MyOrder_List.html?paytype=JYCG__fan.test.lacues.cn____
[2016-11-29 11:11:44.344]		推广：http://fan.test.lacues.cn/Account/MyOrder_detail.html?order_code=DD1587103__fan.test.lacues.cn____
[2016-11-29 11:13:27.263]		推广：__fan.test.lacues.cn____
[2016-11-29 11:13:30.598]		推广：http://fan.test.lacues.cn/__fan.test.lacues.cn____
[2016-11-29 11:13:33.611]		推广：http://fan.test.lacues.cn/cart.html__fan.test.lacues.cn____
[2016-11-29 11:13:35.585]		推广：http://fan.test.lacues.cn/__fan.test.lacues.cn____
[2016-11-29 11:13:40.068]		推广：http://fan.test.lacues.cn/Account/index.html?t=0.30153604224324226__fan.test.lacues.cn____
[2016-11-29 11:13:42.350]		推广：http://fan.test.lacues.cn/Account/MyOrder_List.html?paytype=JYCG__fan.test.lacues.cn____
[2016-11-29 11:13:46.998]		推广：http://fan.test.lacues.cn/Account/MyOrder_detail.html?order_code=DD1587103__fan.test.lacues.cn____
[2016-11-29 11:15:39.883]		推广：http://fan.test.lacues.cn/Account/MyOrder_List.html?paytype=JYCG__fan.test.lacues.cn____
[2016-11-29 11:16:00.939]		推广：__fan.test.lacues.cn____
[2016-11-29 11:16:04.764]		推广：http://fan.test.lacues.cn/Account/MyTKSH_TXWL.html?afterCode=RGS161115100001__fan.test.lacues.cn____
[2016-11-29 11:16:09.711]		推广：http://fan.test.lacues.cn/__fan.test.lacues.cn____
[2016-11-29 11:16:10.766]		推广：http://fan.test.lacues.cn/Account/index.html?t=0.28430390416073137__fan.test.lacues.cn____
[2016-11-29 11:16:13.576]		推广：http://fan.test.lacues.cn/Account/login.html?t=0.46881486127942074__fan.test.lacues.cn____
[2016-11-29 11:16:17.752]		推广：__fan.test.lacues.cn____
[2016-11-29 11:18:12.474]		推广：__fan.test.lacues.cn____
[2016-11-29 11:20:01.577]		推广：http://fan.test.lacues.cn/Account/MyOrder_detail.html?order_code=DD1587103__fan.test.lacues.cn____
[2016-11-29 11:20:23.657]		推广：http://fan.test.lacues.cn/Account/MyTKSH_SQ.html?order_code=DD1587103__fan.test.lacues.cn____
[2016-11-29 11:20:26.703]		推广：http://fan.test.lacues.cn/Account/MyTKSH_List.html?t=0.963853309629485__fan.test.lacues.cn____
[2016-11-29 11:20:40.261]		推广：http://fan.test.lacues.cn/Account/MyOrder_detail.html?order_code=DD1587103__fan.test.lacues.cn____
[2016-11-29 11:20:41.559]		推广：http://fan.test.lacues.cn/Account/MyTKSH_List.html?t=0.963853309629485__fan.test.lacues.cn____
[2016-11-29 11:20:43.303]		推广：http://fan.test.lacues.cn/Account/MyOrder_detail.html?order_code=DD1587103__fan.test.lacues.cn____
[2016-11-29 11:25:48.619]		推广：http://fan.test.lacues.cn/Account/login.html?t=0.32087543868026747__fan.test.lacues.cn____
[2016-11-29 11:25:50.976]		推广：http://fan.test.lacues.cn/Account/index.html?t=0.7816502152541185__fan.test.lacues.cn____
[2016-11-29 11:25:52.272]		推广：http://fan.test.lacues.cn/Account/MyTKSH_List.html?paytype=TKSH__fan.test.lacues.cn____
[2016-11-29 11:25:54.402]		推广：http://fan.test.lacues.cn/Account/index.html?t=0.7816502152541185__fan.test.lacues.cn____
[2016-11-29 11:25:56.956]		推广：http://fan.test.lacues.cn/Account/MyOrder_List.html?paytype=JYCG__fan.test.lacues.cn____
[2016-11-29 11:25:59.826]		推广：http://fan.test.lacues.cn/Account/index.html?t=0.7816502152541185__fan.test.lacues.cn____
[2016-11-29 11:26:04.481]		推广：http://fan.test.lacues.cn/Account/MyOrder_List.html?paytype=DSH__fan.test.lacues.cn____
[2016-11-29 11:26:06.740]		推广：http://fan.test.lacues.cn/Account/MyOrder_detail.html?order_code=DD1469103__fan.test.lacues.cn____
[2016-11-29 11:26:09.453]		推广：http://fan.test.lacues.cn/Account/MyOrder_List.html?paytype=DSH__fan.test.lacues.cn____
[2016-11-29 11:26:11.652]		推广：http://fan.test.lacues.cn/Account/index.html?t=0.7816502152541185__fan.test.lacues.cn____
[2016-11-29 11:26:16.876]		推广：http://fan.test.lacues.cn/Account/MyTKSH_List.html?paytype=TKSH__fan.test.lacues.cn____
[2016-11-29 11:26:17.902]		推广：http://fan.test.lacues.cn/Account/index.html?t=0.7816502152541185__fan.test.lacues.cn____
[2016-11-29 11:26:21.166]		推广：http://fan.test.lacues.cn/Account/MyOrder_List.html?paytype=JYCG__fan.test.lacues.cn____
[2016-11-29 11:26:23.664]		推广：http://fan.test.lacues.cn/Account/MyOrder_detail.html?order_code=DD1471103__fan.test.lacues.cn____
[2016-11-29 11:27:19.614]		推广：http://fan.test.lacues.cn/Account/MyTKSH_SQ.html?order_code=DD1471103__fan.test.lacues.cn____
[2016-11-29 11:27:26.236]		推广：http://fan.test.lacues.cn/Account/login.html?t=0.46881486127942074__fan.test.lacues.cn____
[2016-11-29 11:27:30.785]		推广：__fan.test.lacues.cn____
[2016-11-29 11:28:06.067]		推广：http://fan.test.lacues.cn/Account/MyOrder_detail.html?order_code=DD1471103__fan.test.lacues.cn____
[2016-11-29 11:28:53.738]		推广：http://fan.test.lacues.cn/Account/MyOrder_detail.html?order_code=DD1471103__fan.test.lacues.cn____
[2016-11-29 11:29:19.537]		推广：http://fan.test.lacues.cn/Account/MyOrder_detail.html?order_code=DD1471103__fan.test.lacues.cn____
[2016-11-29 11:29:42.494]		推广：http://fan.test.lacues.cn/Account/MyTKSH_SQ.html?order_code=DD1471103__fan.test.lacues.cn____
[2016-11-29 11:29:45.844]		推广：http://fan.test.lacues.cn/Account/MyTKSH_List.html?t=0.8310309767702706__fan.test.lacues.cn____
[2016-11-29 11:31:41.264]		推广：http://fan.test.lacues.cn/Account/MyTKSH_Detail.html?afterCode=RGS161129100011__fan.test.lacues.cn____
[2016-11-29 11:31:52.933]		推广：http://fan.test.lacues.cn/Account/MyOrder_detail.html?order_code=DD1587103__fan.test.lacues.cn____
[2016-11-29 11:32:17.671]		推广：http://fan.test.lacues.cn/Account/MyTKSH_Detail.html?afterCode=RGS161129100011__fan.test.lacues.cn____
[2016-11-29 11:32:20.351]		推广：http://fan.test.lacues.cn/Account/MyTKSH_List.html?t=0.963853309629485__fan.test.lacues.cn____
[2016-11-29 11:41:58.612]		推广：http://fan.test.lacues.cn/Account/MyOrder_List.html?paytype=JYCG__fan.test.lacues.cn____
[2016-11-29 12:35:35.499]		推广：__fan.test.lacues.cn____
[2016-11-29 12:35:39.562]		推广：http://fan.test.lacues.cn/__fan.test.lacues.cn____
[2016-11-29 12:35:42.021]		推广：http://fan.test.lacues.cn/Account/index.html?t=0.7919925441871349__fan.test.lacues.cn____
[2016-11-29 12:35:45.178]		推广：http://fan.test.lacues.cn/Account/login.html?t=0.3762321685439427__fan.test.lacues.cn____
[2016-11-29 12:35:47.312]		推广：http://fan.test.lacues.cn/__fan.test.lacues.cn____
[2016-11-29 12:35:51.710]		推广：http://fan.test.lacues.cn/Account/index.html?t=0.5728586830884865__fan.test.lacues.cn____
[2016-11-29 12:35:53.388]		推广：http://fan.test.lacues.cn/Account/MyOrder_List.html?paytype=DFK__fan.test.lacues.cn____
[2016-11-29 12:35:58.279]		推广：http://fan.test.lacues.cn/Account/index.html?t=0.5728586830884865__fan.test.lacues.cn____
[2016-11-29 12:36:00.244]		推广：http://fan.test.lacues.cn/Account/MyOrder_List.html?paytype=DFH__fan.test.lacues.cn____
[2016-11-29 14:14:09.274]		推广：__fan.test.lacues.cn____
[2016-11-29 14:14:11.189]		推广：http://fan.test.lacues.cn/__fan.test.lacues.cn____
[2016-11-29 14:14:12.628]		推广：http://fan.test.lacues.cn/Search.html?t=0.24895205347349036__fan.test.lacues.cn____
[2016-11-29 14:14:16.307]		推广：http://fan.test.lacues.cn/Product_List.html?showtype=__fan.test.lacues.cn____
[2016-11-29 14:41:38.407]		推广：http://fan.test.lacues.cn/Account/index.html?t=0.5728586830884865__fan.test.lacues.cn____
[2016-11-29 14:41:41.140]		推广：http://fan.test.lacues.cn/Account/MyAccount.html?t=0.4887490125376308__fan.test.lacues.cn____
[2016-11-29 14:41:42.696]		推广：http://fan.test.lacues.cn/Account/index.html?t=0.3478217359299991__fan.test.lacues.cn____
[2016-11-29 14:41:45.373]		推广：http://fan.test.lacues.cn/__fan.test.lacues.cn____
[2016-11-29 14:46:41.123]		推广：__fan.test.lacues.cn____
[2016-11-29 14:46:54.228]		推广：http://test-dlq.ycp8.cn/cdlq/web/template/template.html?pNum=PNM161111100001__fan.test.lacues.cn____
[2016-11-29 14:56:14.989]		推广：__fan.test.lacues.cn____
[2016-11-29 14:56:19.060]		推广：__fan.test.lacues.cn____
[2016-11-29 14:56:22.133]		推广：__fan.test.lacues.cn____
[2016-11-29 14:56:37.792]		推广：http://fan.test.lacues.cn/__fan.test.lacues.cn____
[2016-11-29 14:57:25.655]		推广：http://fan.test.lacues.cn/Product_Detail.html?pid=8016465488__fan.test.lacues.cn____
[2016-11-29 15:10:54.202]		推广：http://localhost:8080/cdlq/web/template/template.html?pNum=PNM161129100001__fan.test.lacues.cn____
[2016-11-29 15:31:11.814]		推广：__fan.test.lacues.cn____
[2016-11-29 15:31:15.230]		推广：http://fan.test.lacues.cn/__fan.test.lacues.cn____
[2016-11-29 15:31:16.675]		推广：http://fan.test.lacues.cn/Account/index.html?t=0.7136460230308432__fan.test.lacues.cn____
[2016-11-29 15:31:21.735]		推广：http://fan.test.lacues.cn/Account/login.html?t=0.23769785838136492__fan.test.lacues.cn____
[2016-11-29 15:31:23.840]		推广：http://fan.test.lacues.cn/__fan.test.lacues.cn____
[2016-11-29 15:57:41.209]		推广：__fan.test.lacues.cn____
[2016-11-29 16:13:23.493]		推广：http://localhost:8080/cdlq/web/template/template.html?pNum=PNM161124100001__fan.test.lacues.cn____
[2016-11-29 16:37:16.668]		推广：__fan.test.lacues.cn____
[2016-11-29 16:38:38.807]		推广：http://fan.test.lacues.cn/__fan.test.lacues.cn____
[2016-11-29 16:38:40.705]		推广：http://fan.test.lacues.cn/Account/index.html?t=0.22822791360075967__fan.test.lacues.cn____
[2016-11-29 16:38:50.570]		推广：http://fan.test.lacues.cn/Account/login.html?t=0.052902456329550374__fan.test.lacues.cn____
[2016-11-29 16:38:52.268]		推广：http://fan.test.lacues.cn/__fan.test.lacues.cn____
[2016-11-29 16:38:57.266]		推广：http://fan.test.lacues.cn/Account/index.html?t=0.3680494449137448__fan.test.lacues.cn____
[2016-11-29 16:39:00.982]		推广：http://fan.test.lacues.cn/Account/MyTKSH_List.html?paytype=TKSH__fan.test.lacues.cn____
[2016-11-29 16:39:31.375]		推广：__fan.test.lacues.cn____
[2016-11-29 16:39:35.630]		推广：http://fan.test.lacues.cn/Account/index.html?t=0.3680494449137448__fan.test.lacues.cn____
[2016-11-29 16:39:37.543]		推广：http://fan.test.lacues.cn/Account/MyTKSH_List.html?paytype=TKSH__fan.test.lacues.cn____
[2016-11-29 16:40:04.435]		推广：__fan.test.lacues.cn____
[2016-11-29 16:40:08.695]		推广：__fan.test.lacues.cn____
[2016-11-29 16:40:09.770]		推广：http://fan.test.lacues.cn/__fan.test.lacues.cn____
[2016-11-29 16:40:11.339]		推广：http://fan.test.lacues.cn/Account/index.html?t=0.8832002483051276__fan.test.lacues.cn____
[2016-11-29 16:40:15.902]		推广：http://fan.test.lacues.cn/Account/login.html?t=0.40867146671918886__fan.test.lacues.cn____
[2016-11-29 16:40:17.099]		推广：__fan.test.lacues.cn____
[2016-11-29 16:40:25.550]		推广：http://fan.test.lacues.cn/Account/MyTKSH_Detail.html?order_code=DD1471103__fan.test.lacues.cn____
[2016-11-29 16:41:07.687]		推广：http://fan.test.lacues.cn/Account/MyTKSH_List.html?paytype=TKSH__fan.test.lacues.cn____
[2016-11-29 16:42:33.967]		推广：http://fan.test.lacues.cn/Account/MyTKSH_List.html?paytype=TKSH__fan.test.lacues.cn____
[2016-11-29 16:42:51.971]		推广：http://fan.test.lacues.cn/Account/MyTKSH_Detail.html?order_code=DD1471103__fan.test.lacues.cn____
[2016-11-29 16:43:14.371]		推广：http://fan.test.lacues.cn/Account/MyTKSH_TXWL.html?afterCode=RGS161129100012__fan.test.lacues.cn____
[2016-11-29 16:44:39.939]		推广：http://fan.test.lacues.cn/Account/MyTKSH_TXWL.html?afterCode=RGS161129100012__fan.test.lacues.cn____
[2016-11-29 16:47:10.905]		推广：http://fan.test.lacues.cn/Account/MyTKSH_TXWL.html?afterCode=RGS161129100012__fan.test.lacues.cn____
[2016-11-29 16:47:40.957]		推广：__fan.test.lacues.cn____
[2016-11-29 16:47:44.224]		推广：http://fan.test.lacues.cn/__fan.test.lacues.cn____
[2016-11-29 16:47:46.085]		推广：http://fan.test.lacues.cn/Account/index.html?t=0.9527221106786663__fan.test.lacues.cn____
[2016-11-29 16:47:48.685]		推广：http://fan.test.lacues.cn/Account/MyTKSH_List.html?paytype=TKSH__fan.test.lacues.cn____
[2016-11-29 16:47:56.073]		推广：http://fan.test.lacues.cn/Account/MyTKSH_Detail.html?order_code=DD1471103__fan.test.lacues.cn____
[2016-11-29 16:47:58.420]		推广：http://fan.test.lacues.cn/Account/MyTKSH_List.html?paytype=TKSH__fan.test.lacues.cn____
[2016-11-29 16:51:09.320]		推广：__fan.test.lacues.cn____
[2016-11-29 17:06:40.950]		推广：__fan.test.lacues.cn____
[2016-11-29 17:09:06.636]		推广：__fan.test.lacues.cn____
[2016-11-29 17:10:16.934]		推广：__fan.test.lacues.cn____
[2016-11-29 17:10:26.356]		推广：http://fan.test.lacues.cn/__fan.test.lacues.cn____
[2016-11-29 17:11:25.964]		推广：__fan.test.lacues.cn____
[2016-11-29 17:11:33.319]		推广：http://fan.test.lacues.cn/__fan.test.lacues.cn____
[2016-11-29 17:11:35.943]		推广：http://fan.test.lacues.cn/Product_Detail.html?pid=8016465488__fan.test.lacues.cn____
[2016-11-29 17:22:11.093]		推广：http://fan.test.lacues.cn/Product_Detail.html?pid=8016465488__fan.test.lacues.cn____
[2016-11-29 17:22:16.636]		推广：http://fan.test.lacues.cn/Product_Detail.html?pid=8016465488__fan.test.lacues.cn____
[2016-11-29 17:22:50.387]		推广：http://fan.test.lacues.cn/Product_Detail.html?pid=8016465488__fan.test.lacues.cn____
[2016-11-29 17:24:49.834]		推广：http://fan.test.lacues.cn/Product_Detail.html?pid=8016465488__fan.test.lacues.cn____
[2016-11-29 18:14:24.409]		推广：http://fan.test.lacues.cn/__fan.test.lacues.cn____
[2016-11-29 18:14:25.290]		推广：http://fan.test.lacues.cn/Account/index.html?t=0.6851627301148917__fan.test.lacues.cn____
[2016-11-29 18:14:29.191]		推广：http://fan.test.lacues.cn/Account/login.html?t=0.6571867698083298__fan.test.lacues.cn____
[2016-11-29 18:16:16.746]		推广：http://fan.test.lacues.cn/__fan.test.lacues.cn____
[2016-11-29 18:16:19.221]		推广：http://fan.test.lacues.cn/Account/index.html?t=0.45769917188518217__fan.test.lacues.cn____
[2016-11-29 18:16:20.131]		推广：http://fan.test.lacues.cn/Account/index.html?t=0.45769917188518217__fan.test.lacues.cn____
[2016-11-29 18:16:29.499]		推广：http://fan.test.lacues.cn/Account/login.html?t=0.9307236673561532__fan.test.lacues.cn____
[2016-11-29 18:34:37.482]		推广：__fan.test.lacues.cn____
[2016-11-29 18:34:45.398]		推广：http://fan.test.lacues.cn/__fan.test.lacues.cn____
[2016-11-29 18:34:47.657]		推广：http://fan.test.lacues.cn/Account/index.html?t=0.7417041219577536__fan.test.lacues.cn____
[2016-11-29 18:34:48.019]		推广：http://fan.test.lacues.cn/__fan.test.lacues.cn____
[2016-11-29 18:34:49.059]		推广：http://fan.test.lacues.cn/Search.html?t=0.9778049982819668__fan.test.lacues.cn____
[2016-11-29 18:34:53.706]		推广：http://fan.test.lacues.cn/Product_List.html?showtype=__fan.test.lacues.cn____
[2016-11-29 18:34:53.716]		推广：http://fan.test.lacues.cn/Product_Detail.html?pid=58016100267__fan.test.lacues.cn____
[2016-11-29 18:34:57.262]		推广：http://fan.test.lacues.cn/Product_List.html?showtype=__fan.test.lacues.cn____
[2016-11-29 18:34:58.383]		推广：http://fan.test.lacues.cn/Product_Detail.html?pid=8016465485__fan.test.lacues.cn____
[2016-11-29 18:35:12.204]		推广：http://test.pay.caiyb.cn/Handle/TALIPM000000000000000000001136/1480415711?sign=36FD6B7AF1D9B6321C1D8D432DCF6964__fan.test.lacues.cn____
[2016-11-29 18:35:29.211]		推广：http://fan.test.lacues.cn/Product_List.html?showtype=__fan.test.lacues.cn____
[2016-11-29 18:44:47.991]		推广：__fan.test.lacues.cn____
[2016-11-29 18:44:50.128]		推广：http://fan.test.lacues.cn/__fan.test.lacues.cn____
[2016-11-29 18:44:52.437]		推广：http://fan.test.lacues.cn/Account/index.html?t=0.29492997258115095__fan.test.lacues.cn____
[2016-11-29 18:44:53.505]		推广：http://fan.test.lacues.cn/__fan.test.lacues.cn____
[2016-11-29 18:44:54.727]		推广：http://fan.test.lacues.cn/Search.html?t=0.18165269489635372__fan.test.lacues.cn____
[2016-11-29 18:44:57.960]		推广：http://fan.test.lacues.cn/Product_List.html?showtype=__fan.test.lacues.cn____
[2016-11-29 18:44:59.361]		推广：http://fan.test.lacues.cn/Product_Detail.html?pid=8016465485__fan.test.lacues.cn____
[2016-11-29 18:45:44.403]		推广：__fan.test.lacues.cn____
[2016-11-29 18:45:45.879]		推广：http://fan.test.lacues.cn/order/OrderConfirm.html?t=0.866550283287016__fan.test.lacues.cn____
[2016-11-29 18:46:09.368]		推广：http://fan.test.lacues.cn/Product_Detail.html?pid=8016465485__fan.test.lacues.cn____
[2016-11-29 18:46:16.481]		推广：http://fan.test.lacues.cn/order/OrderConfirm.html?t=0.5437976633701849__fan.test.lacues.cn____
[2016-11-29 18:46:26.445]		推广：http://fan.test.lacues.cn/Account/login.html?t=0.7955949608600585__fan.test.lacues.cn____
[2016-11-29 19:09:55.465]		推广：http://fan.test.lacues.cn/Product_Detail.html?pid=8016465485__fan.test.lacues.cn____
[2016-11-29 19:10:00.764]		推广：__fan.test.lacues.cn____
[2016-11-29 19:10:01.342]		推广：__fan.test.lacues.cn____
[2016-11-29 19:10:07.436]		推广：http://fan.test.lacues.cn/__fan.test.lacues.cn____
[2016-11-29 19:10:08.504]		推广：http://fan.test.lacues.cn/Account/index.html?t=0.018803520040556965__fan.test.lacues.cn____
[2016-11-29 19:10:12.854]		推广：http://fan.test.lacues.cn/Account/login.html?t=0.8371008550089771__fan.test.lacues.cn____
[2016-11-29 19:10:13.436]		推广：http://fan.test.lacues.cn/__fan.test.lacues.cn____
[2016-11-29 19:10:15.667]		推广：http://fan.test.lacues.cn/Account/index.html?t=0.16176528334080498__fan.test.lacues.cn____
[2016-11-29 19:10:19.034]		推广：http://fan.test.lacues.cn/Account/MyOrder_List.html?paytype=DFK__fan.test.lacues.cn____
[2016-11-29 19:11:03.267]		推广：http://fan.test.lacues.cn/Account/MyOrder_detail.html?order_code=OS1652103__fan.test.lacues.cn____
[2016-11-29 19:11:05.957]		推广：http://fan.test.lacues.cn/Account/MyOrder_detail.html?order_code=OS1652103__fan.test.lacues.cn____
[2016-11-29 19:11:08.144]		推广：http://fan.test.lacues.cn/Account/MyOrder_detail.html?order_code=OS1652103__fan.test.lacues.cn____
[2016-11-29 19:14:29.621]		推广：http://fan.test.lacues.cn/Account/MyOrder_List.html?paytype=DFK__fan.test.lacues.cn____
[2016-11-29 19:14:32.310]		推广：http://fan.test.lacues.cn/Account/MyOrder_detail.html?order_code=OS1652103__fan.test.lacues.cn____
[2016-11-29 19:15:38.113]		推广：http://fan.test.lacues.cn/Product_Detail.html?pid=8016465485__fan.test.lacues.cn____
[2016-11-29 19:15:42.191]		推广：http://fan.test.lacues.cn/Account/MyOrder_detail.html?order_code=OS1652103__fan.test.lacues.cn____
[2016-11-29 19:15:43.478]		推广：http://fan.test.lacues.cn/Account/MyOrder_List.html?paytype=DFK__fan.test.lacues.cn____
[2016-11-29 19:15:45.028]		推广：http://fan.test.lacues.cn/Account/index.html?t=0.16176528334080498__fan.test.lacues.cn____
[2016-11-29 19:30:45.527]		推广：__fan.test.lacues.cn____
[2016-11-29 19:30:46.494]		推广：http://fan.test.lacues.cn/__fan.test.lacues.cn____
[2016-11-29 19:30:48.555]		推广：http://fan.test.lacues.cn/Account/index.html?t=0.8670008239942564__fan.test.lacues.cn____
[2016-11-29 19:30:50.694]		推广：http://fan.test.lacues.cn/__fan.test.lacues.cn____
[2016-11-29 19:30:51.936]		推广：http://fan.test.lacues.cn/Search.html?t=0.8764397500534205__fan.test.lacues.cn____
[2016-11-29 19:30:55.012]		推广：http://fan.test.lacues.cn/Product_List.html?showtype=__fan.test.lacues.cn____
[2016-11-29 19:31:02.500]		推广：http://fan.test.lacues.cn/Product_List.html?showtype=__fan.test.lacues.cn____
[2016-11-29 19:31:17.067]		推广：http://fan.test.lacues.cn/Product_Detail.html?pid=8016465485__fan.test.lacues.cn____
[2016-11-29 19:31:20.889]		推广：http://fan.test.lacues.cn/Product_Detail.html?pid=8016465485__fan.test.lacues.cn____
[2016-11-29 19:40:40.312]		推广：__fan.test.lacues.cn____
[2016-11-29 19:42:03.177]		推广：http://fan.test.lacues.cn/__fan.test.lacues.cn____
[2016-11-29 19:42:45.035]		推广：http://fan.test.lacues.cn/Search.html?t=0.8236606293535271__fan.test.lacues.cn____
[2016-11-29 19:42:45.379]		推广：http://fan.test.lacues.cn/Search.html?t=0.9174135521933637__fan.test.lacues.cn____
[2016-11-29 19:42:47.176]		推广：http://fan.test.lacues.cn/Product_List.html?showtype=__fan.test.lacues.cn____
[2016-11-29 19:42:50.237]		推广：http://fan.test.lacues.cn/Product_List.html?showtype=__fan.test.lacues.cn____
[2016-11-29 19:42:51.758]		推广：http://fan.test.lacues.cn/Search.html?t=0.7128088513715694__fan.test.lacues.cn____
[2016-11-29 19:43:43.368]		推广：http://fan.test.lacues.cn/Product_List.html?showtype=__fan.test.lacues.cn____
[2016-11-29 19:43:46.148]		推广：http://fan.test.lacues.cn/Search.html?t=0.875502509212994__fan.test.lacues.cn____
[2016-11-29 19:44:45.642]		推广：http://fan.test.lacues.cn/Product_List.html?showtype=__fan.test.lacues.cn____
[2016-11-29 19:44:46.652]		推广：http://fan.test.lacues.cn/Search.html?t=0.9728509128261225__fan.test.lacues.cn____
[2016-11-29 19:46:51.424]		推广：http://fan.test.lacues.cn/Product_List.html?showtype=__fan.test.lacues.cn____
[2016-11-29 19:46:53.039]		推广：http://fan.test.lacues.cn/Search.html?t=0.2299604257128145__fan.test.lacues.cn____
