[2016-11-09 09:12:13.649]		推广：__fan.test.lacues.cn____
[2016-11-09 09:12:32.134]		推广：http://fan.test.lacues.cn/__fan.test.lacues.cn____
[2016-11-09 09:12:38.437]		推广：http://fan.test.lacues.cn/Account/index.html?t=0.7955474191997891__fan.test.lacues.cn____
[2016-11-09 09:13:18.430]		推广：http://fan.test.lacues.cn/Account/index.html?t=0.7955474191997891__fan.test.lacues.cn____
[2016-11-09 09:20:00.991]		推广：http://fan.test.lacues.cn/Account/index.html?t=0.7955474191997891__fan.test.lacues.cn____
[2016-11-09 09:27:29.605]		推广：http://fan.test.lacues.cn/__fan.test.lacues.cn____
[2016-11-09 09:27:32.887]		推广：http://fan.test.lacues.cn/Account/index.html?t=0.7955474191997891__fan.test.lacues.cn____
[2016-11-09 09:29:48.998]		推广：http://fan.test.lacues.cn/Account/index.html?t=0.7955474191997891__fan.test.lacues.cn____
[2016-11-09 09:30:36.577]		推广：http://fan.test.lacues.cn/Account/index.html?t=0.7955474191997891__fan.test.lacues.cn____
[2016-11-09 09:56:53.570]		推广：__fan.test.lacues.cn____
[2016-11-09 09:57:21.574]		推广：__fan.test.lacues.cn____
[2016-11-09 09:58:36.864]		推广：http://fan.test.lacues.cn/Account/index.html?t=0.7955474191997891__fan.test.lacues.cn____
[2016-11-09 10:01:01.322]		推广：http://fan.test.lacues.cn/Account/index.html?t=0.7955474191997891__fan.test.lacues.cn____
[2016-11-09 10:06:04.861]		推广：http://fan.test.lacues.cn/Account/index.html?t=0.7955474191997891__fan.test.lacues.cn____
[2016-11-09 10:09:43.948]		推广：__fan.test.lacues.cn____
[2016-11-09 10:12:08.351]		推广：http://fan.test.lacues.cn/Account/index.html?t=0.7955474191997891__fan.test.lacues.cn____
[2016-11-09 10:30:33.154]		推广：__fan.test.lacues.cn____
[2016-11-09 10:54:40.575]		推广：__fan.test.lacues.cn____
[2016-11-09 10:54:47.479]		推广：http://fan.test.lacues.cn/__fan.test.lacues.cn____
[2016-11-09 10:54:50.491]		推广：http://fan.test.lacues.cn/Account/index.html?t=0.9883001858834177__fan.test.lacues.cn____
[2016-11-09 10:55:21.087]		推广：http://fan.test.lacues.cn/Account/login.html?t=0.43085997900925577__fan.test.lacues.cn____
[2016-11-09 10:55:25.641]		推广：http://fan.test.lacues.cn/__fan.test.lacues.cn____
[2016-11-09 10:55:34.195]		推广：http://fan.test.lacues.cn/Account/index.html?t=0.4225947419181466__fan.test.lacues.cn____
[2016-11-09 10:55:38.958]		推广：http://fan.test.lacues.cn/Account/MyOrder_List.html?paytype=JYCG__fan.test.lacues.cn____
[2016-11-09 10:56:03.364]		推广：http://fan.test.lacues.cn/Account/MyOrder_detail.html?order_code=DD1279103__fan.test.lacues.cn____
[2016-11-09 10:56:03.396]		推广：http://fan.test.lacues.cn/Account/index.html?t=0.4225947419181466__fan.test.lacues.cn____
[2016-11-09 10:56:15.687]		推广：http://fan.test.lacues.cn/Account/index.html?t=0.4225947419181466__fan.test.lacues.cn____
[2016-11-09 10:56:24.735]		推广：http://fan.test.lacues.cn/Account/MyOrder_List.html?paytype=JYCG__fan.test.lacues.cn____
[2016-11-09 10:56:25.587]		推广：http://fan.test.lacues.cn/Account/login.html?t=0.37154353433288634__fan.test.lacues.cn____
[2016-11-09 10:56:25.828]		推广：http://fan.test.lacues.cn/__fan.test.lacues.cn____
[2016-11-09 10:57:07.488]		推广：http://fan.test.lacues.cn/Account/index.html?t=0.4225947419181466__fan.test.lacues.cn____
[2016-11-09 10:57:53.953]		推广：__fan.test.lacues.cn____
[2016-11-09 10:58:16.908]		推广：http://fan.test.lacues.cn/__fan.test.lacues.cn____
[2016-11-09 10:58:30.426]		推广：http://fan.test.lacues.cn/Search.html?t=0.7591077592223883__fan.test.lacues.cn____
[2016-11-09 10:58:38.217]		推广：http://fan.test.lacues.cn/Product_List.html?showtype=__fan.test.lacues.cn____
[2016-11-09 11:03:47.359]		推广：http://fan.test.lacues.cn/Search.html?t=0.7591077592223883__fan.test.lacues.cn____
[2016-11-09 11:03:52.726]		推广：__fan.test.lacues.cn____
[2016-11-09 11:21:21.444]		推广：http://fan.test.lacues.cn/__fan.test.lacues.cn____
[2016-11-09 11:21:24.167]		推广：http://fan.test.lacues.cn/Search.html?t=0.9935093497844956__fan.test.lacues.cn____
[2016-11-09 11:21:58.412]		推广：__fan.test.lacues.cn____
[2016-11-09 11:22:19.145]		推广：http://fan.test.lacues.cn/__fan.test.lacues.cn____
[2016-11-09 11:22:22.484]		推广：http://fan.test.lacues.cn/Product_List.html?showtype=__fan.test.lacues.cn____
[2016-11-09 11:22:23.387]		推广：http://fan.test.lacues.cn/Account/index.html?t=0.5058435928076506__fan.test.lacues.cn____
[2016-11-09 11:22:26.818]		推广：http://fan.test.lacues.cn/Account/MyAccount.html?t=0.1820797980763018__fan.test.lacues.cn____
[2016-11-09 11:22:28.452]		推广：http://fan.test.lacues.cn/Account/index.html?t=0.860782515257597__fan.test.lacues.cn____
[2016-11-09 11:22:30.688]		推广：http://fan.test.lacues.cn/__fan.test.lacues.cn____
[2016-11-09 11:22:33.665]		推广：http://fan.test.lacues.cn/Account/index.html?t=0.3597737974487245__fan.test.lacues.cn____
[2016-11-09 11:31:58.971]		推广：__fan.test.lacues.cn____
[2016-11-09 11:32:12.668]		推广：http://fan.test.lacues.cn/__fan.test.lacues.cn____
[2016-11-09 11:32:41.290]		推广：http://fan.test.lacues.cn/__fan.test.lacues.cn____
[2016-11-09 11:32:47.442]		推广：http://fan.test.lacues.cn/Category.html?t=0.8503972056787461__fan.test.lacues.cn____
[2016-11-09 11:32:56.180]		推广：http://fan.test.lacues.cn/Product_List.html?showtype=category__fan.test.lacues.cn____
[2016-11-09 11:33:03.478]		推广：http://fan.test.lacues.cn/Category.html?t=0.8503972056787461__fan.test.lacues.cn____
[2016-11-09 11:39:07.832]		推广：__fan.test.lacues.cn____
[2016-11-09 11:39:28.963]		推广：http://fan.test.lacues.cn/__fan.test.lacues.cn____
[2016-11-09 11:40:00.981]		推广：http://fan.test.lacues.cn/Search.html?t=0.07284743897616863__fan.test.lacues.cn____
[2016-11-09 11:40:11.855]		推广：http://fan.test.lacues.cn/Product_List.html?showtype=__fan.test.lacues.cn____
[2016-11-09 11:40:18.259]		推广：http://fan.test.lacues.cn/Product_Detail.html?pid=58016100270__fan.test.lacues.cn____
[2016-11-09 11:40:22.949]		推广：__fan.test.lacues.cn____
[2016-11-09 11:40:46.896]		推广：http://fan.test.lacues.cn/order/OrderConfirm.html?t=0.8477934885304421__fan.test.lacues.cn____
[2016-11-09 11:41:14.438]		推广：http://fan.test.lacues.cn/Account/AddressList.html?addressid=DZ161107100004__fan.test.lacues.cn____
[2016-11-09 11:42:40.535]		推广：http://fan.test.lacues.cn/Account/AddressEdit.html?addressid=0__fan.test.lacues.cn____
[2016-11-09 11:42:44.427]		推广：http://fan.test.lacues.cn/Account/AddressList.html?addressid=DZ161107100004__fan.test.lacues.cn____
[2016-11-09 11:42:53.268]		推广：http://fan.test.lacues.cn/Account/AddressEdit.html?addressid=0__fan.test.lacues.cn____
[2016-11-09 11:42:54.311]		推广：__fan.test.lacues.cn____
[2016-11-09 11:43:17.995]		推广：http://fan.test.lacues.cn/order/OrderConfirm.html?t=0.6746918868739158__fan.test.lacues.cn____
[2016-11-09 11:43:20.410]		推广：http://fan.test.lacues.cn/Product_Detail.html?pid=58016100270__fan.test.lacues.cn____
[2016-11-09 11:43:29.024]		推广：http://fan.test.lacues.cn/cart.html?t=0.29654201050288975__fan.test.lacues.cn____
[2016-11-09 11:43:31.220]		推广：http://fan.test.lacues.cn/Product_Detail.html?pid=58016100270__fan.test.lacues.cn____
[2016-11-09 11:43:32.719]		推广：__fan.test.lacues.cn____
[2016-11-09 11:43:40.064]		推广：http://fan.test.lacues.cn/order/OrderConfirm.html?t=0.2264059125445783__fan.test.lacues.cn____
[2016-11-09 11:43:43.483]		推广：http://fan.test.lacues.cn/Account/AddressList.html?addressid=DZ161109100001__fan.test.lacues.cn____
[2016-11-09 11:44:40.583]		推广：http://fan.test.lacues.cn/Account/AddressEdit.html?addressid=0__fan.test.lacues.cn____
[2016-11-09 11:44:44.937]		推广：http://fan.test.lacues.cn/Account/AddressList.html?addressid=DZ161109100001__fan.test.lacues.cn____
[2016-11-09 11:44:49.319]		推广：http://fan.test.lacues.cn/Account/AddressEdit.html?addressid=0__fan.test.lacues.cn____
[2016-11-09 11:44:54.834]		推广：__fan.test.lacues.cn____
[2016-11-09 11:45:32.530]		推广：http://fan.test.lacues.cn/order/OrderConfirm.html?t=0.8567068122792989__fan.test.lacues.cn____
[2016-11-09 11:45:33.872]		推广：http://fan.test.lacues.cn/order/OrderConfirm.html?t=0.8567068122792989__fan.test.lacues.cn____
[2016-11-09 11:45:43.458]		推广：http://fan.test.lacues.cn/Product_Detail.html?pid=58016100270__fan.test.lacues.cn____
[2016-11-09 11:45:44.914]		推广：__fan.test.lacues.cn____
[2016-11-09 11:45:48.688]		推广：http://fan.test.lacues.cn/order/OrderConfirm.html?t=0.09386656433343887__fan.test.lacues.cn____
[2016-11-09 11:45:51.599]		推广：http://fan.test.lacues.cn/Account/AddressList.html?addressid=DZ161109100002__fan.test.lacues.cn____
[2016-11-09 11:45:52.647]		推广：__fan.test.lacues.cn____
[2016-11-09 11:46:01.127]		推广：http://fan.test.lacues.cn/order/OrderConfirm.html?t=0.9379185016732663__fan.test.lacues.cn____
[2016-11-09 11:46:04.478]		推广：http://fan.test.lacues.cn/Account/AddressList.html?addressid=DZ161109100001__fan.test.lacues.cn____
[2016-11-09 11:46:05.223]		推广：__fan.test.lacues.cn____
[2016-11-09 11:46:19.803]		推广：http://test.pay.caiyb.cn/Handle/TWXJ00000000000000000000001787/1478663177?sign=67DE3015B61554FB61F88EEAD9911D12__fan.test.lacues.cn____
[2016-11-09 11:46:24.227]		推广：http://fan.test.lacues.cn/Account/AddressList.html?addressid=DZ161109100001__fan.test.lacues.cn____
[2016-11-09 11:46:24.923]		推广：__fan.test.lacues.cn____
[2016-11-09 11:46:26.147]		推广：http://fan.test.lacues.cn/order/OrderConfirm.html?t=0.5548051744699478__fan.test.lacues.cn____
[2016-11-09 11:46:29.206]		推广：__fan.test.lacues.cn____
[2016-11-09 11:54:01.562]		推广：__fan.test.lacues.cn____
[2016-11-09 11:54:18.533]		推广：http://fan.test.lacues.cn/__fan.test.lacues.cn____
[2016-11-09 11:54:23.184]		推广：__fan.test.lacues.cn____
[2016-11-09 11:54:24.322]		推广：http://fan.test.lacues.cn/Account/index.html?t=0.6474209332372993__fan.test.lacues.cn____
[2016-11-09 11:54:35.959]		推广：http://fan.test.lacues.cn/Account/MyOrder_List.html?paytype=DFH__fan.test.lacues.cn____
[2016-11-09 11:54:45.818]		推广：http://fan.test.lacues.cn/Account/MyOrder_detail.html?order_code=DD1289103__fan.test.lacues.cn____
[2016-11-09 11:55:04.574]		推广：http://fan.test.lacues.cn/Product_Detail.html?pid=58016100270__fan.test.lacues.cn____
[2016-11-09 11:55:09.001]		推广：__fan.test.lacues.cn____
[2016-11-09 11:55:14.703]		推广：http://fan.test.lacues.cn/order/OrderConfirm.html?t=0.9205563352443278__fan.test.lacues.cn____
[2016-11-09 11:55:18.020]		推广：http://fan.test.lacues.cn/Account/AddressList.html?addressid=DZ161107100004__fan.test.lacues.cn____
[2016-11-09 11:55:19.686]		推广：__fan.test.lacues.cn____
[2016-11-09 11:55:53.049]		推广：http://fan.test.lacues.cn/order/OrderConfirm.html?t=0.6073121002409607__fan.test.lacues.cn____
[2016-11-09 11:55:56.441]		推广：http://fan.test.lacues.cn/Account/AddressList.html?addressid=DZ161109100002__fan.test.lacues.cn____
[2016-11-09 11:56:04.140]		推广：__fan.test.lacues.cn____
[2016-11-09 11:59:00.226]		推广：http://fan.test.lacues.cn/order/OrderConfirm.html?t=0.9559881552122533__fan.test.lacues.cn____
[2016-11-09 12:02:41.557]		推广：http://fan.test.lacues.cn/Account/AddressList.html?addressid=DZ161109100002__fan.test.lacues.cn____
[2016-11-09 12:02:44.328]		推广：__fan.test.lacues.cn____
[2016-11-09 12:02:51.954]		推广：http://fan.test.lacues.cn/order/OrderConfirm.html?t=0.6969538002740592__fan.test.lacues.cn____
[2016-11-09 12:02:55.510]		推广：http://fan.test.lacues.cn/Account/AddressList.html?addressid=DZ161107100004__fan.test.lacues.cn____
[2016-11-09 12:03:18.502]		推广：http://fan.test.lacues.cn/Account/AddressEdit.html?addressid=0__fan.test.lacues.cn____
[2016-11-09 12:03:23.778]		推广：http://fan.test.lacues.cn/Account/AddressList.html?addressid=DZ161107100004__fan.test.lacues.cn____
[2016-11-09 12:03:53.285]		推广：http://fan.test.lacues.cn/Account/AddressEdit.html?addressid=0__fan.test.lacues.cn____
[2016-11-09 12:03:54.491]		推广：__fan.test.lacues.cn____
[2016-11-09 12:04:03.279]		推广：http://fan.test.lacues.cn/order/OrderConfirm.html?t=0.36463627265766263__fan.test.lacues.cn____
[2016-11-09 12:04:40.644]		推广：http://fan.test.lacues.cn/Account/AddressList.html?addressid=DZ161109100003__fan.test.lacues.cn____
[2016-11-09 12:05:31.539]		推广：http://fan.test.lacues.cn/Account/AddressEdit.html?addressid=0__fan.test.lacues.cn____
[2016-11-09 12:06:00.064]		推广：http://fan.test.lacues.cn/Account/AddressList.html?addressid=DZ161109100003__fan.test.lacues.cn____
[2016-11-09 12:06:53.226]		推广：__fan.test.lacues.cn____
[2016-11-09 12:07:06.133]		推广：http://fan.test.lacues.cn/Account/AddressEdit.html?addressid=0__fan.test.lacues.cn____
[2016-11-09 12:07:10.035]		推广：__fan.test.lacues.cn____
[2016-11-09 12:07:22.673]		推广：__fan.test.lacues.cn____
[2016-11-09 12:14:39.290]		推广：__fan.test.lacues.cn____
[2016-11-09 13:16:23.156]		推广：__fan.test.lacues.cn____
[2016-11-09 13:16:35.604]		推广：http://fan.test.lacues.cn/__fan.test.lacues.cn____
[2016-11-09 13:16:39.088]		推广：http://fan.test.lacues.cn/Account/index.html?t=0.6771405802574009__fan.test.lacues.cn____
[2016-11-09 13:16:51.504]		推广：http://fan.test.lacues.cn/Account/login.html?t=0.48069457639940083__fan.test.lacues.cn____
[2016-11-09 13:16:54.146]		推广：http://fan.test.lacues.cn/__fan.test.lacues.cn____
[2016-11-09 13:17:01.355]		推广：http://fan.test.lacues.cn/Account/index.html?t=0.44730847887694836__fan.test.lacues.cn____
[2016-11-09 13:17:08.856]		推广：http://fan.test.lacues.cn/Account/MyOrder_List.html?paytype=JYCG__fan.test.lacues.cn____
[2016-11-09 13:17:57.211]		推广：http://fan.test.lacues.cn/Review/ReviewRelease.html?order_code=DD1279103__fan.test.lacues.cn____
[2016-11-09 13:18:17.072]		推广：http://fan.test.lacues.cn/Review/ReviewRelease.html?order_code=DD1279103__fan.test.lacues.cn____
[2016-11-09 13:23:00.306]		推广：http://fan.test.lacues.cn/Account/MyOrder_List.html?paytype=JYCG__fan.test.lacues.cn____
[2016-11-09 13:23:15.657]		推广：http://fan.test.lacues.cn/Account/MyOrder_detail.html?order_code=DD1279103__fan.test.lacues.cn____
[2016-11-09 13:25:28.416]		推广：http://fan.test.lacues.cn/Account/MyOrder_detail.html?order_code=DD1279103__fan.test.lacues.cn____
[2016-11-09 13:25:40.205]		推广：http://fan.test.lacues.cn/Product_Detail.html?pid=8016465488__fan.test.lacues.cn____
[2016-11-09 13:27:59.407]		推广：http://fan.test.lacues.cn/Review/ReviewList.html?pid=8016465488__fan.test.lacues.cn____
[2016-11-09 13:29:49.151]		推广：http://fan.test.lacues.cn/Product_Detail.html?pid=8016465488__fan.test.lacues.cn____
[2016-11-09 13:30:34.903]		推广：http://fan.test.lacues.cn/Product_Detail.html?pid=8016465488__fan.test.lacues.cn____
[2016-11-09 13:36:34.570]		推广：http://fan.test.lacues.cn/Review/ReviewList.html?pid=8016465488__fan.test.lacues.cn____
[2016-11-09 13:40:00.240]		推广：http://fan.test.lacues.cn/Review/ReviewList.html?pid=8016465488__fan.test.lacues.cn____
[2016-11-09 13:40:04.574]		推广：http://fan.test.lacues.cn/Product_Detail.html?pid=8016465488__fan.test.lacues.cn____
[2016-11-09 13:40:18.602]		推广：http://fan.test.lacues.cn/Product_Detail.html?pid=8016465488__fan.test.lacues.cn____
[2016-11-09 13:41:07.524]		推广：__fan.test.lacues.cn____
[2016-11-09 13:41:18.592]		推广：http://fan.test.lacues.cn/__fan.test.lacues.cn____
[2016-11-09 13:41:41.502]		推广：http://fan.test.lacues.cn/Search.html?t=0.9272436869796365__fan.test.lacues.cn____
[2016-11-09 13:42:17.974]		推广：http://fan.test.lacues.cn/Product_List.html?showtype=__fan.test.lacues.cn____
[2016-11-09 13:46:02.204]		推广：http://fan.test.lacues.cn/Search.html?t=0.9272436869796365__fan.test.lacues.cn____
[2016-11-09 13:46:10.135]		推广：http://fan.test.lacues.cn/__fan.test.lacues.cn____
[2016-11-09 13:48:07.614]		推广：http://fan.test.lacues.cn/__fan.test.lacues.cn____
[2016-11-09 13:49:14.368]		推广：http://fan.test.lacues.cn/__fan.test.lacues.cn____
[2016-11-09 13:49:34.462]		推广：http://fan.test.lacues.cn/__fan.test.lacues.cn____
[2016-11-09 13:50:20.082]		推广：http://fan.test.lacues.cn/__fan.test.lacues.cn____
[2016-11-09 13:51:11.179]		推广：http://fan.test.lacues.cn/Account/index.html?t=0.14910296280868351__fan.test.lacues.cn____
[2016-11-09 13:51:16.209]		推广：http://fan.test.lacues.cn/Account/index.html?t=0.14910296280868351__fan.test.lacues.cn____
[2016-11-09 13:51:40.283]		推广：http://fan.test.lacues.cn/Account/login.html?t=0.1118957051075995__fan.test.lacues.cn____
[2016-11-09 13:53:20.137]		推广：http://fan.test.lacues.cn/Account/ResetPassword.html?t=0.7376861902885139__fan.test.lacues.cn____
[2016-11-09 13:53:22.446]		推广：http://fan.test.lacues.cn/Account/login.html__fan.test.lacues.cn____
[2016-11-09 13:54:13.991]		推广：http://fan.test.lacues.cn/Account/login_m.html?gobackurlaa=aHR0cDovL2Zhbi50ZXN0LmxhY3Vlcy5jbi9BY2NvdW50L1Jlc2V0UGFzc3dvcmQuaHRtbD90PTAuNzM3Njg2MTkwMjg4NTEzOQ==__fan.test.lacues.cn____
[2016-11-09 13:54:28.887]		推广：http://fan.test.lacues.cn/Account/ResetPassword.html?t=0.7376861902885139__fan.test.lacues.cn____
[2016-11-09 13:54:30.411]		推广：http://fan.test.lacues.cn/Account/login.html__fan.test.lacues.cn____
[2016-11-09 13:54:32.791]		推广：http://fan.test.lacues.cn/Account/index.html?t=0.14910296280868351__fan.test.lacues.cn____
[2016-11-09 13:54:42.002]		推广：__fan.test.lacues.cn____
[2016-11-09 13:54:52.844]		推广：http://fan.test.lacues.cn/__fan.test.lacues.cn____
[2016-11-09 13:55:00.676]		推广：http://fan.test.lacues.cn/Account/index.html?t=0.7708309441804886__fan.test.lacues.cn____
[2016-11-09 13:55:03.082]		推广：http://fan.test.lacues.cn/Account/index.html?t=0.7708309441804886__fan.test.lacues.cn____
[2016-11-09 13:55:06.450]		推广：http://fan.test.lacues.cn/Account/login.html?t=0.31433688290417194__fan.test.lacues.cn____
[2016-11-09 13:55:39.524]		推广：http://fan.test.lacues.cn/Account/login_m.html?gobackurlaa=aHR0cDovL2Zhbi50ZXN0LmxhY3Vlcy5jbi9BY2NvdW50L2luZGV4Lmh0bWw/dD0wLjc3MDgzMDk0NDE4MDQ4ODY=__fan.test.lacues.cn____
[2016-11-09 13:55:47.060]		推广：http://fan.test.lacues.cn/index.html__fan.test.lacues.cn____
[2016-11-09 13:55:52.751]		推广：http://fan.test.lacues.cn/Account/index.html?t=0.07114549842663109__fan.test.lacues.cn____
[2016-11-09 13:55:55.685]		推广：http://fan.test.lacues.cn/Account/index.html?t=0.07114549842663109__fan.test.lacues.cn____
[2016-11-09 13:56:05.320]		推广：__fan.test.lacues.cn____
[2016-11-09 13:56:38.803]		推广：http://fan.test.lacues.cn/Account/LoginOauth.aspx?TradeCode=WeiXin__fan.test.lacues.cn____
[2016-11-09 13:56:40.810]		推广：http://fan.test.lacues.cn/Account/LoginOauth.aspx?TradeCode=WeiXin__fan.test.lacues.cn____
[2016-11-09 13:56:55.660]		推广：http://fan.test.lacues.cn/Account/index.html?t=0.07114549842663109__fan.test.lacues.cn____
[2016-11-09 13:56:57.948]		推广：http://fan.test.lacues.cn/Account/MyAccount.html?t=0.5689607795793563__fan.test.lacues.cn____
[2016-11-09 13:57:28.329]		推广：http://fan.test.lacues.cn/Account/ResetPassword.html?t=0.7976881230715662__fan.test.lacues.cn____
[2016-11-09 13:58:08.114]		推广：http://fan.test.lacues.cn/Account/index.html__fan.test.lacues.cn____
[2016-11-09 13:58:19.047]		推广：http://fan.test.lacues.cn/Account/index.html__fan.test.lacues.cn____
[2016-11-09 13:58:31.858]		推广：__fan.test.lacues.cn____
[2016-11-09 13:58:37.559]		推广：http://fan.test.lacues.cn/Account/LoginOauth.aspx?TradeCode=WeiXin__fan.test.lacues.cn____
[2016-11-09 13:58:55.418]		推广：http://fan.test.lacues.cn/Account/index.html__fan.test.lacues.cn____
[2016-11-09 13:58:58.395]		推广：http://fan.test.lacues.cn/Account/index.html__fan.test.lacues.cn____
[2016-11-09 13:59:09.281]		推广：http://fan.test.lacues.cn/Account/login.html?t=0.8711964963003993__fan.test.lacues.cn____
[2016-11-09 14:03:24.889]		推广：http://fan.test.lacues.cn/index.html__fan.test.lacues.cn____
[2016-11-09 14:04:26.769]		推广：__fan.test.lacues.cn____
[2016-11-09 14:11:23.885]		推广：http://fan.test.lacues.cn/__fan.test.lacues.cn____
[2016-11-09 14:11:30.096]		推广：http://fan.test.lacues.cn/Account/index.html?t=0.3023337724226074__fan.test.lacues.cn____
[2016-11-09 14:11:36.246]		推广：http://fan.test.lacues.cn/Account/login.html?t=0.6363944526787799__fan.test.lacues.cn____
[2016-11-09 14:11:39.600]		推广：http://fan.test.lacues.cn/index.html__fan.test.lacues.cn____
[2016-11-09 14:11:39.849]		推广：http://fan.test.lacues.cn/Search.html?t=0.4844856284236958__fan.test.lacues.cn____
[2016-11-09 14:11:58.865]		推广：http://fan.test.lacues.cn/Product_Detail.html?pid=8016465485__fan.test.lacues.cn____
[2016-11-09 14:11:59.021]		推广：http://fan.test.lacues.cn/Product_List.html?showtype=__fan.test.lacues.cn____
[2016-11-09 14:12:32.375]		推广：http://fan.test.lacues.cn/cart.html?t=0.3725938457082487__fan.test.lacues.cn____
[2016-11-09 14:12:35.370]		推广：__fan.test.lacues.cn____
[2016-11-09 14:12:36.464]		推广：http://fan.test.lacues.cn/__fan.test.lacues.cn____
[2016-11-09 14:12:43.715]		推广：http://fan.test.lacues.cn/Account/index.html?t=0.34895243705994594__fan.test.lacues.cn____
[2016-11-09 14:12:53.859]		推广：http://fan.test.lacues.cn/Account/index.html?t=0.34895243705994594__fan.test.lacues.cn____
[2016-11-09 14:13:11.266]		推广：http://fan.test.lacues.cn/Account/login.html?t=0.8730918767940852__fan.test.lacues.cn____
[2016-11-09 14:13:15.703]		推广：http://fan.test.lacues.cn/index.html__fan.test.lacues.cn____
[2016-11-09 14:13:17.606]		推广：http://fan.test.lacues.cn/Search.html?t=0.7666470657186746__fan.test.lacues.cn____
[2016-11-09 14:13:31.514]		推广：http://fan.test.lacues.cn/Product_List.html?showtype=__fan.test.lacues.cn____
[2016-11-09 14:13:37.193]		推广：http://fan.test.lacues.cn/Product_Detail.html?pid=8016465485__fan.test.lacues.cn____
[2016-11-09 14:13:47.707]		推广：http://fan.test.lacues.cn/Product_List.html?showtype=__fan.test.lacues.cn____
[2016-11-09 14:14:08.728]		推广：http://fan.test.lacues.cn/Product_Detail.html?pid=58016100267__fan.test.lacues.cn____
[2016-11-09 14:14:28.402]		推广：http://fan.test.lacues.cn/cart.html?t=0.2872828859042633__fan.test.lacues.cn____
[2016-11-09 14:14:48.678]		推广：http://fan.test.lacues.cn/order/OrderConfirm.html?t=0.03133190232447247__fan.test.lacues.cn____
[2016-11-09 14:14:55.869]		推广：http://fan.test.lacues.cn/cart.html?t=0.2872828859042633__fan.test.lacues.cn____
[2016-11-09 14:15:51.879]		推广：http://fan.test.lacues.cn/order/OrderConfirm.html?t=0.7086852457537689__fan.test.lacues.cn____
[2016-11-09 14:16:28.423]		推广：http://fan.test.lacues.cn/order/OrderConfirm.html?t=0.7086852457537689__fan.test.lacues.cn____
[2016-11-09 14:17:18.855]		推广：http://fan.test.lacues.cn/order/OrderConfirm.html?t=0.7086852457537689__fan.test.lacues.cn____
[2016-11-09 14:17:31.271]		推广：http://fan.test.lacues.cn/order/OrderConfirm.html?t=0.7086852457537689__fan.test.lacues.cn____
[2016-11-09 14:18:11.174]		推广：http://fan.test.lacues.cn/order/OrderConfirm.html?t=0.7086852457537689__fan.test.lacues.cn____
[2016-11-09 14:18:13.439]		推广：__fan.test.lacues.cn____
[2016-11-09 14:29:08.254]		推广：__fan.test.lacues.cn____
[2016-11-09 14:34:51.706]		推广：http://fan.test.lacues.cn/cart.html?t=0.2872828859042633__fan.test.lacues.cn____
[2016-11-09 14:34:57.043]		推广：http://fan.test.lacues.cn/Product_Detail.html?pid=58016100267__fan.test.lacues.cn____
[2016-11-09 14:35:07.037]		推广：http://fan.test.lacues.cn/Product_List.html?showtype=__fan.test.lacues.cn____
[2016-11-09 14:35:18.673]		推广：http://fan.test.lacues.cn/Product_Detail.html?pid=8016465488__fan.test.lacues.cn____
[2016-11-09 14:35:40.776]		推广：http://fan.test.lacues.cn/cart.html?t=0.0003846557238231796__fan.test.lacues.cn____
[2016-11-09 14:35:50.850]		推广：http://fan.test.lacues.cn/order/OrderConfirm.html?t=0.37757276228761616__fan.test.lacues.cn____
[2016-11-09 14:35:54.366]		推广：http://fan.test.lacues.cn/Account/AddressEdit.html?addressid=0__fan.test.lacues.cn____
[2016-11-09 14:36:02.471]		推广：http://fan.test.lacues.cn/order/OrderConfirm.html?t=0.37757276228761616__fan.test.lacues.cn____
[2016-11-09 14:37:07.605]		推广：http://fan.test.lacues.cn/Account/AddressEdit.html?addressid=0__fan.test.lacues.cn____
[2016-11-09 14:37:45.374]		推广：http://fan.test.lacues.cn/order/OrderConfirm.html?t=0.37757276228761616__fan.test.lacues.cn____
[2016-11-09 14:37:52.696]		推广：http://fan.test.lacues.cn/Account/AddressList.html?addressid=DZ161109100005__fan.test.lacues.cn____
[2016-11-09 14:37:58.517]		推广：http://fan.test.lacues.cn/Account/AddressEdit.html?addressid=DZ161109100005__fan.test.lacues.cn____
[2016-11-09 14:38:03.399]		推广：http://fan.test.lacues.cn/Account/AddressList.html__fan.test.lacues.cn____
[2016-11-09 14:38:15.359]		推广：http://fan.test.lacues.cn/Account/AddressEdit.html?addressid=DZ161109100005__fan.test.lacues.cn____
[2016-11-09 14:38:17.663]		推广：http://fan.test.lacues.cn/Account/AddressList.html__fan.test.lacues.cn____
[2016-11-09 14:38:22.622]		推广：http://fan.test.lacues.cn/Account/AddressEdit.html?addressid=DZ161109100005__fan.test.lacues.cn____
[2016-11-09 14:38:55.006]		推广：http://test.pay.caiyb.cn/Handle/TALIPM000000000000000000001034/1478673514?sign=3C400B4BC3DA31D23B1FCD4AC9DAC359__fan.test.lacues.cn____
[2016-11-09 14:39:01.964]		推广：http://fan.test.lacues.cn/Order/OrderSuccess.html?orderid=OS1296103__fan.test.lacues.cn____
[2016-11-09 14:59:26.388]		推广：http://fan.test.lacues.cn/Order/OrderSuccess.html?orderid=OS1296103__fan.test.lacues.cn____
[2016-11-09 14:59:30.423]		推广：__fan.test.lacues.cn____
[2016-11-09 15:22:43.732]		推广：__fan.test.lacues.cn____
[2016-11-09 15:22:55.045]		推广：http://fan.test.lacues.cn/__fan.test.lacues.cn____
[2016-11-09 15:23:04.198]		推广：__fan.test.lacues.cn____
[2016-11-09 15:44:35.245]		推广：http://fan.test.lacues.cn/__fan.test.lacues.cn____
[2016-11-09 15:44:36.317]		推广：http://fan.test.lacues.cn/Search.html?t=0.8487640352318118__fan.test.lacues.cn____
[2016-11-09 15:44:41.893]		推广：http://fan.test.lacues.cn/Product_List.html?showtype=__fan.test.lacues.cn____
[2016-11-09 15:57:12.998]		推广：http://fan.test.lacues.cn/Product_Detail.html?pid=58016100283__fan.test.lacues.cn____
[2016-11-09 15:57:14.984]		推广：http://fan.test.lacues.cn/Product_List.html?showtype=__fan.test.lacues.cn____
[2016-11-09 15:57:16.875]		推广：http://fan.test.lacues.cn/Search.html?t=0.8487640352318118__fan.test.lacues.cn____
[2016-11-09 15:57:20.245]		推广：http://fan.test.lacues.cn/Product_List.html?showtype=__fan.test.lacues.cn____
[2016-11-09 15:57:22.863]		推广：http://fan.test.lacues.cn/Product_Detail.html?pid=58016100267__fan.test.lacues.cn____
[2016-11-09 15:57:26.005]		推广：http://fan.test.lacues.cn/order/OrderConfirm.html?t=0.5982468391722469__fan.test.lacues.cn____
[2016-11-09 15:57:30.421]		推广：http://fan.test.lacues.cn/Account/login.html?t=0.19393193511444795__fan.test.lacues.cn____
[2016-11-09 15:57:47.480]		推广：http://fan.test.lacues.cn/Account/login.html?t=0.19393193511444795__fan.test.lacues.cn____
[2016-11-09 15:58:17.122]		推广：http://fan.test.lacues.cn/Product_List.html?showtype=__fan.test.lacues.cn____
[2016-11-09 16:06:36.545]		推广：http://fan.test.lacues.cn/Product_List.html?showtype=__fan.test.lacues.cn____
[2016-11-09 16:06:45.922]		推广：__fan.test.lacues.cn____
[2016-11-09 16:06:51.258]		推广：http://fan.test.lacues.cn/__fan.test.lacues.cn____
[2016-11-09 16:07:02.465]		推广：http://fan.test.lacues.cn/Search.html?t=0.7733668686351631__fan.test.lacues.cn____
[2016-11-09 16:07:11.755]		推广：http://fan.test.lacues.cn/Product_List.html?showtype=__fan.test.lacues.cn____
[2016-11-09 16:07:14.984]		推广：http://fan.test.lacues.cn/Product_Detail.html?pid=58016100267__fan.test.lacues.cn____
[2016-11-09 16:08:27.479]		推广：http://fan.test.lacues.cn/Product_List.html?showtype=__fan.test.lacues.cn____
[2016-11-09 16:08:28.927]		推广：http://fan.test.lacues.cn/Search.html?t=0.7733668686351631__fan.test.lacues.cn____
[2016-11-09 16:12:10.192]		推广：http://fan.test.lacues.cn/Search.html?t=0.7733668686351631__fan.test.lacues.cn____
[2016-11-09 16:12:19.186]		推广：http://fan.test.lacues.cn/Product_List.html?showtype=__fan.test.lacues.cn____
[2016-11-09 16:12:26.816]		推广：http://fan.test.lacues.cn/Search.html?t=0.7733668686351631__fan.test.lacues.cn____
[2016-11-09 16:12:44.379]		推广：http://fan.test.lacues.cn/Product_List.html?showtype=__fan.test.lacues.cn____
[2016-11-09 16:13:08.307]		推广：http://fan.test.lacues.cn/Search.html?t=0.7733668686351631__fan.test.lacues.cn____
[2016-11-09 16:13:10.920]		推广：http://fan.test.lacues.cn/Product_List.html?showtype=__fan.test.lacues.cn____
[2016-11-09 16:13:34.985]		推广：http://fan.test.lacues.cn/Search.html?t=0.7733668686351631__fan.test.lacues.cn____
[2016-11-09 16:13:35.096]		推广：http://fan.test.lacues.cn/__fan.test.lacues.cn____
[2016-11-09 16:16:04.934]		推广：__fan.test.lacues.cn____
[2016-11-09 16:16:08.055]		推广：__fan.test.lacues.cn____
[2016-11-09 16:16:08.366]		推广：http://fan.test.lacues.cn/__fan.test.lacues.cn____
[2016-11-09 16:16:13.326]		推广：http://fan.test.lacues.cn/Account/index.html?t=0.8217809644162748__fan.test.lacues.cn____
[2016-11-09 16:28:20.452]		推广：http://fan.test.lacues.cn/Account/index.html?t=0.8217809644162748__fan.test.lacues.cn____
[2016-11-09 16:28:30.494]		推广：http://fan.test.lacues.cn/Account/login.html?t=0.4686661195426667__fan.test.lacues.cn____
[2016-11-09 16:28:33.110]		推广：http://fan.test.lacues.cn/index.html__fan.test.lacues.cn____
[2016-11-09 16:28:34.754]		推广：http://fan.test.lacues.cn/Search.html?t=0.7084415320632627__fan.test.lacues.cn____
[2016-11-09 16:28:36.032]		推广：http://fan.test.lacues.cn/index.html__fan.test.lacues.cn____
[2016-11-09 16:28:38.511]		推广：http://fan.test.lacues.cn/index.html__fan.test.lacues.cn____
[2016-11-09 16:28:41.024]		推广：http://fan.test.lacues.cn/cart.html__fan.test.lacues.cn____
[2016-11-09 16:28:41.341]		推广：http://fan.test.lacues.cn/index.html?t=0.31944540636381324__fan.test.lacues.cn____
[2016-11-09 16:28:42.214]		推广：http://fan.test.lacues.cn/Search.html?t=0.5725878956916279__fan.test.lacues.cn____
[2016-11-09 16:28:48.053]		推广：http://fan.test.lacues.cn/Product_List.html?showtype=__fan.test.lacues.cn____
[2016-11-09 16:28:53.716]		推广：http://fan.test.lacues.cn/Product_Detail.html?pid=58016100267__fan.test.lacues.cn____
[2016-11-09 16:28:58.075]		推广：http://fan.test.lacues.cn/Product_List.html?showtype=__fan.test.lacues.cn____
[2016-11-09 16:29:00.969]		推广：http://fan.test.lacues.cn/Product_Detail.html?pid=8016465488__fan.test.lacues.cn____
[2016-11-09 16:29:04.002]		推广：http://fan.test.lacues.cn/Product_Detail.html?pid=8016465488__fan.test.lacues.cn____
[2016-11-09 16:29:05.507]		推广：http://fan.test.lacues.cn/Product_Detail.html?pid=8016465488__fan.test.lacues.cn____
[2016-11-09 16:29:10.134]		推广：http://fan.test.lacues.cn/cart.html?t=0.9858457904510456__fan.test.lacues.cn____
[2016-11-09 16:29:11.155]		推广：http://fan.test.lacues.cn/Product_Detail.html?pid=8016465488__fan.test.lacues.cn____
[2016-11-09 16:29:13.147]		推广：http://fan.test.lacues.cn/cart.html?t=0.37072157342158185__fan.test.lacues.cn____
[2016-11-09 16:29:16.171]		推广：http://fan.test.lacues.cn/cart.html?t=0.37072157342158185__fan.test.lacues.cn____
[2016-11-09 16:29:19.837]		推广：http://fan.test.lacues.cn/cart.html?t=0.37072157342158185__fan.test.lacues.cn____
[2016-11-09 16:29:19.883]		推广：http://fan.test.lacues.cn/cart.html?t=0.37072157342158185__fan.test.lacues.cn____
[2016-11-09 16:29:19.915]		推广：http://fan.test.lacues.cn/cart.html?t=0.37072157342158185__fan.test.lacues.cn____
[2016-11-09 16:29:20.071]		推广：http://fan.test.lacues.cn/index.html?t=0.2840610928019276__fan.test.lacues.cn____
[2016-11-09 16:29:22.489]		推广：http://fan.test.lacues.cn/index.html?t=0.2840610928019276__fan.test.lacues.cn____
[2016-11-09 16:29:26.766]		推广：http://fan.test.lacues.cn/__fan.test.lacues.cn____
[2016-11-09 16:29:27.419]		推广：__fan.test.lacues.cn____
[2016-11-09 16:29:46.268]		推广：http://fan.test.lacues.cn/Account/index.html?t=0.21193446553546624__fan.test.lacues.cn____
[2016-11-09 16:29:50.696]		推广：http://fan.test.lacues.cn/__fan.test.lacues.cn____
[2016-11-09 16:29:51.707]		推广：http://fan.test.lacues.cn/Account/index.html?t=0.9266041240201948__fan.test.lacues.cn____
[2016-11-09 16:29:58.384]		推广：http://fan.test.lacues.cn/Account/login.html?t=0.5797588445990352__fan.test.lacues.cn____
[2016-11-09 16:30:02.952]		推广：http://fan.test.lacues.cn/__fan.test.lacues.cn____
[2016-11-09 16:30:05.795]		推广：http://fan.test.lacues.cn/Account/login.html?t=0.5797588445990352__fan.test.lacues.cn____
[2016-11-09 16:30:06.889]		推广：http://fan.test.lacues.cn/__fan.test.lacues.cn____
[2016-11-09 16:30:07.729]		推广：http://fan.test.lacues.cn/Search.html?t=0.6172404358887285__fan.test.lacues.cn____
[2016-11-09 16:30:18.790]		推广：http://fan.test.lacues.cn/Product_List.html?showtype=__fan.test.lacues.cn____
[2016-11-09 16:30:27.104]		推广：http://fan.test.lacues.cn/Product_Detail.html?pid=58016100267__fan.test.lacues.cn____
[2016-11-09 16:30:32.994]		推广：http://fan.test.lacues.cn/cart.html?t=0.627914124265001__fan.test.lacues.cn____
[2016-11-09 16:30:38.799]		推广：http://fan.test.lacues.cn/Product_Detail.html?pid=58016100267__fan.test.lacues.cn____
[2016-11-09 16:32:54.205]		推广：http://fan.test.lacues.cn/Product_Detail.html?pid=58016100267__fan.test.lacues.cn____
[2016-11-09 17:05:38.794]		推广：http://fan.test.lacues.cn/cart.html?t=0.12287251650222841__fan.test.lacues.cn____
[2016-11-09 17:05:42.946]		推广：http://fan.test.lacues.cn/Product_Detail.html?pid=58016100267__fan.test.lacues.cn____
[2016-11-09 17:05:47.101]		推广：http://fan.test.lacues.cn/cart.html?t=0.033395030037798756__fan.test.lacues.cn____
[2016-11-09 17:05:52.029]		推广：http://fan.test.lacues.cn/Product_Detail.html?pid=58016100267__fan.test.lacues.cn____
[2016-11-09 17:05:54.708]		推广：http://fan.test.lacues.cn/cart.html?t=0.12287251650222841__fan.test.lacues.cn____
[2016-11-09 17:05:56.674]		推广：http://fan.test.lacues.cn/cart.html?t=0.627914124265001__fan.test.lacues.cn____
[2016-11-09 17:06:00.201]		推广：http://fan.test.lacues.cn/Product_Detail.html?pid=58016100267__fan.test.lacues.cn____
[2016-11-09 17:06:04.406]		推广：http://fan.test.lacues.cn/Product_List.html?showtype=__fan.test.lacues.cn____
[2016-11-09 17:06:09.010]		推广：http://fan.test.lacues.cn/Product_Detail.html?pid=8016465483__fan.test.lacues.cn____
[2016-11-09 17:06:14.335]		推广：http://fan.test.lacues.cn/cart.html?t=0.8608929908889822__fan.test.lacues.cn____
[2016-11-09 17:06:20.282]		推广：http://fan.test.lacues.cn/order/OrderConfirm.html?t=0.6752458633954594__fan.test.lacues.cn____
[2016-11-09 17:06:24.855]		推广：http://fan.test.lacues.cn/Account/login.html?t=0.1911945686373775__fan.test.lacues.cn____
[2016-11-09 17:06:47.594]		推广：__fan.test.lacues.cn____
[2016-11-09 17:06:51.490]		推广：http://fan.test.lacues.cn/__fan.test.lacues.cn____
[2016-11-09 17:06:52.389]		推广：http://fan.test.lacues.cn/Search.html?t=0.07397530428508992__fan.test.lacues.cn____
[2016-11-09 17:06:59.856]		推广：http://fan.test.lacues.cn/Product_List.html?showtype=__fan.test.lacues.cn____
[2016-11-09 17:07:00.728]		推广：http://fan.test.lacues.cn/Product_Detail.html?pid=8016465483__fan.test.lacues.cn____
[2016-11-09 17:07:04.878]		推广：http://fan.test.lacues.cn/cart.html?t=0.7996201759312154__fan.test.lacues.cn____
[2016-11-09 17:07:06.477]		推广：http://fan.test.lacues.cn/index.html?t=0.8084743143194615__fan.test.lacues.cn____
[2016-11-09 17:07:14.893]		推广：http://fan.test.lacues.cn/cart.html__fan.test.lacues.cn____
[2016-11-09 17:07:17.924]		推广：http://fan.test.lacues.cn/index.html__fan.test.lacues.cn____
[2016-11-09 17:07:18.845]		推广：http://fan.test.lacues.cn/Search.html?t=0.7240192025060777__fan.test.lacues.cn____
[2016-11-09 17:07:25.330]		推广：http://fan.test.lacues.cn/Product_List.html?showtype=__fan.test.lacues.cn____
[2016-11-09 17:07:29.277]		推广：http://fan.test.lacues.cn/Product_Detail.html?pid=8016465483__fan.test.lacues.cn____
[2016-11-09 17:11:35.378]		推广：http://fan.test.lacues.cn/Product_List.html?showtype=__fan.test.lacues.cn____
[2016-11-09 17:11:38.300]		推广：http://fan.test.lacues.cn/Product_Detail.html?pid=8016465483__fan.test.lacues.cn____
[2016-11-09 17:11:39.003]		推广：http://fan.test.lacues.cn/Product_List.html?showtype=__fan.test.lacues.cn____
[2016-11-09 17:11:40.594]		推广：http://fan.test.lacues.cn/Search.html?t=0.7240192025060777__fan.test.lacues.cn____
[2016-11-09 17:11:45.486]		推广：http://fan.test.lacues.cn/index.html__fan.test.lacues.cn____
[2016-11-09 17:11:49.177]		推广：http://fan.test.lacues.cn/Account/index.html?t=0.41120691456835656__fan.test.lacues.cn____
[2016-11-09 17:14:28.491]		推广：__fan.test.lacues.cn____
[2016-11-09 17:14:39.435]		推广：http://fan.test.lacues.cn/__fan.test.lacues.cn____
[2016-11-09 17:14:45.783]		推广：http://fan.test.lacues.cn/__fan.test.lacues.cn____
[2016-11-09 17:14:46.453]		推广：__fan.test.lacues.cn____
[2016-11-09 17:14:48.544]		推广：__fan.test.lacues.cn____
[2016-11-09 17:14:50.540]		推广：http://fan.test.lacues.cn/__fan.test.lacues.cn____
[2016-11-09 17:15:00.804]		推广：http://fan.test.lacues.cn/__fan.test.lacues.cn____
[2016-11-09 17:15:13.911]		推广：http://fan.test.lacues.cn/__fan.test.lacues.cn____
[2016-11-09 17:15:20.508]		推广：http://fan.test.lacues.cn/__fan.test.lacues.cn____
[2016-11-09 17:15:31.072]		推广：__fan.test.lacues.cn____
[2016-11-09 17:15:31.228]		推广：http://fan.test.lacues.cn/__fan.test.lacues.cn____
[2016-11-09 17:19:11.511]		推广：http://fan.test.lacues.cn/Account/index.html?t=0.6668255391785174__fan.test.lacues.cn____
[2016-11-09 17:19:14.466]		推广：http://fan.test.lacues.cn/__fan.test.lacues.cn____
[2016-11-09 17:19:19.784]		推广：http://fan.test.lacues.cn/cart.html__fan.test.lacues.cn____
[2016-11-09 17:19:26.652]		推广：http://fan.test.lacues.cn/Product_Detail.html?pid=58016100267__fan.test.lacues.cn____
[2016-11-09 17:19:32.271]		推广：http://fan.test.lacues.cn/cart.html?t=0.3522459543587655__fan.test.lacues.cn____
[2016-11-09 17:19:34.711]		推广：http://fan.test.lacues.cn/Product_Detail.html?pid=58016100267__fan.test.lacues.cn____
[2016-11-09 17:19:37.897]		推广：http://fan.test.lacues.cn/cart.html__fan.test.lacues.cn____
[2016-11-09 17:19:38.255]		推广：http://fan.test.lacues.cn/__fan.test.lacues.cn____
[2016-11-09 17:19:39.423]		推广：http://fan.test.lacues.cn/Search.html?t=0.6855917830080274__fan.test.lacues.cn____
[2016-11-09 17:19:47.442]		推广：http://fan.test.lacues.cn/Product_List.html?showtype=__fan.test.lacues.cn____
[2016-11-09 17:20:05.185]		推广：http://fan.test.lacues.cn/Product_Detail.html?pid=8016465483__fan.test.lacues.cn____
[2016-11-09 17:20:55.723]		推广：http://fan.test.lacues.cn/Product_Detail.html?pid=8016465483__fan.test.lacues.cn____
[2016-11-09 17:21:31.016]		推广：http://fan.test.lacues.cn/cart.html?t=0.8690044435778794__fan.test.lacues.cn____
[2016-11-09 17:21:34.659]		推广：http://fan.test.lacues.cn/cart.html?t=0.8690044435778794__fan.test.lacues.cn____
[2016-11-09 17:21:39.373]		推广：http://fan.test.lacues.cn/Product_Detail.html?pid=8016465483__fan.test.lacues.cn____
[2016-11-09 17:23:53.908]		推广：__fan.test.lacues.cn____
[2016-11-09 17:23:54.969]		推广：http://fan.test.lacues.cn/__fan.test.lacues.cn____
[2016-11-09 17:23:57.313]		推广：http://fan.test.lacues.cn/Search.html?t=0.08771471759118232__fan.test.lacues.cn____
[2016-11-09 17:23:59.838]		推广：http://fan.test.lacues.cn/Product_List.html?showtype=__fan.test.lacues.cn____
[2016-11-09 17:27:44.938]		推广：http://fan.test.lacues.cn/__fan.test.lacues.cn____
[2016-11-09 17:27:48.025]		推广：__fan.test.lacues.cn____
[2016-11-09 17:27:53.463]		推广：http://fan.test.lacues.cn/Product_List.html?showtype=__fan.test.lacues.cn____
[2016-11-09 17:28:11.318]		推广：__fan.test.lacues.cn____
[2016-11-09 17:28:16.567]		推广：http://fan.test.lacues.cn/Account/LoginOauth.aspx?TradeCode=WeiXin__fan.test.lacues.cn____
[2016-11-09 17:28:30.901]		推广：__fan.test.lacues.cn____
[2016-11-09 17:28:39.344]		推广：http://fan.test.lacues.cn/Account/LoginOauth.aspx?TradeCode=WeiXin__fan.test.lacues.cn____
[2016-11-09 17:28:39.914]		推广：http://fan.test.lacues.cn/index.html__fan.test.lacues.cn____
[2016-11-09 17:28:40.638]		推广：http://fan.test.lacues.cn/Product_List.html?showtype=__fan.test.lacues.cn____
[2016-11-09 17:28:42.170]		推广：http://fan.test.lacues.cn/Search.html?t=0.4286134010180831__fan.test.lacues.cn____
[2016-11-09 17:28:46.753]		推广：http://fan.test.lacues.cn/Product_List.html?showtype=__fan.test.lacues.cn____
[2016-11-09 17:28:47.844]		推广：http://fan.test.lacues.cn/Product_Detail.html?pid=58016100267__fan.test.lacues.cn____
[2016-11-09 17:28:48.860]		推广：__fan.test.lacues.cn____
[2016-11-09 17:28:50.333]		推广：http://fan.test.lacues.cn/order/OrderConfirm.html?t=0.9111456885002553__fan.test.lacues.cn____
[2016-11-09 17:30:07.503]		推广：http://fan.test.lacues.cn/Product_List.html?showtype=__fan.test.lacues.cn____
[2016-11-09 17:30:30.649]		推广：http://fan.test.lacues.cn/Product_List.html?showtype=__fan.test.lacues.cn____
[2016-11-09 17:32:48.173]		推广：http://fan.test.lacues.cn/Product_Detail.html?pid=8016465483__fan.test.lacues.cn____
[2016-11-09 17:33:14.405]		推广：__fan.test.lacues.cn____
[2016-11-09 17:33:45.966]		推广：http://fan.test.lacues.cn/Account/AddressEdit.html?addressid=0__fan.test.lacues.cn____
[2016-11-09 17:34:04.006]		推广：http://fan.test.lacues.cn/Product_Detail.html?pid=58016100267__fan.test.lacues.cn____
[2016-11-09 17:34:04.264]		推广：__fan.test.lacues.cn____
[2016-11-09 17:39:10.289]		推广：http://fan.test.lacues.cn/__fan.test.lacues.cn____
[2016-11-09 17:39:10.381]		推广：__fan.test.lacues.cn____
[2016-11-09 17:39:10.656]		推广：__fan.test.lacues.cn____
[2016-11-09 17:39:27.127]		推广：http://fan.test.lacues.cn/__fan.test.lacues.cn____
[2016-11-09 17:41:29.335]		推广：__fan.test.lacues.cn____
[2016-11-09 17:41:31.860]		推广：__fan.test.lacues.cn____
[2016-11-09 17:41:39.160]		推广：__fan.test.lacues.cn____
[2016-11-09 17:41:39.425]		推广：__fan.test.lacues.cn____
[2016-11-09 17:41:41.649]		推广：http://fan.test.lacues.cn/__fan.test.lacues.cn____
[2016-11-09 17:41:46.126]		推广：http://fan.test.lacues.cn/Search.html?t=0.6466397437808464__fan.test.lacues.cn____
[2016-11-09 17:41:49.730]		推广：http://fan.test.lacues.cn/__fan.test.lacues.cn____
[2016-11-09 17:41:51.448]		推广：http://fan.test.lacues.cn/Search.html?t=0.6466397437808464__fan.test.lacues.cn____
[2016-11-09 17:44:20.448]		推广：http://fan.test.lacues.cn/Product_Detail.html?pid=58016100270__fan.test.lacues.cn____
[2016-11-09 17:57:10.534]		推广：http://fan.test.lacues.cn/Product_Detail.html?pid=58016100270__fan.test.lacues.cn____
[2016-11-09 17:58:29.747]		推广：http://fan.test.lacues.cn/Product_Detail.html?pid=58016100270__fan.test.lacues.cn____
[2016-11-09 18:07:29.756]		推广：http://fan.test.lacues.cn/order/OrderConfirm.html?t=0.9592292373570819__fan.test.lacues.cn____
[2016-11-09 18:07:35.115]		推广：http://fan.test.lacues.cn/Account/login.html?t=0.5386289943970537__fan.test.lacues.cn____
[2016-11-09 18:08:20.388]		推广：http://fan.test.lacues.cn/Account/login.html?t=0.5386289943970537__fan.test.lacues.cn____
[2016-11-09 18:10:02.421]		推广：http://fan.test.lacues.cn/Account/login.html?t=0.5386289943970537__fan.test.lacues.cn____
[2016-11-09 18:10:04.020]		推广：__fan.test.lacues.cn____
[2016-11-09 18:10:31.565]		推广：http://fan.test.lacues.cn/__fan.test.lacues.cn____
[2016-11-09 18:10:33.358]		推广：http://fan.test.lacues.cn/Account/login.html?t=0.5386289943970537__fan.test.lacues.cn____
[2016-11-09 18:11:23.673]		推广：http://fan.test.lacues.cn/Search.html?t=0.7576245891395956__fan.test.lacues.cn____
[2016-11-09 18:11:29.354]		推广：http://fan.test.lacues.cn/Account/login.html?t=0.5386289943970537__fan.test.lacues.cn____
[2016-11-09 18:13:52.372]		推广：http://fan.test.lacues.cn/Search.html?t=0.7576245891395956__fan.test.lacues.cn____
[2016-11-09 18:14:07.864]		推广：http://fan.test.lacues.cn/Search.html?t=0.7576245891395956__fan.test.lacues.cn____
[2016-11-09 18:14:40.722]		推广：http://fan.test.lacues.cn/Search.html?t=0.7576245891395956__fan.test.lacues.cn____
[2016-11-09 18:15:32.733]		推广：http://fan.test.lacues.cn/order/OrderConfirm.html?t=0.9592292373570819__fan.test.lacues.cn____
[2016-11-09 18:18:14.361]		推广：http://fan.test.lacues.cn/Search.html?t=0.7576245891395956__fan.test.lacues.cn____
[2016-11-09 18:18:24.547]		推广：http://fan.test.lacues.cn/Search.html?t=0.7576245891395956__fan.test.lacues.cn____
[2016-11-09 18:18:50.687]		推广：http://fan.test.lacues.cn/Account/login.html?t=0.5386289943970537__fan.test.lacues.cn____
[2016-11-09 18:18:56.870]		推广：http://fan.test.lacues.cn/order/OrderConfirm.html?t=0.9592292373570819__fan.test.lacues.cn____
[2016-11-09 18:18:59.023]		推广：http://fan.test.lacues.cn/Search.html?t=0.7576245891395956__fan.test.lacues.cn____
[2016-11-09 18:24:15.502]		推广：http://fan.test.lacues.cn/order/OrderConfirm.html?t=0.9592292373570819__fan.test.lacues.cn____
[2016-11-09 19:16:23.698]		推广：http://fan.test.lacues.cn/Search.html?t=0.01734217220244183__fan.test.lacues.cn____
[2016-11-09 19:16:24.259]		推广：http://fan.test.lacues.cn/__fan.test.lacues.cn____
[2016-11-09 19:16:49.395]		推广：http://fan.test.lacues.cn/Account/index.html?t=0.04752695889244518__fan.test.lacues.cn____
[2016-11-09 19:16:52.274]		推广：http://fan.test.lacues.cn/Account/login.html?t=0.5595454760763965__fan.test.lacues.cn____
[2016-11-09 19:16:55.162]		推广：http://fan.test.lacues.cn/__fan.test.lacues.cn____
[2016-11-09 19:17:01.393]		推广：http://fan.test.lacues.cn/cart.html__fan.test.lacues.cn____
[2016-11-09 19:17:09.526]		推广：http://fan.test.lacues.cn/order/OrderConfirm.html?t=0.285919360595988__fan.test.lacues.cn____
[2016-11-09 19:17:11.902]		推广：http://fan.test.lacues.cn/Order/fapiao.html?uid=__fan.test.lacues.cn____
[2016-11-09 19:17:16.768]		推广：http://fan.test.lacues.cn/order/OrderConfirm.html?uid=__fan.test.lacues.cn____
[2016-11-09 19:17:23.668]		推广：http://fan.test.lacues.cn/Order/CouponCodes.html?shouldPay=23__fan.test.lacues.cn____
[2016-11-09 19:17:36.500]		推广：http://fan.test.lacues.cn/order/OrderConfirm.html?uid=__fan.test.lacues.cn____
[2016-11-09 19:17:40.113]		推广：http://fan.test.lacues.cn/Account/AddressList.html?addressid=DZ161104100002__fan.test.lacues.cn____
[2016-11-09 19:25:39.293]		推广：http://fan.test.lacues.cn/Order/CouponCodes.html?shouldPay=23__fan.test.lacues.cn____
[2016-11-09 19:25:39.642]		推广：http://fan.test.lacues.cn/order/OrderConfirm.html?uid=__fan.test.lacues.cn____
