[2016-11-18 09:01:31.947]		推广：__fan.test.lacues.cn____
[2016-11-18 09:01:54.777]		推广：__fan.test.lacues.cn____
[2016-11-18 09:07:17.842]		推广：__fan.test.lacues.cn____
[2016-11-18 09:23:09.758]		推广：__fan.test.lacues.cn____
[2016-11-18 09:29:22.803]		推广：__fan.test.lacues.cn____
[2016-11-18 09:30:46.956]		推广：http://fan.test.lacues.cn/Product_Detail.html?pid=58016100267__fan.test.lacues.cn____
[2016-11-18 09:30:51.379]		推广：http://fan.test.lacues.cn/order/OrderConfirm.html?t=0.20986019214615226__fan.test.lacues.cn____
[2016-11-18 09:32:09.256]		推广：http://fan.test.lacues.cn/Account/login.html?t=0.6364742796868086__fan.test.lacues.cn____
[2016-11-18 09:42:20.748]		推广：__fan.test.lacues.cn____
[2016-11-18 09:42:31.902]		推广：http://fan.test.lacues.cn/Product_Detail.html?pid=58016100267__fan.test.lacues.cn____
[2016-11-18 09:42:34.196]		推广：http://fan.test.lacues.cn/index.html__fan.test.lacues.cn____
[2016-11-18 09:42:35.990]		推广：http://fan.test.lacues.cn/Account/index.html?t=0.5766599792987108__fan.test.lacues.cn____
[2016-11-18 09:42:52.885]		推广：http://fan.test.lacues.cn/Account/MyOrder_List.html?paytype=DSH__fan.test.lacues.cn____
[2016-11-18 09:42:54.461]		推广：http://fan.test.lacues.cn/Account/MyOrder_detail.html?order_code=DD1242103__fan.test.lacues.cn____
[2016-11-18 09:42:57.316]		推广：http://fan.test.lacues.cn/Account/MyOrder_List.html?paytype=DSH__fan.test.lacues.cn____
[2016-11-18 09:43:01.044]		推广：http://fan.test.lacues.cn/Account/MyOrder_detail.html?order_code=DD1475103__fan.test.lacues.cn____
[2016-11-18 09:43:03.732]		推广：http://fan.test.lacues.cn/Account/MyOrder_List.html?paytype=DSH__fan.test.lacues.cn____
[2016-11-18 09:43:06.602]		推广：http://fan.test.lacues.cn/Account/MyOrder_detail.html?order_code=DD1475103__fan.test.lacues.cn____
[2016-11-18 09:43:13.872]		推广：http://fan.test.lacues.cn/Account/MyOrder_List.html?paytype=DSH__fan.test.lacues.cn____
[2016-11-18 09:43:24.008]		推广：http://fan.test.lacues.cn/Account/index.html?t=0.5766599792987108__fan.test.lacues.cn____
[2016-11-18 10:00:59.421]		推广：http://test-dlq.ycp8.cn/cdlq/web/template/template.html?pNum=PNM161011100001__fan.test.lacues.cn____
[2016-11-18 10:01:07.683]		推广：http://test-dlq.ycp8.cn/cdlq/web/template/template.html?pNum=PNM161011100001__fan.test.lacues.cn____
[2016-11-18 10:01:31.302]		推广：http://test-dlq.ycp8.cn/cdlq/web/template/template.html?pNum=PNM161117100001__fan.test.lacues.cn____
[2016-11-18 10:02:04.455]		推广：http://fan.test.lacues.cn/Product_Detail.html?pid=8016465488__fan.test.lacues.cn____
[2016-11-18 10:02:46.902]		推广：http://test-dlq.ycp8.cn/cdlq/web/template/template.html?pNum=PNM161117100001__fan.test.lacues.cn____
[2016-11-18 10:12:22.277]		推广：http://fan.test.lacues.cn/Account/index.html?t=0.5766599792987108__fan.test.lacues.cn____
[2016-11-18 10:12:23.803]		推广：http://fan.test.lacues.cn/Account/MyTKSH_List.html?paytype=TKSH__fan.test.lacues.cn____
[2016-11-18 10:12:24.987]		推广：http://fan.test.lacues.cn/Account/index.html?t=0.5766599792987108__fan.test.lacues.cn____
[2016-11-18 10:12:26.835]		推广：http://fan.test.lacues.cn/Account/login.html?t=0.043752238154411316__fan.test.lacues.cn____
[2016-11-18 10:12:34.244]		推广：http://fan.test.lacues.cn/index.html__fan.test.lacues.cn____
[2016-11-18 10:12:36.740]		推广：http://fan.test.lacues.cn/Product_List.html?keyword=测试__fan.test.lacues.cn____
[2016-11-18 10:12:41.285]		推广：http://fan.test.lacues.cn/Product_Detail.html?pid=58016100267__fan.test.lacues.cn____
[2016-11-18 10:41:48.109]		推广：__fan.test.lacues.cn____
[2016-11-18 10:42:41.579]		推广：__fan.test.lacues.cn____
[2016-11-18 10:54:43.914]		推广：http://fan.test.lacues.cn/__fan.test.lacues.cn____
[2016-11-18 10:54:46.194]		推广：http://fan.test.lacues.cn/Search.html?t=0.0257650611880621__fan.test.lacues.cn____
[2016-11-18 10:54:51.273]		推广：http://fan.test.lacues.cn/Product_List.html?showtype=__fan.test.lacues.cn____
[2016-11-18 11:09:31.268]		推广：__fan.test.lacues.cn____
[2016-11-18 11:09:34.150]		推广：http://fan.test.lacues.cn/__fan.test.lacues.cn____
[2016-11-18 11:09:35.912]		推广：http://fan.test.lacues.cn/Account/index.html?t=0.5230148960836232__fan.test.lacues.cn____
[2016-11-18 11:09:41.442]		推广：http://fan.test.lacues.cn/Product_List.html?showtype=__fan.test.lacues.cn____
[2016-11-18 11:09:56.594]		推广：__fan.test.lacues.cn____
[2016-11-18 11:10:03.703]		推广：http://fan.test.lacues.cn/__fan.test.lacues.cn____
[2016-11-18 11:10:05.689]		推广：__fan.test.lacues.cn____
[2016-11-18 11:10:09.766]		推广：http://fan.test.lacues.cn/__fan.test.lacues.cn____
[2016-11-18 11:10:12.297]		推广：http://fan.test.lacues.cn/Account/index.html?t=0.5902312418911606__fan.test.lacues.cn____
[2016-11-18 11:10:18.689]		推广：__fan.test.lacues.cn____
[2016-11-18 11:10:50.699]		推广：http://fan.test.lacues.cn/order/MyOrder_pay.html?order_code=OS1442103__fan.test.lacues.cn____
[2016-11-18 11:11:01.220]		推广：__fan.test.lacues.cn____
[2016-11-18 11:11:18.290]		推广：http://test.pay.lacues.cn/createorder/?c_order=OS1442103__fan.test.lacues.cn____
[2016-11-18 11:11:44.922]		推广：__fan.test.lacues.cn____
[2016-11-18 11:11:54.745]		推广：http://fan.test.lacues.cn/Order/OrderSuccess.html?orderid=OS1442103__fan.test.lacues.cn____
[2016-11-18 11:11:57.659]		推广：http://fan.test.lacues.cn/Account/MyOrder_detail.html?order_code=__fan.test.lacues.cn____
[2016-11-18 11:12:25.633]		推广：__fan.test.lacues.cn____
[2016-11-18 11:13:02.128]		推广：__fan.test.lacues.cn____
[2016-11-18 11:14:04.230]		推广：__fan.test.lacues.cn____
[2016-11-18 11:14:04.854]		推广：__fan.test.lacues.cn____
[2016-11-18 11:14:45.399]		推广：__fan.test.lacues.cn____
[2016-11-18 11:14:45.867]		推广：__fan.test.lacues.cn____
[2016-11-18 11:15:15.780]		推广：__fan.test.lacues.cn____
[2016-11-18 11:15:19.644]		推广：http://fan.test.lacues.cn/__fan.test.lacues.cn____
[2016-11-18 11:15:22.011]		推广：http://fan.test.lacues.cn/Account/index.html?t=0.8657317084725946__fan.test.lacues.cn____
[2016-11-18 11:15:37.612]		推广：__fan.test.lacues.cn____
[2016-11-18 11:16:09.906]		推广：__fan.test.lacues.cn____
[2016-11-18 11:16:47.053]		推广：http://fan.test.lacues.cn/__fan.test.lacues.cn____
[2016-11-18 11:16:49.478]		推广：http://fan.test.lacues.cn/Account/index.html?t=0.662790943402797__fan.test.lacues.cn____
[2016-11-18 11:16:50.700]		推广：__fan.test.lacues.cn____
[2016-11-18 11:16:53.433]		推广：__fan.test.lacues.cn____
[2016-11-18 11:16:56.532]		推广：http://fan.test.lacues.cn/Account/index.html?t=0.662790943402797__fan.test.lacues.cn____
[2016-11-18 11:17:02.176]		推广：__fan.test.lacues.cn____
[2016-11-18 11:17:04.075]		推广：http://fan.test.lacues.cn/Account/index.html?t=0.662790943402797__fan.test.lacues.cn____
[2016-11-18 11:17:08.622]		推广：__fan.test.lacues.cn____
[2016-11-18 11:17:13.093]		推广：http://fan.test.lacues.cn/Account/index.html?t=0.662790943402797__fan.test.lacues.cn____
[2016-11-18 11:17:19.477]		推广：__fan.test.lacues.cn____
[2016-11-18 11:17:22.130]		推广：http://fan.test.lacues.cn/Account/index.html?t=0.662790943402797__fan.test.lacues.cn____
[2016-11-18 11:17:23.740]		推广：http://fan.test.lacues.cn/__fan.test.lacues.cn____
[2016-11-18 11:18:53.070]		推广：__fan.test.lacues.cn____
[2016-11-18 11:20:48.723]		推广：__fan.test.lacues.cn____
[2016-11-18 11:20:50.709]		推广：__fan.test.lacues.cn____
[2016-11-18 11:20:53.523]		推广：__fan.test.lacues.cn____
[2016-11-18 11:21:07.023]		推广：__fan.test.lacues.cn____
[2016-11-18 11:21:49.504]		推广：__fan.test.lacues.cn____
[2016-11-18 11:21:50.596]		推广：__fan.test.lacues.cn____
[2016-11-18 11:21:50.674]		推广：__fan.test.lacues.cn____
[2016-11-18 11:23:45.561]		推广：__fan.test.lacues.cn____
[2016-11-18 11:23:50.675]		推广：__fan.test.lacues.cn____
[2016-11-18 11:23:54.312]		推广：__fan.test.lacues.cn____
[2016-11-18 11:45:38.194]		推广：__fan.test.lacues.cn____
[2016-11-18 11:45:47.766]		推广：__fan.test.lacues.cn____
[2016-11-18 12:06:44.735]		推广：__fan.test.lacues.cn____
[2016-11-18 12:51:03.089]		推广：__fan.test.lacues.cn____
[2016-11-18 12:51:53.735]		推广：__fan.test.lacues.cn____
[2016-11-18 12:55:21.290]		推广：__fan.test.lacues.cn____
[2016-11-18 12:55:47.628]		推广：__fan.test.lacues.cn____
[2016-11-18 14:06:39.525]		推广：__fan.test.lacues.cn____
[2016-11-18 14:06:48.861]		推广：__fan.test.lacues.cn____
[2016-11-18 14:11:07.371]		推广：__fan.test.lacues.cn____
[2016-11-18 14:34:49.726]		推广：__fan.test.lacues.cn____
[2016-11-18 15:06:49.886]		推广：__fan.test.lacues.cn____
[2016-11-18 15:06:56.213]		推广：http://fan.test.lacues.cn/Product_Detail.html?pid=8016465488__fan.test.lacues.cn____
[2016-11-18 15:06:58.743]		推广：http://fan.test.lacues.cn/order/OrderConfirm.html?t=0.01391276051198842__fan.test.lacues.cn____
[2016-11-18 15:08:05.723]		推广：__fan.test.lacues.cn____
[2016-11-18 16:28:29.941]		推广：__fan.test.lacues.cn____
[2016-11-18 16:28:32.671]		推广：http://fan.test.lacues.cn/__fan.test.lacues.cn____
[2016-11-18 16:28:34.571]		推广：http://fan.test.lacues.cn/Account/index.html?t=0.851624388480559__fan.test.lacues.cn____
[2016-11-18 16:28:57.636]		推广：__fan.test.lacues.cn____
[2016-11-18 16:29:02.805]		推广：http://fan.test.lacues.cn/__fan.test.lacues.cn____
[2016-11-18 16:29:07.080]		推广：http://fan.test.lacues.cn/Account/index.html?t=0.6571721995715052__fan.test.lacues.cn____
[2016-11-18 16:29:13.390]		推广：__fan.test.lacues.cn____
[2016-11-18 16:30:23.209]		推广：http://test.pay.lacues.cn/createorder/?c_order=OS1439103__fan.test.lacues.cn____
[2016-11-18 16:30:34.171]		推广：http://fan.test.lacues.cn/Order/OrderFail.html?orderid=OS1439103__fan.test.lacues.cn____
[2016-11-18 16:30:37.096]		推广：http://fan.test.lacues.cn/Account/MyOrder_detail.html?order_code=OS1439103__fan.test.lacues.cn____
[2016-11-18 16:30:40.576]		推广：__fan.test.lacues.cn____
[2016-11-18 16:30:45.283]		推广：http://test.pay.lacues.cn/createorder/?c_order=OS1439103__fan.test.lacues.cn____
[2016-11-18 16:31:17.160]		推广：http://fan.test.lacues.cn/Order/OrderFail.html?orderid=OS1439103__fan.test.lacues.cn____
[2016-11-18 16:31:18.798]		推广：http://fan.test.lacues.cn/Account/MyOrder_detail.html?order_code=OS1439103__fan.test.lacues.cn____
[2016-11-18 16:31:20.962]		推广：http://fan.test.lacues.cn/Account/MyOrder_List.html?paytype=DFK__fan.test.lacues.cn____
[2016-11-18 16:53:38.570]		推广：__fan.test.lacues.cn____
[2016-11-18 16:53:47.497]		推广：__fan.test.lacues.cn____
[2016-11-18 16:53:58.175]		推广：http://fan.test.lacues.cn/__fan.test.lacues.cn____
[2016-11-18 16:54:05.080]		推广：http://fan.test.lacues.cn/cart.html__fan.test.lacues.cn____
[2016-11-18 16:54:08.130]		推广：http://fan.test.lacues.cn/order/OrderConfirm.html?t=0.5154119429326869__fan.test.lacues.cn____
[2016-11-18 16:54:28.578]		推广：http://fan.test.lacues.cn/Account/login.html?t=0.10396515618590496__fan.test.lacues.cn____
[2016-11-18 16:54:43.292]		推广：__fan.test.lacues.cn____
[2016-11-18 16:54:45.166]		推广：__fan.test.lacues.cn____
[2016-11-18 16:54:49.066]		推广：__fan.test.lacues.cn____
[2016-11-18 16:56:10.562]		推广：__fan.test.lacues.cn____
[2016-11-18 16:56:13.182]		推广：http://fan.test.lacues.cn/__fan.test.lacues.cn____
[2016-11-18 16:56:14.830]		推广：http://fan.test.lacues.cn/Account/index.html?t=0.7326575820334256__fan.test.lacues.cn____
[2016-11-18 16:57:05.878]		推广：http://fan.test.lacues.cn/__fan.test.lacues.cn____
[2016-11-18 16:57:08.322]		推广：http://fan.test.lacues.cn/Account/index.html?t=0.7326575820334256__fan.test.lacues.cn____
[2016-11-18 16:57:12.934]		推广：__fan.test.lacues.cn____
[2016-11-18 16:57:26.747]		推广：http://test.pay.lacues.cn/createorder/?c_order=OS1425103__fan.test.lacues.cn____
[2016-11-18 16:58:41.065]		推广：http://fan.test.lacues.cn/Account/index.html?t=0.7326575820334256__fan.test.lacues.cn____
[2016-11-18 17:00:25.034]		推广：__fan.test.lacues.cn____
[2016-11-18 17:00:34.622]		推广：http://test.pay.lacues.cn/createorder/?c_order=OS1425103__fan.test.lacues.cn____
[2016-11-18 17:01:16.090]		推广：__fan.test.lacues.cn____
[2016-11-18 17:01:45.800]		推广：http://fan.test.lacues.cn/Account/index.html?t=0.7326575820334256__fan.test.lacues.cn____
[2016-11-18 17:16:32.923]		推广：__fan.test.lacues.cn____
[2016-11-18 17:17:07.845]		推广：http://fan.test.lacues.cn/__fan.test.lacues.cn____
[2016-11-18 17:17:09.151]		推广：http://fan.test.lacues.cn/Account/index.html?t=0.964429516365455__fan.test.lacues.cn____
[2016-11-18 17:17:30.237]		推广：http://fan.test.lacues.cn/Account/login.html?t=0.9656611237011066__fan.test.lacues.cn____
[2016-11-18 17:17:42.568]		推广：http://fan.test.lacues.cn/__fan.test.lacues.cn____
[2016-11-18 17:17:44.342]		推广：http://fan.test.lacues.cn/cart.html__fan.test.lacues.cn____
[2016-11-18 17:17:49.519]		推广：http://fan.test.lacues.cn/__fan.test.lacues.cn____
[2016-11-18 17:17:54.377]		推广：http://fan.test.lacues.cn/Product_Detail.html?pid=8016465484__fan.test.lacues.cn____
[2016-11-18 17:17:59.324]		推广：http://fan.test.lacues.cn/cart.html?t=0.6984614406600487__fan.test.lacues.cn____
[2016-11-18 17:18:02.519]		推广：http://fan.test.lacues.cn/order/OrderConfirm.html?t=0.3386531312501777__fan.test.lacues.cn____
[2016-11-18 17:18:04.568]		推广：http://fan.test.lacues.cn/Account/AddressList.html?addressid=DZ161108100004__fan.test.lacues.cn____
[2016-11-18 17:18:49.233]		推广：http://fan.test.lacues.cn/cart.html?t=0.6984614406600487__fan.test.lacues.cn____
[2016-11-18 17:18:49.540]		推广：http://fan.test.lacues.cn/order/OrderConfirm.html?t=0.3386531312501777__fan.test.lacues.cn____
[2016-11-18 17:18:55.086]		推广：__fan.test.lacues.cn____
[2016-11-18 17:19:14.740]		推广：__fan.test.lacues.cn____
[2016-11-18 17:19:32.376]		推广：__fan.test.lacues.cn____
[2016-11-18 17:19:43.929]		推广：http://fan.test.lacues.cn/__fan.test.lacues.cn____
[2016-11-18 17:19:49.213]		推广：http://fan.test.lacues.cn/Product_Detail.html?pid=8016465484__fan.test.lacues.cn____
[2016-11-18 17:19:54.048]		推广：http://fan.test.lacues.cn/cart.html?t=0.5516145513392985__fan.test.lacues.cn____
[2016-11-18 17:19:54.837]		推广：__fan.test.lacues.cn____
[2016-11-18 17:19:57.471]		推广：http://fan.test.lacues.cn/order/OrderConfirm.html?t=0.49927916727028787__fan.test.lacues.cn____
[2016-11-18 17:20:09.162]		推广：http://fan.test.lacues.cn/Account/login.html?t=0.5080791148357093__fan.test.lacues.cn____
[2016-11-18 17:20:11.956]		推广：http://fan.test.lacues.cn/order/OrderConfirm.html?t=0.49927916727028787__fan.test.lacues.cn____
[2016-11-18 17:20:45.160]		推广：http://fan.test.lacues.cn/cart.html?t=0.5516145513392985__fan.test.lacues.cn____
[2016-11-18 17:20:46.471]		推广：http://fan.test.lacues.cn/Product_Detail.html?pid=8016465484__fan.test.lacues.cn____
[2016-11-18 17:20:52.665]		推广：http://fan.test.lacues.cn/cart.html?t=0.9587909204419702__fan.test.lacues.cn____
[2016-11-18 17:21:00.778]		推广：http://fan.test.lacues.cn/Product_Detail.html?pid=8016465484__fan.test.lacues.cn____
[2016-11-18 17:21:21.591]		推广：http://fan.test.lacues.cn/cart.html?t=0.9546684061642736__fan.test.lacues.cn____
[2016-11-18 17:21:21.831]		推广：http://fan.test.lacues.cn/order/OrderConfirm.html?t=0.057120739948004484__fan.test.lacues.cn____
[2016-11-18 17:21:23.558]		推广：http://fan.test.lacues.cn/cart.html?t=0.9546684061642736__fan.test.lacues.cn____
[2016-11-18 17:21:24.040]		推广：__fan.test.lacues.cn____
[2016-11-18 17:21:24.212]		推广：http://fan.test.lacues.cn/order/OrderConfirm.html?t=0.9024271657690406__fan.test.lacues.cn____
[2016-11-18 17:21:25.841]		推广：http://fan.test.lacues.cn/cart.html?t=0.9546684061642736__fan.test.lacues.cn____
[2016-11-18 17:21:26.007]		推广：http://fan.test.lacues.cn/order/OrderConfirm.html?t=0.3652717689983547__fan.test.lacues.cn____
[2016-11-18 17:21:35.143]		推广：http://fan.test.lacues.cn/cart.html?t=0.9546684061642736__fan.test.lacues.cn____
[2016-11-18 17:21:42.009]		推广：http://fan.test.lacues.cn/Product_Detail.html?pid=8016465484__fan.test.lacues.cn____
[2016-11-18 17:21:47.102]		推广：http://fan.test.lacues.cn/__fan.test.lacues.cn____
[2016-11-18 17:21:50.541]		推广：http://fan.test.lacues.cn/Product_Detail.html?pid=8016465483__fan.test.lacues.cn____
[2016-11-18 17:21:50.987]		推广：__fan.test.lacues.cn____
[2016-11-18 17:22:08.821]		推广：http://fan.test.lacues.cn/order/OrderConfirm.html?t=0.6723075080662966__fan.test.lacues.cn____
[2016-11-18 17:22:12.582]		推广：__fan.test.lacues.cn____
[2016-11-18 17:22:15.751]		推广：http://fan.test.lacues.cn/order/OrderConfirm.html?t=0.6723075080662966__fan.test.lacues.cn____
[2016-11-18 17:22:21.512]		推广：http://fan.test.lacues.cn/Product_Detail.html?pid=8016465483__fan.test.lacues.cn____
[2016-11-18 17:22:25.732]		推广：http://fan.test.lacues.cn/__fan.test.lacues.cn____
[2016-11-18 17:22:28.073]		推广：http://fan.test.lacues.cn/Product_Detail.html?pid=8016465484__fan.test.lacues.cn____
[2016-11-18 17:22:42.707]		推广：http://fan.test.lacues.cn/Product_Detail.html?pid=8016465484__fan.test.lacues.cn____
[2016-11-18 17:22:44.426]		推广：http://fan.test.lacues.cn/__fan.test.lacues.cn____
[2016-11-18 17:23:07.901]		推广：http://fan.test.lacues.cn/Product_Detail.html?pid=8016465484__fan.test.lacues.cn____
[2016-11-18 17:23:12.128]		推广：http://fan.test.lacues.cn/__fan.test.lacues.cn____
[2016-11-18 17:23:21.677]		推广：http://fan.test.lacues.cn/Product_Detail.html?pid=8016465484__fan.test.lacues.cn____
[2016-11-18 17:23:23.842]		推广：http://fan.test.lacues.cn/order/OrderConfirm.html?t=0.9024271657690406__fan.test.lacues.cn____
[2016-11-18 17:27:01.724]		推广：http://fan.test.lacues.cn/__fan.test.lacues.cn____
[2016-11-18 17:27:05.156]		推广：http://fan.test.lacues.cn/cart.html__fan.test.lacues.cn____
[2016-11-18 17:27:12.189]		推广：http://fan.test.lacues.cn/order/OrderConfirm.html?t=0.9037504736855912__fan.test.lacues.cn____
[2016-11-18 17:27:18.366]		推广：http://fan.test.lacues.cn/cart.html__fan.test.lacues.cn____
[2016-11-18 17:27:21.754]		推广：http://fan.test.lacues.cn/order/OrderConfirm.html?t=0.9037504736855912__fan.test.lacues.cn____
[2016-11-18 17:27:36.855]		推广：http://fan.test.lacues.cn/Account/login.html?t=0.09320711620024413__fan.test.lacues.cn____
[2016-11-18 17:27:39.891]		推广：http://fan.test.lacues.cn/order/OrderConfirm.html?t=0.9037504736855912__fan.test.lacues.cn____
[2016-11-18 17:29:15.024]		推广：__fan.test.lacues.cn____
[2016-11-18 17:29:18.534]		推广：http://fan.test.lacues.cn/__fan.test.lacues.cn____
[2016-11-18 17:29:20.371]		推广：http://fan.test.lacues.cn/Search.html?t=0.6037293849512935__fan.test.lacues.cn____
[2016-11-18 17:29:22.980]		推广：http://fan.test.lacues.cn/Product_List.html?showtype=__fan.test.lacues.cn____
[2016-11-18 17:43:58.243]		推广：__fan.test.lacues.cn____
[2016-11-18 17:44:09.480]		推广：http://fan.test.lacues.cn/cart.html__fan.test.lacues.cn____
[2016-11-18 17:44:13.018]		推广：__fan.test.lacues.cn____
[2016-11-18 18:02:26.312]		推广：__fan.test.lacues.cn____
[2016-11-18 18:02:29.039]		推广：http://fan.test.lacues.cn/cart.html__fan.test.lacues.cn____
[2016-11-18 18:03:09.177]		推广：__fan.test.lacues.cn____
[2016-11-18 18:03:12.033]		推广：__fan.test.lacues.cn____
[2016-11-18 18:03:52.702]		推广：__fan.test.lacues.cn____
[2016-11-18 18:04:01.699]		推广：__fan.test.lacues.cn____
[2016-11-18 18:04:36.104]		推广：__fan.test.lacues.cn____
[2016-11-18 18:04:42.512]		推广：http://fan.test.lacues.cn/__fan.test.lacues.cn____
[2016-11-18 18:04:43.229]		推广：http://fan.test.lacues.cn/__fan.test.lacues.cn____
[2016-11-18 18:04:45.997]		推广：http://fan.test.lacues.cn/Product_Detail.html?pid=8016465484__fan.test.lacues.cn____
[2016-11-18 18:04:48.351]		推广：http://fan.test.lacues.cn/order/OrderConfirm.html?t=0.29179246365358247__fan.test.lacues.cn____
[2016-11-18 18:04:59.913]		推广：http://fan.test.lacues.cn/Account/login.html?t=0.7057620161416636__fan.test.lacues.cn____
[2016-11-18 18:05:02.388]		推广：http://fan.test.lacues.cn/order/OrderConfirm.html?t=0.29179246365358247__fan.test.lacues.cn____
[2016-11-18 18:05:05.777]		推广：http://fan.test.lacues.cn/Product_Detail.html?pid=8016465484__fan.test.lacues.cn____
[2016-11-18 18:05:20.868]		推广：http://fan.test.lacues.cn/__fan.test.lacues.cn____
[2016-11-18 18:05:25.772]		推广：http://fan.test.lacues.cn/Product_List.html?keyword=测试__fan.test.lacues.cn____
[2016-11-18 18:05:27.627]		推广：http://fan.test.lacues.cn/Product_Detail.html?pid=8016465485__fan.test.lacues.cn____
[2016-11-18 18:05:57.429]		推广：http://fan.test.lacues.cn/Product_List.html?keyword=测试__fan.test.lacues.cn____
[2016-11-18 18:06:06.474]		推广：http://fan.test.lacues.cn/cart.html?t=0.9546684061642736__fan.test.lacues.cn____
[2016-11-18 18:06:08.153]		推广：http://fan.test.lacues.cn/order/OrderConfirm.html?t=0.057120739948004484__fan.test.lacues.cn____
[2016-11-18 18:06:09.114]		推广：http://fan.test.lacues.cn/Product_Detail.html?pid=8016465484__fan.test.lacues.cn____
[2016-11-18 18:06:10.809]		推广：http://fan.test.lacues.cn/cart.html?t=0.9587909204419702__fan.test.lacues.cn____
[2016-11-18 18:06:21.495]		推广：__fan.test.lacues.cn____
[2016-11-18 18:06:28.128]		推广：http://fan.test.lacues.cn/__fan.test.lacues.cn____
[2016-11-18 18:06:31.014]		推广：http://fan.test.lacues.cn/Product_Detail.html?pid=8016465481__fan.test.lacues.cn____
[2016-11-18 18:06:34.506]		推广：http://fan.test.lacues.cn/__fan.test.lacues.cn____
[2016-11-18 18:06:38.874]		推广：http://fan.test.lacues.cn/Product_Detail.html?pid=8016465481__fan.test.lacues.cn____
[2016-11-18 18:06:43.650]		推广：http://fan.test.lacues.cn/__fan.test.lacues.cn____
[2016-11-18 18:06:47.969]		推广：http://fan.test.lacues.cn/Product_Detail.html?pid=8016465481__fan.test.lacues.cn____
[2016-11-18 18:06:52.081]		推广：http://fan.test.lacues.cn/Product_Detail.html?pid=8016465481__fan.test.lacues.cn____
[2016-11-18 18:06:53.181]		推广：http://fan.test.lacues.cn/__fan.test.lacues.cn____
[2016-11-18 18:06:56.259]		推广：http://fan.test.lacues.cn/Search.html?t=0.23239128617569804__fan.test.lacues.cn____
[2016-11-18 18:07:00.137]		推广：http://fan.test.lacues.cn/Product_List.html?showtype=__fan.test.lacues.cn____
[2016-11-18 18:07:02.935]		推广：http://fan.test.lacues.cn/Product_Detail.html?pid=8016465485__fan.test.lacues.cn____
[2016-11-18 18:07:03.816]		推广：__fan.test.lacues.cn____
[2016-11-18 18:07:04.991]		推广：http://fan.test.lacues.cn/order/OrderConfirm.html?t=0.05445228307507932__fan.test.lacues.cn____
[2016-11-18 18:07:12.059]		推广：http://fan.test.lacues.cn/Account/AddressEdit.html?addressid=0__fan.test.lacues.cn____
[2016-11-18 18:07:14.564]		推广：__fan.test.lacues.cn____
[2016-11-18 18:07:17.621]		推广：http://fan.test.lacues.cn/order/OrderConfirm.html?t=0.05445228307507932__fan.test.lacues.cn____
[2016-11-18 18:07:39.610]		推广：http://fan.test.lacues.cn/Account/login.html?t=0.47007422614842653__fan.test.lacues.cn____
[2016-11-18 18:10:40.959]		推广：__fan.test.lacues.cn____
[2016-11-18 18:11:10.161]		推广：http://dlq-event.ycp8.cn/cevent/web/productSeKill/product_bargainPriceList.html?pageCode=ZT161118100001__fan.test.lacues.cn____
[2016-11-18 18:13:36.411]		推广：__fan.test.lacues.cn____
[2016-11-18 18:31:03.209]		推广：__fan.test.lacues.cn____
[2016-11-18 18:32:08.337]		推广：__fan.test.lacues.cn____
[2016-11-18 18:32:10.296]		推广：http://fan.test.lacues.cn/__fan.test.lacues.cn____
[2016-11-18 18:32:12.247]		推广：http://fan.test.lacues.cn/Search.html?t=0.8228263086639345__fan.test.lacues.cn____
[2016-11-18 18:32:16.669]		推广：http://fan.test.lacues.cn/Product_List.html?showtype=__fan.test.lacues.cn____
[2016-11-18 18:32:22.617]		推广：__fan.test.lacues.cn____
[2016-11-18 18:32:25.840]		推广：http://fan.test.lacues.cn/order/OrderConfirm.html?t=0.2118977603968233__fan.test.lacues.cn____
[2016-11-18 18:32:35.496]		推广：__fan.test.lacues.cn____
[2016-11-18 18:32:54.416]		推广：http://fan.test.lacues.cn/order/OrderConfirm.html?t=0.0963545807171613__fan.test.lacues.cn____
[2016-11-18 18:33:19.519]		推广：__fan.test.lacues.cn____
[2016-11-18 18:33:28.000]		推广：__fan.test.lacues.cn____
[2016-11-18 18:33:29.208]		推广：__fan.test.lacues.cn____
[2016-11-18 18:33:30.640]		推广：http://fan.test.lacues.cn/Product_List.html?showtype=__fan.test.lacues.cn____
[2016-11-18 18:33:49.834]		推广：http://fan.test.lacues.cn/Search.html?t=0.8228263086639345__fan.test.lacues.cn____
[2016-11-18 18:33:52.707]		推广：http://fan.test.lacues.cn/Product_List.html?showtype=__fan.test.lacues.cn____
[2016-11-18 18:33:57.145]		推广：http://fan.test.lacues.cn/Search.html?t=0.8228263086639345__fan.test.lacues.cn____
[2016-11-18 18:43:31.998]		推广：__fan.test.lacues.cn____
[2016-11-18 18:43:39.108]		推广：http://fan.test.lacues.cn/Search.html?t=0.24766822435967195__fan.test.lacues.cn____
[2016-11-18 18:43:44.415]		推广：http://fan.test.lacues.cn/__fan.test.lacues.cn____
[2016-11-18 18:45:28.514]		推广：http://fan.test.lacues.cn/Product_List.html?showtype=__fan.test.lacues.cn____
[2016-11-18 18:45:29.911]		推广：http://fan.test.lacues.cn/Product_Detail.html?pid=140508__fan.test.lacues.cn____
[2016-11-18 18:45:30.830]		推广：http://fan.test.lacues.cn/Product_List.html?showtype=__fan.test.lacues.cn____
[2016-11-18 18:45:32.180]		推广：http://fan.test.lacues.cn/Search.html?t=0.24766822435967195__fan.test.lacues.cn____
[2016-11-18 18:46:13.841]		推广：http://fan.test.lacues.cn/__fan.test.lacues.cn____
[2016-11-18 18:46:17.203]		推广：http://fan.test.lacues.cn/Search.html?t=0.30393667837959226__fan.test.lacues.cn____
[2016-11-18 18:46:18.928]		推广：http://fan.test.lacues.cn/__fan.test.lacues.cn____
[2016-11-18 18:46:20.171]		推广：http://fan.test.lacues.cn/Category.html?t=0.8943944219722995__fan.test.lacues.cn____
[2016-11-18 18:46:23.239]		推广：http://fan.test.lacues.cn/Product_List.html?showtype=category__fan.test.lacues.cn____
[2016-11-18 18:46:24.504]		推广：http://fan.test.lacues.cn/Category.html?t=0.8943944219722995__fan.test.lacues.cn____
[2016-11-18 18:52:48.515]		推广：__fan.test.lacues.cn____
[2016-11-18 18:52:50.591]		推广：http://fan.test.lacues.cn/Category.html?t=0.8943944219722995__fan.test.lacues.cn____
[2016-11-18 18:52:52.229]		推广：http://fan.test.lacues.cn/__fan.test.lacues.cn____
[2016-11-18 18:52:52.897]		推广：http://fan.test.lacues.cn/Search.html?t=0.5333133509037105__fan.test.lacues.cn____
[2016-11-18 18:52:58.042]		推广：http://fan.test.lacues.cn/Product_List.html?showtype=__fan.test.lacues.cn____
[2016-11-18 18:53:00.575]		推广：http://fan.test.lacues.cn/Search.html?t=0.5333133509037105__fan.test.lacues.cn____
[2016-11-18 18:53:01.163]		推广：http://fan.test.lacues.cn/__fan.test.lacues.cn____
[2016-11-18 18:53:04.036]		推广：http://fan.test.lacues.cn/Category.html?t=0.1998182722929538__fan.test.lacues.cn____
[2016-11-18 18:53:05.348]		推广：http://fan.test.lacues.cn/Product_List.html?showtype=category__fan.test.lacues.cn____
[2016-11-18 18:53:06.257]		推广：http://fan.test.lacues.cn/Category.html?t=0.1998182722929538__fan.test.lacues.cn____
[2016-11-18 18:53:07.470]		推广：http://fan.test.lacues.cn/Product_List.html?showtype=category__fan.test.lacues.cn____
[2016-11-18 18:53:08.233]		推广：http://fan.test.lacues.cn/Category.html?t=0.1998182722929538__fan.test.lacues.cn____
[2016-11-18 18:53:09.126]		推广：http://fan.test.lacues.cn/Product_List.html?showtype=category__fan.test.lacues.cn____
[2016-11-18 18:53:12.388]		推广：http://fan.test.lacues.cn/Category.html?t=0.1998182722929538__fan.test.lacues.cn____
[2016-11-18 18:53:14.032]		推广：http://fan.test.lacues.cn/Product_List.html?showtype=category__fan.test.lacues.cn____
[2016-11-18 18:53:14.593]		推广：http://fan.test.lacues.cn/Search.html?t=0.5643460667680062__fan.test.lacues.cn____
[2016-11-18 18:53:15.269]		推广：http://fan.test.lacues.cn/Product_List.html?showtype=category__fan.test.lacues.cn____
[2016-11-18 18:53:17.454]		推广：http://fan.test.lacues.cn/Category.html?t=0.1998182722929538__fan.test.lacues.cn____
[2016-11-18 18:53:20.474]		推广：http://dlq-event.ycp8.cn/cevent/web/productSeKill/product_bargainPriceList.html?pageCode=ZT161118100001__fan.test.lacues.cn____
[2016-11-18 18:53:50.660]		推广：http://dlq-event.ycp8.cn/cevent/web/productSeKill/product_bargainPriceList.html?pageCode=ZT161118100001__fan.test.lacues.cn____
[2016-11-18 18:53:59.528]		推广：http://dlq-event.ycp8.cn/cevent/web/productSeKill/product_bargainPriceList.html?pageCode=ZT161118100001__fan.test.lacues.cn____
[2016-11-18 18:54:20.962]		推广：http://dlq-event.ycp8.cn/cevent/web/productSeKill/product_bargainPriceList.html?pageCode=ZT161118100001__fan.test.lacues.cn____
[2016-11-18 18:54:26.405]		推广：http://fan.test.lacues.cn/__fan.test.lacues.cn____
[2016-11-18 18:54:28.652]		推广：http://fan.test.lacues.cn/Account/index.html?t=0.4190080542162973__fan.test.lacues.cn____
[2016-11-18 18:54:39.667]		推广：http://dlq-event.ycp8.cn/cevent/web/productSeKill/product_bargainPriceList.html?pageCode=ZT161118100001__fan.test.lacues.cn____
[2016-11-18 18:54:40.400]		推广：http://fan.test.lacues.cn/Account/login.html?t=0.7869227748987118__fan.test.lacues.cn____
[2016-11-18 18:54:48.074]		推广：http://dlq-event.ycp8.cn/cevent/web/productSeKill/product_bargainPriceList.html?pageCode=ZT161118100001__fan.test.lacues.cn____
[2016-11-18 18:55:25.749]		推广：http://dlq-event.ycp8.cn/cevent/web/productSeKill/product_bargainPriceList.html?pageCode=ZT161118100001__fan.test.lacues.cn____
[2016-11-18 18:55:36.061]		推广：http://fan.test.lacues.cn/Account/login.html?t=0.7869227748987118__fan.test.lacues.cn____
[2016-11-18 18:55:42.347]		推广：http://dlq-event.ycp8.cn/cevent/web/productSeKill/product_bargainPriceList.html?pageCode=ZT161118100001__fan.test.lacues.cn____
[2016-11-18 18:55:43.408]		推广：http://fan.test.lacues.cn/Account/login.html?t=0.7869227748987118__fan.test.lacues.cn____
[2016-11-18 18:55:49.259]		推广：http://fan.test.lacues.cn/__fan.test.lacues.cn____
[2016-11-18 18:55:52.066]		推广：http://fan.test.lacues.cn/Product_Detail.html?pid=8016465476__fan.test.lacues.cn____
[2016-11-18 18:56:02.317]		推广：http://dlq-event.ycp8.cn/cevent/web/productSeKill/product_bargainPriceList.html?pageCode=ZT161118100001__fan.test.lacues.cn____
[2016-11-18 18:56:08.448]		推广：http://dlq-event.ycp8.cn/cevent/web/productSeKill/product_bargainPriceList.html?pageCode=ZT161118100001__fan.test.lacues.cn____
[2016-11-18 18:56:19.734]		推广：http://fan.test.lacues.cn/Product_Detail.html?pid=8016161031100001__fan.test.lacues.cn____
[2016-11-18 18:56:21.900]		推广：__fan.test.lacues.cn____
[2016-11-18 18:56:31.553]		推广：http://fan.test.lacues.cn/order/OrderConfirm.html?t=0.8322219881229103__fan.test.lacues.cn____
[2016-11-18 18:57:46.312]		推广：http://fan.test.lacues.cn/Product_Detail.html?pid=8016161031100001__fan.test.lacues.cn____
[2016-11-18 18:57:47.250]		推广：__fan.test.lacues.cn____
[2016-11-18 18:57:50.202]		推广：http://fan.test.lacues.cn/Product_Detail.html?pid=8016161031100001__fan.test.lacues.cn____
[2016-11-18 18:57:50.884]		推广：__fan.test.lacues.cn____
[2016-11-18 18:57:51.752]		推广：http://fan.test.lacues.cn/Product_Detail.html?pid=8016161031100001__fan.test.lacues.cn____
[2016-11-18 18:57:52.369]		推广：__fan.test.lacues.cn____
[2016-11-18 18:57:55.214]		推广：__fan.test.lacues.cn____
[2016-11-18 18:57:58.068]		推广：http://fan.test.lacues.cn/__fan.test.lacues.cn____
[2016-11-18 18:57:58.734]		推广：http://fan.test.lacues.cn/Account/index.html?t=0.7314399417955428__fan.test.lacues.cn____
[2016-11-18 18:58:10.940]		推广：http://fan.test.lacues.cn/Account/login.html?t=0.376782912760973__fan.test.lacues.cn____
[2016-11-18 18:59:42.987]		推广：http://fan.test.lacues.cn/__fan.test.lacues.cn____
[2016-11-18 19:04:16.964]		推广：http://fan.test.lacues.cn/Product_List.html?keyword=电压力锅__fan.test.lacues.cn____
[2016-11-18 19:06:00.008]		推广：http://fan.test.lacues.cn/__fan.test.lacues.cn____
[2016-11-18 19:07:26.942]		推广：http://fan.test.lacues.cn/Account/index.html?t=0.26082195970229805__fan.test.lacues.cn____
[2016-11-18 19:07:41.138]		推广：http://dlq-event.ycp8.cn/cevent/web/productSeKill/product_bargainPriceList.html?pageCode=ZT161118100001__fan.test.lacues.cn____
[2016-11-18 19:07:49.514]		推广：http://dlq-event.ycp8.cn/cevent/web/productSeKill/product_bargainPriceList.html?pageCode=ZT161118100001__fan.test.lacues.cn____
[2016-11-18 19:08:02.565]		推广：http://fan.test.lacues.cn/Product_Detail.html?pid=58016100287__fan.test.lacues.cn____
[2016-11-18 19:08:03.301]		推广：__fan.test.lacues.cn____
[2016-11-18 19:10:16.613]		推广：http://test-dlq.ycp8.cn/cdlq/web/template/template.html?pNum=PNM161010100008__fan.test.lacues.cn____
[2016-11-18 19:11:12.673]		推广：http://test-dlq.ycp8.cn/cdlq/web/template/template.html?pNum=PNM161010100009__fan.test.lacues.cn____
[2016-11-18 19:14:03.479]		推广：__fan.test.lacues.cn____
[2016-11-18 19:14:07.259]		推广：http://fan.test.lacues.cn/__fan.test.lacues.cn____
[2016-11-18 19:14:16.007]		推广：http://fan.test.lacues.cn/Account/index.html?t=0.9318807211238891__fan.test.lacues.cn____
[2016-11-18 19:14:21.779]		推广：http://dlq-event.ycp8.cn/cevent/web/productSeKill/product_bargainPriceList.html?pageCode=ZT161118100001__fan.test.lacues.cn____
[2016-11-18 19:14:49.963]		推广：http://fan.test.lacues.cn/Product_Detail.html?pid=8016161031100001__fan.test.lacues.cn____
[2016-11-18 19:14:51.562]		推广：__fan.test.lacues.cn____
[2016-11-18 19:17:41.715]		推广：http://test.pay.lacues.cn/createorder/?c_order=OS1498103__fan.test.lacues.cn____
[2016-11-18 19:18:45.687]		推广：__fan.test.lacues.cn____
[2016-11-18 19:18:46.389]		推广：http://fan.test.lacues.cn/Account/LoginOauth.aspx?TradeCode=WeiXin__fan.test.lacues.cn____
[2016-11-18 19:19:11.345]		推广：__fan.test.lacues.cn____
[2016-11-18 19:19:26.326]		推广：__fan.test.lacues.cn____
[2016-11-18 19:19:35.341]		推广：http://dlq-event.ycp8.cn/cevent/web/productSeKill/product_bargainPriceList.html?pageCode=ZT161118100001__fan.test.lacues.cn____
[2016-11-18 19:19:43.391]		推广：__fan.test.lacues.cn____
[2016-11-18 19:19:46.298]		推广：http://fan.test.lacues.cn/order/OrderConfirm.html?t=0.7346749901771545__fan.test.lacues.cn____
[2016-11-18 19:19:57.803]		推广：__fan.test.lacues.cn____
[2016-11-18 19:20:43.822]		推广：http://fan.test.lacues.cn/__fan.test.lacues.cn____
[2016-11-18 19:20:44.863]		推广：http://fan.test.lacues.cn/Account/index.html?t=0.894590194441514__fan.test.lacues.cn____
[2016-11-18 19:20:53.597]		推广：http://fan.test.lacues.cn/Account/login.html?t=0.24989956617404685__fan.test.lacues.cn____
[2016-11-18 19:20:57.593]		推广：http://dlq-event.ycp8.cn/cevent/web/productSeKill/product_bargainPriceList.html?pageCode=ZT161118100001__fan.test.lacues.cn____
[2016-11-18 19:21:05.283]		推广：http://fan.test.lacues.cn/Product_Detail.html?pid=8016161031100001__fan.test.lacues.cn____
[2016-11-18 19:22:36.658]		推广：http://test.pay.lacues.cn/createorder/?c_order=OS1500103__fan.test.lacues.cn____
[2016-11-18 19:56:56.420]		推广：__fan.test.lacues.cn____
[2016-11-18 19:56:59.231]		推广：http://fan.test.lacues.cn/__fan.test.lacues.cn____
[2016-11-18 19:57:01.336]		推广：http://fan.test.lacues.cn/Account/index.html?t=0.005838185781612992__fan.test.lacues.cn____
[2016-11-18 19:57:12.456]		推广：__fan.test.lacues.cn____
[2016-11-18 19:57:14.898]		推广：http://fan.test.lacues.cn/__fan.test.lacues.cn____
[2016-11-18 19:57:16.328]		推广：http://fan.test.lacues.cn/Search.html?t=0.985725459875539__fan.test.lacues.cn____
[2016-11-18 19:57:23.502]		推广：http://fan.test.lacues.cn/Product_List.html?showtype=__fan.test.lacues.cn____
[2016-11-18 19:57:28.958]		推广：__fan.test.lacues.cn____
[2016-11-18 19:57:47.984]		推广：__fan.test.lacues.cn____
[2016-11-18 19:58:49.986]		推广：http://test.pay.lacues.cn/createorder/?c_order=OS1504103__fan.test.lacues.cn____
[2016-11-18 20:21:44.247]		推广：__fan.test.lacues.cn____
[2016-11-18 20:21:49.989]		推广：http://fan.test.lacues.cn/__fan.test.lacues.cn____
[2016-11-18 20:21:57.072]		推广：__fan.test.lacues.cn____
[2016-11-18 20:22:01.675]		推广：http://fan.test.lacues.cn/__fan.test.lacues.cn____
[2016-11-18 20:22:04.904]		推广：__fan.test.lacues.cn____
[2016-11-18 20:22:10.988]		推广：http://fan.test.lacues.cn/__fan.test.lacues.cn____
[2016-11-18 20:22:12.339]		推广：__fan.test.lacues.cn____
[2016-11-18 20:22:21.657]		推广：http://fan.test.lacues.cn/__fan.test.lacues.cn____
[2016-11-18 20:22:26.089]		推广：http://fan.test.lacues.cn/Product_Detail.html?pid=8016465485__fan.test.lacues.cn____
[2016-11-18 20:22:26.375]		推广：__fan.test.lacues.cn____
[2016-11-18 20:22:28.886]		推广：http://fan.test.lacues.cn/order/OrderConfirm.html?t=0.5392874903045595__fan.test.lacues.cn____
[2016-11-18 20:22:44.144]		推广：http://fan.test.lacues.cn/Account/login.html?t=0.30708208587020636__fan.test.lacues.cn____
[2016-11-18 20:41:25.692]		推广：__fan.test.lacues.cn____
[2016-11-18 20:41:32.510]		推广：http://fan.test.lacues.cn/__fan.test.lacues.cn____
[2016-11-18 20:41:35.764]		推广：http://fan.test.lacues.cn/Product_Detail.html?pid=8016465485__fan.test.lacues.cn____
[2016-11-18 20:41:41.760]		推广：http://fan.test.lacues.cn/__fan.test.lacues.cn____
[2016-11-18 20:41:44.490]		推广：http://fan.test.lacues.cn/Product_Detail.html?pid=8016465485__fan.test.lacues.cn____
[2016-11-18 20:43:41.340]		推广：http://fan.test.lacues.cn/__fan.test.lacues.cn____
[2016-11-18 20:43:45.406]		推广：__fan.test.lacues.cn____
[2016-11-18 20:43:51.007]		推广：http://fan.test.lacues.cn/__fan.test.lacues.cn____
[2016-11-18 20:43:52.867]		推广：http://fan.test.lacues.cn/Product_Detail.html?pid=8016465488__fan.test.lacues.cn____
